#! /usr/bin/vvp
:ivl_version "0.9.1" "(v0_9_1)";
:vpi_time_precision + 0;
:vpi_module "system";
:vpi_module "v2005_math";
:vpi_module "va_math";
S_0x83925a8 .scope module, "tb_shifter" "tb_shifter" 2 1;
 .timescale 0 0;
v0x83cb588_0 .var "Cnt", 3 0;
v0x83cb608_0 .var "In", 15 0;
v0x83cb658_0 .var "Op", 1 0;
v0x83cb6a8_0 .net "Out", 15 0, L_0x83c8d88; 1 drivers
v0x83cb710_0 .net "clk", 0 0, v0x83cb408_0; 1 drivers
v0x83cb780_0 .var/i "cycle_count", 31 0;
v0x83cb7f0_0 .var "err", 0 0;
v0x83cb860_0 .net "rst", 0 0, v0x83cb538_0; 1 drivers
S_0x83cb388 .scope module, "c0" "clkrst" 2 19, 3 12, S_0x83925a8;
 .timescale 0 0;
v0x83cb408_0 .var "clk", 0 0;
v0x83cb478_0 .var/i "cycle_count", 31 0;
v0x83cb4d8_0 .net "err", 0 0, v0x83cb7f0_0; 1 drivers
v0x83cb538_0 .var "rst", 0 0;
E_0x83cb238 .event posedge, v0x83cb408_0;
S_0x839fa80 .scope module, "s0" "shifter" 2 26, 4 1, S_0x83925a8;
 .timescale 0 0;
L_0x83c8d88 .functor BUFZ 16, L_0x83c90b0, C4<0000000000000000>, C4<0000000000000000>, C4<0000000000000000>;
v0x83cb000_0 .net "Cnt", 3 0, v0x83cb588_0; 1 drivers
v0x83cb070_0 .net "In", 15 0, v0x83cb608_0; 1 drivers
v0x83cb0c0_0 .net "Op", 1 0, v0x83cb658_0; 1 drivers
v0x83cb110_0 .alias "Out", 15 0, v0x83cb6a8_0;
v0x83cb178_0 .net "eightOut", 15 0, L_0x83c90b0; 1 drivers
v0x83cb1e8_0 .net "fourEight", 15 0, L_0x83cc0c0; 1 drivers
v0x83cb258_0 .net "oneTwo", 15 0, L_0x83cb8d8; 1 drivers
v0x83cb2a8_0 .net "twoFour", 15 0, L_0x83cbc00; 1 drivers
L_0x83cb9d0 .part v0x83cb588_0, 0, 1;
L_0x83cbc50 .part v0x83cb588_0, 1, 1;
L_0x83cb320 .part v0x83cb588_0, 2, 1;
L_0x83ccca0 .part v0x83cb588_0, 3, 1;
S_0x83cad78 .scope module, "s1" "shifter1" 4 8, 5 1, S_0x839fa80;
 .timescale 0 0;
v0x83cae18_0 .net "Go", 0 0, L_0x83cb9d0; 1 drivers
v0x83cae78_0 .alias "In", 15 0, v0x83cb070_0;
v0x83caed8_0 .alias "Op", 1 0, v0x83cb0c0_0;
v0x83caf28_0 .alias "Out", 15 0, v0x83cb258_0;
v0x83cafb0_0 .var "tmp", 15 0;
E_0x83cadf8 .event edge, v0x83c6a78_0, v0x83cae78_0;
L_0x83cb8d8 .functor MUXZ 16, v0x83cb608_0, v0x83cafb0_0, L_0x83cb9d0, C4<>;
S_0x83ca5a0 .scope module, "s2" "shifter2" 4 9, 6 1, S_0x839fa80;
 .timescale 0 0;
v0x83cab28_0 .net "Go", 0 0, L_0x83cbc50; 1 drivers
v0x83cab78_0 .alias "In", 15 0, v0x83cb258_0;
v0x83cabc8_0 .alias "Op", 1 0, v0x83cb0c0_0;
v0x83cac18_0 .alias "Out", 15 0, v0x83cb2a8_0;
v0x83cac80_0 .net "tmp", 15 0, L_0x83cba58; 1 drivers
v0x83cad08_0 .net "tmp2", 15 0, L_0x83cbaa8; 1 drivers
L_0x83cbc00 .functor MUXZ 16, L_0x83cb8d8, L_0x83cbaa8, L_0x83cbc50, C4<>;
S_0x83ca870 .scope module, "s0" "shifter1" 6 8, 5 1, S_0x83ca5a0;
 .timescale 0 0;
v0x83ca930_0 .alias "Go", 0 0, v0x83cab28_0;
v0x83ca9b0_0 .alias "In", 15 0, v0x83cb258_0;
v0x83caa00_0 .alias "Op", 1 0, v0x83cb0c0_0;
v0x83caa50_0 .alias "Out", 15 0, v0x83cac80_0;
v0x83caad8_0 .var "tmp", 15 0;
E_0x83ca8f0 .event edge, v0x83c6a78_0, v0x83ca9b0_0;
L_0x83cba58 .functor MUXZ 16, L_0x83cb8d8, v0x83caad8_0, L_0x83cbc50, C4<>;
S_0x83ca620 .scope module, "s1" "shifter1" 6 9, 5 1, S_0x83ca5a0;
 .timescale 0 0;
v0x83ca6c0_0 .alias "Go", 0 0, v0x83cab28_0;
v0x83ca710_0 .alias "In", 15 0, v0x83cac80_0;
v0x83ca770_0 .alias "Op", 1 0, v0x83cb0c0_0;
v0x83ca7c0_0 .alias "Out", 15 0, v0x83cad08_0;
v0x83ca810_0 .var "tmp", 15 0;
E_0x83ca6a0 .event edge, v0x83c6a78_0, v0x83ca710_0;
L_0x83cbaa8 .functor MUXZ 16, L_0x83cba58, v0x83ca810_0, L_0x83cbc50, C4<>;
S_0x83c91a8 .scope module, "s4" "shifter4" 4 10, 7 1, S_0x839fa80;
 .timescale 0 0;
v0x83ca300_0 .net "Go", 0 0, L_0x83cb320; 1 drivers
v0x83ca350_0 .alias "In", 15 0, v0x83cb2a8_0;
v0x83ca3d8_0 .alias "Op", 1 0, v0x83cb0c0_0;
v0x83ca428_0 .alias "Out", 15 0, v0x83cb1e8_0;
v0x83ca4e0_0 .net "tmp", 15 0, L_0x83c9ed0; 1 drivers
v0x83ca530_0 .net "tmp2", 15 0, L_0x83cc060; 1 drivers
L_0x83cc0c0 .functor MUXZ 16, L_0x83cbc00, L_0x83cc060, L_0x83cb320, C4<>;
S_0x83c9ac8 .scope module, "s0" "shifter2" 7 8, 6 1, S_0x83c91a8;
 .timescale 0 0;
v0x83ca0b0_0 .alias "Go", 0 0, v0x83ca300_0;
v0x83ca100_0 .alias "In", 15 0, v0x83cb2a8_0;
v0x83ca170_0 .alias "Op", 1 0, v0x83cb0c0_0;
v0x83ca1c0_0 .alias "Out", 15 0, v0x83ca4e0_0;
v0x83ca228_0 .net "tmp", 15 0, L_0x83cbca0; 1 drivers
v0x83ca2b0_0 .net "tmp2", 15 0, L_0x83cbd10; 1 drivers
L_0x83c9ed0 .functor MUXZ 16, L_0x83cbc00, L_0x83cbd10, L_0x83cb320, C4<>;
S_0x83c9da0 .scope module, "s0" "shifter1" 6 8, 5 1, S_0x83c9ac8;
 .timescale 0 0;
v0x83c9e60_0 .alias "Go", 0 0, v0x83ca300_0;
v0x83c9f28_0 .alias "In", 15 0, v0x83cb2a8_0;
v0x83c9f88_0 .alias "Op", 1 0, v0x83cb0c0_0;
v0x83c9fd8_0 .alias "Out", 15 0, v0x83ca228_0;
v0x83ca060_0 .var "tmp", 15 0;
E_0x83c9e20 .event edge, v0x83c6a78_0, v0x83c9f28_0;
L_0x83cbca0 .functor MUXZ 16, L_0x83cbc00, v0x83ca060_0, L_0x83cb320, C4<>;
S_0x83c9b48 .scope module, "s1" "shifter1" 6 9, 5 1, S_0x83c9ac8;
 .timescale 0 0;
v0x83c9bc8_0 .alias "Go", 0 0, v0x83ca300_0;
v0x83c9c28_0 .alias "In", 15 0, v0x83ca228_0;
v0x83c9c88_0 .alias "Op", 1 0, v0x83cb0c0_0;
v0x83c9cd8_0 .alias "Out", 15 0, v0x83ca2b0_0;
v0x83c9d40_0 .var "tmp", 15 0;
E_0x83c81a0 .event edge, v0x83c6a78_0, v0x83c9c28_0;
L_0x83cbd10 .functor MUXZ 16, L_0x83cbca0, v0x83c9d40_0, L_0x83cb320, C4<>;
S_0x83c9228 .scope module, "s1" "shifter2" 7 9, 6 1, S_0x83c91a8;
 .timescale 0 0;
v0x83c98b0_0 .alias "Go", 0 0, v0x83ca300_0;
v0x83c9900_0 .alias "In", 15 0, v0x83ca4e0_0;
v0x83c9950_0 .alias "Op", 1 0, v0x83cb0c0_0;
v0x83c99a0_0 .alias "Out", 15 0, v0x83ca530_0;
v0x83c99f0_0 .net "tmp", 15 0, L_0x83cbf08; 1 drivers
v0x83c9a78_0 .net "tmp2", 15 0, L_0x83cbf98; 1 drivers
L_0x83cc060 .functor MUXZ 16, L_0x83c9ed0, L_0x83cbf98, L_0x83cb320, C4<>;
S_0x83c94f8 .scope module, "s0" "shifter1" 6 8, 5 1, S_0x83c9228;
 .timescale 0 0;
v0x83c95b8_0 .alias "Go", 0 0, v0x83ca300_0;
v0x83c9638_0 .alias "In", 15 0, v0x83ca4e0_0;
v0x83c9688_0 .alias "Op", 1 0, v0x83cb0c0_0;
v0x83c8138_0 .alias "Out", 15 0, v0x83c99f0_0;
v0x83c9860_0 .var "tmp", 15 0;
E_0x83c9578 .event edge, v0x83c6a78_0, v0x83c9638_0;
L_0x83cbf08 .functor MUXZ 16, L_0x83c9ed0, v0x83c9860_0, L_0x83cb320, C4<>;
S_0x83c92a8 .scope module, "s1" "shifter1" 6 9, 5 1, S_0x83c9228;
 .timescale 0 0;
v0x83c9348_0 .alias "Go", 0 0, v0x83ca300_0;
v0x83c9398_0 .alias "In", 15 0, v0x83c99f0_0;
v0x83c93f8_0 .alias "Op", 1 0, v0x83cb0c0_0;
v0x83c9448_0 .alias "Out", 15 0, v0x83c9a78_0;
v0x83c9498_0 .var "tmp", 15 0;
E_0x83c9328 .event edge, v0x83c6a78_0, v0x83c9398_0;
L_0x83cbf98 .functor MUXZ 16, L_0x83cbf08, v0x83c9498_0, L_0x83cb320, C4<>;
S_0x839e778 .scope module, "s8" "shifter8" 4 11, 8 1, S_0x839fa80;
 .timescale 0 0;
v0x83c8f20_0 .net "Go", 0 0, L_0x83ccca0; 1 drivers
v0x83c8f70_0 .alias "In", 15 0, v0x83cb1e8_0;
v0x83c8fc0_0 .alias "Op", 1 0, v0x83cb0c0_0;
v0x83c9010_0 .alias "Out", 15 0, v0x83cb178_0;
v0x83c9060_0 .net "tmp", 15 0, L_0x83cc730; 1 drivers
v0x83c9118_0 .net "tmp2", 15 0, L_0x83ccb58; 1 drivers
L_0x83c90b0 .functor MUXZ 16, L_0x83cc0c0, L_0x83ccb58, L_0x83ccca0, C4<>;
S_0x83c7bb0 .scope module, "s0" "shifter4" 8 8, 7 1, S_0x839e778;
 .timescale 0 0;
v0x83c8ce8_0 .alias "Go", 0 0, v0x83c8f20_0;
v0x83c8d38_0 .alias "In", 15 0, v0x83cb1e8_0;
v0x83c8dc0_0 .alias "Op", 1 0, v0x83cb0c0_0;
v0x83c8e10_0 .alias "Out", 15 0, v0x83c9060_0;
v0x83c8e60_0 .net "tmp", 15 0, L_0x83c8098; 1 drivers
v0x83c8eb0_0 .net "tmp2", 15 0, L_0x83cc6d0; 1 drivers
L_0x83cc730 .functor MUXZ 16, L_0x83cc0c0, L_0x83cc6d0, L_0x83ccca0, C4<>;
S_0x83c84c8 .scope module, "s0" "shifter2" 7 8, 6 1, S_0x83c7bb0;
 .timescale 0 0;
v0x83c8a60_0 .alias "Go", 0 0, v0x83c8f20_0;
v0x83c8ab0_0 .alias "In", 15 0, v0x83cb1e8_0;
v0x83c8b20_0 .alias "Op", 1 0, v0x83cb0c0_0;
v0x83c8b70_0 .alias "Out", 15 0, v0x83c8e60_0;
v0x83c8c10_0 .net "tmp", 15 0, L_0x83cc260; 1 drivers
v0x83c8c98_0 .net "tmp2", 15 0, L_0x83cc2c0; 1 drivers
L_0x83c8098 .functor MUXZ 16, L_0x83cc0c0, L_0x83cc2c0, L_0x83ccca0, C4<>;
S_0x83c87b8 .scope module, "s0" "shifter1" 6 8, 5 1, S_0x83c84c8;
 .timescale 0 0;
v0x83c8878_0 .alias "Go", 0 0, v0x83c8f20_0;
v0x83c88d8_0 .alias "In", 15 0, v0x83cb1e8_0;
v0x83c8938_0 .alias "Op", 1 0, v0x83cb0c0_0;
v0x83c8988_0 .alias "Out", 15 0, v0x83c8c10_0;
v0x83c8a10_0 .var "tmp", 15 0;
E_0x83c8838 .event edge, v0x83c6a78_0, v0x83c88d8_0;
L_0x83cc260 .functor MUXZ 16, L_0x83cc0c0, v0x83c8a10_0, L_0x83ccca0, C4<>;
S_0x83c8548 .scope module, "s1" "shifter1" 6 9, 5 1, S_0x83c84c8;
 .timescale 0 0;
v0x83c85f8_0 .alias "Go", 0 0, v0x83c8f20_0;
v0x83c8658_0 .alias "In", 15 0, v0x83c8c10_0;
v0x83c86b8_0 .alias "Op", 1 0, v0x83cb0c0_0;
v0x83c8708_0 .alias "Out", 15 0, v0x83c8c98_0;
v0x83c8758_0 .var "tmp", 15 0;
E_0x83c85c8 .event edge, v0x83c6a78_0, v0x83c8658_0;
L_0x83cc2c0 .functor MUXZ 16, L_0x83cc260, v0x83c8758_0, L_0x83ccca0, C4<>;
S_0x83c7c30 .scope module, "s1" "shifter2" 7 9, 6 1, S_0x83c7bb0;
 .timescale 0 0;
v0x83c8270_0 .alias "Go", 0 0, v0x83c8f20_0;
v0x83c82c0_0 .alias "In", 15 0, v0x83c8e60_0;
v0x83c8330_0 .alias "Op", 1 0, v0x83cb0c0_0;
v0x83c8380_0 .alias "Out", 15 0, v0x83c8eb0_0;
v0x83c83d0_0 .net "tmp", 15 0, L_0x83ca478; 1 drivers
v0x83c8458_0 .net "tmp2", 15 0, L_0x83cc608; 1 drivers
L_0x83cc6d0 .functor MUXZ 16, L_0x83c8098, L_0x83cc608, L_0x83ccca0, C4<>;
S_0x83c7f00 .scope module, "s0" "shifter1" 6 8, 5 1, S_0x83c7c30;
 .timescale 0 0;
v0x83c7fc0_0 .alias "Go", 0 0, v0x83c8f20_0;
v0x83c7508_0 .alias "In", 15 0, v0x83c8e60_0;
v0x83c80e8_0 .alias "Op", 1 0, v0x83cb0c0_0;
v0x83c7620_0 .alias "Out", 15 0, v0x83c83d0_0;
v0x83c8220_0 .var "tmp", 15 0;
E_0x83c7f80 .event edge, v0x83c6a78_0, v0x83c7508_0;
L_0x83ca478 .functor MUXZ 16, L_0x83c8098, v0x83c8220_0, L_0x83ccca0, C4<>;
S_0x83c7cb0 .scope module, "s1" "shifter1" 6 9, 5 1, S_0x83c7c30;
 .timescale 0 0;
v0x83c7d50_0 .alias "Go", 0 0, v0x83c8f20_0;
v0x83c7da0_0 .alias "In", 15 0, v0x83c83d0_0;
v0x83c7e00_0 .alias "Op", 1 0, v0x83cb0c0_0;
v0x83c7e50_0 .alias "Out", 15 0, v0x83c8458_0;
v0x83c7ea0_0 .var "tmp", 15 0;
E_0x83c7d30 .event edge, v0x83c6a78_0, v0x83c7da0_0;
L_0x83cc608 .functor MUXZ 16, L_0x83ca478, v0x83c7ea0_0, L_0x83ccca0, C4<>;
S_0x839f3a8 .scope module, "s1" "shifter4" 8 9, 7 1, S_0x839e778;
 .timescale 0 0;
v0x83c7978_0 .alias "Go", 0 0, v0x83c8f20_0;
v0x83c79c8_0 .alias "In", 15 0, v0x83c9060_0;
v0x83c7a50_0 .alias "Op", 1 0, v0x83cb0c0_0;
v0x83c7aa0_0 .alias "Out", 15 0, v0x83c9118_0;
v0x83c7af0_0 .net "tmp", 15 0, L_0x83cc8d8; 1 drivers
v0x83c7b40_0 .net "tmp2", 15 0, L_0x83ccaf8; 1 drivers
L_0x83ccb58 .functor MUXZ 16, L_0x83cc730, L_0x83ccaf8, L_0x83ccca0, C4<>;
S_0x83c7118 .scope module, "s0" "shifter2" 7 8, 6 1, S_0x839f3a8;
 .timescale 0 0;
v0x83c7760_0 .alias "Go", 0 0, v0x83c8f20_0;
v0x83c77b0_0 .alias "In", 15 0, v0x83c9060_0;
v0x83c7820_0 .alias "Op", 1 0, v0x83cb0c0_0;
v0x83c7870_0 .alias "Out", 15 0, v0x83c7af0_0;
v0x83c78d8_0 .net "tmp", 15 0, L_0x83cc7a0; 1 drivers
v0x83c7928_0 .net "tmp2", 15 0, L_0x83cc810; 1 drivers
L_0x83cc8d8 .functor MUXZ 16, L_0x83cc730, L_0x83cc810, L_0x83ccca0, C4<>;
S_0x83c73e8 .scope module, "s0" "shifter1" 6 8, 5 1, S_0x83c7118;
 .timescale 0 0;
v0x83c74a8_0 .alias "Go", 0 0, v0x83c8f20_0;
v0x83c7570_0 .alias "In", 15 0, v0x83c9060_0;
v0x83c75d0_0 .alias "Op", 1 0, v0x83cb0c0_0;
v0x83c7688_0 .alias "Out", 15 0, v0x83c78d8_0;
v0x83c7710_0 .var "tmp", 15 0;
E_0x83c7468 .event edge, v0x83c6a78_0, v0x83c7570_0;
L_0x83cc7a0 .functor MUXZ 16, L_0x83cc730, v0x83c7710_0, L_0x83ccca0, C4<>;
S_0x83c7198 .scope module, "s1" "shifter1" 6 9, 5 1, S_0x83c7118;
 .timescale 0 0;
v0x83c7238_0 .alias "Go", 0 0, v0x83c8f20_0;
v0x83c7288_0 .alias "In", 15 0, v0x83c78d8_0;
v0x83c72e8_0 .alias "Op", 1 0, v0x83cb0c0_0;
v0x83c7338_0 .alias "Out", 15 0, v0x83c7928_0;
v0x83c7388_0 .var "tmp", 15 0;
E_0x83c7218 .event edge, v0x83c6a78_0, v0x83c7288_0;
L_0x83cc810 .functor MUXZ 16, L_0x83cc7a0, v0x83c7388_0, L_0x83ccca0, C4<>;
S_0x839cd60 .scope module, "s1" "shifter2" 7 9, 6 1, S_0x839f3a8;
 .timescale 0 0;
v0x83c6e78_0 .alias "Go", 0 0, v0x83c8f20_0;
v0x83c6f00_0 .alias "In", 15 0, v0x83c7af0_0;
v0x83c6f50_0 .alias "Op", 1 0, v0x83cb0c0_0;
v0x83c6fd8_0 .alias "Out", 15 0, v0x83c7b40_0;
v0x83c7040_0 .net "tmp", 15 0, L_0x83cc9a0; 1 drivers
v0x83c70c8_0 .net "tmp2", 15 0, L_0x83cca30; 1 drivers
L_0x83ccaf8 .functor MUXZ 16, L_0x83cc8d8, L_0x83cca30, L_0x83ccca0, C4<>;
S_0x83c6ba0 .scope module, "s0" "shifter1" 6 8, 5 1, S_0x839cd60;
 .timescale 0 0;
v0x83c6c60_0 .alias "Go", 0 0, v0x83c8f20_0;
v0x83c6ce0_0 .alias "In", 15 0, v0x83c7af0_0;
v0x83c6d30_0 .alias "Op", 1 0, v0x83cb0c0_0;
v0x83c6da0_0 .alias "Out", 15 0, v0x83c7040_0;
v0x83c6e28_0 .var "tmp", 15 0;
E_0x83c6c20 .event edge, v0x83c6a78_0, v0x83c6ce0_0;
L_0x83cc9a0 .functor MUXZ 16, L_0x83cc8d8, v0x83c6e28_0, L_0x83ccca0, C4<>;
S_0x839d990 .scope module, "s1" "shifter1" 6 9, 5 1, S_0x839cd60;
 .timescale 0 0;
v0x83a06c0_0 .alias "Go", 0 0, v0x83c8f20_0;
v0x83c6a18_0 .alias "In", 15 0, v0x83c7040_0;
v0x83c6a78_0 .alias "Op", 1 0, v0x83cb0c0_0;
v0x83c6ad8_0 .alias "Out", 15 0, v0x83c70c8_0;
v0x83c6b40_0 .var "tmp", 15 0;
E_0x8394570 .event edge, v0x83c6a78_0, v0x83c6a18_0;
L_0x83cca30 .functor MUXZ 16, L_0x83cc9a0, v0x83c6b40_0, L_0x83ccca0, C4<>;
    .scope S_0x83cb388;
T_0 ;
    %vpi_call 3 23 "$dumpvars";
    %set/v v0x83cb478_0, 0, 32;
    %set/v v0x83cb538_0, 1, 1;
    %set/v v0x83cb408_0, 1, 1;
    %delay 201, 0;
    %set/v v0x83cb538_0, 0, 1;
    %end;
    .thread T_0;
    .scope S_0x83cb388;
T_1 ;
    %delay 50, 0;
    %load/v 8, v0x83cb408_0, 1;
    %inv 8, 1;
    %set/v v0x83cb408_0, 8, 1;
    %load/v 8, v0x83cb408_0, 1;
    %load/v 9, v0x83cb4d8_0, 1;
    %and 8, 9, 1;
    %jmp/0xz  T_1.0, 8;
    %vpi_call 3 33 "$display", "Error signal asserted";
    %vpi_call 3 34 "$stop";
T_1.0 ;
    %jmp T_1;
    .thread T_1;
    .scope S_0x83cb388;
T_2 ;
    %wait E_0x83cb238;
    %load/v 8, v0x83cb478_0, 32;
    %mov 40, 39, 1;
   %addi 8, 1, 33;
    %set/v v0x83cb478_0, 8, 32;
    %movi 8, 100000, 32;
    %load/v 40, v0x83cb478_0, 32;
    %cmp/s 8, 40, 32;
    %jmp/0xz  T_2.0, 5;
    %vpi_call 3 40 "$display", "hmm....more than 100000 cycles of simulation...error?\012";
    %vpi_call 3 41 "$finish";
T_2.0 ;
    %jmp T_2;
    .thread T_2;
    .scope S_0x83cad78;
T_3 ;
    %wait E_0x83cadf8;
    %load/v 8, v0x83caed8_0, 2;
    %cmpi/u 8, 0, 2;
    %jmp/1 T_3.0, 6;
    %cmpi/u 8, 1, 2;
    %jmp/1 T_3.1, 6;
    %cmpi/u 8, 2, 2;
    %jmp/1 T_3.2, 6;
    %cmpi/u 8, 3, 2;
    %jmp/1 T_3.3, 6;
    %jmp T_3.4;
T_3.0 ;
    %load/v 8, v0x83cae78_0, 16;
    %ix/load 0, 1, 0;
    %mov 4, 0, 1;
    %shiftl/i0  8, 16;
    %set/v v0x83cafb0_0, 8, 16;
    %ix/load 1, 15, 0;
    %mov 4, 0, 1;
    %load/x1p 8, v0x83cae78_0, 1;
; Save base=8 wid=1 in lookaside.
    %ix/load 0, 0, 0;
    %set/x0 v0x83cafb0_0, 8, 1;
    %jmp T_3.4;
T_3.1 ;
    %load/v 8, v0x83cae78_0, 16;
    %ix/load 0, 1, 0;
    %mov 4, 0, 1;
    %shiftl/i0  8, 16;
    %set/v v0x83cafb0_0, 8, 16;
    %jmp T_3.4;
T_3.2 ;
    %ix/load 1, 1, 0;
    %mov 4, 0, 1;
    %load/x1p 24, v0x83cae78_0, 15;
    %mov 8, 24, 15; Move signal select into place
    %mov 23, 0, 1;
    %set/v v0x83cafb0_0, 8, 16;
    %ix/load 1, 15, 0;
    %mov 4, 0, 1;
    %load/x1p 8, v0x83cae78_0, 1;
; Save base=8 wid=1 in lookaside.
    %ix/load 0, 15, 0;
    %set/x0 v0x83cafb0_0, 8, 1;
    %jmp T_3.4;
T_3.3 ;
    %ix/load 1, 1, 0;
    %mov 4, 0, 1;
    %load/x1p 24, v0x83cae78_0, 15;
    %mov 8, 24, 15; Move signal select into place
    %mov 23, 0, 1;
    %set/v v0x83cafb0_0, 8, 16;
    %jmp T_3.4;
T_3.4 ;
    %jmp T_3;
    .thread T_3, $push;
    .scope S_0x83ca870;
T_4 ;
    %wait E_0x83ca8f0;
    %load/v 8, v0x83caa00_0, 2;
    %cmpi/u 8, 0, 2;
    %jmp/1 T_4.0, 6;
    %cmpi/u 8, 1, 2;
    %jmp/1 T_4.1, 6;
    %cmpi/u 8, 2, 2;
    %jmp/1 T_4.2, 6;
    %cmpi/u 8, 3, 2;
    %jmp/1 T_4.3, 6;
    %jmp T_4.4;
T_4.0 ;
    %load/v 8, v0x83ca9b0_0, 16;
    %ix/load 0, 1, 0;
    %mov 4, 0, 1;
    %shiftl/i0  8, 16;
    %set/v v0x83caad8_0, 8, 16;
    %ix/load 1, 15, 0;
    %mov 4, 0, 1;
    %load/x1p 8, v0x83ca9b0_0, 1;
; Save base=8 wid=1 in lookaside.
    %ix/load 0, 0, 0;
    %set/x0 v0x83caad8_0, 8, 1;
    %jmp T_4.4;
T_4.1 ;
    %load/v 8, v0x83ca9b0_0, 16;
    %ix/load 0, 1, 0;
    %mov 4, 0, 1;
    %shiftl/i0  8, 16;
    %set/v v0x83caad8_0, 8, 16;
    %jmp T_4.4;
T_4.2 ;
    %ix/load 1, 1, 0;
    %mov 4, 0, 1;
    %load/x1p 24, v0x83ca9b0_0, 15;
    %mov 8, 24, 15; Move signal select into place
    %mov 23, 0, 1;
    %set/v v0x83caad8_0, 8, 16;
    %ix/load 1, 15, 0;
    %mov 4, 0, 1;
    %load/x1p 8, v0x83ca9b0_0, 1;
; Save base=8 wid=1 in lookaside.
    %ix/load 0, 15, 0;
    %set/x0 v0x83caad8_0, 8, 1;
    %jmp T_4.4;
T_4.3 ;
    %ix/load 1, 1, 0;
    %mov 4, 0, 1;
    %load/x1p 24, v0x83ca9b0_0, 15;
    %mov 8, 24, 15; Move signal select into place
    %mov 23, 0, 1;
    %set/v v0x83caad8_0, 8, 16;
    %jmp T_4.4;
T_4.4 ;
    %jmp T_4;
    .thread T_4, $push;
    .scope S_0x83ca620;
T_5 ;
    %wait E_0x83ca6a0;
    %load/v 8, v0x83ca770_0, 2;
    %cmpi/u 8, 0, 2;
    %jmp/1 T_5.0, 6;
    %cmpi/u 8, 1, 2;
    %jmp/1 T_5.1, 6;
    %cmpi/u 8, 2, 2;
    %jmp/1 T_5.2, 6;
    %cmpi/u 8, 3, 2;
    %jmp/1 T_5.3, 6;
    %jmp T_5.4;
T_5.0 ;
    %load/v 8, v0x83ca710_0, 16;
    %ix/load 0, 1, 0;
    %mov 4, 0, 1;
    %shiftl/i0  8, 16;
    %set/v v0x83ca810_0, 8, 16;
    %ix/load 1, 15, 0;
    %mov 4, 0, 1;
    %load/x1p 8, v0x83ca710_0, 1;
; Save base=8 wid=1 in lookaside.
    %ix/load 0, 0, 0;
    %set/x0 v0x83ca810_0, 8, 1;
    %jmp T_5.4;
T_5.1 ;
    %load/v 8, v0x83ca710_0, 16;
    %ix/load 0, 1, 0;
    %mov 4, 0, 1;
    %shiftl/i0  8, 16;
    %set/v v0x83ca810_0, 8, 16;
    %jmp T_5.4;
T_5.2 ;
    %ix/load 1, 1, 0;
    %mov 4, 0, 1;
    %load/x1p 24, v0x83ca710_0, 15;
    %mov 8, 24, 15; Move signal select into place
    %mov 23, 0, 1;
    %set/v v0x83ca810_0, 8, 16;
    %ix/load 1, 15, 0;
    %mov 4, 0, 1;
    %load/x1p 8, v0x83ca710_0, 1;
; Save base=8 wid=1 in lookaside.
    %ix/load 0, 15, 0;
    %set/x0 v0x83ca810_0, 8, 1;
    %jmp T_5.4;
T_5.3 ;
    %ix/load 1, 1, 0;
    %mov 4, 0, 1;
    %load/x1p 24, v0x83ca710_0, 15;
    %mov 8, 24, 15; Move signal select into place
    %mov 23, 0, 1;
    %set/v v0x83ca810_0, 8, 16;
    %jmp T_5.4;
T_5.4 ;
    %jmp T_5;
    .thread T_5, $push;
    .scope S_0x83c9da0;
T_6 ;
    %wait E_0x83c9e20;
    %load/v 8, v0x83c9f88_0, 2;
    %cmpi/u 8, 0, 2;
    %jmp/1 T_6.0, 6;
    %cmpi/u 8, 1, 2;
    %jmp/1 T_6.1, 6;
    %cmpi/u 8, 2, 2;
    %jmp/1 T_6.2, 6;
    %cmpi/u 8, 3, 2;
    %jmp/1 T_6.3, 6;
    %jmp T_6.4;
T_6.0 ;
    %load/v 8, v0x83c9f28_0, 16;
    %ix/load 0, 1, 0;
    %mov 4, 0, 1;
    %shiftl/i0  8, 16;
    %set/v v0x83ca060_0, 8, 16;
    %ix/load 1, 15, 0;
    %mov 4, 0, 1;
    %load/x1p 8, v0x83c9f28_0, 1;
; Save base=8 wid=1 in lookaside.
    %ix/load 0, 0, 0;
    %set/x0 v0x83ca060_0, 8, 1;
    %jmp T_6.4;
T_6.1 ;
    %load/v 8, v0x83c9f28_0, 16;
    %ix/load 0, 1, 0;
    %mov 4, 0, 1;
    %shiftl/i0  8, 16;
    %set/v v0x83ca060_0, 8, 16;
    %jmp T_6.4;
T_6.2 ;
    %ix/load 1, 1, 0;
    %mov 4, 0, 1;
    %load/x1p 24, v0x83c9f28_0, 15;
    %mov 8, 24, 15; Move signal select into place
    %mov 23, 0, 1;
    %set/v v0x83ca060_0, 8, 16;
    %ix/load 1, 15, 0;
    %mov 4, 0, 1;
    %load/x1p 8, v0x83c9f28_0, 1;
; Save base=8 wid=1 in lookaside.
    %ix/load 0, 15, 0;
    %set/x0 v0x83ca060_0, 8, 1;
    %jmp T_6.4;
T_6.3 ;
    %ix/load 1, 1, 0;
    %mov 4, 0, 1;
    %load/x1p 24, v0x83c9f28_0, 15;
    %mov 8, 24, 15; Move signal select into place
    %mov 23, 0, 1;
    %set/v v0x83ca060_0, 8, 16;
    %jmp T_6.4;
T_6.4 ;
    %jmp T_6;
    .thread T_6, $push;
    .scope S_0x83c9b48;
T_7 ;
    %wait E_0x83c81a0;
    %load/v 8, v0x83c9c88_0, 2;
    %cmpi/u 8, 0, 2;
    %jmp/1 T_7.0, 6;
    %cmpi/u 8, 1, 2;
    %jmp/1 T_7.1, 6;
    %cmpi/u 8, 2, 2;
    %jmp/1 T_7.2, 6;
    %cmpi/u 8, 3, 2;
    %jmp/1 T_7.3, 6;
    %jmp T_7.4;
T_7.0 ;
    %load/v 8, v0x83c9c28_0, 16;
    %ix/load 0, 1, 0;
    %mov 4, 0, 1;
    %shiftl/i0  8, 16;
    %set/v v0x83c9d40_0, 8, 16;
    %ix/load 1, 15, 0;
    %mov 4, 0, 1;
    %load/x1p 8, v0x83c9c28_0, 1;
; Save base=8 wid=1 in lookaside.
    %ix/load 0, 0, 0;
    %set/x0 v0x83c9d40_0, 8, 1;
    %jmp T_7.4;
T_7.1 ;
    %load/v 8, v0x83c9c28_0, 16;
    %ix/load 0, 1, 0;
    %mov 4, 0, 1;
    %shiftl/i0  8, 16;
    %set/v v0x83c9d40_0, 8, 16;
    %jmp T_7.4;
T_7.2 ;
    %ix/load 1, 1, 0;
    %mov 4, 0, 1;
    %load/x1p 24, v0x83c9c28_0, 15;
    %mov 8, 24, 15; Move signal select into place
    %mov 23, 0, 1;
    %set/v v0x83c9d40_0, 8, 16;
    %ix/load 1, 15, 0;
    %mov 4, 0, 1;
    %load/x1p 8, v0x83c9c28_0, 1;
; Save base=8 wid=1 in lookaside.
    %ix/load 0, 15, 0;
    %set/x0 v0x83c9d40_0, 8, 1;
    %jmp T_7.4;
T_7.3 ;
    %ix/load 1, 1, 0;
    %mov 4, 0, 1;
    %load/x1p 24, v0x83c9c28_0, 15;
    %mov 8, 24, 15; Move signal select into place
    %mov 23, 0, 1;
    %set/v v0x83c9d40_0, 8, 16;
    %jmp T_7.4;
T_7.4 ;
    %jmp T_7;
    .thread T_7, $push;
    .scope S_0x83c94f8;
T_8 ;
    %wait E_0x83c9578;
    %load/v 8, v0x83c9688_0, 2;
    %cmpi/u 8, 0, 2;
    %jmp/1 T_8.0, 6;
    %cmpi/u 8, 1, 2;
    %jmp/1 T_8.1, 6;
    %cmpi/u 8, 2, 2;
    %jmp/1 T_8.2, 6;
    %cmpi/u 8, 3, 2;
    %jmp/1 T_8.3, 6;
    %jmp T_8.4;
T_8.0 ;
    %load/v 8, v0x83c9638_0, 16;
    %ix/load 0, 1, 0;
    %mov 4, 0, 1;
    %shiftl/i0  8, 16;
    %set/v v0x83c9860_0, 8, 16;
    %ix/load 1, 15, 0;
    %mov 4, 0, 1;
    %load/x1p 8, v0x83c9638_0, 1;
; Save base=8 wid=1 in lookaside.
    %ix/load 0, 0, 0;
    %set/x0 v0x83c9860_0, 8, 1;
    %jmp T_8.4;
T_8.1 ;
    %load/v 8, v0x83c9638_0, 16;
    %ix/load 0, 1, 0;
    %mov 4, 0, 1;
    %shiftl/i0  8, 16;
    %set/v v0x83c9860_0, 8, 16;
    %jmp T_8.4;
T_8.2 ;
    %ix/load 1, 1, 0;
    %mov 4, 0, 1;
    %load/x1p 24, v0x83c9638_0, 15;
    %mov 8, 24, 15; Move signal select into place
    %mov 23, 0, 1;
    %set/v v0x83c9860_0, 8, 16;
    %ix/load 1, 15, 0;
    %mov 4, 0, 1;
    %load/x1p 8, v0x83c9638_0, 1;
; Save base=8 wid=1 in lookaside.
    %ix/load 0, 15, 0;
    %set/x0 v0x83c9860_0, 8, 1;
    %jmp T_8.4;
T_8.3 ;
    %ix/load 1, 1, 0;
    %mov 4, 0, 1;
    %load/x1p 24, v0x83c9638_0, 15;
    %mov 8, 24, 15; Move signal select into place
    %mov 23, 0, 1;
    %set/v v0x83c9860_0, 8, 16;
    %jmp T_8.4;
T_8.4 ;
    %jmp T_8;
    .thread T_8, $push;
    .scope S_0x83c92a8;
T_9 ;
    %wait E_0x83c9328;
    %load/v 8, v0x83c93f8_0, 2;
    %cmpi/u 8, 0, 2;
    %jmp/1 T_9.0, 6;
    %cmpi/u 8, 1, 2;
    %jmp/1 T_9.1, 6;
    %cmpi/u 8, 2, 2;
    %jmp/1 T_9.2, 6;
    %cmpi/u 8, 3, 2;
    %jmp/1 T_9.3, 6;
    %jmp T_9.4;
T_9.0 ;
    %load/v 8, v0x83c9398_0, 16;
    %ix/load 0, 1, 0;
    %mov 4, 0, 1;
    %shiftl/i0  8, 16;
    %set/v v0x83c9498_0, 8, 16;
    %ix/load 1, 15, 0;
    %mov 4, 0, 1;
    %load/x1p 8, v0x83c9398_0, 1;
; Save base=8 wid=1 in lookaside.
    %ix/load 0, 0, 0;
    %set/x0 v0x83c9498_0, 8, 1;
    %jmp T_9.4;
T_9.1 ;
    %load/v 8, v0x83c9398_0, 16;
    %ix/load 0, 1, 0;
    %mov 4, 0, 1;
    %shiftl/i0  8, 16;
    %set/v v0x83c9498_0, 8, 16;
    %jmp T_9.4;
T_9.2 ;
    %ix/load 1, 1, 0;
    %mov 4, 0, 1;
    %load/x1p 24, v0x83c9398_0, 15;
    %mov 8, 24, 15; Move signal select into place
    %mov 23, 0, 1;
    %set/v v0x83c9498_0, 8, 16;
    %ix/load 1, 15, 0;
    %mov 4, 0, 1;
    %load/x1p 8, v0x83c9398_0, 1;
; Save base=8 wid=1 in lookaside.
    %ix/load 0, 15, 0;
    %set/x0 v0x83c9498_0, 8, 1;
    %jmp T_9.4;
T_9.3 ;
    %ix/load 1, 1, 0;
    %mov 4, 0, 1;
    %load/x1p 24, v0x83c9398_0, 15;
    %mov 8, 24, 15; Move signal select into place
    %mov 23, 0, 1;
    %set/v v0x83c9498_0, 8, 16;
    %jmp T_9.4;
T_9.4 ;
    %jmp T_9;
    .thread T_9, $push;
    .scope S_0x83c87b8;
T_10 ;
    %wait E_0x83c8838;
    %load/v 8, v0x83c8938_0, 2;
    %cmpi/u 8, 0, 2;
    %jmp/1 T_10.0, 6;
    %cmpi/u 8, 1, 2;
    %jmp/1 T_10.1, 6;
    %cmpi/u 8, 2, 2;
    %jmp/1 T_10.2, 6;
    %cmpi/u 8, 3, 2;
    %jmp/1 T_10.3, 6;
    %jmp T_10.4;
T_10.0 ;
    %load/v 8, v0x83c88d8_0, 16;
    %ix/load 0, 1, 0;
    %mov 4, 0, 1;
    %shiftl/i0  8, 16;
    %set/v v0x83c8a10_0, 8, 16;
    %ix/load 1, 15, 0;
    %mov 4, 0, 1;
    %load/x1p 8, v0x83c88d8_0, 1;
; Save base=8 wid=1 in lookaside.
    %ix/load 0, 0, 0;
    %set/x0 v0x83c8a10_0, 8, 1;
    %jmp T_10.4;
T_10.1 ;
    %load/v 8, v0x83c88d8_0, 16;
    %ix/load 0, 1, 0;
    %mov 4, 0, 1;
    %shiftl/i0  8, 16;
    %set/v v0x83c8a10_0, 8, 16;
    %jmp T_10.4;
T_10.2 ;
    %ix/load 1, 1, 0;
    %mov 4, 0, 1;
    %load/x1p 24, v0x83c88d8_0, 15;
    %mov 8, 24, 15; Move signal select into place
    %mov 23, 0, 1;
    %set/v v0x83c8a10_0, 8, 16;
    %ix/load 1, 15, 0;
    %mov 4, 0, 1;
    %load/x1p 8, v0x83c88d8_0, 1;
; Save base=8 wid=1 in lookaside.
    %ix/load 0, 15, 0;
    %set/x0 v0x83c8a10_0, 8, 1;
    %jmp T_10.4;
T_10.3 ;
    %ix/load 1, 1, 0;
    %mov 4, 0, 1;
    %load/x1p 24, v0x83c88d8_0, 15;
    %mov 8, 24, 15; Move signal select into place
    %mov 23, 0, 1;
    %set/v v0x83c8a10_0, 8, 16;
    %jmp T_10.4;
T_10.4 ;
    %jmp T_10;
    .thread T_10, $push;
    .scope S_0x83c8548;
T_11 ;
    %wait E_0x83c85c8;
    %load/v 8, v0x83c86b8_0, 2;
    %cmpi/u 8, 0, 2;
    %jmp/1 T_11.0, 6;
    %cmpi/u 8, 1, 2;
    %jmp/1 T_11.1, 6;
    %cmpi/u 8, 2, 2;
    %jmp/1 T_11.2, 6;
    %cmpi/u 8, 3, 2;
    %jmp/1 T_11.3, 6;
    %jmp T_11.4;
T_11.0 ;
    %load/v 8, v0x83c8658_0, 16;
    %ix/load 0, 1, 0;
    %mov 4, 0, 1;
    %shiftl/i0  8, 16;
    %set/v v0x83c8758_0, 8, 16;
    %ix/load 1, 15, 0;
    %mov 4, 0, 1;
    %load/x1p 8, v0x83c8658_0, 1;
; Save base=8 wid=1 in lookaside.
    %ix/load 0, 0, 0;
    %set/x0 v0x83c8758_0, 8, 1;
    %jmp T_11.4;
T_11.1 ;
    %load/v 8, v0x83c8658_0, 16;
    %ix/load 0, 1, 0;
    %mov 4, 0, 1;
    %shiftl/i0  8, 16;
    %set/v v0x83c8758_0, 8, 16;
    %jmp T_11.4;
T_11.2 ;
    %ix/load 1, 1, 0;
    %mov 4, 0, 1;
    %load/x1p 24, v0x83c8658_0, 15;
    %mov 8, 24, 15; Move signal select into place
    %mov 23, 0, 1;
    %set/v v0x83c8758_0, 8, 16;
    %ix/load 1, 15, 0;
    %mov 4, 0, 1;
    %load/x1p 8, v0x83c8658_0, 1;
; Save base=8 wid=1 in lookaside.
    %ix/load 0, 15, 0;
    %set/x0 v0x83c8758_0, 8, 1;
    %jmp T_11.4;
T_11.3 ;
    %ix/load 1, 1, 0;
    %mov 4, 0, 1;
    %load/x1p 24, v0x83c8658_0, 15;
    %mov 8, 24, 15; Move signal select into place
    %mov 23, 0, 1;
    %set/v v0x83c8758_0, 8, 16;
    %jmp T_11.4;
T_11.4 ;
    %jmp T_11;
    .thread T_11, $push;
    .scope S_0x83c7f00;
T_12 ;
    %wait E_0x83c7f80;
    %load/v 8, v0x83c80e8_0, 2;
    %cmpi/u 8, 0, 2;
    %jmp/1 T_12.0, 6;
    %cmpi/u 8, 1, 2;
    %jmp/1 T_12.1, 6;
    %cmpi/u 8, 2, 2;
    %jmp/1 T_12.2, 6;
    %cmpi/u 8, 3, 2;
    %jmp/1 T_12.3, 6;
    %jmp T_12.4;
T_12.0 ;
    %load/v 8, v0x83c7508_0, 16;
    %ix/load 0, 1, 0;
    %mov 4, 0, 1;
    %shiftl/i0  8, 16;
    %set/v v0x83c8220_0, 8, 16;
    %ix/load 1, 15, 0;
    %mov 4, 0, 1;
    %load/x1p 8, v0x83c7508_0, 1;
; Save base=8 wid=1 in lookaside.
    %ix/load 0, 0, 0;
    %set/x0 v0x83c8220_0, 8, 1;
    %jmp T_12.4;
T_12.1 ;
    %load/v 8, v0x83c7508_0, 16;
    %ix/load 0, 1, 0;
    %mov 4, 0, 1;
    %shiftl/i0  8, 16;
    %set/v v0x83c8220_0, 8, 16;
    %jmp T_12.4;
T_12.2 ;
    %ix/load 1, 1, 0;
    %mov 4, 0, 1;
    %load/x1p 24, v0x83c7508_0, 15;
    %mov 8, 24, 15; Move signal select into place
    %mov 23, 0, 1;
    %set/v v0x83c8220_0, 8, 16;
    %ix/load 1, 15, 0;
    %mov 4, 0, 1;
    %load/x1p 8, v0x83c7508_0, 1;
; Save base=8 wid=1 in lookaside.
    %ix/load 0, 15, 0;
    %set/x0 v0x83c8220_0, 8, 1;
    %jmp T_12.4;
T_12.3 ;
    %ix/load 1, 1, 0;
    %mov 4, 0, 1;
    %load/x1p 24, v0x83c7508_0, 15;
    %mov 8, 24, 15; Move signal select into place
    %mov 23, 0, 1;
    %set/v v0x83c8220_0, 8, 16;
    %jmp T_12.4;
T_12.4 ;
    %jmp T_12;
    .thread T_12, $push;
    .scope S_0x83c7cb0;
T_13 ;
    %wait E_0x83c7d30;
    %load/v 8, v0x83c7e00_0, 2;
    %cmpi/u 8, 0, 2;
    %jmp/1 T_13.0, 6;
    %cmpi/u 8, 1, 2;
    %jmp/1 T_13.1, 6;
    %cmpi/u 8, 2, 2;
    %jmp/1 T_13.2, 6;
    %cmpi/u 8, 3, 2;
    %jmp/1 T_13.3, 6;
    %jmp T_13.4;
T_13.0 ;
    %load/v 8, v0x83c7da0_0, 16;
    %ix/load 0, 1, 0;
    %mov 4, 0, 1;
    %shiftl/i0  8, 16;
    %set/v v0x83c7ea0_0, 8, 16;
    %ix/load 1, 15, 0;
    %mov 4, 0, 1;
    %load/x1p 8, v0x83c7da0_0, 1;
; Save base=8 wid=1 in lookaside.
    %ix/load 0, 0, 0;
    %set/x0 v0x83c7ea0_0, 8, 1;
    %jmp T_13.4;
T_13.1 ;
    %load/v 8, v0x83c7da0_0, 16;
    %ix/load 0, 1, 0;
    %mov 4, 0, 1;
    %shiftl/i0  8, 16;
    %set/v v0x83c7ea0_0, 8, 16;
    %jmp T_13.4;
T_13.2 ;
    %ix/load 1, 1, 0;
    %mov 4, 0, 1;
    %load/x1p 24, v0x83c7da0_0, 15;
    %mov 8, 24, 15; Move signal select into place
    %mov 23, 0, 1;
    %set/v v0x83c7ea0_0, 8, 16;
    %ix/load 1, 15, 0;
    %mov 4, 0, 1;
    %load/x1p 8, v0x83c7da0_0, 1;
; Save base=8 wid=1 in lookaside.
    %ix/load 0, 15, 0;
    %set/x0 v0x83c7ea0_0, 8, 1;
    %jmp T_13.4;
T_13.3 ;
    %ix/load 1, 1, 0;
    %mov 4, 0, 1;
    %load/x1p 24, v0x83c7da0_0, 15;
    %mov 8, 24, 15; Move signal select into place
    %mov 23, 0, 1;
    %set/v v0x83c7ea0_0, 8, 16;
    %jmp T_13.4;
T_13.4 ;
    %jmp T_13;
    .thread T_13, $push;
    .scope S_0x83c73e8;
T_14 ;
    %wait E_0x83c7468;
    %load/v 8, v0x83c75d0_0, 2;
    %cmpi/u 8, 0, 2;
    %jmp/1 T_14.0, 6;
    %cmpi/u 8, 1, 2;
    %jmp/1 T_14.1, 6;
    %cmpi/u 8, 2, 2;
    %jmp/1 T_14.2, 6;
    %cmpi/u 8, 3, 2;
    %jmp/1 T_14.3, 6;
    %jmp T_14.4;
T_14.0 ;
    %load/v 8, v0x83c7570_0, 16;
    %ix/load 0, 1, 0;
    %mov 4, 0, 1;
    %shiftl/i0  8, 16;
    %set/v v0x83c7710_0, 8, 16;
    %ix/load 1, 15, 0;
    %mov 4, 0, 1;
    %load/x1p 8, v0x83c7570_0, 1;
; Save base=8 wid=1 in lookaside.
    %ix/load 0, 0, 0;
    %set/x0 v0x83c7710_0, 8, 1;
    %jmp T_14.4;
T_14.1 ;
    %load/v 8, v0x83c7570_0, 16;
    %ix/load 0, 1, 0;
    %mov 4, 0, 1;
    %shiftl/i0  8, 16;
    %set/v v0x83c7710_0, 8, 16;
    %jmp T_14.4;
T_14.2 ;
    %ix/load 1, 1, 0;
    %mov 4, 0, 1;
    %load/x1p 24, v0x83c7570_0, 15;
    %mov 8, 24, 15; Move signal select into place
    %mov 23, 0, 1;
    %set/v v0x83c7710_0, 8, 16;
    %ix/load 1, 15, 0;
    %mov 4, 0, 1;
    %load/x1p 8, v0x83c7570_0, 1;
; Save base=8 wid=1 in lookaside.
    %ix/load 0, 15, 0;
    %set/x0 v0x83c7710_0, 8, 1;
    %jmp T_14.4;
T_14.3 ;
    %ix/load 1, 1, 0;
    %mov 4, 0, 1;
    %load/x1p 24, v0x83c7570_0, 15;
    %mov 8, 24, 15; Move signal select into place
    %mov 23, 0, 1;
    %set/v v0x83c7710_0, 8, 16;
    %jmp T_14.4;
T_14.4 ;
    %jmp T_14;
    .thread T_14, $push;
    .scope S_0x83c7198;
T_15 ;
    %wait E_0x83c7218;
    %load/v 8, v0x83c72e8_0, 2;
    %cmpi/u 8, 0, 2;
    %jmp/1 T_15.0, 6;
    %cmpi/u 8, 1, 2;
    %jmp/1 T_15.1, 6;
    %cmpi/u 8, 2, 2;
    %jmp/1 T_15.2, 6;
    %cmpi/u 8, 3, 2;
    %jmp/1 T_15.3, 6;
    %jmp T_15.4;
T_15.0 ;
    %load/v 8, v0x83c7288_0, 16;
    %ix/load 0, 1, 0;
    %mov 4, 0, 1;
    %shiftl/i0  8, 16;
    %set/v v0x83c7388_0, 8, 16;
    %ix/load 1, 15, 0;
    %mov 4, 0, 1;
    %load/x1p 8, v0x83c7288_0, 1;
; Save base=8 wid=1 in lookaside.
    %ix/load 0, 0, 0;
    %set/x0 v0x83c7388_0, 8, 1;
    %jmp T_15.4;
T_15.1 ;
    %load/v 8, v0x83c7288_0, 16;
    %ix/load 0, 1, 0;
    %mov 4, 0, 1;
    %shiftl/i0  8, 16;
    %set/v v0x83c7388_0, 8, 16;
    %jmp T_15.4;
T_15.2 ;
    %ix/load 1, 1, 0;
    %mov 4, 0, 1;
    %load/x1p 24, v0x83c7288_0, 15;
    %mov 8, 24, 15; Move signal select into place
    %mov 23, 0, 1;
    %set/v v0x83c7388_0, 8, 16;
    %ix/load 1, 15, 0;
    %mov 4, 0, 1;
    %load/x1p 8, v0x83c7288_0, 1;
; Save base=8 wid=1 in lookaside.
    %ix/load 0, 15, 0;
    %set/x0 v0x83c7388_0, 8, 1;
    %jmp T_15.4;
T_15.3 ;
    %ix/load 1, 1, 0;
    %mov 4, 0, 1;
    %load/x1p 24, v0x83c7288_0, 15;
    %mov 8, 24, 15; Move signal select into place
    %mov 23, 0, 1;
    %set/v v0x83c7388_0, 8, 16;
    %jmp T_15.4;
T_15.4 ;
    %jmp T_15;
    .thread T_15, $push;
    .scope S_0x83c6ba0;
T_16 ;
    %wait E_0x83c6c20;
    %load/v 8, v0x83c6d30_0, 2;
    %cmpi/u 8, 0, 2;
    %jmp/1 T_16.0, 6;
    %cmpi/u 8, 1, 2;
    %jmp/1 T_16.1, 6;
    %cmpi/u 8, 2, 2;
    %jmp/1 T_16.2, 6;
    %cmpi/u 8, 3, 2;
    %jmp/1 T_16.3, 6;
    %jmp T_16.4;
T_16.0 ;
    %load/v 8, v0x83c6ce0_0, 16;
    %ix/load 0, 1, 0;
    %mov 4, 0, 1;
    %shiftl/i0  8, 16;
    %set/v v0x83c6e28_0, 8, 16;
    %ix/load 1, 15, 0;
    %mov 4, 0, 1;
    %load/x1p 8, v0x83c6ce0_0, 1;
; Save base=8 wid=1 in lookaside.
    %ix/load 0, 0, 0;
    %set/x0 v0x83c6e28_0, 8, 1;
    %jmp T_16.4;
T_16.1 ;
    %load/v 8, v0x83c6ce0_0, 16;
    %ix/load 0, 1, 0;
    %mov 4, 0, 1;
    %shiftl/i0  8, 16;
    %set/v v0x83c6e28_0, 8, 16;
    %jmp T_16.4;
T_16.2 ;
    %ix/load 1, 1, 0;
    %mov 4, 0, 1;
    %load/x1p 24, v0x83c6ce0_0, 15;
    %mov 8, 24, 15; Move signal select into place
    %mov 23, 0, 1;
    %set/v v0x83c6e28_0, 8, 16;
    %ix/load 1, 15, 0;
    %mov 4, 0, 1;
    %load/x1p 8, v0x83c6ce0_0, 1;
; Save base=8 wid=1 in lookaside.
    %ix/load 0, 15, 0;
    %set/x0 v0x83c6e28_0, 8, 1;
    %jmp T_16.4;
T_16.3 ;
    %ix/load 1, 1, 0;
    %mov 4, 0, 1;
    %load/x1p 24, v0x83c6ce0_0, 15;
    %mov 8, 24, 15; Move signal select into place
    %mov 23, 0, 1;
    %set/v v0x83c6e28_0, 8, 16;
    %jmp T_16.4;
T_16.4 ;
    %jmp T_16;
    .thread T_16, $push;
    .scope S_0x839d990;
T_17 ;
    %wait E_0x8394570;
    %load/v 8, v0x83c6a78_0, 2;
    %cmpi/u 8, 0, 2;
    %jmp/1 T_17.0, 6;
    %cmpi/u 8, 1, 2;
    %jmp/1 T_17.1, 6;
    %cmpi/u 8, 2, 2;
    %jmp/1 T_17.2, 6;
    %cmpi/u 8, 3, 2;
    %jmp/1 T_17.3, 6;
    %jmp T_17.4;
T_17.0 ;
    %load/v 8, v0x83c6a18_0, 16;
    %ix/load 0, 1, 0;
    %mov 4, 0, 1;
    %shiftl/i0  8, 16;
    %set/v v0x83c6b40_0, 8, 16;
    %ix/load 1, 15, 0;
    %mov 4, 0, 1;
    %load/x1p 8, v0x83c6a18_0, 1;
; Save base=8 wid=1 in lookaside.
    %ix/load 0, 0, 0;
    %set/x0 v0x83c6b40_0, 8, 1;
    %jmp T_17.4;
T_17.1 ;
    %load/v 8, v0x83c6a18_0, 16;
    %ix/load 0, 1, 0;
    %mov 4, 0, 1;
    %shiftl/i0  8, 16;
    %set/v v0x83c6b40_0, 8, 16;
    %jmp T_17.4;
T_17.2 ;
    %ix/load 1, 1, 0;
    %mov 4, 0, 1;
    %load/x1p 24, v0x83c6a18_0, 15;
    %mov 8, 24, 15; Move signal select into place
    %mov 23, 0, 1;
    %set/v v0x83c6b40_0, 8, 16;
    %ix/load 1, 15, 0;
    %mov 4, 0, 1;
    %load/x1p 8, v0x83c6a18_0, 1;
; Save base=8 wid=1 in lookaside.
    %ix/load 0, 15, 0;
    %set/x0 v0x83c6b40_0, 8, 1;
    %jmp T_17.4;
T_17.3 ;
    %ix/load 1, 1, 0;
    %mov 4, 0, 1;
    %load/x1p 24, v0x83c6a18_0, 15;
    %mov 8, 24, 15; Move signal select into place
    %mov 23, 0, 1;
    %set/v v0x83c6b40_0, 8, 16;
    %jmp T_17.4;
T_17.4 ;
    %jmp T_17;
    .thread T_17, $push;
    .scope S_0x83925a8;
T_18 ;
    %set/v v0x83cb780_0, 0, 32;
    %movi 8, 33072, 16;
    %set/v v0x83cb608_0, 8, 16;
    %movi 8, 8, 4;
    %set/v v0x83cb588_0, 8, 4;
    %movi 8, 2, 2;
    %set/v v0x83cb658_0, 8, 2;
    %vpi_call 2 39 "$dumpvars";
    %vpi_call 2 40 "$display", "Simulating 10 cycles";
    %end;
    .thread T_18;
    .scope S_0x83925a8;
T_19 ;
    %wait E_0x83cb238;
    %vpi_call 2 44 "$display", "Cycle %d", v0x83cb478_0;
    %load/v 8, v0x83cb608_0, 16;
    %mov 24, 0, 16;
   %addi 8, 1, 32;
    %set/v v0x83cb608_0, 8, 16;
    %delay 3, 0;
    %vpi_call 2 48 "$display", "In: %b, Cnt: %d, Out: %b\012", v0x83cb608_0, v0x83cb588_0, v0x83cb6a8_0;
    %movi 8, 10, 32;
    %load/v 40, v0x83cb478_0, 32;
    %cmp/s 8, 40, 32;
    %jmp/0xz  T_19.0, 5;
    %vpi_call 2 52 "$finish";
T_19.0 ;
    %jmp T_19;
    .thread T_19;
# The file index is used to find the file name in the following table.
:file_names 9;
    "N/A";
    "<interactive>";
    "tb_shifter.v";
    "clkrst.v";
    "shifter.v";
    "shifter1.v";
    "shifter2.v";
    "shifter4.v";
    "shifter8.v";
