INUM:        0 PC: 0x0000 REG: 0 VALUE: 0x0000
INUM:        1 PC: 0x0002 REG: 0 VALUE: 0x0000
INUM:        2 PC: 0x0004 REG: 1 VALUE: 0x0000
INUM:        3 PC: 0x0006 REG: 1 VALUE: 0x0040
INUM:        4 PC: 0x0008 REG: 2 VALUE: 0x0000
INUM:        5 PC: 0x000a REG: 2 VALUE: 0x0000
INUM:        6 PC: 0x000c REG: 3 VALUE: 0x0000
INUM:        7 PC: 0x000e REG: 3 VALUE: 0x0000
INUM:        8 PC: 0x0010 REG: 4 VALUE: 0x0040
INUM:        9 PC: 0x0012 REG: 4 VALUE: 0x4000
INUM:       10 PC: 0x0014 REG: 5 VALUE: 0xc000 ADDR: 0x0000
INUM:       11 PC: 0x0016 REG: 6 VALUE: 0x0000 ADDR: 0x4000
INUM:       12 PC: 0x0018 REG: 0 VALUE: 0x0001
INUM:       13 PC: 0x001a REG: 3 VALUE: 0xfff0
INUM:       14 PC: 0x001c REG: 4 VALUE: 0x3ff0
INUM:       15 PC: 0x001e REG: 5 VALUE: 0x4000
INUM:       16 PC: 0x0020 REG: 6 VALUE: 0x003f
INUM:       17 PC: 0x0022 REG: 2 VALUE: 0x4000
INUM:       18 PC: 0x0024
INUM:       19 PC: 0x0026
INUM:       20 PC: 0x0014 REG: 5 VALUE: 0x0000 ADDR: 0xfff0
INUM:       21 PC: 0x0016 REG: 6 VALUE: 0x0000 ADDR: 0x3ff0
INUM:       22 PC: 0x0018 REG: 0 VALUE: 0x0002
INUM:       23 PC: 0x001a REG: 3 VALUE: 0xffe0
INUM:       24 PC: 0x001c REG: 4 VALUE: 0x3fe0
INUM:       25 PC: 0x001e REG: 5 VALUE: 0x0000
INUM:       26 PC: 0x0020 REG: 6 VALUE: 0x003e
INUM:       27 PC: 0x0022 REG: 2 VALUE: 0x4000
INUM:       28 PC: 0x0024
INUM:       29 PC: 0x0026
INUM:       30 PC: 0x0014 REG: 5 VALUE: 0x0000 ADDR: 0xffe0
INUM:       31 PC: 0x0016 REG: 6 VALUE: 0x0000 ADDR: 0x3fe0
INUM:       32 PC: 0x0018 REG: 0 VALUE: 0x0003
INUM:       33 PC: 0x001a REG: 3 VALUE: 0xffd0
INUM:       34 PC: 0x001c REG: 4 VALUE: 0x3fd0
INUM:       35 PC: 0x001e REG: 5 VALUE: 0x0000
INUM:       36 PC: 0x0020 REG: 6 VALUE: 0x003d
INUM:       37 PC: 0x0022 REG: 2 VALUE: 0x4000
INUM:       38 PC: 0x0024
INUM:       39 PC: 0x0026
INUM:       40 PC: 0x0014 REG: 5 VALUE: 0x0000 ADDR: 0xffd0
INUM:       41 PC: 0x0016 REG: 6 VALUE: 0x0000 ADDR: 0x3fd0
INUM:       42 PC: 0x0018 REG: 0 VALUE: 0x0004
INUM:       43 PC: 0x001a REG: 3 VALUE: 0xffc0
INUM:       44 PC: 0x001c REG: 4 VALUE: 0x3fc0
INUM:       45 PC: 0x001e REG: 5 VALUE: 0x0000
INUM:       46 PC: 0x0020 REG: 6 VALUE: 0x003c
INUM:       47 PC: 0x0022 REG: 2 VALUE: 0x4000
INUM:       48 PC: 0x0024
INUM:       49 PC: 0x0026
INUM:       50 PC: 0x0014 REG: 5 VALUE: 0x0000 ADDR: 0xffc0
INUM:       51 PC: 0x0016 REG: 6 VALUE: 0x0000 ADDR: 0x3fc0
INUM:       52 PC: 0x0018 REG: 0 VALUE: 0x0005
INUM:       53 PC: 0x001a REG: 3 VALUE: 0xffb0
INUM:       54 PC: 0x001c REG: 4 VALUE: 0x3fb0
INUM:       55 PC: 0x001e REG: 5 VALUE: 0x0000
INUM:       56 PC: 0x0020 REG: 6 VALUE: 0x003b
INUM:       57 PC: 0x0022 REG: 2 VALUE: 0x4000
INUM:       58 PC: 0x0024
INUM:       59 PC: 0x0026
INUM:       60 PC: 0x0014 REG: 5 VALUE: 0x0000 ADDR: 0xffb0
INUM:       61 PC: 0x0016 REG: 6 VALUE: 0x0000 ADDR: 0x3fb0
INUM:       62 PC: 0x0018 REG: 0 VALUE: 0x0006
INUM:       63 PC: 0x001a REG: 3 VALUE: 0xffa0
INUM:       64 PC: 0x001c REG: 4 VALUE: 0x3fa0
INUM:       65 PC: 0x001e REG: 5 VALUE: 0x0000
INUM:       66 PC: 0x0020 REG: 6 VALUE: 0x003a
INUM:       67 PC: 0x0022 REG: 2 VALUE: 0x4000
INUM:       68 PC: 0x0024
INUM:       69 PC: 0x0026
INUM:       70 PC: 0x0014 REG: 5 VALUE: 0x0000 ADDR: 0xffa0
INUM:       71 PC: 0x0016 REG: 6 VALUE: 0x0000 ADDR: 0x3fa0
INUM:       72 PC: 0x0018 REG: 0 VALUE: 0x0007
INUM:       73 PC: 0x001a REG: 3 VALUE: 0xff90
INUM:       74 PC: 0x001c REG: 4 VALUE: 0x3f90
INUM:       75 PC: 0x001e REG: 5 VALUE: 0x0000
INUM:       76 PC: 0x0020 REG: 6 VALUE: 0x0039
INUM:       77 PC: 0x0022 REG: 2 VALUE: 0x4000
INUM:       78 PC: 0x0024
INUM:       79 PC: 0x0026
INUM:       80 PC: 0x0014 REG: 5 VALUE: 0x0000 ADDR: 0xff90
INUM:       81 PC: 0x0016 REG: 6 VALUE: 0x0000 ADDR: 0x3f90
INUM:       82 PC: 0x0018 REG: 0 VALUE: 0x0008
INUM:       83 PC: 0x001a REG: 3 VALUE: 0xff80
INUM:       84 PC: 0x001c REG: 4 VALUE: 0x3f80
INUM:       85 PC: 0x001e REG: 5 VALUE: 0x0000
INUM:       86 PC: 0x0020 REG: 6 VALUE: 0x0038
INUM:       87 PC: 0x0022 REG: 2 VALUE: 0x4000
INUM:       88 PC: 0x0024
INUM:       89 PC: 0x0026
INUM:       90 PC: 0x0014 REG: 5 VALUE: 0x0000 ADDR: 0xff80
INUM:       91 PC: 0x0016 REG: 6 VALUE: 0x0000 ADDR: 0x3f80
INUM:       92 PC: 0x0018 REG: 0 VALUE: 0x0009
INUM:       93 PC: 0x001a REG: 3 VALUE: 0xff70
INUM:       94 PC: 0x001c REG: 4 VALUE: 0x3f70
INUM:       95 PC: 0x001e REG: 5 VALUE: 0x0000
INUM:       96 PC: 0x0020 REG: 6 VALUE: 0x0037
INUM:       97 PC: 0x0022 REG: 2 VALUE: 0x4000
INUM:       98 PC: 0x0024
INUM:       99 PC: 0x0026
INUM:      100 PC: 0x0014 REG: 5 VALUE: 0x0000 ADDR: 0xff70
INUM:      101 PC: 0x0016 REG: 6 VALUE: 0x0000 ADDR: 0x3f70
INUM:      102 PC: 0x0018 REG: 0 VALUE: 0x000a
INUM:      103 PC: 0x001a REG: 3 VALUE: 0xff60
INUM:      104 PC: 0x001c REG: 4 VALUE: 0x3f60
INUM:      105 PC: 0x001e REG: 5 VALUE: 0x0000
INUM:      106 PC: 0x0020 REG: 6 VALUE: 0x0036
INUM:      107 PC: 0x0022 REG: 2 VALUE: 0x4000
INUM:      108 PC: 0x0024
INUM:      109 PC: 0x0026
INUM:      110 PC: 0x0014 REG: 5 VALUE: 0x0000 ADDR: 0xff60
INUM:      111 PC: 0x0016 REG: 6 VALUE: 0x0000 ADDR: 0x3f60
INUM:      112 PC: 0x0018 REG: 0 VALUE: 0x000b
INUM:      113 PC: 0x001a REG: 3 VALUE: 0xff50
INUM:      114 PC: 0x001c REG: 4 VALUE: 0x3f50
INUM:      115 PC: 0x001e REG: 5 VALUE: 0x0000
INUM:      116 PC: 0x0020 REG: 6 VALUE: 0x0035
INUM:      117 PC: 0x0022 REG: 2 VALUE: 0x4000
INUM:      118 PC: 0x0024
INUM:      119 PC: 0x0026
INUM:      120 PC: 0x0014 REG: 5 VALUE: 0x0000 ADDR: 0xff50
INUM:      121 PC: 0x0016 REG: 6 VALUE: 0x0000 ADDR: 0x3f50
INUM:      122 PC: 0x0018 REG: 0 VALUE: 0x000c
INUM:      123 PC: 0x001a REG: 3 VALUE: 0xff40
INUM:      124 PC: 0x001c REG: 4 VALUE: 0x3f40
INUM:      125 PC: 0x001e REG: 5 VALUE: 0x0000
INUM:      126 PC: 0x0020 REG: 6 VALUE: 0x0034
INUM:      127 PC: 0x0022 REG: 2 VALUE: 0x4000
INUM:      128 PC: 0x0024
INUM:      129 PC: 0x0026
INUM:      130 PC: 0x0014 REG: 5 VALUE: 0x0000 ADDR: 0xff40
INUM:      131 PC: 0x0016 REG: 6 VALUE: 0x0000 ADDR: 0x3f40
INUM:      132 PC: 0x0018 REG: 0 VALUE: 0x000d
INUM:      133 PC: 0x001a REG: 3 VALUE: 0xff30
INUM:      134 PC: 0x001c REG: 4 VALUE: 0x3f30
INUM:      135 PC: 0x001e REG: 5 VALUE: 0x0000
INUM:      136 PC: 0x0020 REG: 6 VALUE: 0x0033
INUM:      137 PC: 0x0022 REG: 2 VALUE: 0x4000
INUM:      138 PC: 0x0024
INUM:      139 PC: 0x0026
INUM:      140 PC: 0x0014 REG: 5 VALUE: 0x0000 ADDR: 0xff30
INUM:      141 PC: 0x0016 REG: 6 VALUE: 0x0000 ADDR: 0x3f30
INUM:      142 PC: 0x0018 REG: 0 VALUE: 0x000e
INUM:      143 PC: 0x001a REG: 3 VALUE: 0xff20
INUM:      144 PC: 0x001c REG: 4 VALUE: 0x3f20
INUM:      145 PC: 0x001e REG: 5 VALUE: 0x0000
INUM:      146 PC: 0x0020 REG: 6 VALUE: 0x0032
INUM:      147 PC: 0x0022 REG: 2 VALUE: 0x4000
INUM:      148 PC: 0x0024
INUM:      149 PC: 0x0026
INUM:      150 PC: 0x0014 REG: 5 VALUE: 0x0000 ADDR: 0xff20
INUM:      151 PC: 0x0016 REG: 6 VALUE: 0x0000 ADDR: 0x3f20
INUM:      152 PC: 0x0018 REG: 0 VALUE: 0x000f
INUM:      153 PC: 0x001a REG: 3 VALUE: 0xff10
INUM:      154 PC: 0x001c REG: 4 VALUE: 0x3f10
INUM:      155 PC: 0x001e REG: 5 VALUE: 0x0000
INUM:      156 PC: 0x0020 REG: 6 VALUE: 0x0031
INUM:      157 PC: 0x0022 REG: 2 VALUE: 0x4000
INUM:      158 PC: 0x0024
INUM:      159 PC: 0x0026
INUM:      160 PC: 0x0014 REG: 5 VALUE: 0x0000 ADDR: 0xff10
INUM:      161 PC: 0x0016 REG: 6 VALUE: 0x0000 ADDR: 0x3f10
INUM:      162 PC: 0x0018 REG: 0 VALUE: 0x0010
INUM:      163 PC: 0x001a REG: 3 VALUE: 0xff00
INUM:      164 PC: 0x001c REG: 4 VALUE: 0x3f00
INUM:      165 PC: 0x001e REG: 5 VALUE: 0x0000
INUM:      166 PC: 0x0020 REG: 6 VALUE: 0x0030
INUM:      167 PC: 0x0022 REG: 2 VALUE: 0x4000
INUM:      168 PC: 0x0024
INUM:      169 PC: 0x0026
INUM:      170 PC: 0x0014 REG: 5 VALUE: 0x0000 ADDR: 0xff00
INUM:      171 PC: 0x0016 REG: 6 VALUE: 0x0000 ADDR: 0x3f00
INUM:      172 PC: 0x0018 REG: 0 VALUE: 0x0011
INUM:      173 PC: 0x001a REG: 3 VALUE: 0xfef0
INUM:      174 PC: 0x001c REG: 4 VALUE: 0x3ef0
INUM:      175 PC: 0x001e REG: 5 VALUE: 0x0000
INUM:      176 PC: 0x0020 REG: 6 VALUE: 0x002f
INUM:      177 PC: 0x0022 REG: 2 VALUE: 0x4000
INUM:      178 PC: 0x0024
INUM:      179 PC: 0x0026
INUM:      180 PC: 0x0014 REG: 5 VALUE: 0x0000 ADDR: 0xfef0
INUM:      181 PC: 0x0016 REG: 6 VALUE: 0x0000 ADDR: 0x3ef0
INUM:      182 PC: 0x0018 REG: 0 VALUE: 0x0012
INUM:      183 PC: 0x001a REG: 3 VALUE: 0xfee0
INUM:      184 PC: 0x001c REG: 4 VALUE: 0x3ee0
INUM:      185 PC: 0x001e REG: 5 VALUE: 0x0000
INUM:      186 PC: 0x0020 REG: 6 VALUE: 0x002e
INUM:      187 PC: 0x0022 REG: 2 VALUE: 0x4000
INUM:      188 PC: 0x0024
INUM:      189 PC: 0x0026
INUM:      190 PC: 0x0014 REG: 5 VALUE: 0x0000 ADDR: 0xfee0
INUM:      191 PC: 0x0016 REG: 6 VALUE: 0x0000 ADDR: 0x3ee0
INUM:      192 PC: 0x0018 REG: 0 VALUE: 0x0013
INUM:      193 PC: 0x001a REG: 3 VALUE: 0xfed0
INUM:      194 PC: 0x001c REG: 4 VALUE: 0x3ed0
INUM:      195 PC: 0x001e REG: 5 VALUE: 0x0000
INUM:      196 PC: 0x0020 REG: 6 VALUE: 0x002d
INUM:      197 PC: 0x0022 REG: 2 VALUE: 0x4000
INUM:      198 PC: 0x0024
INUM:      199 PC: 0x0026
INUM:      200 PC: 0x0014 REG: 5 VALUE: 0x0000 ADDR: 0xfed0
INUM:      201 PC: 0x0016 REG: 6 VALUE: 0x0000 ADDR: 0x3ed0
INUM:      202 PC: 0x0018 REG: 0 VALUE: 0x0014
INUM:      203 PC: 0x001a REG: 3 VALUE: 0xfec0
INUM:      204 PC: 0x001c REG: 4 VALUE: 0x3ec0
INUM:      205 PC: 0x001e REG: 5 VALUE: 0x0000
INUM:      206 PC: 0x0020 REG: 6 VALUE: 0x002c
INUM:      207 PC: 0x0022 REG: 2 VALUE: 0x4000
INUM:      208 PC: 0x0024
INUM:      209 PC: 0x0026
INUM:      210 PC: 0x0014 REG: 5 VALUE: 0x0000 ADDR: 0xfec0
INUM:      211 PC: 0x0016 REG: 6 VALUE: 0x0000 ADDR: 0x3ec0
INUM:      212 PC: 0x0018 REG: 0 VALUE: 0x0015
INUM:      213 PC: 0x001a REG: 3 VALUE: 0xfeb0
INUM:      214 PC: 0x001c REG: 4 VALUE: 0x3eb0
INUM:      215 PC: 0x001e REG: 5 VALUE: 0x0000
INUM:      216 PC: 0x0020 REG: 6 VALUE: 0x002b
INUM:      217 PC: 0x0022 REG: 2 VALUE: 0x4000
INUM:      218 PC: 0x0024
INUM:      219 PC: 0x0026
INUM:      220 PC: 0x0014 REG: 5 VALUE: 0x0000 ADDR: 0xfeb0
INUM:      221 PC: 0x0016 REG: 6 VALUE: 0x0000 ADDR: 0x3eb0
INUM:      222 PC: 0x0018 REG: 0 VALUE: 0x0016
INUM:      223 PC: 0x001a REG: 3 VALUE: 0xfea0
INUM:      224 PC: 0x001c REG: 4 VALUE: 0x3ea0
INUM:      225 PC: 0x001e REG: 5 VALUE: 0x0000
INUM:      226 PC: 0x0020 REG: 6 VALUE: 0x002a
INUM:      227 PC: 0x0022 REG: 2 VALUE: 0x4000
INUM:      228 PC: 0x0024
INUM:      229 PC: 0x0026
INUM:      230 PC: 0x0014 REG: 5 VALUE: 0x0000 ADDR: 0xfea0
INUM:      231 PC: 0x0016 REG: 6 VALUE: 0x0000 ADDR: 0x3ea0
INUM:      232 PC: 0x0018 REG: 0 VALUE: 0x0017
INUM:      233 PC: 0x001a REG: 3 VALUE: 0xfe90
INUM:      234 PC: 0x001c REG: 4 VALUE: 0x3e90
INUM:      235 PC: 0x001e REG: 5 VALUE: 0x0000
INUM:      236 PC: 0x0020 REG: 6 VALUE: 0x0029
INUM:      237 PC: 0x0022 REG: 2 VALUE: 0x4000
INUM:      238 PC: 0x0024
INUM:      239 PC: 0x0026
INUM:      240 PC: 0x0014 REG: 5 VALUE: 0x0000 ADDR: 0xfe90
INUM:      241 PC: 0x0016 REG: 6 VALUE: 0x0000 ADDR: 0x3e90
INUM:      242 PC: 0x0018 REG: 0 VALUE: 0x0018
INUM:      243 PC: 0x001a REG: 3 VALUE: 0xfe80
INUM:      244 PC: 0x001c REG: 4 VALUE: 0x3e80
INUM:      245 PC: 0x001e REG: 5 VALUE: 0x0000
INUM:      246 PC: 0x0020 REG: 6 VALUE: 0x0028
INUM:      247 PC: 0x0022 REG: 2 VALUE: 0x4000
INUM:      248 PC: 0x0024
INUM:      249 PC: 0x0026
INUM:      250 PC: 0x0014 REG: 5 VALUE: 0x0000 ADDR: 0xfe80
INUM:      251 PC: 0x0016 REG: 6 VALUE: 0x0000 ADDR: 0x3e80
INUM:      252 PC: 0x0018 REG: 0 VALUE: 0x0019
INUM:      253 PC: 0x001a REG: 3 VALUE: 0xfe70
INUM:      254 PC: 0x001c REG: 4 VALUE: 0x3e70
INUM:      255 PC: 0x001e REG: 5 VALUE: 0x0000
INUM:      256 PC: 0x0020 REG: 6 VALUE: 0x0027
INUM:      257 PC: 0x0022 REG: 2 VALUE: 0x4000
INUM:      258 PC: 0x0024
INUM:      259 PC: 0x0026
INUM:      260 PC: 0x0014 REG: 5 VALUE: 0x0000 ADDR: 0xfe70
INUM:      261 PC: 0x0016 REG: 6 VALUE: 0x0000 ADDR: 0x3e70
INUM:      262 PC: 0x0018 REG: 0 VALUE: 0x001a
INUM:      263 PC: 0x001a REG: 3 VALUE: 0xfe60
INUM:      264 PC: 0x001c REG: 4 VALUE: 0x3e60
INUM:      265 PC: 0x001e REG: 5 VALUE: 0x0000
INUM:      266 PC: 0x0020 REG: 6 VALUE: 0x0026
INUM:      267 PC: 0x0022 REG: 2 VALUE: 0x4000
INUM:      268 PC: 0x0024
INUM:      269 PC: 0x0026
INUM:      270 PC: 0x0014 REG: 5 VALUE: 0x0000 ADDR: 0xfe60
INUM:      271 PC: 0x0016 REG: 6 VALUE: 0x0000 ADDR: 0x3e60
INUM:      272 PC: 0x0018 REG: 0 VALUE: 0x001b
INUM:      273 PC: 0x001a REG: 3 VALUE: 0xfe50
INUM:      274 PC: 0x001c REG: 4 VALUE: 0x3e50
INUM:      275 PC: 0x001e REG: 5 VALUE: 0x0000
INUM:      276 PC: 0x0020 REG: 6 VALUE: 0x0025
INUM:      277 PC: 0x0022 REG: 2 VALUE: 0x4000
INUM:      278 PC: 0x0024
INUM:      279 PC: 0x0026
INUM:      280 PC: 0x0014 REG: 5 VALUE: 0x0000 ADDR: 0xfe50
INUM:      281 PC: 0x0016 REG: 6 VALUE: 0x0000 ADDR: 0x3e50
INUM:      282 PC: 0x0018 REG: 0 VALUE: 0x001c
INUM:      283 PC: 0x001a REG: 3 VALUE: 0xfe40
INUM:      284 PC: 0x001c REG: 4 VALUE: 0x3e40
INUM:      285 PC: 0x001e REG: 5 VALUE: 0x0000
INUM:      286 PC: 0x0020 REG: 6 VALUE: 0x0024
INUM:      287 PC: 0x0022 REG: 2 VALUE: 0x4000
INUM:      288 PC: 0x0024
INUM:      289 PC: 0x0026
INUM:      290 PC: 0x0014 REG: 5 VALUE: 0x0000 ADDR: 0xfe40
INUM:      291 PC: 0x0016 REG: 6 VALUE: 0x0000 ADDR: 0x3e40
INUM:      292 PC: 0x0018 REG: 0 VALUE: 0x001d
INUM:      293 PC: 0x001a REG: 3 VALUE: 0xfe30
INUM:      294 PC: 0x001c REG: 4 VALUE: 0x3e30
INUM:      295 PC: 0x001e REG: 5 VALUE: 0x0000
INUM:      296 PC: 0x0020 REG: 6 VALUE: 0x0023
INUM:      297 PC: 0x0022 REG: 2 VALUE: 0x4000
INUM:      298 PC: 0x0024
INUM:      299 PC: 0x0026
INUM:      300 PC: 0x0014 REG: 5 VALUE: 0x0000 ADDR: 0xfe30
INUM:      301 PC: 0x0016 REG: 6 VALUE: 0x0000 ADDR: 0x3e30
INUM:      302 PC: 0x0018 REG: 0 VALUE: 0x001e
INUM:      303 PC: 0x001a REG: 3 VALUE: 0xfe20
INUM:      304 PC: 0x001c REG: 4 VALUE: 0x3e20
INUM:      305 PC: 0x001e REG: 5 VALUE: 0x0000
INUM:      306 PC: 0x0020 REG: 6 VALUE: 0x0022
INUM:      307 PC: 0x0022 REG: 2 VALUE: 0x4000
INUM:      308 PC: 0x0024
INUM:      309 PC: 0x0026
INUM:      310 PC: 0x0014 REG: 5 VALUE: 0x0000 ADDR: 0xfe20
INUM:      311 PC: 0x0016 REG: 6 VALUE: 0x0000 ADDR: 0x3e20
INUM:      312 PC: 0x0018 REG: 0 VALUE: 0x001f
INUM:      313 PC: 0x001a REG: 3 VALUE: 0xfe10
INUM:      314 PC: 0x001c REG: 4 VALUE: 0x3e10
INUM:      315 PC: 0x001e REG: 5 VALUE: 0x0000
INUM:      316 PC: 0x0020 REG: 6 VALUE: 0x0021
INUM:      317 PC: 0x0022 REG: 2 VALUE: 0x4000
INUM:      318 PC: 0x0024
INUM:      319 PC: 0x0026
INUM:      320 PC: 0x0014 REG: 5 VALUE: 0x0000 ADDR: 0xfe10
INUM:      321 PC: 0x0016 REG: 6 VALUE: 0x0000 ADDR: 0x3e10
INUM:      322 PC: 0x0018 REG: 0 VALUE: 0x0020
INUM:      323 PC: 0x001a REG: 3 VALUE: 0xfe00
INUM:      324 PC: 0x001c REG: 4 VALUE: 0x3e00
INUM:      325 PC: 0x001e REG: 5 VALUE: 0x0000
INUM:      326 PC: 0x0020 REG: 6 VALUE: 0x0020
INUM:      327 PC: 0x0022 REG: 2 VALUE: 0x4000
INUM:      328 PC: 0x0024
INUM:      329 PC: 0x0026
INUM:      330 PC: 0x0014 REG: 5 VALUE: 0x0000 ADDR: 0xfe00
INUM:      331 PC: 0x0016 REG: 6 VALUE: 0x0000 ADDR: 0x3e00
INUM:      332 PC: 0x0018 REG: 0 VALUE: 0x0021
INUM:      333 PC: 0x001a REG: 3 VALUE: 0xfdf0
INUM:      334 PC: 0x001c REG: 4 VALUE: 0x3df0
INUM:      335 PC: 0x001e REG: 5 VALUE: 0x0000
INUM:      336 PC: 0x0020 REG: 6 VALUE: 0x001f
INUM:      337 PC: 0x0022 REG: 2 VALUE: 0x4000
INUM:      338 PC: 0x0024
INUM:      339 PC: 0x0026
INUM:      340 PC: 0x0014 REG: 5 VALUE: 0x0000 ADDR: 0xfdf0
INUM:      341 PC: 0x0016 REG: 6 VALUE: 0x0000 ADDR: 0x3df0
INUM:      342 PC: 0x0018 REG: 0 VALUE: 0x0022
INUM:      343 PC: 0x001a REG: 3 VALUE: 0xfde0
INUM:      344 PC: 0x001c REG: 4 VALUE: 0x3de0
INUM:      345 PC: 0x001e REG: 5 VALUE: 0x0000
INUM:      346 PC: 0x0020 REG: 6 VALUE: 0x001e
INUM:      347 PC: 0x0022 REG: 2 VALUE: 0x4000
INUM:      348 PC: 0x0024
INUM:      349 PC: 0x0026
INUM:      350 PC: 0x0014 REG: 5 VALUE: 0x0000 ADDR: 0xfde0
INUM:      351 PC: 0x0016 REG: 6 VALUE: 0x0000 ADDR: 0x3de0
INUM:      352 PC: 0x0018 REG: 0 VALUE: 0x0023
INUM:      353 PC: 0x001a REG: 3 VALUE: 0xfdd0
INUM:      354 PC: 0x001c REG: 4 VALUE: 0x3dd0
INUM:      355 PC: 0x001e REG: 5 VALUE: 0x0000
INUM:      356 PC: 0x0020 REG: 6 VALUE: 0x001d
INUM:      357 PC: 0x0022 REG: 2 VALUE: 0x4000
INUM:      358 PC: 0x0024
INUM:      359 PC: 0x0026
INUM:      360 PC: 0x0014 REG: 5 VALUE: 0x0000 ADDR: 0xfdd0
INUM:      361 PC: 0x0016 REG: 6 VALUE: 0x0000 ADDR: 0x3dd0
INUM:      362 PC: 0x0018 REG: 0 VALUE: 0x0024
INUM:      363 PC: 0x001a REG: 3 VALUE: 0xfdc0
INUM:      364 PC: 0x001c REG: 4 VALUE: 0x3dc0
INUM:      365 PC: 0x001e REG: 5 VALUE: 0x0000
INUM:      366 PC: 0x0020 REG: 6 VALUE: 0x001c
INUM:      367 PC: 0x0022 REG: 2 VALUE: 0x4000
INUM:      368 PC: 0x0024
INUM:      369 PC: 0x0026
INUM:      370 PC: 0x0014 REG: 5 VALUE: 0x0000 ADDR: 0xfdc0
INUM:      371 PC: 0x0016 REG: 6 VALUE: 0x0000 ADDR: 0x3dc0
INUM:      372 PC: 0x0018 REG: 0 VALUE: 0x0025
INUM:      373 PC: 0x001a REG: 3 VALUE: 0xfdb0
INUM:      374 PC: 0x001c REG: 4 VALUE: 0x3db0
INUM:      375 PC: 0x001e REG: 5 VALUE: 0x0000
INUM:      376 PC: 0x0020 REG: 6 VALUE: 0x001b
INUM:      377 PC: 0x0022 REG: 2 VALUE: 0x4000
INUM:      378 PC: 0x0024
INUM:      379 PC: 0x0026
INUM:      380 PC: 0x0014 REG: 5 VALUE: 0x0000 ADDR: 0xfdb0
INUM:      381 PC: 0x0016 REG: 6 VALUE: 0x0000 ADDR: 0x3db0
INUM:      382 PC: 0x0018 REG: 0 VALUE: 0x0026
INUM:      383 PC: 0x001a REG: 3 VALUE: 0xfda0
INUM:      384 PC: 0x001c REG: 4 VALUE: 0x3da0
INUM:      385 PC: 0x001e REG: 5 VALUE: 0x0000
INUM:      386 PC: 0x0020 REG: 6 VALUE: 0x001a
INUM:      387 PC: 0x0022 REG: 2 VALUE: 0x4000
INUM:      388 PC: 0x0024
INUM:      389 PC: 0x0026
INUM:      390 PC: 0x0014 REG: 5 VALUE: 0x0000 ADDR: 0xfda0
INUM:      391 PC: 0x0016 REG: 6 VALUE: 0x0000 ADDR: 0x3da0
INUM:      392 PC: 0x0018 REG: 0 VALUE: 0x0027
INUM:      393 PC: 0x001a REG: 3 VALUE: 0xfd90
INUM:      394 PC: 0x001c REG: 4 VALUE: 0x3d90
INUM:      395 PC: 0x001e REG: 5 VALUE: 0x0000
INUM:      396 PC: 0x0020 REG: 6 VALUE: 0x0019
INUM:      397 PC: 0x0022 REG: 2 VALUE: 0x4000
INUM:      398 PC: 0x0024
INUM:      399 PC: 0x0026
INUM:      400 PC: 0x0014 REG: 5 VALUE: 0x0000 ADDR: 0xfd90
INUM:      401 PC: 0x0016 REG: 6 VALUE: 0x0000 ADDR: 0x3d90
INUM:      402 PC: 0x0018 REG: 0 VALUE: 0x0028
INUM:      403 PC: 0x001a REG: 3 VALUE: 0xfd80
INUM:      404 PC: 0x001c REG: 4 VALUE: 0x3d80
INUM:      405 PC: 0x001e REG: 5 VALUE: 0x0000
INUM:      406 PC: 0x0020 REG: 6 VALUE: 0x0018
INUM:      407 PC: 0x0022 REG: 2 VALUE: 0x4000
INUM:      408 PC: 0x0024
INUM:      409 PC: 0x0026
INUM:      410 PC: 0x0014 REG: 5 VALUE: 0x0000 ADDR: 0xfd80
INUM:      411 PC: 0x0016 REG: 6 VALUE: 0x0000 ADDR: 0x3d80
INUM:      412 PC: 0x0018 REG: 0 VALUE: 0x0029
INUM:      413 PC: 0x001a REG: 3 VALUE: 0xfd70
INUM:      414 PC: 0x001c REG: 4 VALUE: 0x3d70
INUM:      415 PC: 0x001e REG: 5 VALUE: 0x0000
INUM:      416 PC: 0x0020 REG: 6 VALUE: 0x0017
INUM:      417 PC: 0x0022 REG: 2 VALUE: 0x4000
INUM:      418 PC: 0x0024
INUM:      419 PC: 0x0026
INUM:      420 PC: 0x0014 REG: 5 VALUE: 0x0000 ADDR: 0xfd70
INUM:      421 PC: 0x0016 REG: 6 VALUE: 0x0000 ADDR: 0x3d70
INUM:      422 PC: 0x0018 REG: 0 VALUE: 0x002a
INUM:      423 PC: 0x001a REG: 3 VALUE: 0xfd60
INUM:      424 PC: 0x001c REG: 4 VALUE: 0x3d60
INUM:      425 PC: 0x001e REG: 5 VALUE: 0x0000
INUM:      426 PC: 0x0020 REG: 6 VALUE: 0x0016
INUM:      427 PC: 0x0022 REG: 2 VALUE: 0x4000
INUM:      428 PC: 0x0024
INUM:      429 PC: 0x0026
INUM:      430 PC: 0x0014 REG: 5 VALUE: 0x0000 ADDR: 0xfd60
INUM:      431 PC: 0x0016 REG: 6 VALUE: 0x0000 ADDR: 0x3d60
INUM:      432 PC: 0x0018 REG: 0 VALUE: 0x002b
INUM:      433 PC: 0x001a REG: 3 VALUE: 0xfd50
INUM:      434 PC: 0x001c REG: 4 VALUE: 0x3d50
INUM:      435 PC: 0x001e REG: 5 VALUE: 0x0000
INUM:      436 PC: 0x0020 REG: 6 VALUE: 0x0015
INUM:      437 PC: 0x0022 REG: 2 VALUE: 0x4000
INUM:      438 PC: 0x0024
INUM:      439 PC: 0x0026
INUM:      440 PC: 0x0014 REG: 5 VALUE: 0x0000 ADDR: 0xfd50
INUM:      441 PC: 0x0016 REG: 6 VALUE: 0x0000 ADDR: 0x3d50
INUM:      442 PC: 0x0018 REG: 0 VALUE: 0x002c
INUM:      443 PC: 0x001a REG: 3 VALUE: 0xfd40
INUM:      444 PC: 0x001c REG: 4 VALUE: 0x3d40
INUM:      445 PC: 0x001e REG: 5 VALUE: 0x0000
INUM:      446 PC: 0x0020 REG: 6 VALUE: 0x0014
INUM:      447 PC: 0x0022 REG: 2 VALUE: 0x4000
INUM:      448 PC: 0x0024
INUM:      449 PC: 0x0026
INUM:      450 PC: 0x0014 REG: 5 VALUE: 0x0000 ADDR: 0xfd40
INUM:      451 PC: 0x0016 REG: 6 VALUE: 0x0000 ADDR: 0x3d40
INUM:      452 PC: 0x0018 REG: 0 VALUE: 0x002d
INUM:      453 PC: 0x001a REG: 3 VALUE: 0xfd30
INUM:      454 PC: 0x001c REG: 4 VALUE: 0x3d30
INUM:      455 PC: 0x001e REG: 5 VALUE: 0x0000
INUM:      456 PC: 0x0020 REG: 6 VALUE: 0x0013
INUM:      457 PC: 0x0022 REG: 2 VALUE: 0x4000
INUM:      458 PC: 0x0024
INUM:      459 PC: 0x0026
INUM:      460 PC: 0x0014 REG: 5 VALUE: 0x0000 ADDR: 0xfd30
INUM:      461 PC: 0x0016 REG: 6 VALUE: 0x0000 ADDR: 0x3d30
INUM:      462 PC: 0x0018 REG: 0 VALUE: 0x002e
INUM:      463 PC: 0x001a REG: 3 VALUE: 0xfd20
INUM:      464 PC: 0x001c REG: 4 VALUE: 0x3d20
INUM:      465 PC: 0x001e REG: 5 VALUE: 0x0000
INUM:      466 PC: 0x0020 REG: 6 VALUE: 0x0012
INUM:      467 PC: 0x0022 REG: 2 VALUE: 0x4000
INUM:      468 PC: 0x0024
INUM:      469 PC: 0x0026
INUM:      470 PC: 0x0014 REG: 5 VALUE: 0x0000 ADDR: 0xfd20
INUM:      471 PC: 0x0016 REG: 6 VALUE: 0x0000 ADDR: 0x3d20
INUM:      472 PC: 0x0018 REG: 0 VALUE: 0x002f
INUM:      473 PC: 0x001a REG: 3 VALUE: 0xfd10
INUM:      474 PC: 0x001c REG: 4 VALUE: 0x3d10
INUM:      475 PC: 0x001e REG: 5 VALUE: 0x0000
INUM:      476 PC: 0x0020 REG: 6 VALUE: 0x0011
INUM:      477 PC: 0x0022 REG: 2 VALUE: 0x4000
INUM:      478 PC: 0x0024
INUM:      479 PC: 0x0026
INUM:      480 PC: 0x0014 REG: 5 VALUE: 0x0000 ADDR: 0xfd10
INUM:      481 PC: 0x0016 REG: 6 VALUE: 0x0000 ADDR: 0x3d10
INUM:      482 PC: 0x0018 REG: 0 VALUE: 0x0030
INUM:      483 PC: 0x001a REG: 3 VALUE: 0xfd00
INUM:      484 PC: 0x001c REG: 4 VALUE: 0x3d00
INUM:      485 PC: 0x001e REG: 5 VALUE: 0x0000
INUM:      486 PC: 0x0020 REG: 6 VALUE: 0x0010
INUM:      487 PC: 0x0022 REG: 2 VALUE: 0x4000
INUM:      488 PC: 0x0024
INUM:      489 PC: 0x0026
INUM:      490 PC: 0x0014 REG: 5 VALUE: 0x0000 ADDR: 0xfd00
INUM:      491 PC: 0x0016 REG: 6 VALUE: 0x0000 ADDR: 0x3d00
INUM:      492 PC: 0x0018 REG: 0 VALUE: 0x0031
INUM:      493 PC: 0x001a REG: 3 VALUE: 0xfcf0
INUM:      494 PC: 0x001c REG: 4 VALUE: 0x3cf0
INUM:      495 PC: 0x001e REG: 5 VALUE: 0x0000
INUM:      496 PC: 0x0020 REG: 6 VALUE: 0x000f
INUM:      497 PC: 0x0022 REG: 2 VALUE: 0x4000
INUM:      498 PC: 0x0024
INUM:      499 PC: 0x0026
INUM:      500 PC: 0x0014 REG: 5 VALUE: 0x0000 ADDR: 0xfcf0
INUM:      501 PC: 0x0016 REG: 6 VALUE: 0x0000 ADDR: 0x3cf0
INUM:      502 PC: 0x0018 REG: 0 VALUE: 0x0032
INUM:      503 PC: 0x001a REG: 3 VALUE: 0xfce0
INUM:      504 PC: 0x001c REG: 4 VALUE: 0x3ce0
INUM:      505 PC: 0x001e REG: 5 VALUE: 0x0000
INUM:      506 PC: 0x0020 REG: 6 VALUE: 0x000e
INUM:      507 PC: 0x0022 REG: 2 VALUE: 0x4000
INUM:      508 PC: 0x0024
INUM:      509 PC: 0x0026
INUM:      510 PC: 0x0014 REG: 5 VALUE: 0x0000 ADDR: 0xfce0
INUM:      511 PC: 0x0016 REG: 6 VALUE: 0x0000 ADDR: 0x3ce0
INUM:      512 PC: 0x0018 REG: 0 VALUE: 0x0033
INUM:      513 PC: 0x001a REG: 3 VALUE: 0xfcd0
INUM:      514 PC: 0x001c REG: 4 VALUE: 0x3cd0
INUM:      515 PC: 0x001e REG: 5 VALUE: 0x0000
INUM:      516 PC: 0x0020 REG: 6 VALUE: 0x000d
INUM:      517 PC: 0x0022 REG: 2 VALUE: 0x4000
INUM:      518 PC: 0x0024
INUM:      519 PC: 0x0026
INUM:      520 PC: 0x0014 REG: 5 VALUE: 0x0000 ADDR: 0xfcd0
INUM:      521 PC: 0x0016 REG: 6 VALUE: 0x0000 ADDR: 0x3cd0
INUM:      522 PC: 0x0018 REG: 0 VALUE: 0x0034
INUM:      523 PC: 0x001a REG: 3 VALUE: 0xfcc0
INUM:      524 PC: 0x001c REG: 4 VALUE: 0x3cc0
INUM:      525 PC: 0x001e REG: 5 VALUE: 0x0000
INUM:      526 PC: 0x0020 REG: 6 VALUE: 0x000c
INUM:      527 PC: 0x0022 REG: 2 VALUE: 0x4000
INUM:      528 PC: 0x0024
INUM:      529 PC: 0x0026
INUM:      530 PC: 0x0014 REG: 5 VALUE: 0x0000 ADDR: 0xfcc0
INUM:      531 PC: 0x0016 REG: 6 VALUE: 0x0000 ADDR: 0x3cc0
INUM:      532 PC: 0x0018 REG: 0 VALUE: 0x0035
INUM:      533 PC: 0x001a REG: 3 VALUE: 0xfcb0
INUM:      534 PC: 0x001c REG: 4 VALUE: 0x3cb0
INUM:      535 PC: 0x001e REG: 5 VALUE: 0x0000
INUM:      536 PC: 0x0020 REG: 6 VALUE: 0x000b
INUM:      537 PC: 0x0022 REG: 2 VALUE: 0x4000
INUM:      538 PC: 0x0024
INUM:      539 PC: 0x0026
INUM:      540 PC: 0x0014 REG: 5 VALUE: 0x0000 ADDR: 0xfcb0
INUM:      541 PC: 0x0016 REG: 6 VALUE: 0x0000 ADDR: 0x3cb0
INUM:      542 PC: 0x0018 REG: 0 VALUE: 0x0036
INUM:      543 PC: 0x001a REG: 3 VALUE: 0xfca0
INUM:      544 PC: 0x001c REG: 4 VALUE: 0x3ca0
INUM:      545 PC: 0x001e REG: 5 VALUE: 0x0000
INUM:      546 PC: 0x0020 REG: 6 VALUE: 0x000a
INUM:      547 PC: 0x0022 REG: 2 VALUE: 0x4000
INUM:      548 PC: 0x0024
INUM:      549 PC: 0x0026
INUM:      550 PC: 0x0014 REG: 5 VALUE: 0x0000 ADDR: 0xfca0
INUM:      551 PC: 0x0016 REG: 6 VALUE: 0x0000 ADDR: 0x3ca0
INUM:      552 PC: 0x0018 REG: 0 VALUE: 0x0037
INUM:      553 PC: 0x001a REG: 3 VALUE: 0xfc90
INUM:      554 PC: 0x001c REG: 4 VALUE: 0x3c90
INUM:      555 PC: 0x001e REG: 5 VALUE: 0x0000
INUM:      556 PC: 0x0020 REG: 6 VALUE: 0x0009
INUM:      557 PC: 0x0022 REG: 2 VALUE: 0x4000
INUM:      558 PC: 0x0024
INUM:      559 PC: 0x0026
INUM:      560 PC: 0x0014 REG: 5 VALUE: 0x0000 ADDR: 0xfc90
INUM:      561 PC: 0x0016 REG: 6 VALUE: 0x0000 ADDR: 0x3c90
INUM:      562 PC: 0x0018 REG: 0 VALUE: 0x0038
INUM:      563 PC: 0x001a REG: 3 VALUE: 0xfc80
INUM:      564 PC: 0x001c REG: 4 VALUE: 0x3c80
INUM:      565 PC: 0x001e REG: 5 VALUE: 0x0000
INUM:      566 PC: 0x0020 REG: 6 VALUE: 0x0008
INUM:      567 PC: 0x0022 REG: 2 VALUE: 0x4000
INUM:      568 PC: 0x0024
INUM:      569 PC: 0x0026
INUM:      570 PC: 0x0014 REG: 5 VALUE: 0x0000 ADDR: 0xfc80
INUM:      571 PC: 0x0016 REG: 6 VALUE: 0x0000 ADDR: 0x3c80
INUM:      572 PC: 0x0018 REG: 0 VALUE: 0x0039
INUM:      573 PC: 0x001a REG: 3 VALUE: 0xfc70
INUM:      574 PC: 0x001c REG: 4 VALUE: 0x3c70
INUM:      575 PC: 0x001e REG: 5 VALUE: 0x0000
INUM:      576 PC: 0x0020 REG: 6 VALUE: 0x0007
INUM:      577 PC: 0x0022 REG: 2 VALUE: 0x4000
INUM:      578 PC: 0x0024
INUM:      579 PC: 0x0026
INUM:      580 PC: 0x0014 REG: 5 VALUE: 0x0000 ADDR: 0xfc70
INUM:      581 PC: 0x0016 REG: 6 VALUE: 0x0000 ADDR: 0x3c70
INUM:      582 PC: 0x0018 REG: 0 VALUE: 0x003a
INUM:      583 PC: 0x001a REG: 3 VALUE: 0xfc60
INUM:      584 PC: 0x001c REG: 4 VALUE: 0x3c60
INUM:      585 PC: 0x001e REG: 5 VALUE: 0x0000
INUM:      586 PC: 0x0020 REG: 6 VALUE: 0x0006
INUM:      587 PC: 0x0022 REG: 2 VALUE: 0x4000
INUM:      588 PC: 0x0024
INUM:      589 PC: 0x0026
INUM:      590 PC: 0x0014 REG: 5 VALUE: 0x0000 ADDR: 0xfc60
INUM:      591 PC: 0x0016 REG: 6 VALUE: 0x0000 ADDR: 0x3c60
INUM:      592 PC: 0x0018 REG: 0 VALUE: 0x003b
INUM:      593 PC: 0x001a REG: 3 VALUE: 0xfc50
INUM:      594 PC: 0x001c REG: 4 VALUE: 0x3c50
INUM:      595 PC: 0x001e REG: 5 VALUE: 0x0000
INUM:      596 PC: 0x0020 REG: 6 VALUE: 0x0005
INUM:      597 PC: 0x0022 REG: 2 VALUE: 0x4000
INUM:      598 PC: 0x0024
INUM:      599 PC: 0x0026
INUM:      600 PC: 0x0014 REG: 5 VALUE: 0x0000 ADDR: 0xfc50
INUM:      601 PC: 0x0016 REG: 6 VALUE: 0x0000 ADDR: 0x3c50
INUM:      602 PC: 0x0018 REG: 0 VALUE: 0x003c
INUM:      603 PC: 0x001a REG: 3 VALUE: 0xfc40
INUM:      604 PC: 0x001c REG: 4 VALUE: 0x3c40
INUM:      605 PC: 0x001e REG: 5 VALUE: 0x0000
INUM:      606 PC: 0x0020 REG: 6 VALUE: 0x0004
INUM:      607 PC: 0x0022 REG: 2 VALUE: 0x4000
INUM:      608 PC: 0x0024
INUM:      609 PC: 0x0026
INUM:      610 PC: 0x0014 REG: 5 VALUE: 0x0000 ADDR: 0xfc40
INUM:      611 PC: 0x0016 REG: 6 VALUE: 0x0000 ADDR: 0x3c40
INUM:      612 PC: 0x0018 REG: 0 VALUE: 0x003d
INUM:      613 PC: 0x001a REG: 3 VALUE: 0xfc30
INUM:      614 PC: 0x001c REG: 4 VALUE: 0x3c30
INUM:      615 PC: 0x001e REG: 5 VALUE: 0x0000
INUM:      616 PC: 0x0020 REG: 6 VALUE: 0x0003
INUM:      617 PC: 0x0022 REG: 2 VALUE: 0x4000
INUM:      618 PC: 0x0024
INUM:      619 PC: 0x0026
INUM:      620 PC: 0x0014 REG: 5 VALUE: 0x0000 ADDR: 0xfc30
INUM:      621 PC: 0x0016 REG: 6 VALUE: 0x0000 ADDR: 0x3c30
INUM:      622 PC: 0x0018 REG: 0 VALUE: 0x003e
INUM:      623 PC: 0x001a REG: 3 VALUE: 0xfc20
INUM:      624 PC: 0x001c REG: 4 VALUE: 0x3c20
INUM:      625 PC: 0x001e REG: 5 VALUE: 0x0000
INUM:      626 PC: 0x0020 REG: 6 VALUE: 0x0002
INUM:      627 PC: 0x0022 REG: 2 VALUE: 0x4000
INUM:      628 PC: 0x0024
INUM:      629 PC: 0x0026
INUM:      630 PC: 0x0014 REG: 5 VALUE: 0x0000 ADDR: 0xfc20
INUM:      631 PC: 0x0016 REG: 6 VALUE: 0x0000 ADDR: 0x3c20
INUM:      632 PC: 0x0018 REG: 0 VALUE: 0x003f
INUM:      633 PC: 0x001a REG: 3 VALUE: 0xfc10
INUM:      634 PC: 0x001c REG: 4 VALUE: 0x3c10
INUM:      635 PC: 0x001e REG: 5 VALUE: 0x0000
INUM:      636 PC: 0x0020 REG: 6 VALUE: 0x0001
INUM:      637 PC: 0x0022 REG: 2 VALUE: 0x4000
INUM:      638 PC: 0x0024
INUM:      639 PC: 0x0026
INUM:      640 PC: 0x0014 REG: 5 VALUE: 0x0000 ADDR: 0xfc10
INUM:      641 PC: 0x0016 REG: 6 VALUE: 0x0000 ADDR: 0x3c10
INUM:      642 PC: 0x0018 REG: 0 VALUE: 0x0040
INUM:      643 PC: 0x001a REG: 3 VALUE: 0xfc00
INUM:      644 PC: 0x001c REG: 4 VALUE: 0x3c00
INUM:      645 PC: 0x001e REG: 5 VALUE: 0x0000
INUM:      646 PC: 0x0020 REG: 6 VALUE: 0x0000
INUM:      647 PC: 0x0022 REG: 2 VALUE: 0x4000
INUM:      648 PC: 0x0024
INUM:      649 PC: 0x0028
