#! /usr/bin/vvp
:ivl_version "0.9.2 " "(v0_9_2)";
:vpi_time_precision - 9;
:vpi_module "system";
:vpi_module "v2005_math";
:vpi_module "va_math";
S_0x8bc38a8 .scope module, "tb_memory" "tb_memory" 2 5;
 .timescale -9 -9;
v0x8bce5a8_0 .net *"_s0", 15 0, C4<0000000000000010>; 1 drivers
v0x8bce608_0 .net "clk", 0 0, v0x8bce430_0; 1 drivers
v0x8bce658_0 .var/i "cycle_count", 31 0;
v0x8bce6b8_0 .net "err", 0 0, C4<z>; 0 drivers
v0x8bce708_0 .net "read1data", 15 0, L_0x8bcf210; 1 drivers
v0x8bce758_0 .var "read1regsel", 2 0;
v0x8bce7c8_0 .var "read2regsel", 2 0;
v0x8bce818_0 .var "ref_r1data", 15 0;
v0x8bce890_0 .var "ref_r2data", 15 0;
v0x8bce8f0 .array "ref_rf", 0 7, 15 0;
v0x8bce940_0 .net "rst", 0 0, v0x8bce520_0; 1 drivers
v0x8bce990_0 .var "write", 0 0;
v0x8bcea50_0 .var "writedata", 15 0;
v0x8bcead8_0 .var "writeregsel", 2 0;
L_0x8bcf2e0 .arith/mult 16, v0x8bcead8_0, C4<0000000000000010>;
S_0x8bce3b0 .scope module, "clk0" "clkrst" 2 30, 3 12, S_0x8bc38a8;
 .timescale 0 0;
v0x8bce430_0 .var "clk", 0 0;
v0x8bce480_0 .var/i "cycle_count", 31 0;
v0x8bce4d0_0 .alias "err", 0 0, v0x8bce6b8_0;
v0x8bce520_0 .var "rst", 0 0;
S_0x8bc3d88 .scope module, "DUT" "memory" 2 34, 4 1, S_0x8bc38a8;
 .timescale 0 0;
L_0x8bcf210 .functor AND 16, L_0x8bcefc0, L_0x8bcf178, C4<1111111111111111>, C4<1111111111111111>;
v0x8bce030_0 .net "Addr", 15 0, L_0x8bcf2e0; 1 drivers
v0x8bce090_0 .alias "Clk", 0 0, v0x8bce608_0;
v0x8bce100_0 .net "Data", 15 0, v0x8bcea50_0; 1 drivers
v0x8bce170_0 .net "MemRead", 0 0, C4<1>; 1 drivers
v0x8bce1c0_0 .net "MemWrite", 0 0, v0x8bce990_0; 1 drivers
v0x8bce230_0 .alias "ReadData", 15 0, v0x8bce708_0;
v0x8bce2a0_0 .alias "Rst", 0 0, v0x8bce940_0;
v0x8bce310_0 .net *"_s4", 15 0, L_0x8bcf178; 1 drivers
v0x8bce360_0 .net "readTemp", 15 0, L_0x8bcefc0; 1 drivers
LS_0x8bcf178_0_0 .concat [ 1 1 1 1], C4<1>, C4<1>, C4<1>, C4<1>;
LS_0x8bcf178_0_4 .concat [ 1 1 1 1], C4<1>, C4<1>, C4<1>, C4<1>;
LS_0x8bcf178_0_8 .concat [ 1 1 1 1], C4<1>, C4<1>, C4<1>, C4<1>;
LS_0x8bcf178_0_12 .concat [ 1 1 1 1], C4<1>, C4<1>, C4<1>, C4<1>;
L_0x8bcf178 .concat [ 4 4 4 4], LS_0x8bcf178_0_0, LS_0x8bcf178_0_4, LS_0x8bcf178_0_8, LS_0x8bcf178_0_12;
S_0x8bade08 .scope module, "memory0" "memory2c" 4 9, 5 35, S_0x8bc3d88;
 .timescale 0 0;
L_0x8bce9e0 .functor NOT 1, v0x8bce990_0, C4<0>, C4<0>, C4<0>;
L_0x8bceb48 .functor AND 1, C4<1>, L_0x8bce9e0, C4<1>, C4<1>;
v0x8bb1088_0 .net *"_s0", 0 0, L_0x8bce9e0; 1 drivers
v0x8bcd698_0 .net *"_s12", 7 0, C4<00000000>; 1 drivers
v0x8bcd6f8_0 .net *"_s13", 15 0, L_0x8bcece0; 1 drivers
v0x8bcd758_0 .net *"_s14", 15 0, L_0x8bcede8; 1 drivers
v0x8bcd7c0_0 .net *"_s16", 15 0, L_0x8bceed8; 1 drivers
v0x8bcd820_0 .net *"_s18", 15 0, C4<0000000000000000>; 1 drivers
v0x8bcd8a0_0 .net *"_s2", 0 0, L_0x8bceb48; 1 drivers
v0x8bcd900_0 .net *"_s4", 7 0, L_0x8bcebc8; 1 drivers
v0x8bcd988_0 .net *"_s6", 7 0, L_0x8bcec50; 1 drivers
v0x8bcd9e8_0 .net *"_s8", 7 0, C4<00000001>; 1 drivers
v0x8bcda78_0 .alias "addr", 15 0, v0x8bce030_0;
v0x8bcdad8_0 .alias "clk", 0 0, v0x8bce608_0;
v0x8bcdb70_0 .net "createdump", 0 0, C4<0>; 1 drivers
v0x8bcdbd0_0 .alias "data_in", 15 0, v0x8bce100_0;
v0x8bcdc70_0 .alias "data_out", 15 0, v0x8bce360_0;
v0x8bcdcd0_0 .net "enable", 0 0, C4<1>; 1 drivers
v0x8bcdd78_0 .var/i "i", 31 0;
v0x8bcddd8_0 .var "largest", 16 0;
v0x8bcde78_0 .var "loaded", 0 0;
v0x8bcded8_0 .var/i "mcd", 31 0;
v0x8bcde28 .array "mem", 65535 0, 7 0;
v0x8bcdf80_0 .alias "rst", 0 0, v0x8bce940_0;
v0x8bcdf28_0 .alias "wr", 0 0, v0x8bce1c0_0;
E_0x8badc90 .event posedge, v0x8bcdad8_0;
L_0x8bcebc8 .array/port v0x8bcde28, L_0x8bcf2e0;
L_0x8bcec50 .array/port v0x8bcde28, L_0x8bcede8;
L_0x8bcece0 .concat [ 8 8 0 0], C4<00000001>, C4<00000000>;
L_0x8bcede8 .arith/sum 16, L_0x8bcf2e0, L_0x8bcece0;
L_0x8bceed8 .concat [ 8 8 0 0], L_0x8bcec50, L_0x8bcebc8;
L_0x8bcefc0 .functor MUXZ 16, C4<0000000000000000>, L_0x8bceed8, L_0x8bceb48, C4<>;
    .scope S_0x8bce3b0;
T_0 ;
    %vpi_call 3 23 "$dumpvars";
    %set/v v0x8bce480_0, 0, 32;
    %set/v v0x8bce520_0, 1, 1;
    %set/v v0x8bce430_0, 1, 1;
    %delay 3431504384, 46;
    %set/v v0x8bce520_0, 0, 1;
    %end;
    .thread T_0;
    .scope S_0x8bce3b0;
T_1 ;
    %delay 2755359744, 11;
    %load/v 8, v0x8bce430_0, 1;
    %inv 8, 1;
    %set/v v0x8bce430_0, 8, 1;
    %load/v 8, v0x8bce430_0, 1;
    %load/v 9, v0x8bce4d0_0, 1;
    %and 8, 9, 1;
    %jmp/0xz  T_1.0, 8;
    %vpi_call 3 33 "$display", "Error signal asserted";
    %vpi_call 3 34 "$stop";
T_1.0 ;
    %jmp T_1;
    .thread T_1;
    .scope S_0x8bce3b0;
T_2 ;
    %wait E_0x8badc90;
    %load/v 8, v0x8bce480_0, 32;
    %mov 40, 39, 1;
   %addi 8, 1, 33;
    %set/v v0x8bce480_0, 8, 32;
    %movi 8, 100000, 32;
    %load/v 40, v0x8bce480_0, 32;
    %cmp/s 8, 40, 32;
    %jmp/0xz  T_2.0, 5;
    %vpi_call 3 40 "$display", "hmm....more than 100000 cycles of simulation...error?\012";
    %vpi_call 3 41 "$finish";
T_2.0 ;
    %jmp T_2;
    .thread T_2;
    .scope S_0x8bade08;
T_3 ;
    %set/v v0x8bcde78_0, 0, 1;
    %set/v v0x8bcddd8_0, 0, 17;
    %set/v v0x8bcdd78_0, 0, 32;
T_3.0 ;
    %load/v 8, v0x8bcdd78_0, 32;
    %movi 40, 65536, 32;
    %cmp/s 8, 40, 32;
    %jmp/0xz T_3.1, 5;
    %ix/getv/s 3, v0x8bcdd78_0;
   %jmp/1 t_0, 4;
   %ix/load 1, 0, 0;
   %set/av v0x8bcde28, 0, 8;
t_0 ;
    %ix/load 0, 1, 0;
    %load/vp0/s 8, v0x8bcdd78_0, 32;
    %set/v v0x8bcdd78_0, 8, 32;
    %jmp T_3.0;
T_3.1 ;
    %end;
    .thread T_3;
    .scope S_0x8bade08;
T_4 ;
    %wait E_0x8badc90;
    %load/v 8, v0x8bcdf80_0, 1;
    %jmp/0xz  T_4.0, 8;
    %load/v 8, v0x8bcde78_0, 1;
    %inv 8, 1;
    %jmp/0xz  T_4.2, 8;
    %set/v v0x8bcde78_0, 1, 1;
T_4.2 ;
    %jmp T_4.1;
T_4.0 ;
    %load/v 8, v0x8bcdcd0_0, 1;
    %load/v 9, v0x8bcdf28_0, 1;
    %and 8, 9, 1;
    %jmp/0xz  T_4.4, 8;
    %ix/load 1, 8, 0;
    %mov 4, 0, 1;
    %jmp/1 T_4.6, 4;
    %load/x1p 8, v0x8bcdbd0_0, 8;
    %jmp T_4.7;
T_4.6 ;
    %mov 8, 2, 8;
T_4.7 ;
; Save base=8 wid=8 in lookaside.
    %ix/getv 3, v0x8bcda78_0;
   %jmp/1 t_1, 4;
   %ix/load 1, 0, 0;
   %set/av v0x8bcde28, 8, 8;
t_1 ;
    %load/v 8, v0x8bcdbd0_0, 8; Only need 8 of 16 bits
; Save base=8 wid=8 in lookaside.
    %ix/load 0, 1, 0;
    %load/vp0 16, v0x8bcda78_0, 32;
    %ix/get 3, 16, 32;
   %jmp/1 t_2, 4;
   %ix/load 1, 0, 0;
   %set/av v0x8bcde28, 8, 8;
t_2 ;
    %load/v 8, v0x8bcddd8_0, 17;
    %load/v 25, v0x8bcda78_0, 16;
    %mov 41, 0, 1;
    %cmp/u 8, 25, 17;
    %jmp/0xz  T_4.8, 5;
    %load/v 8, v0x8bcda78_0, 16;
    %mov 24, 0, 1;
    %set/v v0x8bcddd8_0, 8, 17;
T_4.8 ;
T_4.4 ;
    %load/v 8, v0x8bcdb70_0, 1;
    %jmp/0xz  T_4.10, 8;
    %vpi_func 5 82 "$fopen", 8, 32, "dumpfile", "w";
    %set/v v0x8bcded8_0, 8, 32;
    %set/v v0x8bcdd78_0, 0, 32;
T_4.12 ;
    %load/v 8, v0x8bcdd78_0, 32;
    %load/v 40, v0x8bcddd8_0, 17;
    %mov 57, 0, 15;
   %addi 40, 1, 32;
    %cmp/u 8, 40, 32;
    %or 5, 4, 1;
    %jmp/0xz T_4.13, 5;
    %vpi_call 5 84 "$fdisplay", v0x8bcded8_0, "%4h %2h", v0x8bcdd78_0, &A<v0x8bcde28, v0x8bcdd78_0 >;
    %ix/load 0, 1, 0;
    %load/vp0/s 8, v0x8bcdd78_0, 32;
    %set/v v0x8bcdd78_0, 8, 32;
    %jmp T_4.12;
T_4.13 ;
    %vpi_call 5 86 "$fclose", v0x8bcded8_0;
T_4.10 ;
T_4.1 ;
    %jmp T_4;
    .thread T_4;
    .scope S_0x8bc38a8;
T_5 ;
    %set/v v0x8bce658_0, 0, 32;
   %ix/load 1, 0, 0;
   %ix/load 3, 0, 0;
   %set/av v0x8bce8f0, 0, 16;
   %ix/load 1, 0, 0;
   %ix/load 3, 1, 0;
   %set/av v0x8bce8f0, 0, 16;
   %ix/load 1, 0, 0;
   %ix/load 3, 2, 0;
   %set/av v0x8bce8f0, 0, 16;
   %ix/load 1, 0, 0;
   %ix/load 3, 3, 0;
   %set/av v0x8bce8f0, 0, 16;
   %ix/load 1, 0, 0;
   %ix/load 3, 4, 0;
   %set/av v0x8bce8f0, 0, 16;
   %ix/load 1, 0, 0;
   %ix/load 3, 5, 0;
   %set/av v0x8bce8f0, 0, 16;
   %ix/load 1, 0, 0;
   %ix/load 3, 6, 0;
   %set/av v0x8bce8f0, 0, 16;
   %ix/load 1, 0, 0;
   %ix/load 3, 7, 0;
   %set/av v0x8bce8f0, 0, 16;
    %set/v v0x8bce818_0, 0, 16;
    %set/v v0x8bce890_0, 0, 16;
    %set/v v0x8bce990_0, 0, 1;
    %vpi_call 2 55 "$dumpvars";
    %vpi_call 2 56 "$display", "Simulation 1000 cycles";
    %end;
    .thread T_5;
    .scope S_0x8bc38a8;
T_6 ;
    %wait E_0x8badc90;
    %vpi_func 2 65 "$random", 8, 32;
    %movi 40, 65536, 32;
    %mod/s 8, 40, 32;
    %set/v v0x8bcea50_0, 8, 16;
    %vpi_func 2 69 "$random", 8, 32;
    %movi 40, 8, 32;
    %mod/s 8, 40, 32;
    %set/v v0x8bcead8_0, 8, 3;
    %vpi_func 2 72 "$random", 8, 32;
    %movi 40, 2, 32;
    %mod/s 8, 40, 32;
    %set/v v0x8bce990_0, 8, 1;
    %ix/getv 3, v0x8bcead8_0;
    %load/av 8, v0x8bce8f0, 16;
    %set/v v0x8bce818_0, 8, 16;
    %ix/getv 3, v0x8bce7c8_0;
    %load/av 8, v0x8bce8f0, 16;
    %set/v v0x8bce890_0, 8, 16;
    %movi 8, 2, 32;
    %load/v 40, v0x8bce658_0, 32;
    %cmp/s 8, 40, 32;
    %or 5, 4, 1;
    %mov 8, 5, 1;
    %load/v 9, v0x8bce990_0, 1;
    %and 8, 9, 1;
    %jmp/0xz  T_6.0, 8;
    %load/v 8, v0x8bcea50_0, 16;
    %ix/getv 3, v0x8bcead8_0;
   %jmp/1 t_3, 4;
   %ix/load 1, 0, 0;
   %set/av v0x8bce8f0, 8, 16;
t_3 ;
T_6.0 ;
    %delay 10, 0;
    %load/v 8, v0x8bce990_0, 1;
    %jmp/0xz  T_6.2, 8;
    %vpi_call 2 87 "$display", "Rd: %d Data: %d", v0x8bcead8_0, v0x8bcea50_0;
    %jmp T_6.3;
T_6.2 ;
    %vpi_call 2 92 "$display", "R1: %d Sim: %d Exp: %d", v0x8bcead8_0, v0x8bce708_0, v0x8bce818_0;
T_6.3 ;
    %load/v 8, v0x8bce990_0, 1;
    %inv 8, 1;
    %load/v 9, v0x8bce940_0, 1;
    %inv 9, 1;
    %and 8, 9, 1;
    %load/v 9, v0x8bce818_0, 16;
    %load/v 25, v0x8bce708_0, 16;
    %cmp/u 9, 25, 16;
    %inv 4, 1;
    %mov 9, 4, 1;
    %and 8, 9, 1;
    %jmp/0xz  T_6.4, 8;
    %vpi_call 2 98 "$display", "ERROR reading from R%d", v0x8bcead8_0;
    %vpi_call 2 99 "$display", "Err: %d", v0x8bce6b8_0;
T_6.4 ;
    %load/v 8, v0x8bce940_0, 1;
    %inv 8, 1;
    %load/v 9, v0x8bce758_0, 3;
    %load/v 12, v0x8bcead8_0, 3;
    %cmp/u 9, 12, 3;
    %mov 9, 4, 1;
    %and 8, 9, 1;
    %load/v 9, v0x8bce990_0, 1;
    %and 8, 9, 1;
    %jmp/0xz  T_6.6, 8;
    %vpi_call 2 105 "$display", "Eventlog: Read/write of same port";
T_6.6 ;
    %load/v 8, v0x8bce658_0, 32;
    %mov 40, 39, 1;
   %addi 8, 1, 33;
    %set/v v0x8bce658_0, 8, 32;
    %movi 8, 50, 32;
    %load/v 40, v0x8bce658_0, 32;
    %cmp/s 8, 40, 32;
    %jmp/0xz  T_6.8, 5;
    %vpi_call 2 110 "$finish";
T_6.8 ;
    %jmp T_6;
    .thread T_6;
# The file index is used to find the file name in the following table.
:file_names 6;
    "N/A";
    "<interactive>";
    "tb_memory.v";
    "clkrst.v";
    "memory.v";
    "memory2c.v";
