INUM:        0 PC: 0x0000
INUM:        1 PC: 0x0002
INUM:        2 PC: 0x0004
INUM:        3 PC: 0x0006
INUM:        4 PC: 0x0008
INUM:        5 PC: 0x000a
INUM:        6 PC: 0x000c
INUM:        7 PC: 0x000e
INUM:        8 PC: 0x0010
INUM:        9 PC: 0x0012
INUM:       10 PC: 0x0014
INUM:       11 PC: 0x0016
INUM:       12 PC: 0x0018
INUM:       13 PC: 0x001a
INUM:       14 PC: 0x001c
INUM:       15 PC: 0x001e
INUM:       16 PC: 0x0020
INUM:       17 PC: 0x0022
INUM:       18 PC: 0x0024
INUM:       19 PC: 0x0026
INUM:       20 PC: 0x0028
INUM:       21 PC: 0x002a
INUM:       22 PC: 0x002c
INUM:       23 PC: 0x002e
INUM:       24 PC: 0x0030
INUM:       25 PC: 0x0032
INUM:       26 PC: 0x0034
INUM:       27 PC: 0x0036
INUM:       28 PC: 0x0038
INUM:       29 PC: 0x003a
INUM:       30 PC: 0x003c
INUM:       31 PC: 0x003e
INUM:       32 PC: 0x0040
INUM:       33 PC: 0x0042
INUM:       34 PC: 0x0044
INUM:       35 PC: 0x0046
INUM:       36 PC: 0x0048
INUM:       37 PC: 0x004a
INUM:       38 PC: 0x004c
INUM:       39 PC: 0x004e
INUM:       40 PC: 0x0050
INUM:       41 PC: 0x0052
INUM:       42 PC: 0x0054
INUM:       43 PC: 0x0056
INUM:       44 PC: 0x0058
INUM:       45 PC: 0x005a
INUM:       46 PC: 0x005c
INUM:       47 PC: 0x005e
INUM:       48 PC: 0x0060
INUM:       49 PC: 0x0062
INUM:       50 PC: 0x0064
INUM:       51 PC: 0x0066
INUM:       52 PC: 0x0068
INUM:       53 PC: 0x006a
INUM:       54 PC: 0x006c
INUM:       55 PC: 0x006e
INUM:       56 PC: 0x0070
INUM:       57 PC: 0x0072
INUM:       58 PC: 0x0074
INUM:       59 PC: 0x0076
INUM:       60 PC: 0x0078
INUM:       61 PC: 0x007a
INUM:       62 PC: 0x007c
INUM:       63 PC: 0x007e
INUM:       64 PC: 0x0080
INUM:       65 PC: 0x0082
INUM:       66 PC: 0x0084
INUM:       67 PC: 0x0086
INUM:       68 PC: 0x0088
INUM:       69 PC: 0x008a
INUM:       70 PC: 0x008c
INUM:       71 PC: 0x008e
INUM:       72 PC: 0x0090
INUM:       73 PC: 0x0092
INUM:       74 PC: 0x0094
INUM:       75 PC: 0x0096
INUM:       76 PC: 0x0098
INUM:       77 PC: 0x009a
INUM:       78 PC: 0x009c
INUM:       79 PC: 0x009e
INUM:       80 PC: 0x00a0
INUM:       81 PC: 0x00a2
INUM:       82 PC: 0x00a4
INUM:       83 PC: 0x00a6
INUM:       84 PC: 0x00a8
INUM:       85 PC: 0x00aa
INUM:       86 PC: 0x00ac
INUM:       87 PC: 0x00ae
INUM:       88 PC: 0x00b0
INUM:       89 PC: 0x00b2
INUM:       90 PC: 0x00b4
INUM:       91 PC: 0x00b6
INUM:       92 PC: 0x00b8
INUM:       93 PC: 0x00ba
INUM:       94 PC: 0x00bc
INUM:       95 PC: 0x00be
INUM:       96 PC: 0x00c0
INUM:       97 PC: 0x00c2
INUM:       98 PC: 0x00c4
INUM:       99 PC: 0x00c6
INUM:      100 PC: 0x00c8
INUM:      101 PC: 0x00ca
INUM:      102 PC: 0x00cc
INUM:      103 PC: 0x00ce
INUM:      104 PC: 0x00d0
INUM:      105 PC: 0x00d2
INUM:      106 PC: 0x00d4
INUM:      107 PC: 0x00d6
INUM:      108 PC: 0x00d8
INUM:      109 PC: 0x00da
INUM:      110 PC: 0x00dc
INUM:      111 PC: 0x00de
INUM:      112 PC: 0x00e0
INUM:      113 PC: 0x00e2
INUM:      114 PC: 0x00e4
INUM:      115 PC: 0x00e6
INUM:      116 PC: 0x00e8
INUM:      117 PC: 0x00ea
INUM:      118 PC: 0x00ec
INUM:      119 PC: 0x00ee
INUM:      120 PC: 0x00f0
INUM:      121 PC: 0x00f2
INUM:      122 PC: 0x00f4
INUM:      123 PC: 0x00f6
INUM:      124 PC: 0x00f8
INUM:      125 PC: 0x00fa
INUM:      126 PC: 0x00fc
INUM:      127 PC: 0x00fe
INUM:      128 PC: 0x0100
INUM:      129 PC: 0x0102
INUM:      130 PC: 0x0104
INUM:      131 PC: 0x0106
INUM:      132 PC: 0x0108
INUM:      133 PC: 0x010a
INUM:      134 PC: 0x010c
INUM:      135 PC: 0x010e
INUM:      136 PC: 0x0110
INUM:      137 PC: 0x0112
INUM:      138 PC: 0x0114
INUM:      139 PC: 0x0116
INUM:      140 PC: 0x0118
INUM:      141 PC: 0x011a
INUM:      142 PC: 0x011c
INUM:      143 PC: 0x011e
INUM:      144 PC: 0x0120
INUM:      145 PC: 0x0122
INUM:      146 PC: 0x0124
INUM:      147 PC: 0x0126
INUM:      148 PC: 0x0128
INUM:      149 PC: 0x012a
INUM:      150 PC: 0x012c
INUM:      151 PC: 0x012e
INUM:      152 PC: 0x0130
INUM:      153 PC: 0x0132
INUM:      154 PC: 0x0134
INUM:      155 PC: 0x0136
INUM:      156 PC: 0x0138
INUM:      157 PC: 0x013a
INUM:      158 PC: 0x013c
INUM:      159 PC: 0x013e
INUM:      160 PC: 0x0140
INUM:      161 PC: 0x0142
INUM:      162 PC: 0x0144
INUM:      163 PC: 0x0146
INUM:      164 PC: 0x0148
INUM:      165 PC: 0x014a
INUM:      166 PC: 0x014c
INUM:      167 PC: 0x014e
INUM:      168 PC: 0x0150
INUM:      169 PC: 0x0152
INUM:      170 PC: 0x0154
INUM:      171 PC: 0x0156
INUM:      172 PC: 0x0158
INUM:      173 PC: 0x015a
INUM:      174 PC: 0x015c
INUM:      175 PC: 0x015e
INUM:      176 PC: 0x0160
INUM:      177 PC: 0x0162
INUM:      178 PC: 0x0164
INUM:      179 PC: 0x0166
INUM:      180 PC: 0x0168
INUM:      181 PC: 0x016a
INUM:      182 PC: 0x016c
INUM:      183 PC: 0x016e
INUM:      184 PC: 0x0170
INUM:      185 PC: 0x0172
INUM:      186 PC: 0x0174
INUM:      187 PC: 0x0176
INUM:      188 PC: 0x0178
INUM:      189 PC: 0x017a
INUM:      190 PC: 0x017c
INUM:      191 PC: 0x017e
INUM:      192 PC: 0x0180
INUM:      193 PC: 0x0182
INUM:      194 PC: 0x0184
INUM:      195 PC: 0x0186
INUM:      196 PC: 0x0188
INUM:      197 PC: 0x018a
INUM:      198 PC: 0x018c
INUM:      199 PC: 0x018e
INUM:      200 PC: 0x0190
INUM:      201 PC: 0x0192
INUM:      202 PC: 0x0194
INUM:      203 PC: 0x0196
INUM:      204 PC: 0x0198
INUM:      205 PC: 0x019a
INUM:      206 PC: 0x019c
INUM:      207 PC: 0x019e
INUM:      208 PC: 0x01a0
INUM:      209 PC: 0x01a2
INUM:      210 PC: 0x01a4
INUM:      211 PC: 0x01a6
INUM:      212 PC: 0x01a8
INUM:      213 PC: 0x01aa
INUM:      214 PC: 0x01ac
INUM:      215 PC: 0x01ae
INUM:      216 PC: 0x01b0
INUM:      217 PC: 0x01b2
INUM:      218 PC: 0x01b4
INUM:      219 PC: 0x01b6
INUM:      220 PC: 0x01b8
INUM:      221 PC: 0x01ba
INUM:      222 PC: 0x01bc
INUM:      223 PC: 0x01be
INUM:      224 PC: 0x01c0
INUM:      225 PC: 0x01c2
INUM:      226 PC: 0x01c4
INUM:      227 PC: 0x01c6
INUM:      228 PC: 0x01c8
INUM:      229 PC: 0x01ca
INUM:      230 PC: 0x01cc
INUM:      231 PC: 0x01ce
INUM:      232 PC: 0x01d0
INUM:      233 PC: 0x01d2
INUM:      234 PC: 0x01d4
INUM:      235 PC: 0x01d6
INUM:      236 PC: 0x01d8
INUM:      237 PC: 0x01da
INUM:      238 PC: 0x01dc
INUM:      239 PC: 0x01de
INUM:      240 PC: 0x01e0
INUM:      241 PC: 0x01e2
INUM:      242 PC: 0x01e4
INUM:      243 PC: 0x01e6
INUM:      244 PC: 0x01e8
INUM:      245 PC: 0x01ea
INUM:      246 PC: 0x01ec
INUM:      247 PC: 0x01ee
INUM:      248 PC: 0x01f0
INUM:      249 PC: 0x01f2
INUM:      250 PC: 0x01f4
INUM:      251 PC: 0x01f6
INUM:      252 PC: 0x01f8
INUM:      253 PC: 0x01fa
INUM:      254 PC: 0x01fc
INUM:      255 PC: 0x01fe
INUM:      256 PC: 0x0200
INUM:      257 PC: 0x0202
INUM:      258 PC: 0x0204
INUM:      259 PC: 0x0206
INUM:      260 PC: 0x0208
INUM:      261 PC: 0x020a
INUM:      262 PC: 0x020c
INUM:      263 PC: 0x020e
INUM:      264 PC: 0x0210
INUM:      265 PC: 0x0212
INUM:      266 PC: 0x0214
INUM:      267 PC: 0x0216
INUM:      268 PC: 0x0218
INUM:      269 PC: 0x021a
INUM:      270 PC: 0x021c
INUM:      271 PC: 0x021e
INUM:      272 PC: 0x0220
INUM:      273 PC: 0x0222
INUM:      274 PC: 0x0224
INUM:      275 PC: 0x0226
INUM:      276 PC: 0x0228
INUM:      277 PC: 0x022a
INUM:      278 PC: 0x022c
INUM:      279 PC: 0x022e
INUM:      280 PC: 0x0230
INUM:      281 PC: 0x0232
INUM:      282 PC: 0x0234
INUM:      283 PC: 0x0236
INUM:      284 PC: 0x0238
INUM:      285 PC: 0x023a
INUM:      286 PC: 0x023c
INUM:      287 PC: 0x023e
INUM:      288 PC: 0x0240
INUM:      289 PC: 0x0242
INUM:      290 PC: 0x0244
INUM:      291 PC: 0x0246
INUM:      292 PC: 0x0248
INUM:      293 PC: 0x024a
INUM:      294 PC: 0x024c
INUM:      295 PC: 0x024e
INUM:      296 PC: 0x0250
INUM:      297 PC: 0x0252
INUM:      298 PC: 0x0254
INUM:      299 PC: 0x0256
INUM:      300 PC: 0x0258
INUM:      301 PC: 0x025a
INUM:      302 PC: 0x025c
INUM:      303 PC: 0x025e
INUM:      304 PC: 0x0260
INUM:      305 PC: 0x0262
INUM:      306 PC: 0x0264
INUM:      307 PC: 0x0266
INUM:      308 PC: 0x0268
INUM:      309 PC: 0x026a
INUM:      310 PC: 0x026c
INUM:      311 PC: 0x026e
INUM:      312 PC: 0x0270
INUM:      313 PC: 0x0272
INUM:      314 PC: 0x0274
INUM:      315 PC: 0x0276
INUM:      316 PC: 0x0278
INUM:      317 PC: 0x027a
INUM:      318 PC: 0x027c
INUM:      319 PC: 0x027e
INUM:      320 PC: 0x0280
INUM:      321 PC: 0x0282
INUM:      322 PC: 0x0284
INUM:      323 PC: 0x0286
INUM:      324 PC: 0x0288
INUM:      325 PC: 0x028a
INUM:      326 PC: 0x028c
INUM:      327 PC: 0x028e
INUM:      328 PC: 0x0290
INUM:      329 PC: 0x0292
INUM:      330 PC: 0x0294
INUM:      331 PC: 0x0296
INUM:      332 PC: 0x0298
INUM:      333 PC: 0x029a
INUM:      334 PC: 0x029c
INUM:      335 PC: 0x029e
INUM:      336 PC: 0x02a0
INUM:      337 PC: 0x02a2
INUM:      338 PC: 0x02a4
INUM:      339 PC: 0x02a6
INUM:      340 PC: 0x02a8
INUM:      341 PC: 0x02aa
INUM:      342 PC: 0x02ac
INUM:      343 PC: 0x02ae
INUM:      344 PC: 0x02b0
INUM:      345 PC: 0x02b2
INUM:      346 PC: 0x02b4
INUM:      347 PC: 0x02b6
INUM:      348 PC: 0x02b8
INUM:      349 PC: 0x02ba
INUM:      350 PC: 0x02bc
INUM:      351 PC: 0x02be
INUM:      352 PC: 0x02c0
INUM:      353 PC: 0x02c2
INUM:      354 PC: 0x02c4
INUM:      355 PC: 0x02c6
INUM:      356 PC: 0x02c8
INUM:      357 PC: 0x02ca
INUM:      358 PC: 0x02cc
INUM:      359 PC: 0x02ce
INUM:      360 PC: 0x02d0
INUM:      361 PC: 0x02d2
INUM:      362 PC: 0x02d4
INUM:      363 PC: 0x02d6
INUM:      364 PC: 0x02d8
INUM:      365 PC: 0x02da
INUM:      366 PC: 0x02dc
INUM:      367 PC: 0x02de
INUM:      368 PC: 0x02e0
INUM:      369 PC: 0x02e2
INUM:      370 PC: 0x02e4
INUM:      371 PC: 0x02e6
INUM:      372 PC: 0x02e8
INUM:      373 PC: 0x02ea
INUM:      374 PC: 0x02ec
INUM:      375 PC: 0x02ee
INUM:      376 PC: 0x02f0
INUM:      377 PC: 0x02f2
INUM:      378 PC: 0x02f4
INUM:      379 PC: 0x02f6
INUM:      380 PC: 0x02f8
INUM:      381 PC: 0x02fa
INUM:      382 PC: 0x02fc
INUM:      383 PC: 0x02fe
INUM:      384 PC: 0x0300
INUM:      385 PC: 0x0302
INUM:      386 PC: 0x0304
INUM:      387 PC: 0x0306
INUM:      388 PC: 0x0308
INUM:      389 PC: 0x030a
INUM:      390 PC: 0x030c
INUM:      391 PC: 0x030e
INUM:      392 PC: 0x0310
INUM:      393 PC: 0x0312
INUM:      394 PC: 0x0314
INUM:      395 PC: 0x0316
INUM:      396 PC: 0x0318
INUM:      397 PC: 0x031a
INUM:      398 PC: 0x031c
INUM:      399 PC: 0x031e
INUM:      400 PC: 0x0320
INUM:      401 PC: 0x0322
INUM:      402 PC: 0x0324
INUM:      403 PC: 0x0326
INUM:      404 PC: 0x0328
INUM:      405 PC: 0x032a
INUM:      406 PC: 0x032c
INUM:      407 PC: 0x032e
INUM:      408 PC: 0x0330
INUM:      409 PC: 0x0332
INUM:      410 PC: 0x0334
INUM:      411 PC: 0x0336
INUM:      412 PC: 0x0338
INUM:      413 PC: 0x033a
INUM:      414 PC: 0x033c
INUM:      415 PC: 0x033e
INUM:      416 PC: 0x0340
INUM:      417 PC: 0x0342
INUM:      418 PC: 0x0344
INUM:      419 PC: 0x0346
INUM:      420 PC: 0x0348
INUM:      421 PC: 0x034a
INUM:      422 PC: 0x034c
INUM:      423 PC: 0x034e
INUM:      424 PC: 0x0350
INUM:      425 PC: 0x0352
INUM:      426 PC: 0x0354
INUM:      427 PC: 0x0356
INUM:      428 PC: 0x0358
INUM:      429 PC: 0x035a
INUM:      430 PC: 0x035c
INUM:      431 PC: 0x035e
INUM:      432 PC: 0x0360
INUM:      433 PC: 0x0362
INUM:      434 PC: 0x0364
INUM:      435 PC: 0x0366
INUM:      436 PC: 0x0368
INUM:      437 PC: 0x036a
INUM:      438 PC: 0x036c
INUM:      439 PC: 0x036e
INUM:      440 PC: 0x0370
INUM:      441 PC: 0x0372
INUM:      442 PC: 0x0374
INUM:      443 PC: 0x0376
INUM:      444 PC: 0x0378
INUM:      445 PC: 0x037a
INUM:      446 PC: 0x037c
INUM:      447 PC: 0x037e
INUM:      448 PC: 0x0380
INUM:      449 PC: 0x0382
INUM:      450 PC: 0x0384
INUM:      451 PC: 0x0386
INUM:      452 PC: 0x0388
INUM:      453 PC: 0x038a
INUM:      454 PC: 0x038c
INUM:      455 PC: 0x038e
INUM:      456 PC: 0x0390
INUM:      457 PC: 0x0392
INUM:      458 PC: 0x0394
INUM:      459 PC: 0x0396
INUM:      460 PC: 0x0398
INUM:      461 PC: 0x039a
INUM:      462 PC: 0x039c
INUM:      463 PC: 0x039e
INUM:      464 PC: 0x03a0
INUM:      465 PC: 0x03a2
INUM:      466 PC: 0x03a4
INUM:      467 PC: 0x03a6
INUM:      468 PC: 0x03a8
INUM:      469 PC: 0x03aa
INUM:      470 PC: 0x03ac
INUM:      471 PC: 0x03ae
INUM:      472 PC: 0x03b0
INUM:      473 PC: 0x03b2
INUM:      474 PC: 0x03b4
INUM:      475 PC: 0x03b6
INUM:      476 PC: 0x03b8
INUM:      477 PC: 0x03ba
INUM:      478 PC: 0x03bc
INUM:      479 PC: 0x03be
INUM:      480 PC: 0x03c0
INUM:      481 PC: 0x03c2
INUM:      482 PC: 0x03c4
INUM:      483 PC: 0x03c6
INUM:      484 PC: 0x03c8
INUM:      485 PC: 0x03ca
INUM:      486 PC: 0x03cc
INUM:      487 PC: 0x03ce
INUM:      488 PC: 0x03d0
INUM:      489 PC: 0x03d2
INUM:      490 PC: 0x03d4
INUM:      491 PC: 0x03d6
INUM:      492 PC: 0x03d8
INUM:      493 PC: 0x03da
INUM:      494 PC: 0x03dc
INUM:      495 PC: 0x03de
INUM:      496 PC: 0x03e0
INUM:      497 PC: 0x03e2
INUM:      498 PC: 0x03e4
INUM:      499 PC: 0x03e6
INUM:      500 PC: 0x03e8
INUM:      501 PC: 0x03ea
INUM:      502 PC: 0x03ec
INUM:      503 PC: 0x03ee
INUM:      504 PC: 0x03f0
INUM:      505 PC: 0x03f2
INUM:      506 PC: 0x03f4
INUM:      507 PC: 0x03f6
INUM:      508 PC: 0x03f8
INUM:      509 PC: 0x03fa
INUM:      510 PC: 0x03fc
INUM:      511 PC: 0x03fe
INUM:      512 PC: 0x0400
INUM:      513 PC: 0x0402
INUM:      514 PC: 0x0404
INUM:      515 PC: 0x0406
INUM:      516 PC: 0x0408
INUM:      517 PC: 0x040a
INUM:      518 PC: 0x040c
INUM:      519 PC: 0x040e
INUM:      520 PC: 0x0410
INUM:      521 PC: 0x0412
INUM:      522 PC: 0x0414
INUM:      523 PC: 0x0416
INUM:      524 PC: 0x0418
INUM:      525 PC: 0x041a
INUM:      526 PC: 0x041c
INUM:      527 PC: 0x041e
INUM:      528 PC: 0x0420
INUM:      529 PC: 0x0422
INUM:      530 PC: 0x0424
INUM:      531 PC: 0x0426
INUM:      532 PC: 0x0428
INUM:      533 PC: 0x042a
INUM:      534 PC: 0x042c
INUM:      535 PC: 0x042e
INUM:      536 PC: 0x0430
INUM:      537 PC: 0x0432
INUM:      538 PC: 0x0434
INUM:      539 PC: 0x0436
INUM:      540 PC: 0x0438
INUM:      541 PC: 0x043a
INUM:      542 PC: 0x043c
INUM:      543 PC: 0x043e
INUM:      544 PC: 0x0440
INUM:      545 PC: 0x0442
INUM:      546 PC: 0x0444
INUM:      547 PC: 0x0446
INUM:      548 PC: 0x0448
INUM:      549 PC: 0x044a
INUM:      550 PC: 0x044c
INUM:      551 PC: 0x044e
INUM:      552 PC: 0x0450
INUM:      553 PC: 0x0452
INUM:      554 PC: 0x0454
INUM:      555 PC: 0x0456
INUM:      556 PC: 0x0458
INUM:      557 PC: 0x045a
INUM:      558 PC: 0x045c
INUM:      559 PC: 0x045e
INUM:      560 PC: 0x0460
INUM:      561 PC: 0x0462
INUM:      562 PC: 0x0464
INUM:      563 PC: 0x0466
INUM:      564 PC: 0x0468
INUM:      565 PC: 0x046a
INUM:      566 PC: 0x046c
INUM:      567 PC: 0x046e
INUM:      568 PC: 0x0470
INUM:      569 PC: 0x0472
INUM:      570 PC: 0x0474
INUM:      571 PC: 0x0476
INUM:      572 PC: 0x0478
INUM:      573 PC: 0x047a
INUM:      574 PC: 0x047c
INUM:      575 PC: 0x047e
INUM:      576 PC: 0x0480
INUM:      577 PC: 0x0482
INUM:      578 PC: 0x0484
INUM:      579 PC: 0x0486
INUM:      580 PC: 0x0488
INUM:      581 PC: 0x048a
INUM:      582 PC: 0x048c
INUM:      583 PC: 0x048e
INUM:      584 PC: 0x0490
INUM:      585 PC: 0x0492
INUM:      586 PC: 0x0494
INUM:      587 PC: 0x0496
INUM:      588 PC: 0x0498
INUM:      589 PC: 0x049a
INUM:      590 PC: 0x049c
INUM:      591 PC: 0x049e
INUM:      592 PC: 0x04a0
INUM:      593 PC: 0x04a2
INUM:      594 PC: 0x04a4
INUM:      595 PC: 0x04a6
INUM:      596 PC: 0x04a8
INUM:      597 PC: 0x04aa
INUM:      598 PC: 0x04ac
INUM:      599 PC: 0x04ae
INUM:      600 PC: 0x04b0
INUM:      601 PC: 0x04b2
INUM:      602 PC: 0x04b4
INUM:      603 PC: 0x04b6
INUM:      604 PC: 0x04b8
INUM:      605 PC: 0x04ba
INUM:      606 PC: 0x04bc
INUM:      607 PC: 0x04be
INUM:      608 PC: 0x04c0
INUM:      609 PC: 0x04c2
INUM:      610 PC: 0x04c4
INUM:      611 PC: 0x04c6
INUM:      612 PC: 0x04c8
INUM:      613 PC: 0x04ca
INUM:      614 PC: 0x04cc
INUM:      615 PC: 0x04ce
INUM:      616 PC: 0x04d0
INUM:      617 PC: 0x04d2
INUM:      618 PC: 0x04d4
INUM:      619 PC: 0x04d6
INUM:      620 PC: 0x04d8
INUM:      621 PC: 0x04da
INUM:      622 PC: 0x04dc
INUM:      623 PC: 0x04de
INUM:      624 PC: 0x04e0
INUM:      625 PC: 0x04e2
INUM:      626 PC: 0x04e4
INUM:      627 PC: 0x04e6
INUM:      628 PC: 0x04e8
INUM:      629 PC: 0x04ea
INUM:      630 PC: 0x04ec
INUM:      631 PC: 0x04ee
INUM:      632 PC: 0x04f0
INUM:      633 PC: 0x04f2
INUM:      634 PC: 0x04f4
INUM:      635 PC: 0x04f6
INUM:      636 PC: 0x04f8
INUM:      637 PC: 0x04fa
INUM:      638 PC: 0x04fc
INUM:      639 PC: 0x04fe
INUM:      640 PC: 0x0500
INUM:      641 PC: 0x0502
INUM:      642 PC: 0x0504
INUM:      643 PC: 0x0506
INUM:      644 PC: 0x0508
INUM:      645 PC: 0x050a
INUM:      646 PC: 0x050c
INUM:      647 PC: 0x050e
INUM:      648 PC: 0x0510
INUM:      649 PC: 0x0512
INUM:      650 PC: 0x0514
INUM:      651 PC: 0x0516
INUM:      652 PC: 0x0518
INUM:      653 PC: 0x051a
INUM:      654 PC: 0x051c
INUM:      655 PC: 0x051e
INUM:      656 PC: 0x0520
INUM:      657 PC: 0x0522
INUM:      658 PC: 0x0524
INUM:      659 PC: 0x0526
INUM:      660 PC: 0x0528
INUM:      661 PC: 0x052a
INUM:      662 PC: 0x052c
INUM:      663 PC: 0x052e
INUM:      664 PC: 0x0530
INUM:      665 PC: 0x0532
INUM:      666 PC: 0x0534
INUM:      667 PC: 0x0536
INUM:      668 PC: 0x0538
INUM:      669 PC: 0x053a
INUM:      670 PC: 0x053c
INUM:      671 PC: 0x053e
INUM:      672 PC: 0x0540
INUM:      673 PC: 0x0542
INUM:      674 PC: 0x0544
INUM:      675 PC: 0x0546
INUM:      676 PC: 0x0548
INUM:      677 PC: 0x054a
INUM:      678 PC: 0x054c
INUM:      679 PC: 0x054e
INUM:      680 PC: 0x0550
INUM:      681 PC: 0x0552
INUM:      682 PC: 0x0554
INUM:      683 PC: 0x0556
INUM:      684 PC: 0x0558
INUM:      685 PC: 0x055a
INUM:      686 PC: 0x055c
INUM:      687 PC: 0x055e
INUM:      688 PC: 0x0560
INUM:      689 PC: 0x0562
INUM:      690 PC: 0x0564
INUM:      691 PC: 0x0566
INUM:      692 PC: 0x0568
INUM:      693 PC: 0x056a
INUM:      694 PC: 0x056c
INUM:      695 PC: 0x056e
INUM:      696 PC: 0x0570
INUM:      697 PC: 0x0572
INUM:      698 PC: 0x0574
INUM:      699 PC: 0x0576
INUM:      700 PC: 0x0578
INUM:      701 PC: 0x057a
INUM:      702 PC: 0x057c
INUM:      703 PC: 0x057e
INUM:      704 PC: 0x0580
INUM:      705 PC: 0x0582
INUM:      706 PC: 0x0584
INUM:      707 PC: 0x0586
INUM:      708 PC: 0x0588
INUM:      709 PC: 0x058a
INUM:      710 PC: 0x058c
INUM:      711 PC: 0x058e
INUM:      712 PC: 0x0590
INUM:      713 PC: 0x0592
INUM:      714 PC: 0x0594
INUM:      715 PC: 0x0596
INUM:      716 PC: 0x0598
INUM:      717 PC: 0x059a
INUM:      718 PC: 0x059c
INUM:      719 PC: 0x059e
INUM:      720 PC: 0x05a0
INUM:      721 PC: 0x05a2
INUM:      722 PC: 0x05a4
INUM:      723 PC: 0x05a6
INUM:      724 PC: 0x05a8
INUM:      725 PC: 0x05aa
INUM:      726 PC: 0x05ac
INUM:      727 PC: 0x05ae
INUM:      728 PC: 0x05b0
INUM:      729 PC: 0x05b2
INUM:      730 PC: 0x05b4
INUM:      731 PC: 0x05b6
INUM:      732 PC: 0x05b8
INUM:      733 PC: 0x05ba
INUM:      734 PC: 0x05bc
INUM:      735 PC: 0x05be
INUM:      736 PC: 0x05c0
INUM:      737 PC: 0x05c2
INUM:      738 PC: 0x05c4
INUM:      739 PC: 0x05c6
INUM:      740 PC: 0x05c8
INUM:      741 PC: 0x05ca
INUM:      742 PC: 0x05cc
INUM:      743 PC: 0x05ce
INUM:      744 PC: 0x05d0
INUM:      745 PC: 0x05d2
INUM:      746 PC: 0x05d4
INUM:      747 PC: 0x05d6
INUM:      748 PC: 0x05d8
INUM:      749 PC: 0x05da
INUM:      750 PC: 0x05dc
INUM:      751 PC: 0x05de
INUM:      752 PC: 0x05e0
INUM:      753 PC: 0x05e2
INUM:      754 PC: 0x05e4
INUM:      755 PC: 0x05e6
INUM:      756 PC: 0x05e8
INUM:      757 PC: 0x05ea
INUM:      758 PC: 0x05ec
INUM:      759 PC: 0x05ee
INUM:      760 PC: 0x05f0
INUM:      761 PC: 0x05f2
INUM:      762 PC: 0x05f4
INUM:      763 PC: 0x05f6
INUM:      764 PC: 0x05f8
INUM:      765 PC: 0x05fa
INUM:      766 PC: 0x05fc
INUM:      767 PC: 0x05fe
INUM:      768 PC: 0x0600
INUM:      769 PC: 0x0602
INUM:      770 PC: 0x0604
INUM:      771 PC: 0x0606
INUM:      772 PC: 0x0608
INUM:      773 PC: 0x060a
INUM:      774 PC: 0x060c
INUM:      775 PC: 0x060e
INUM:      776 PC: 0x0610
INUM:      777 PC: 0x0612
INUM:      778 PC: 0x0614
INUM:      779 PC: 0x0616
INUM:      780 PC: 0x0618
INUM:      781 PC: 0x061a
INUM:      782 PC: 0x061c
INUM:      783 PC: 0x061e
INUM:      784 PC: 0x0620
INUM:      785 PC: 0x0622
INUM:      786 PC: 0x0624
INUM:      787 PC: 0x0626
INUM:      788 PC: 0x0628
INUM:      789 PC: 0x062a
INUM:      790 PC: 0x062c
INUM:      791 PC: 0x062e
INUM:      792 PC: 0x0630
INUM:      793 PC: 0x0632
INUM:      794 PC: 0x0634
INUM:      795 PC: 0x0636
INUM:      796 PC: 0x0638
INUM:      797 PC: 0x063a
INUM:      798 PC: 0x063c
INUM:      799 PC: 0x063e
INUM:      800 PC: 0x0640
INUM:      801 PC: 0x0642
INUM:      802 PC: 0x0644
INUM:      803 PC: 0x0646
INUM:      804 PC: 0x0648
INUM:      805 PC: 0x064a
INUM:      806 PC: 0x064c
INUM:      807 PC: 0x064e
INUM:      808 PC: 0x0650
INUM:      809 PC: 0x0652
INUM:      810 PC: 0x0654
INUM:      811 PC: 0x0656
INUM:      812 PC: 0x0658
INUM:      813 PC: 0x065a
INUM:      814 PC: 0x065c
INUM:      815 PC: 0x065e
INUM:      816 PC: 0x0660
INUM:      817 PC: 0x0662
INUM:      818 PC: 0x0664
INUM:      819 PC: 0x0666
INUM:      820 PC: 0x0668
INUM:      821 PC: 0x066a
INUM:      822 PC: 0x066c
INUM:      823 PC: 0x066e
INUM:      824 PC: 0x0670
INUM:      825 PC: 0x0672
INUM:      826 PC: 0x0674
INUM:      827 PC: 0x0676
INUM:      828 PC: 0x0678
INUM:      829 PC: 0x067a
INUM:      830 PC: 0x067c
INUM:      831 PC: 0x067e
INUM:      832 PC: 0x0680
INUM:      833 PC: 0x0682
INUM:      834 PC: 0x0684
INUM:      835 PC: 0x0686
INUM:      836 PC: 0x0688
INUM:      837 PC: 0x068a
INUM:      838 PC: 0x068c
INUM:      839 PC: 0x068e
INUM:      840 PC: 0x0690
INUM:      841 PC: 0x0692
INUM:      842 PC: 0x0694
INUM:      843 PC: 0x0696
INUM:      844 PC: 0x0698
INUM:      845 PC: 0x069a
INUM:      846 PC: 0x069c
INUM:      847 PC: 0x069e
INUM:      848 PC: 0x06a0
INUM:      849 PC: 0x06a2
INUM:      850 PC: 0x06a4
INUM:      851 PC: 0x06a6
INUM:      852 PC: 0x06a8
INUM:      853 PC: 0x06aa
INUM:      854 PC: 0x06ac
INUM:      855 PC: 0x06ae
INUM:      856 PC: 0x06b0
INUM:      857 PC: 0x06b2
INUM:      858 PC: 0x06b4
INUM:      859 PC: 0x06b6
INUM:      860 PC: 0x06b8
INUM:      861 PC: 0x06ba
INUM:      862 PC: 0x06bc
INUM:      863 PC: 0x06be
INUM:      864 PC: 0x06c0
INUM:      865 PC: 0x06c2
INUM:      866 PC: 0x06c4
INUM:      867 PC: 0x06c6
INUM:      868 PC: 0x06c8
INUM:      869 PC: 0x06ca
INUM:      870 PC: 0x06cc
INUM:      871 PC: 0x06ce
INUM:      872 PC: 0x06d0
INUM:      873 PC: 0x06d2
INUM:      874 PC: 0x06d4
INUM:      875 PC: 0x06d6
INUM:      876 PC: 0x06d8
INUM:      877 PC: 0x06da
INUM:      878 PC: 0x06dc
INUM:      879 PC: 0x06de
INUM:      880 PC: 0x06e0
INUM:      881 PC: 0x06e2
INUM:      882 PC: 0x06e4
INUM:      883 PC: 0x06e6
INUM:      884 PC: 0x06e8
INUM:      885 PC: 0x06ea
INUM:      886 PC: 0x06ec
INUM:      887 PC: 0x06ee
INUM:      888 PC: 0x06f0
INUM:      889 PC: 0x06f2
INUM:      890 PC: 0x06f4
INUM:      891 PC: 0x06f6
INUM:      892 PC: 0x06f8
INUM:      893 PC: 0x06fa
INUM:      894 PC: 0x06fc
INUM:      895 PC: 0x06fe
INUM:      896 PC: 0x0700
INUM:      897 PC: 0x0702
INUM:      898 PC: 0x0704
INUM:      899 PC: 0x0706
INUM:      900 PC: 0x0708
INUM:      901 PC: 0x070a
INUM:      902 PC: 0x070c
INUM:      903 PC: 0x070e
INUM:      904 PC: 0x0710
INUM:      905 PC: 0x0712
INUM:      906 PC: 0x0714
INUM:      907 PC: 0x0716
INUM:      908 PC: 0x0718
INUM:      909 PC: 0x071a
INUM:      910 PC: 0x071c
INUM:      911 PC: 0x071e
INUM:      912 PC: 0x0720
INUM:      913 PC: 0x0722
INUM:      914 PC: 0x0724
INUM:      915 PC: 0x0726
INUM:      916 PC: 0x0728
INUM:      917 PC: 0x072a
INUM:      918 PC: 0x072c
INUM:      919 PC: 0x072e
INUM:      920 PC: 0x0730
INUM:      921 PC: 0x0732
INUM:      922 PC: 0x0734
INUM:      923 PC: 0x0736
INUM:      924 PC: 0x0738
INUM:      925 PC: 0x073a
INUM:      926 PC: 0x073c
INUM:      927 PC: 0x073e
INUM:      928 PC: 0x0740
INUM:      929 PC: 0x0742
INUM:      930 PC: 0x0744
INUM:      931 PC: 0x0746
INUM:      932 PC: 0x0748
INUM:      933 PC: 0x074a
INUM:      934 PC: 0x074c
INUM:      935 PC: 0x074e
INUM:      936 PC: 0x0750
INUM:      937 PC: 0x0752
INUM:      938 PC: 0x0754
INUM:      939 PC: 0x0756
INUM:      940 PC: 0x0758
INUM:      941 PC: 0x075a
INUM:      942 PC: 0x075c
INUM:      943 PC: 0x075e
INUM:      944 PC: 0x0760
INUM:      945 PC: 0x0762
INUM:      946 PC: 0x0764
INUM:      947 PC: 0x0766
INUM:      948 PC: 0x0768
INUM:      949 PC: 0x076a
INUM:      950 PC: 0x076c
INUM:      951 PC: 0x076e
INUM:      952 PC: 0x0770
INUM:      953 PC: 0x0772
INUM:      954 PC: 0x0774
INUM:      955 PC: 0x0776
INUM:      956 PC: 0x0778
INUM:      957 PC: 0x077a
INUM:      958 PC: 0x077c
INUM:      959 PC: 0x077e
INUM:      960 PC: 0x0780
INUM:      961 PC: 0x0782
INUM:      962 PC: 0x0784
INUM:      963 PC: 0x0786
INUM:      964 PC: 0x0788
INUM:      965 PC: 0x078a
INUM:      966 PC: 0x078c
INUM:      967 PC: 0x078e
INUM:      968 PC: 0x0790
INUM:      969 PC: 0x0792
INUM:      970 PC: 0x0794
INUM:      971 PC: 0x0796
INUM:      972 PC: 0x0798
INUM:      973 PC: 0x079a
INUM:      974 PC: 0x079c
INUM:      975 PC: 0x079e
INUM:      976 PC: 0x07a0
INUM:      977 PC: 0x07a2
INUM:      978 PC: 0x07a4
INUM:      979 PC: 0x07a6
INUM:      980 PC: 0x07a8
INUM:      981 PC: 0x07aa
INUM:      982 PC: 0x07ac
INUM:      983 PC: 0x07ae
INUM:      984 PC: 0x07b0
INUM:      985 PC: 0x07b2
INUM:      986 PC: 0x07b4
INUM:      987 PC: 0x07b6
INUM:      988 PC: 0x07b8
INUM:      989 PC: 0x07ba
INUM:      990 PC: 0x07bc
INUM:      991 PC: 0x07be
INUM:      992 PC: 0x07c0
INUM:      993 PC: 0x07c2
INUM:      994 PC: 0x07c4
INUM:      995 PC: 0x07c6
INUM:      996 PC: 0x07c8
INUM:      997 PC: 0x07ca
INUM:      998 PC: 0x07cc
INUM:      999 PC: 0x07ce
INUM:     1000 PC: 0x07d0
INUM:     1001 PC: 0x07d2
INUM:     1002 PC: 0x07d4
INUM:     1003 PC: 0x07d6
INUM:     1004 PC: 0x07d8
INUM:     1005 PC: 0x07da
INUM:     1006 PC: 0x07dc
INUM:     1007 PC: 0x07de
INUM:     1008 PC: 0x07e0
INUM:     1009 PC: 0x07e2
INUM:     1010 PC: 0x07e4
INUM:     1011 PC: 0x07e6
INUM:     1012 PC: 0x07e8
INUM:     1013 PC: 0x07ea
INUM:     1014 PC: 0x07ec
INUM:     1015 PC: 0x07ee
INUM:     1016 PC: 0x07f0
INUM:     1017 PC: 0x07f2
INUM:     1018 PC: 0x07f4
INUM:     1019 PC: 0x07f6
INUM:     1020 PC: 0x07f8
INUM:     1021 PC: 0x07fa
INUM:     1022 PC: 0x07fc
INUM:     1023 PC: 0x07fe
INUM:     1024 PC: 0x0800
INUM:     1025 PC: 0x0802
INUM:     1026 PC: 0x0804
INUM:     1027 PC: 0x0806
INUM:     1028 PC: 0x0808
INUM:     1029 PC: 0x080a
INUM:     1030 PC: 0x080c
INUM:     1031 PC: 0x080e
INUM:     1032 PC: 0x0810
INUM:     1033 PC: 0x0812
INUM:     1034 PC: 0x0814
INUM:     1035 PC: 0x0816
INUM:     1036 PC: 0x0818
INUM:     1037 PC: 0x081a
INUM:     1038 PC: 0x081c
INUM:     1039 PC: 0x081e
INUM:     1040 PC: 0x0820
INUM:     1041 PC: 0x0822
INUM:     1042 PC: 0x0824
INUM:     1043 PC: 0x0826
INUM:     1044 PC: 0x0828
INUM:     1045 PC: 0x082a
INUM:     1046 PC: 0x082c
INUM:     1047 PC: 0x082e
INUM:     1048 PC: 0x0830
INUM:     1049 PC: 0x0832
INUM:     1050 PC: 0x0834
INUM:     1051 PC: 0x0836
INUM:     1052 PC: 0x0838
INUM:     1053 PC: 0x083a
INUM:     1054 PC: 0x083c
INUM:     1055 PC: 0x083e
INUM:     1056 PC: 0x0840
INUM:     1057 PC: 0x0842
INUM:     1058 PC: 0x0844
INUM:     1059 PC: 0x0846
INUM:     1060 PC: 0x0848
INUM:     1061 PC: 0x084a
INUM:     1062 PC: 0x084c
INUM:     1063 PC: 0x084e
INUM:     1064 PC: 0x0850
INUM:     1065 PC: 0x0852
INUM:     1066 PC: 0x0854
INUM:     1067 PC: 0x0856
INUM:     1068 PC: 0x0858
INUM:     1069 PC: 0x085a
INUM:     1070 PC: 0x085c
INUM:     1071 PC: 0x085e
INUM:     1072 PC: 0x0860
INUM:     1073 PC: 0x0862
INUM:     1074 PC: 0x0864
INUM:     1075 PC: 0x0866
INUM:     1076 PC: 0x0868
INUM:     1077 PC: 0x086a
INUM:     1078 PC: 0x086c
INUM:     1079 PC: 0x086e
INUM:     1080 PC: 0x0870
INUM:     1081 PC: 0x0872
INUM:     1082 PC: 0x0874
INUM:     1083 PC: 0x0876
INUM:     1084 PC: 0x0878
INUM:     1085 PC: 0x087a
INUM:     1086 PC: 0x087c
INUM:     1087 PC: 0x087e
INUM:     1088 PC: 0x0880
INUM:     1089 PC: 0x0882
INUM:     1090 PC: 0x0884
INUM:     1091 PC: 0x0886
INUM:     1092 PC: 0x0888
INUM:     1093 PC: 0x088a
INUM:     1094 PC: 0x088c
INUM:     1095 PC: 0x088e
INUM:     1096 PC: 0x0890
INUM:     1097 PC: 0x0892
INUM:     1098 PC: 0x0894
INUM:     1099 PC: 0x0896
INUM:     1100 PC: 0x0898
INUM:     1101 PC: 0x089a
INUM:     1102 PC: 0x089c
INUM:     1103 PC: 0x089e
INUM:     1104 PC: 0x08a0
INUM:     1105 PC: 0x08a2
INUM:     1106 PC: 0x08a4
INUM:     1107 PC: 0x08a6
INUM:     1108 PC: 0x08a8
INUM:     1109 PC: 0x08aa
INUM:     1110 PC: 0x08ac
INUM:     1111 PC: 0x08ae
INUM:     1112 PC: 0x08b0
INUM:     1113 PC: 0x08b2
INUM:     1114 PC: 0x08b4
INUM:     1115 PC: 0x08b6
INUM:     1116 PC: 0x08b8
INUM:     1117 PC: 0x08ba
INUM:     1118 PC: 0x08bc
INUM:     1119 PC: 0x08be
INUM:     1120 PC: 0x08c0
INUM:     1121 PC: 0x08c2
INUM:     1122 PC: 0x08c4
INUM:     1123 PC: 0x08c6
INUM:     1124 PC: 0x08c8
INUM:     1125 PC: 0x08ca
INUM:     1126 PC: 0x08cc
INUM:     1127 PC: 0x08ce
INUM:     1128 PC: 0x08d0
INUM:     1129 PC: 0x08d2
INUM:     1130 PC: 0x08d4
INUM:     1131 PC: 0x08d6
INUM:     1132 PC: 0x08d8
INUM:     1133 PC: 0x08da
INUM:     1134 PC: 0x08dc
INUM:     1135 PC: 0x08de
INUM:     1136 PC: 0x08e0
INUM:     1137 PC: 0x08e2
INUM:     1138 PC: 0x08e4
INUM:     1139 PC: 0x08e6
INUM:     1140 PC: 0x08e8
INUM:     1141 PC: 0x08ea
INUM:     1142 PC: 0x08ec
INUM:     1143 PC: 0x08ee
INUM:     1144 PC: 0x08f0
INUM:     1145 PC: 0x08f2
INUM:     1146 PC: 0x08f4
INUM:     1147 PC: 0x08f6
INUM:     1148 PC: 0x08f8
INUM:     1149 PC: 0x08fa
INUM:     1150 PC: 0x08fc
INUM:     1151 PC: 0x08fe
INUM:     1152 PC: 0x0900
INUM:     1153 PC: 0x0902
INUM:     1154 PC: 0x0904
INUM:     1155 PC: 0x0906
INUM:     1156 PC: 0x0908
INUM:     1157 PC: 0x090a
INUM:     1158 PC: 0x090c
INUM:     1159 PC: 0x090e
INUM:     1160 PC: 0x0910
INUM:     1161 PC: 0x0912
INUM:     1162 PC: 0x0914
INUM:     1163 PC: 0x0916
INUM:     1164 PC: 0x0918
INUM:     1165 PC: 0x091a
INUM:     1166 PC: 0x091c
INUM:     1167 PC: 0x091e
INUM:     1168 PC: 0x0920
INUM:     1169 PC: 0x0922
INUM:     1170 PC: 0x0924
INUM:     1171 PC: 0x0926
INUM:     1172 PC: 0x0928
INUM:     1173 PC: 0x092a
INUM:     1174 PC: 0x092c
INUM:     1175 PC: 0x092e
INUM:     1176 PC: 0x0930
INUM:     1177 PC: 0x0932
INUM:     1178 PC: 0x0934
INUM:     1179 PC: 0x0936
INUM:     1180 PC: 0x0938
INUM:     1181 PC: 0x093a
INUM:     1182 PC: 0x093c
INUM:     1183 PC: 0x093e
INUM:     1184 PC: 0x0940
INUM:     1185 PC: 0x0942
INUM:     1186 PC: 0x0944
INUM:     1187 PC: 0x0946
INUM:     1188 PC: 0x0948
INUM:     1189 PC: 0x094a
INUM:     1190 PC: 0x094c
INUM:     1191 PC: 0x094e
INUM:     1192 PC: 0x0950
INUM:     1193 PC: 0x0952
INUM:     1194 PC: 0x0954
INUM:     1195 PC: 0x0956
INUM:     1196 PC: 0x0958
INUM:     1197 PC: 0x095a
INUM:     1198 PC: 0x095c
INUM:     1199 PC: 0x095e
INUM:     1200 PC: 0x0960
INUM:     1201 PC: 0x0962
INUM:     1202 PC: 0x0964
INUM:     1203 PC: 0x0966
INUM:     1204 PC: 0x0968
INUM:     1205 PC: 0x096a
INUM:     1206 PC: 0x096c
INUM:     1207 PC: 0x096e
INUM:     1208 PC: 0x0970
INUM:     1209 PC: 0x0972
INUM:     1210 PC: 0x0974
INUM:     1211 PC: 0x0976
INUM:     1212 PC: 0x0978
INUM:     1213 PC: 0x097a
INUM:     1214 PC: 0x097c
INUM:     1215 PC: 0x097e
INUM:     1216 PC: 0x0980
INUM:     1217 PC: 0x0982
INUM:     1218 PC: 0x0984
INUM:     1219 PC: 0x0986
INUM:     1220 PC: 0x0988
INUM:     1221 PC: 0x098a
INUM:     1222 PC: 0x098c
INUM:     1223 PC: 0x098e
INUM:     1224 PC: 0x0990
INUM:     1225 PC: 0x0992
INUM:     1226 PC: 0x0994
INUM:     1227 PC: 0x0996
INUM:     1228 PC: 0x0998
INUM:     1229 PC: 0x099a
INUM:     1230 PC: 0x099c
INUM:     1231 PC: 0x099e
INUM:     1232 PC: 0x09a0
INUM:     1233 PC: 0x09a2
INUM:     1234 PC: 0x09a4
INUM:     1235 PC: 0x09a6
INUM:     1236 PC: 0x09a8
INUM:     1237 PC: 0x09aa
INUM:     1238 PC: 0x09ac
INUM:     1239 PC: 0x09ae
INUM:     1240 PC: 0x09b0
INUM:     1241 PC: 0x09b2
INUM:     1242 PC: 0x09b4
INUM:     1243 PC: 0x09b6
INUM:     1244 PC: 0x09b8
INUM:     1245 PC: 0x09ba
INUM:     1246 PC: 0x09bc
INUM:     1247 PC: 0x09be
INUM:     1248 PC: 0x09c0
INUM:     1249 PC: 0x09c2
INUM:     1250 PC: 0x09c4
INUM:     1251 PC: 0x09c6
INUM:     1252 PC: 0x09c8
INUM:     1253 PC: 0x09ca
INUM:     1254 PC: 0x09cc
INUM:     1255 PC: 0x09ce
INUM:     1256 PC: 0x09d0
INUM:     1257 PC: 0x09d2
INUM:     1258 PC: 0x09d4
INUM:     1259 PC: 0x09d6
INUM:     1260 PC: 0x09d8
INUM:     1261 PC: 0x09da
INUM:     1262 PC: 0x09dc
INUM:     1263 PC: 0x09de
INUM:     1264 PC: 0x09e0
INUM:     1265 PC: 0x09e2
INUM:     1266 PC: 0x09e4
INUM:     1267 PC: 0x09e6
INUM:     1268 PC: 0x09e8
INUM:     1269 PC: 0x09ea
INUM:     1270 PC: 0x09ec
INUM:     1271 PC: 0x09ee
INUM:     1272 PC: 0x09f0
INUM:     1273 PC: 0x09f2
INUM:     1274 PC: 0x09f4
INUM:     1275 PC: 0x09f6
INUM:     1276 PC: 0x09f8
INUM:     1277 PC: 0x09fa
INUM:     1278 PC: 0x09fc
INUM:     1279 PC: 0x09fe
INUM:     1280 PC: 0x0a00
INUM:     1281 PC: 0x0a02
INUM:     1282 PC: 0x0a04
INUM:     1283 PC: 0x0a06
INUM:     1284 PC: 0x0a08
INUM:     1285 PC: 0x0a0a
INUM:     1286 PC: 0x0a0c
INUM:     1287 PC: 0x0a0e
INUM:     1288 PC: 0x0a10
INUM:     1289 PC: 0x0a12
INUM:     1290 PC: 0x0a14
INUM:     1291 PC: 0x0a16
INUM:     1292 PC: 0x0a18
INUM:     1293 PC: 0x0a1a
INUM:     1294 PC: 0x0a1c
INUM:     1295 PC: 0x0a1e
INUM:     1296 PC: 0x0a20
INUM:     1297 PC: 0x0a22
INUM:     1298 PC: 0x0a24
INUM:     1299 PC: 0x0a26
INUM:     1300 PC: 0x0a28
INUM:     1301 PC: 0x0a2a
INUM:     1302 PC: 0x0a2c
INUM:     1303 PC: 0x0a2e
INUM:     1304 PC: 0x0a30
INUM:     1305 PC: 0x0a32
INUM:     1306 PC: 0x0a34
INUM:     1307 PC: 0x0a36
INUM:     1308 PC: 0x0a38
INUM:     1309 PC: 0x0a3a
INUM:     1310 PC: 0x0a3c
INUM:     1311 PC: 0x0a3e
INUM:     1312 PC: 0x0a40
INUM:     1313 PC: 0x0a42
INUM:     1314 PC: 0x0a44
INUM:     1315 PC: 0x0a46
INUM:     1316 PC: 0x0a48
INUM:     1317 PC: 0x0a4a
INUM:     1318 PC: 0x0a4c
INUM:     1319 PC: 0x0a4e
INUM:     1320 PC: 0x0a50
INUM:     1321 PC: 0x0a52
INUM:     1322 PC: 0x0a54
INUM:     1323 PC: 0x0a56
INUM:     1324 PC: 0x0a58
INUM:     1325 PC: 0x0a5a
INUM:     1326 PC: 0x0a5c
INUM:     1327 PC: 0x0a5e
INUM:     1328 PC: 0x0a60
INUM:     1329 PC: 0x0a62
INUM:     1330 PC: 0x0a64
INUM:     1331 PC: 0x0a66
INUM:     1332 PC: 0x0a68
INUM:     1333 PC: 0x0a6a
INUM:     1334 PC: 0x0a6c
INUM:     1335 PC: 0x0a6e
INUM:     1336 PC: 0x0a70
INUM:     1337 PC: 0x0a72
INUM:     1338 PC: 0x0a74
INUM:     1339 PC: 0x0a76
INUM:     1340 PC: 0x0a78
INUM:     1341 PC: 0x0a7a
INUM:     1342 PC: 0x0a7c
INUM:     1343 PC: 0x0a7e
INUM:     1344 PC: 0x0a80
INUM:     1345 PC: 0x0a82
INUM:     1346 PC: 0x0a84
INUM:     1347 PC: 0x0a86
INUM:     1348 PC: 0x0a88
INUM:     1349 PC: 0x0a8a
INUM:     1350 PC: 0x0a8c
INUM:     1351 PC: 0x0a8e
INUM:     1352 PC: 0x0a90
INUM:     1353 PC: 0x0a92
INUM:     1354 PC: 0x0a94
INUM:     1355 PC: 0x0a96
INUM:     1356 PC: 0x0a98
INUM:     1357 PC: 0x0a9a
INUM:     1358 PC: 0x0a9c
INUM:     1359 PC: 0x0a9e
INUM:     1360 PC: 0x0aa0
INUM:     1361 PC: 0x0aa2
INUM:     1362 PC: 0x0aa4
INUM:     1363 PC: 0x0aa6
INUM:     1364 PC: 0x0aa8
INUM:     1365 PC: 0x0aaa
INUM:     1366 PC: 0x0aac
INUM:     1367 PC: 0x0aae
INUM:     1368 PC: 0x0ab0
INUM:     1369 PC: 0x0ab2
INUM:     1370 PC: 0x0ab4
INUM:     1371 PC: 0x0ab6
INUM:     1372 PC: 0x0ab8
INUM:     1373 PC: 0x0aba
INUM:     1374 PC: 0x0abc
INUM:     1375 PC: 0x0abe
INUM:     1376 PC: 0x0ac0
INUM:     1377 PC: 0x0ac2
INUM:     1378 PC: 0x0ac4
INUM:     1379 PC: 0x0ac6
INUM:     1380 PC: 0x0ac8
INUM:     1381 PC: 0x0aca
INUM:     1382 PC: 0x0acc
INUM:     1383 PC: 0x0ace
INUM:     1384 PC: 0x0ad0
INUM:     1385 PC: 0x0ad2
INUM:     1386 PC: 0x0ad4
INUM:     1387 PC: 0x0ad6
INUM:     1388 PC: 0x0ad8
INUM:     1389 PC: 0x0ada
INUM:     1390 PC: 0x0adc
INUM:     1391 PC: 0x0ade
INUM:     1392 PC: 0x0ae0
INUM:     1393 PC: 0x0ae2
INUM:     1394 PC: 0x0ae4
INUM:     1395 PC: 0x0ae6
INUM:     1396 PC: 0x0ae8
INUM:     1397 PC: 0x0aea
INUM:     1398 PC: 0x0aec
INUM:     1399 PC: 0x0aee
INUM:     1400 PC: 0x0af0
INUM:     1401 PC: 0x0af2
INUM:     1402 PC: 0x0af4
INUM:     1403 PC: 0x0af6
INUM:     1404 PC: 0x0af8
INUM:     1405 PC: 0x0afa
INUM:     1406 PC: 0x0afc
INUM:     1407 PC: 0x0afe
INUM:     1408 PC: 0x0b00
INUM:     1409 PC: 0x0b02
INUM:     1410 PC: 0x0b04
INUM:     1411 PC: 0x0b06
INUM:     1412 PC: 0x0b08
INUM:     1413 PC: 0x0b0a
INUM:     1414 PC: 0x0b0c
INUM:     1415 PC: 0x0b0e
INUM:     1416 PC: 0x0b10
INUM:     1417 PC: 0x0b12
INUM:     1418 PC: 0x0b14
INUM:     1419 PC: 0x0b16
INUM:     1420 PC: 0x0b18
INUM:     1421 PC: 0x0b1a
INUM:     1422 PC: 0x0b1c
INUM:     1423 PC: 0x0b1e
INUM:     1424 PC: 0x0b20
INUM:     1425 PC: 0x0b22
INUM:     1426 PC: 0x0b24
INUM:     1427 PC: 0x0b26
INUM:     1428 PC: 0x0b28
INUM:     1429 PC: 0x0b2a
INUM:     1430 PC: 0x0b2c
INUM:     1431 PC: 0x0b2e
INUM:     1432 PC: 0x0b30
INUM:     1433 PC: 0x0b32
INUM:     1434 PC: 0x0b34
INUM:     1435 PC: 0x0b36
INUM:     1436 PC: 0x0b38
INUM:     1437 PC: 0x0b3a
INUM:     1438 PC: 0x0b3c
INUM:     1439 PC: 0x0b3e
INUM:     1440 PC: 0x0b40
INUM:     1441 PC: 0x0b42
INUM:     1442 PC: 0x0b44
INUM:     1443 PC: 0x0b46
INUM:     1444 PC: 0x0b48
INUM:     1445 PC: 0x0b4a
INUM:     1446 PC: 0x0b4c
INUM:     1447 PC: 0x0b4e
INUM:     1448 PC: 0x0b50
INUM:     1449 PC: 0x0b52
INUM:     1450 PC: 0x0b54
INUM:     1451 PC: 0x0b56
INUM:     1452 PC: 0x0b58
INUM:     1453 PC: 0x0b5a
INUM:     1454 PC: 0x0b5c
INUM:     1455 PC: 0x0b5e
INUM:     1456 PC: 0x0b60
INUM:     1457 PC: 0x0b62
INUM:     1458 PC: 0x0b64
INUM:     1459 PC: 0x0b66
INUM:     1460 PC: 0x0b68
INUM:     1461 PC: 0x0b6a
INUM:     1462 PC: 0x0b6c
INUM:     1463 PC: 0x0b6e
INUM:     1464 PC: 0x0b70
INUM:     1465 PC: 0x0b72
INUM:     1466 PC: 0x0b74
INUM:     1467 PC: 0x0b76
INUM:     1468 PC: 0x0b78
INUM:     1469 PC: 0x0b7a
INUM:     1470 PC: 0x0b7c
INUM:     1471 PC: 0x0b7e
INUM:     1472 PC: 0x0b80
INUM:     1473 PC: 0x0b82
INUM:     1474 PC: 0x0b84
INUM:     1475 PC: 0x0b86
INUM:     1476 PC: 0x0b88
INUM:     1477 PC: 0x0b8a
INUM:     1478 PC: 0x0b8c
INUM:     1479 PC: 0x0b8e
INUM:     1480 PC: 0x0b90
INUM:     1481 PC: 0x0b92
INUM:     1482 PC: 0x0b94
INUM:     1483 PC: 0x0b96
INUM:     1484 PC: 0x0b98
INUM:     1485 PC: 0x0b9a
INUM:     1486 PC: 0x0b9c
INUM:     1487 PC: 0x0b9e
INUM:     1488 PC: 0x0ba0
INUM:     1489 PC: 0x0ba2
INUM:     1490 PC: 0x0ba4
INUM:     1491 PC: 0x0ba6
INUM:     1492 PC: 0x0ba8
INUM:     1493 PC: 0x0baa
INUM:     1494 PC: 0x0bac
INUM:     1495 PC: 0x0bae
INUM:     1496 PC: 0x0bb0
INUM:     1497 PC: 0x0bb2
INUM:     1498 PC: 0x0bb4
INUM:     1499 PC: 0x0bb6
INUM:     1500 PC: 0x0bb8
INUM:     1501 PC: 0x0bba
INUM:     1502 PC: 0x0bbc
INUM:     1503 PC: 0x0bbe
INUM:     1504 PC: 0x0bc0
INUM:     1505 PC: 0x0bc2
INUM:     1506 PC: 0x0bc4
INUM:     1507 PC: 0x0bc6
INUM:     1508 PC: 0x0bc8
INUM:     1509 PC: 0x0bca
INUM:     1510 PC: 0x0bcc
INUM:     1511 PC: 0x0bce
INUM:     1512 PC: 0x0bd0
INUM:     1513 PC: 0x0bd2
INUM:     1514 PC: 0x0bd4
INUM:     1515 PC: 0x0bd6
INUM:     1516 PC: 0x0bd8
INUM:     1517 PC: 0x0bda
INUM:     1518 PC: 0x0bdc
INUM:     1519 PC: 0x0bde
INUM:     1520 PC: 0x0be0
INUM:     1521 PC: 0x0be2
INUM:     1522 PC: 0x0be4
INUM:     1523 PC: 0x0be6
INUM:     1524 PC: 0x0be8
INUM:     1525 PC: 0x0bea
INUM:     1526 PC: 0x0bec
INUM:     1527 PC: 0x0bee
INUM:     1528 PC: 0x0bf0
INUM:     1529 PC: 0x0bf2
INUM:     1530 PC: 0x0bf4
INUM:     1531 PC: 0x0bf6
INUM:     1532 PC: 0x0bf8
INUM:     1533 PC: 0x0bfa
INUM:     1534 PC: 0x0bfc
INUM:     1535 PC: 0x0bfe
INUM:     1536 PC: 0x0c00
INUM:     1537 PC: 0x0c02
INUM:     1538 PC: 0x0c04
INUM:     1539 PC: 0x0c06
INUM:     1540 PC: 0x0c08
INUM:     1541 PC: 0x0c0a
INUM:     1542 PC: 0x0c0c
INUM:     1543 PC: 0x0c0e
INUM:     1544 PC: 0x0c10
INUM:     1545 PC: 0x0c12
INUM:     1546 PC: 0x0c14
INUM:     1547 PC: 0x0c16
INUM:     1548 PC: 0x0c18
INUM:     1549 PC: 0x0c1a
INUM:     1550 PC: 0x0c1c
INUM:     1551 PC: 0x0c1e
INUM:     1552 PC: 0x0c20
INUM:     1553 PC: 0x0c22
INUM:     1554 PC: 0x0c24
INUM:     1555 PC: 0x0c26
INUM:     1556 PC: 0x0c28
INUM:     1557 PC: 0x0c2a
INUM:     1558 PC: 0x0c2c
INUM:     1559 PC: 0x0c2e
INUM:     1560 PC: 0x0c30
INUM:     1561 PC: 0x0c32
INUM:     1562 PC: 0x0c34
INUM:     1563 PC: 0x0c36
INUM:     1564 PC: 0x0c38
INUM:     1565 PC: 0x0c3a
INUM:     1566 PC: 0x0c3c
INUM:     1567 PC: 0x0c3e
INUM:     1568 PC: 0x0c40
INUM:     1569 PC: 0x0c42
INUM:     1570 PC: 0x0c44
INUM:     1571 PC: 0x0c46
INUM:     1572 PC: 0x0c48
INUM:     1573 PC: 0x0c4a
INUM:     1574 PC: 0x0c4c
INUM:     1575 PC: 0x0c4e
INUM:     1576 PC: 0x0c50
INUM:     1577 PC: 0x0c52
INUM:     1578 PC: 0x0c54
INUM:     1579 PC: 0x0c56
INUM:     1580 PC: 0x0c58
INUM:     1581 PC: 0x0c5a
INUM:     1582 PC: 0x0c5c
INUM:     1583 PC: 0x0c5e
INUM:     1584 PC: 0x0c60
INUM:     1585 PC: 0x0c62
INUM:     1586 PC: 0x0c64
INUM:     1587 PC: 0x0c66
INUM:     1588 PC: 0x0c68
INUM:     1589 PC: 0x0c6a
INUM:     1590 PC: 0x0c6c
INUM:     1591 PC: 0x0c6e
INUM:     1592 PC: 0x0c70
INUM:     1593 PC: 0x0c72
INUM:     1594 PC: 0x0c74
INUM:     1595 PC: 0x0c76
INUM:     1596 PC: 0x0c78
INUM:     1597 PC: 0x0c7a
INUM:     1598 PC: 0x0c7c
INUM:     1599 PC: 0x0c7e
INUM:     1600 PC: 0x0c80
INUM:     1601 PC: 0x0c82
INUM:     1602 PC: 0x0c84
INUM:     1603 PC: 0x0c86
INUM:     1604 PC: 0x0c88
INUM:     1605 PC: 0x0c8a
INUM:     1606 PC: 0x0c8c
INUM:     1607 PC: 0x0c8e
INUM:     1608 PC: 0x0c90
INUM:     1609 PC: 0x0c92
INUM:     1610 PC: 0x0c94
INUM:     1611 PC: 0x0c96
INUM:     1612 PC: 0x0c98
INUM:     1613 PC: 0x0c9a
INUM:     1614 PC: 0x0c9c
INUM:     1615 PC: 0x0c9e
INUM:     1616 PC: 0x0ca0
INUM:     1617 PC: 0x0ca2
INUM:     1618 PC: 0x0ca4
INUM:     1619 PC: 0x0ca6
INUM:     1620 PC: 0x0ca8
INUM:     1621 PC: 0x0caa
INUM:     1622 PC: 0x0cac
INUM:     1623 PC: 0x0cae
INUM:     1624 PC: 0x0cb0
INUM:     1625 PC: 0x0cb2
INUM:     1626 PC: 0x0cb4
INUM:     1627 PC: 0x0cb6
INUM:     1628 PC: 0x0cb8
INUM:     1629 PC: 0x0cba
INUM:     1630 PC: 0x0cbc
INUM:     1631 PC: 0x0cbe
INUM:     1632 PC: 0x0cc0
INUM:     1633 PC: 0x0cc2
INUM:     1634 PC: 0x0cc4
INUM:     1635 PC: 0x0cc6
INUM:     1636 PC: 0x0cc8
INUM:     1637 PC: 0x0cca
INUM:     1638 PC: 0x0ccc
INUM:     1639 PC: 0x0cce
INUM:     1640 PC: 0x0cd0
INUM:     1641 PC: 0x0cd2
INUM:     1642 PC: 0x0cd4
INUM:     1643 PC: 0x0cd6
INUM:     1644 PC: 0x0cd8
INUM:     1645 PC: 0x0cda
INUM:     1646 PC: 0x0cdc
INUM:     1647 PC: 0x0cde
INUM:     1648 PC: 0x0ce0
INUM:     1649 PC: 0x0ce2
INUM:     1650 PC: 0x0ce4
INUM:     1651 PC: 0x0ce6
INUM:     1652 PC: 0x0ce8
INUM:     1653 PC: 0x0cea
INUM:     1654 PC: 0x0cec
INUM:     1655 PC: 0x0cee
INUM:     1656 PC: 0x0cf0
INUM:     1657 PC: 0x0cf2
INUM:     1658 PC: 0x0cf4
INUM:     1659 PC: 0x0cf6
INUM:     1660 PC: 0x0cf8
INUM:     1661 PC: 0x0cfa
INUM:     1662 PC: 0x0cfc
INUM:     1663 PC: 0x0cfe
INUM:     1664 PC: 0x0d00
INUM:     1665 PC: 0x0d02
INUM:     1666 PC: 0x0d04
INUM:     1667 PC: 0x0d06
INUM:     1668 PC: 0x0d08
INUM:     1669 PC: 0x0d0a
INUM:     1670 PC: 0x0d0c
INUM:     1671 PC: 0x0d0e
INUM:     1672 PC: 0x0d10
INUM:     1673 PC: 0x0d12
INUM:     1674 PC: 0x0d14
INUM:     1675 PC: 0x0d16
INUM:     1676 PC: 0x0d18
INUM:     1677 PC: 0x0d1a
INUM:     1678 PC: 0x0d1c
INUM:     1679 PC: 0x0d1e
INUM:     1680 PC: 0x0d20
INUM:     1681 PC: 0x0d22
INUM:     1682 PC: 0x0d24
INUM:     1683 PC: 0x0d26
INUM:     1684 PC: 0x0d28
INUM:     1685 PC: 0x0d2a
INUM:     1686 PC: 0x0d2c
INUM:     1687 PC: 0x0d2e
INUM:     1688 PC: 0x0d30
INUM:     1689 PC: 0x0d32
INUM:     1690 PC: 0x0d34
INUM:     1691 PC: 0x0d36
INUM:     1692 PC: 0x0d38
INUM:     1693 PC: 0x0d3a
INUM:     1694 PC: 0x0d3c
INUM:     1695 PC: 0x0d3e
INUM:     1696 PC: 0x0d40
INUM:     1697 PC: 0x0d42
INUM:     1698 PC: 0x0d44
INUM:     1699 PC: 0x0d46
INUM:     1700 PC: 0x0d48
INUM:     1701 PC: 0x0d4a
INUM:     1702 PC: 0x0d4c
INUM:     1703 PC: 0x0d4e
INUM:     1704 PC: 0x0d50
INUM:     1705 PC: 0x0d52
INUM:     1706 PC: 0x0d54
INUM:     1707 PC: 0x0d56
INUM:     1708 PC: 0x0d58
INUM:     1709 PC: 0x0d5a
INUM:     1710 PC: 0x0d5c
INUM:     1711 PC: 0x0d5e
INUM:     1712 PC: 0x0d60
INUM:     1713 PC: 0x0d62
INUM:     1714 PC: 0x0d64
INUM:     1715 PC: 0x0d66
INUM:     1716 PC: 0x0d68
INUM:     1717 PC: 0x0d6a
INUM:     1718 PC: 0x0d6c
INUM:     1719 PC: 0x0d6e
INUM:     1720 PC: 0x0d70
INUM:     1721 PC: 0x0d72
INUM:     1722 PC: 0x0d74
INUM:     1723 PC: 0x0d76
INUM:     1724 PC: 0x0d78
INUM:     1725 PC: 0x0d7a
INUM:     1726 PC: 0x0d7c
INUM:     1727 PC: 0x0d7e
INUM:     1728 PC: 0x0d80
INUM:     1729 PC: 0x0d82
INUM:     1730 PC: 0x0d84
INUM:     1731 PC: 0x0d86
INUM:     1732 PC: 0x0d88
INUM:     1733 PC: 0x0d8a
INUM:     1734 PC: 0x0d8c
INUM:     1735 PC: 0x0d8e
INUM:     1736 PC: 0x0d90
INUM:     1737 PC: 0x0d92
INUM:     1738 PC: 0x0d94
INUM:     1739 PC: 0x0d96
INUM:     1740 PC: 0x0d98
INUM:     1741 PC: 0x0d9a
INUM:     1742 PC: 0x0d9c
INUM:     1743 PC: 0x0d9e
INUM:     1744 PC: 0x0da0
INUM:     1745 PC: 0x0da2
INUM:     1746 PC: 0x0da4
INUM:     1747 PC: 0x0da6
INUM:     1748 PC: 0x0da8
INUM:     1749 PC: 0x0daa
INUM:     1750 PC: 0x0dac
INUM:     1751 PC: 0x0dae
INUM:     1752 PC: 0x0db0
INUM:     1753 PC: 0x0db2
INUM:     1754 PC: 0x0db4
INUM:     1755 PC: 0x0db6
INUM:     1756 PC: 0x0db8
INUM:     1757 PC: 0x0dba
INUM:     1758 PC: 0x0dbc
INUM:     1759 PC: 0x0dbe
INUM:     1760 PC: 0x0dc0
INUM:     1761 PC: 0x0dc2
INUM:     1762 PC: 0x0dc4
INUM:     1763 PC: 0x0dc6
INUM:     1764 PC: 0x0dc8
INUM:     1765 PC: 0x0dca
INUM:     1766 PC: 0x0dcc
INUM:     1767 PC: 0x0dce
INUM:     1768 PC: 0x0dd0
INUM:     1769 PC: 0x0dd2
INUM:     1770 PC: 0x0dd4
INUM:     1771 PC: 0x0dd6
INUM:     1772 PC: 0x0dd8
INUM:     1773 PC: 0x0dda
INUM:     1774 PC: 0x0ddc
INUM:     1775 PC: 0x0dde
INUM:     1776 PC: 0x0de0
INUM:     1777 PC: 0x0de2
INUM:     1778 PC: 0x0de4
INUM:     1779 PC: 0x0de6
INUM:     1780 PC: 0x0de8
INUM:     1781 PC: 0x0dea
INUM:     1782 PC: 0x0dec
INUM:     1783 PC: 0x0dee
INUM:     1784 PC: 0x0df0
INUM:     1785 PC: 0x0df2
INUM:     1786 PC: 0x0df4
INUM:     1787 PC: 0x0df6
INUM:     1788 PC: 0x0df8
INUM:     1789 PC: 0x0dfa
INUM:     1790 PC: 0x0dfc
INUM:     1791 PC: 0x0dfe
INUM:     1792 PC: 0x0e00
INUM:     1793 PC: 0x0e02
INUM:     1794 PC: 0x0e04
INUM:     1795 PC: 0x0e06
INUM:     1796 PC: 0x0e08
INUM:     1797 PC: 0x0e0a
INUM:     1798 PC: 0x0e0c
INUM:     1799 PC: 0x0e0e
INUM:     1800 PC: 0x0e10
INUM:     1801 PC: 0x0e12
INUM:     1802 PC: 0x0e14
INUM:     1803 PC: 0x0e16
INUM:     1804 PC: 0x0e18
INUM:     1805 PC: 0x0e1a
INUM:     1806 PC: 0x0e1c
INUM:     1807 PC: 0x0e1e
INUM:     1808 PC: 0x0e20
INUM:     1809 PC: 0x0e22
INUM:     1810 PC: 0x0e24
INUM:     1811 PC: 0x0e26
INUM:     1812 PC: 0x0e28
INUM:     1813 PC: 0x0e2a
INUM:     1814 PC: 0x0e2c
INUM:     1815 PC: 0x0e2e
INUM:     1816 PC: 0x0e30
INUM:     1817 PC: 0x0e32
INUM:     1818 PC: 0x0e34
INUM:     1819 PC: 0x0e36
INUM:     1820 PC: 0x0e38
INUM:     1821 PC: 0x0e3a
INUM:     1822 PC: 0x0e3c
INUM:     1823 PC: 0x0e3e
INUM:     1824 PC: 0x0e40
INUM:     1825 PC: 0x0e42
INUM:     1826 PC: 0x0e44
INUM:     1827 PC: 0x0e46
INUM:     1828 PC: 0x0e48
INUM:     1829 PC: 0x0e4a
INUM:     1830 PC: 0x0e4c
INUM:     1831 PC: 0x0e4e
INUM:     1832 PC: 0x0e50
INUM:     1833 PC: 0x0e52
INUM:     1834 PC: 0x0e54
INUM:     1835 PC: 0x0e56
INUM:     1836 PC: 0x0e58
INUM:     1837 PC: 0x0e5a
INUM:     1838 PC: 0x0e5c
INUM:     1839 PC: 0x0e5e
INUM:     1840 PC: 0x0e60
INUM:     1841 PC: 0x0e62
INUM:     1842 PC: 0x0e64
INUM:     1843 PC: 0x0e66
INUM:     1844 PC: 0x0e68
INUM:     1845 PC: 0x0e6a
INUM:     1846 PC: 0x0e6c
INUM:     1847 PC: 0x0e6e
INUM:     1848 PC: 0x0e70
INUM:     1849 PC: 0x0e72
INUM:     1850 PC: 0x0e74
INUM:     1851 PC: 0x0e76
INUM:     1852 PC: 0x0e78
INUM:     1853 PC: 0x0e7a
INUM:     1854 PC: 0x0e7c
INUM:     1855 PC: 0x0e7e
INUM:     1856 PC: 0x0e80
INUM:     1857 PC: 0x0e82
INUM:     1858 PC: 0x0e84
INUM:     1859 PC: 0x0e86
INUM:     1860 PC: 0x0e88
INUM:     1861 PC: 0x0e8a
INUM:     1862 PC: 0x0e8c
INUM:     1863 PC: 0x0e8e
INUM:     1864 PC: 0x0e90
INUM:     1865 PC: 0x0e92
INUM:     1866 PC: 0x0e94
INUM:     1867 PC: 0x0e96
INUM:     1868 PC: 0x0e98
INUM:     1869 PC: 0x0e9a
INUM:     1870 PC: 0x0e9c
INUM:     1871 PC: 0x0e9e
INUM:     1872 PC: 0x0ea0
INUM:     1873 PC: 0x0ea2
INUM:     1874 PC: 0x0ea4
INUM:     1875 PC: 0x0ea6
INUM:     1876 PC: 0x0ea8
INUM:     1877 PC: 0x0eaa
INUM:     1878 PC: 0x0eac
INUM:     1879 PC: 0x0eae
INUM:     1880 PC: 0x0eb0
INUM:     1881 PC: 0x0eb2
INUM:     1882 PC: 0x0eb4
INUM:     1883 PC: 0x0eb6
INUM:     1884 PC: 0x0eb8
INUM:     1885 PC: 0x0eba
INUM:     1886 PC: 0x0ebc
INUM:     1887 PC: 0x0ebe
INUM:     1888 PC: 0x0ec0
INUM:     1889 PC: 0x0ec2
INUM:     1890 PC: 0x0ec4
INUM:     1891 PC: 0x0ec6
INUM:     1892 PC: 0x0ec8
INUM:     1893 PC: 0x0eca
INUM:     1894 PC: 0x0ecc
INUM:     1895 PC: 0x0ece
INUM:     1896 PC: 0x0ed0
INUM:     1897 PC: 0x0ed2
INUM:     1898 PC: 0x0ed4
INUM:     1899 PC: 0x0ed6
INUM:     1900 PC: 0x0ed8
INUM:     1901 PC: 0x0eda
INUM:     1902 PC: 0x0edc
INUM:     1903 PC: 0x0ede
INUM:     1904 PC: 0x0ee0
INUM:     1905 PC: 0x0ee2
INUM:     1906 PC: 0x0ee4
INUM:     1907 PC: 0x0ee6
INUM:     1908 PC: 0x0ee8
INUM:     1909 PC: 0x0eea
INUM:     1910 PC: 0x0eec
INUM:     1911 PC: 0x0eee
INUM:     1912 PC: 0x0ef0
INUM:     1913 PC: 0x0ef2
INUM:     1914 PC: 0x0ef4
INUM:     1915 PC: 0x0ef6
INUM:     1916 PC: 0x0ef8
INUM:     1917 PC: 0x0efa
INUM:     1918 PC: 0x0efc
INUM:     1919 PC: 0x0efe
INUM:     1920 PC: 0x0f00
INUM:     1921 PC: 0x0f02
INUM:     1922 PC: 0x0f04
INUM:     1923 PC: 0x0f06
INUM:     1924 PC: 0x0f08
INUM:     1925 PC: 0x0f0a
INUM:     1926 PC: 0x0f0c
INUM:     1927 PC: 0x0f0e
INUM:     1928 PC: 0x0f10
INUM:     1929 PC: 0x0f12
INUM:     1930 PC: 0x0f14
INUM:     1931 PC: 0x0f16
INUM:     1932 PC: 0x0f18
INUM:     1933 PC: 0x0f1a
INUM:     1934 PC: 0x0f1c
INUM:     1935 PC: 0x0f1e
INUM:     1936 PC: 0x0f20
INUM:     1937 PC: 0x0f22
INUM:     1938 PC: 0x0f24
INUM:     1939 PC: 0x0f26
INUM:     1940 PC: 0x0f28
INUM:     1941 PC: 0x0f2a
INUM:     1942 PC: 0x0f2c
INUM:     1943 PC: 0x0f2e
INUM:     1944 PC: 0x0f30
INUM:     1945 PC: 0x0f32
INUM:     1946 PC: 0x0f34
INUM:     1947 PC: 0x0f36
INUM:     1948 PC: 0x0f38
INUM:     1949 PC: 0x0f3a
INUM:     1950 PC: 0x0f3c
INUM:     1951 PC: 0x0f3e
INUM:     1952 PC: 0x0f40
INUM:     1953 PC: 0x0f42
INUM:     1954 PC: 0x0f44
INUM:     1955 PC: 0x0f46
INUM:     1956 PC: 0x0f48
INUM:     1957 PC: 0x0f4a
INUM:     1958 PC: 0x0f4c
INUM:     1959 PC: 0x0f4e
INUM:     1960 PC: 0x0f50
INUM:     1961 PC: 0x0f52
INUM:     1962 PC: 0x0f54
INUM:     1963 PC: 0x0f56
INUM:     1964 PC: 0x0f58
INUM:     1965 PC: 0x0f5a
INUM:     1966 PC: 0x0f5c
INUM:     1967 PC: 0x0f5e
INUM:     1968 PC: 0x0f60
INUM:     1969 PC: 0x0f62
INUM:     1970 PC: 0x0f64
INUM:     1971 PC: 0x0f66
INUM:     1972 PC: 0x0f68
INUM:     1973 PC: 0x0f6a
INUM:     1974 PC: 0x0f6c
INUM:     1975 PC: 0x0f6e
INUM:     1976 PC: 0x0f70
INUM:     1977 PC: 0x0f72
INUM:     1978 PC: 0x0f74
INUM:     1979 PC: 0x0f76
INUM:     1980 PC: 0x0f78
INUM:     1981 PC: 0x0f7a
INUM:     1982 PC: 0x0f7c
INUM:     1983 PC: 0x0f7e
INUM:     1984 PC: 0x0f80
INUM:     1985 PC: 0x0f82
INUM:     1986 PC: 0x0f84
INUM:     1987 PC: 0x0f86
INUM:     1988 PC: 0x0f88
INUM:     1989 PC: 0x0f8a
INUM:     1990 PC: 0x0f8c
INUM:     1991 PC: 0x0f8e
INUM:     1992 PC: 0x0f90
INUM:     1993 PC: 0x0f92
INUM:     1994 PC: 0x0f94
INUM:     1995 PC: 0x0f96
INUM:     1996 PC: 0x0f98
INUM:     1997 PC: 0x0f9a
INUM:     1998 PC: 0x0f9c
INUM:     1999 PC: 0x0f9e
INUM:     2000 PC: 0x0fa0
INUM:     2001 PC: 0x0fa2
INUM:     2002 PC: 0x0fa4
INUM:     2003 PC: 0x0fa6
INUM:     2004 PC: 0x0fa8
INUM:     2005 PC: 0x0faa
INUM:     2006 PC: 0x0fac
INUM:     2007 PC: 0x0fae
INUM:     2008 PC: 0x0fb0
INUM:     2009 PC: 0x0fb2
INUM:     2010 PC: 0x0fb4
INUM:     2011 PC: 0x0fb6
INUM:     2012 PC: 0x0fb8
INUM:     2013 PC: 0x0fba
INUM:     2014 PC: 0x0fbc
INUM:     2015 PC: 0x0fbe
INUM:     2016 PC: 0x0fc0
INUM:     2017 PC: 0x0fc2
INUM:     2018 PC: 0x0fc4
INUM:     2019 PC: 0x0fc6
INUM:     2020 PC: 0x0fc8
INUM:     2021 PC: 0x0fca
INUM:     2022 PC: 0x0fcc
INUM:     2023 PC: 0x0fce
INUM:     2024 PC: 0x0fd0
INUM:     2025 PC: 0x0fd2
INUM:     2026 PC: 0x0fd4
INUM:     2027 PC: 0x0fd6
INUM:     2028 PC: 0x0fd8
INUM:     2029 PC: 0x0fda
INUM:     2030 PC: 0x0fdc
INUM:     2031 PC: 0x0fde
INUM:     2032 PC: 0x0fe0
INUM:     2033 PC: 0x0fe2
INUM:     2034 PC: 0x0fe4
INUM:     2035 PC: 0x0fe6
INUM:     2036 PC: 0x0fe8
INUM:     2037 PC: 0x0fea
INUM:     2038 PC: 0x0fec
INUM:     2039 PC: 0x0fee
INUM:     2040 PC: 0x0ff0
INUM:     2041 PC: 0x0ff2
INUM:     2042 PC: 0x0ff4
INUM:     2043 PC: 0x0ff6
INUM:     2044 PC: 0x0ff8
INUM:     2045 PC: 0x0ffa
INUM:     2046 PC: 0x0ffc
INUM:     2047 PC: 0x0ffe
INUM:     2048 PC: 0x1000
INUM:     2049 PC: 0x1002
INUM:     2050 PC: 0x1004
INUM:     2051 PC: 0x1006
INUM:     2052 PC: 0x1008
INUM:     2053 PC: 0x100a
INUM:     2054 PC: 0x100c
INUM:     2055 PC: 0x100e
INUM:     2056 PC: 0x1010
INUM:     2057 PC: 0x1012
INUM:     2058 PC: 0x1014
INUM:     2059 PC: 0x1016
INUM:     2060 PC: 0x1018
INUM:     2061 PC: 0x101a
INUM:     2062 PC: 0x101c
INUM:     2063 PC: 0x101e
INUM:     2064 PC: 0x1020
INUM:     2065 PC: 0x1022
INUM:     2066 PC: 0x1024
INUM:     2067 PC: 0x1026
INUM:     2068 PC: 0x1028
INUM:     2069 PC: 0x102a
INUM:     2070 PC: 0x102c
INUM:     2071 PC: 0x102e
INUM:     2072 PC: 0x1030
INUM:     2073 PC: 0x1032
INUM:     2074 PC: 0x1034
INUM:     2075 PC: 0x1036
INUM:     2076 PC: 0x1038
INUM:     2077 PC: 0x103a
INUM:     2078 PC: 0x103c
INUM:     2079 PC: 0x103e
INUM:     2080 PC: 0x1040
INUM:     2081 PC: 0x1042
INUM:     2082 PC: 0x1044
INUM:     2083 PC: 0x1046
INUM:     2084 PC: 0x1048
INUM:     2085 PC: 0x104a
INUM:     2086 PC: 0x104c
INUM:     2087 PC: 0x104e
INUM:     2088 PC: 0x1050
INUM:     2089 PC: 0x1052
INUM:     2090 PC: 0x1054
INUM:     2091 PC: 0x1056
INUM:     2092 PC: 0x1058
INUM:     2093 PC: 0x105a
INUM:     2094 PC: 0x105c
INUM:     2095 PC: 0x105e
INUM:     2096 PC: 0x1060
INUM:     2097 PC: 0x1062
INUM:     2098 PC: 0x1064
INUM:     2099 PC: 0x1066
INUM:     2100 PC: 0x1068
INUM:     2101 PC: 0x106a
INUM:     2102 PC: 0x106c
INUM:     2103 PC: 0x106e
INUM:     2104 PC: 0x1070
INUM:     2105 PC: 0x1072
INUM:     2106 PC: 0x1074
INUM:     2107 PC: 0x1076
INUM:     2108 PC: 0x1078
INUM:     2109 PC: 0x107a
INUM:     2110 PC: 0x107c
INUM:     2111 PC: 0x107e
INUM:     2112 PC: 0x1080
INUM:     2113 PC: 0x1082
INUM:     2114 PC: 0x1084
INUM:     2115 PC: 0x1086
INUM:     2116 PC: 0x1088
INUM:     2117 PC: 0x108a
INUM:     2118 PC: 0x108c
INUM:     2119 PC: 0x108e
INUM:     2120 PC: 0x1090
INUM:     2121 PC: 0x1092
INUM:     2122 PC: 0x1094
INUM:     2123 PC: 0x1096
INUM:     2124 PC: 0x1098
INUM:     2125 PC: 0x109a
INUM:     2126 PC: 0x109c
INUM:     2127 PC: 0x109e
INUM:     2128 PC: 0x10a0
INUM:     2129 PC: 0x10a2
INUM:     2130 PC: 0x10a4
INUM:     2131 PC: 0x10a6
INUM:     2132 PC: 0x10a8
INUM:     2133 PC: 0x10aa
INUM:     2134 PC: 0x10ac
INUM:     2135 PC: 0x10ae
INUM:     2136 PC: 0x10b0
INUM:     2137 PC: 0x10b2
INUM:     2138 PC: 0x10b4
INUM:     2139 PC: 0x10b6
INUM:     2140 PC: 0x10b8
INUM:     2141 PC: 0x10ba
INUM:     2142 PC: 0x10bc
INUM:     2143 PC: 0x10be
INUM:     2144 PC: 0x10c0
INUM:     2145 PC: 0x10c2
INUM:     2146 PC: 0x10c4
INUM:     2147 PC: 0x10c6
INUM:     2148 PC: 0x10c8
INUM:     2149 PC: 0x10ca
INUM:     2150 PC: 0x10cc
INUM:     2151 PC: 0x10ce
INUM:     2152 PC: 0x10d0
INUM:     2153 PC: 0x10d2
INUM:     2154 PC: 0x10d4
INUM:     2155 PC: 0x10d6
INUM:     2156 PC: 0x10d8
INUM:     2157 PC: 0x10da
INUM:     2158 PC: 0x10dc
INUM:     2159 PC: 0x10de
INUM:     2160 PC: 0x10e0
INUM:     2161 PC: 0x10e2
INUM:     2162 PC: 0x10e4
INUM:     2163 PC: 0x10e6
INUM:     2164 PC: 0x10e8
INUM:     2165 PC: 0x10ea
INUM:     2166 PC: 0x10ec
INUM:     2167 PC: 0x10ee
INUM:     2168 PC: 0x10f0
INUM:     2169 PC: 0x10f2
INUM:     2170 PC: 0x10f4
INUM:     2171 PC: 0x10f6
INUM:     2172 PC: 0x10f8
INUM:     2173 PC: 0x10fa
INUM:     2174 PC: 0x10fc
INUM:     2175 PC: 0x10fe
INUM:     2176 PC: 0x1100
INUM:     2177 PC: 0x1102
INUM:     2178 PC: 0x1104
INUM:     2179 PC: 0x1106
INUM:     2180 PC: 0x1108
INUM:     2181 PC: 0x110a
INUM:     2182 PC: 0x110c
INUM:     2183 PC: 0x110e
INUM:     2184 PC: 0x1110
INUM:     2185 PC: 0x1112
INUM:     2186 PC: 0x1114
INUM:     2187 PC: 0x1116
INUM:     2188 PC: 0x1118
INUM:     2189 PC: 0x111a
INUM:     2190 PC: 0x111c
INUM:     2191 PC: 0x111e
INUM:     2192 PC: 0x1120
INUM:     2193 PC: 0x1122
INUM:     2194 PC: 0x1124
INUM:     2195 PC: 0x1126
INUM:     2196 PC: 0x1128
INUM:     2197 PC: 0x112a
INUM:     2198 PC: 0x112c
INUM:     2199 PC: 0x112e
INUM:     2200 PC: 0x1130
INUM:     2201 PC: 0x1132
INUM:     2202 PC: 0x1134
INUM:     2203 PC: 0x1136
INUM:     2204 PC: 0x1138
INUM:     2205 PC: 0x113a
INUM:     2206 PC: 0x113c
INUM:     2207 PC: 0x113e
INUM:     2208 PC: 0x1140
INUM:     2209 PC: 0x1142
INUM:     2210 PC: 0x1144
INUM:     2211 PC: 0x1146
INUM:     2212 PC: 0x1148
INUM:     2213 PC: 0x114a
INUM:     2214 PC: 0x114c
INUM:     2215 PC: 0x114e
INUM:     2216 PC: 0x1150
INUM:     2217 PC: 0x1152
INUM:     2218 PC: 0x1154
INUM:     2219 PC: 0x1156
INUM:     2220 PC: 0x1158
INUM:     2221 PC: 0x115a
INUM:     2222 PC: 0x115c
INUM:     2223 PC: 0x115e
INUM:     2224 PC: 0x1160
INUM:     2225 PC: 0x1162
INUM:     2226 PC: 0x1164
INUM:     2227 PC: 0x1166
INUM:     2228 PC: 0x1168
INUM:     2229 PC: 0x116a
INUM:     2230 PC: 0x116c
INUM:     2231 PC: 0x116e
INUM:     2232 PC: 0x1170
INUM:     2233 PC: 0x1172
INUM:     2234 PC: 0x1174
INUM:     2235 PC: 0x1176
INUM:     2236 PC: 0x1178
INUM:     2237 PC: 0x117a
INUM:     2238 PC: 0x117c
INUM:     2239 PC: 0x117e
INUM:     2240 PC: 0x1180
INUM:     2241 PC: 0x1182
INUM:     2242 PC: 0x1184
INUM:     2243 PC: 0x1186
INUM:     2244 PC: 0x1188
INUM:     2245 PC: 0x118a
INUM:     2246 PC: 0x118c
INUM:     2247 PC: 0x118e
INUM:     2248 PC: 0x1190
INUM:     2249 PC: 0x1192
INUM:     2250 PC: 0x1194
INUM:     2251 PC: 0x1196
INUM:     2252 PC: 0x1198
INUM:     2253 PC: 0x119a
INUM:     2254 PC: 0x119c
INUM:     2255 PC: 0x119e
INUM:     2256 PC: 0x11a0
INUM:     2257 PC: 0x11a2
INUM:     2258 PC: 0x11a4
INUM:     2259 PC: 0x11a6
INUM:     2260 PC: 0x11a8
INUM:     2261 PC: 0x11aa
INUM:     2262 PC: 0x11ac
INUM:     2263 PC: 0x11ae
INUM:     2264 PC: 0x11b0
INUM:     2265 PC: 0x11b2
INUM:     2266 PC: 0x11b4
INUM:     2267 PC: 0x11b6
INUM:     2268 PC: 0x11b8
INUM:     2269 PC: 0x11ba
INUM:     2270 PC: 0x11bc
INUM:     2271 PC: 0x11be
INUM:     2272 PC: 0x11c0
INUM:     2273 PC: 0x11c2
INUM:     2274 PC: 0x11c4
INUM:     2275 PC: 0x11c6
INUM:     2276 PC: 0x11c8
INUM:     2277 PC: 0x11ca
INUM:     2278 PC: 0x11cc
INUM:     2279 PC: 0x11ce
INUM:     2280 PC: 0x11d0
INUM:     2281 PC: 0x11d2
INUM:     2282 PC: 0x11d4
INUM:     2283 PC: 0x11d6
INUM:     2284 PC: 0x11d8
INUM:     2285 PC: 0x11da
INUM:     2286 PC: 0x11dc
INUM:     2287 PC: 0x11de
INUM:     2288 PC: 0x11e0
INUM:     2289 PC: 0x11e2
INUM:     2290 PC: 0x11e4
INUM:     2291 PC: 0x11e6
INUM:     2292 PC: 0x11e8
INUM:     2293 PC: 0x11ea
INUM:     2294 PC: 0x11ec
INUM:     2295 PC: 0x11ee
INUM:     2296 PC: 0x11f0
INUM:     2297 PC: 0x11f2
INUM:     2298 PC: 0x11f4
INUM:     2299 PC: 0x11f6
INUM:     2300 PC: 0x11f8
INUM:     2301 PC: 0x11fa
INUM:     2302 PC: 0x11fc
INUM:     2303 PC: 0x11fe
INUM:     2304 PC: 0x1200
INUM:     2305 PC: 0x1202
INUM:     2306 PC: 0x1204
INUM:     2307 PC: 0x1206
INUM:     2308 PC: 0x1208
INUM:     2309 PC: 0x120a
INUM:     2310 PC: 0x120c
INUM:     2311 PC: 0x120e
INUM:     2312 PC: 0x1210
INUM:     2313 PC: 0x1212
INUM:     2314 PC: 0x1214
INUM:     2315 PC: 0x1216
INUM:     2316 PC: 0x1218
INUM:     2317 PC: 0x121a
INUM:     2318 PC: 0x121c
INUM:     2319 PC: 0x121e
INUM:     2320 PC: 0x1220
INUM:     2321 PC: 0x1222
INUM:     2322 PC: 0x1224
INUM:     2323 PC: 0x1226
INUM:     2324 PC: 0x1228
INUM:     2325 PC: 0x122a
INUM:     2326 PC: 0x122c
INUM:     2327 PC: 0x122e
INUM:     2328 PC: 0x1230
INUM:     2329 PC: 0x1232
INUM:     2330 PC: 0x1234
INUM:     2331 PC: 0x1236
INUM:     2332 PC: 0x1238
INUM:     2333 PC: 0x123a
INUM:     2334 PC: 0x123c
INUM:     2335 PC: 0x123e
INUM:     2336 PC: 0x1240
INUM:     2337 PC: 0x1242
INUM:     2338 PC: 0x1244
INUM:     2339 PC: 0x1246
INUM:     2340 PC: 0x1248
INUM:     2341 PC: 0x124a
INUM:     2342 PC: 0x124c
INUM:     2343 PC: 0x124e
INUM:     2344 PC: 0x1250
INUM:     2345 PC: 0x1252
INUM:     2346 PC: 0x1254
INUM:     2347 PC: 0x1256
INUM:     2348 PC: 0x1258
INUM:     2349 PC: 0x125a
INUM:     2350 PC: 0x125c
INUM:     2351 PC: 0x125e
INUM:     2352 PC: 0x1260
INUM:     2353 PC: 0x1262
INUM:     2354 PC: 0x1264
INUM:     2355 PC: 0x1266
INUM:     2356 PC: 0x1268
INUM:     2357 PC: 0x126a
INUM:     2358 PC: 0x126c
INUM:     2359 PC: 0x126e
INUM:     2360 PC: 0x1270
INUM:     2361 PC: 0x1272
INUM:     2362 PC: 0x1274
INUM:     2363 PC: 0x1276
INUM:     2364 PC: 0x1278
INUM:     2365 PC: 0x127a
INUM:     2366 PC: 0x127c
INUM:     2367 PC: 0x127e
INUM:     2368 PC: 0x1280
INUM:     2369 PC: 0x1282
INUM:     2370 PC: 0x1284
INUM:     2371 PC: 0x1286
INUM:     2372 PC: 0x1288
INUM:     2373 PC: 0x128a
INUM:     2374 PC: 0x128c
INUM:     2375 PC: 0x128e
INUM:     2376 PC: 0x1290
INUM:     2377 PC: 0x1292
INUM:     2378 PC: 0x1294
INUM:     2379 PC: 0x1296
INUM:     2380 PC: 0x1298
INUM:     2381 PC: 0x129a
INUM:     2382 PC: 0x129c
INUM:     2383 PC: 0x129e
INUM:     2384 PC: 0x12a0
INUM:     2385 PC: 0x12a2
INUM:     2386 PC: 0x12a4
INUM:     2387 PC: 0x12a6
INUM:     2388 PC: 0x12a8
INUM:     2389 PC: 0x12aa
INUM:     2390 PC: 0x12ac
INUM:     2391 PC: 0x12ae
INUM:     2392 PC: 0x12b0
INUM:     2393 PC: 0x12b2
INUM:     2394 PC: 0x12b4
INUM:     2395 PC: 0x12b6
INUM:     2396 PC: 0x12b8
INUM:     2397 PC: 0x12ba
INUM:     2398 PC: 0x12bc
INUM:     2399 PC: 0x12be
INUM:     2400 PC: 0x12c0
INUM:     2401 PC: 0x12c2
INUM:     2402 PC: 0x12c4
INUM:     2403 PC: 0x12c6
INUM:     2404 PC: 0x12c8
INUM:     2405 PC: 0x12ca
INUM:     2406 PC: 0x12cc
INUM:     2407 PC: 0x12ce
INUM:     2408 PC: 0x12d0
INUM:     2409 PC: 0x12d2
INUM:     2410 PC: 0x12d4
INUM:     2411 PC: 0x12d6
INUM:     2412 PC: 0x12d8
INUM:     2413 PC: 0x12da
INUM:     2414 PC: 0x12dc
INUM:     2415 PC: 0x12de
INUM:     2416 PC: 0x12e0
INUM:     2417 PC: 0x12e2
INUM:     2418 PC: 0x12e4
INUM:     2419 PC: 0x12e6
INUM:     2420 PC: 0x12e8
INUM:     2421 PC: 0x12ea
INUM:     2422 PC: 0x12ec
INUM:     2423 PC: 0x12ee
INUM:     2424 PC: 0x12f0
INUM:     2425 PC: 0x12f2
INUM:     2426 PC: 0x12f4
INUM:     2427 PC: 0x12f6
INUM:     2428 PC: 0x12f8
INUM:     2429 PC: 0x12fa
INUM:     2430 PC: 0x12fc
INUM:     2431 PC: 0x12fe
INUM:     2432 PC: 0x1300
INUM:     2433 PC: 0x1302
INUM:     2434 PC: 0x1304
INUM:     2435 PC: 0x1306
INUM:     2436 PC: 0x1308
INUM:     2437 PC: 0x130a
INUM:     2438 PC: 0x130c
INUM:     2439 PC: 0x130e
INUM:     2440 PC: 0x1310
INUM:     2441 PC: 0x1312
INUM:     2442 PC: 0x1314
INUM:     2443 PC: 0x1316
INUM:     2444 PC: 0x1318
INUM:     2445 PC: 0x131a
INUM:     2446 PC: 0x131c
INUM:     2447 PC: 0x131e
INUM:     2448 PC: 0x1320
INUM:     2449 PC: 0x1322
INUM:     2450 PC: 0x1324
INUM:     2451 PC: 0x1326
INUM:     2452 PC: 0x1328
INUM:     2453 PC: 0x132a
INUM:     2454 PC: 0x132c
INUM:     2455 PC: 0x132e
INUM:     2456 PC: 0x1330
INUM:     2457 PC: 0x1332
INUM:     2458 PC: 0x1334
INUM:     2459 PC: 0x1336
INUM:     2460 PC: 0x1338
INUM:     2461 PC: 0x133a
INUM:     2462 PC: 0x133c
INUM:     2463 PC: 0x133e
INUM:     2464 PC: 0x1340
INUM:     2465 PC: 0x1342
INUM:     2466 PC: 0x1344
INUM:     2467 PC: 0x1346
INUM:     2468 PC: 0x1348
INUM:     2469 PC: 0x134a
INUM:     2470 PC: 0x134c
INUM:     2471 PC: 0x134e
INUM:     2472 PC: 0x1350
INUM:     2473 PC: 0x1352
INUM:     2474 PC: 0x1354
INUM:     2475 PC: 0x1356
INUM:     2476 PC: 0x1358
INUM:     2477 PC: 0x135a
INUM:     2478 PC: 0x135c
INUM:     2479 PC: 0x135e
INUM:     2480 PC: 0x1360
INUM:     2481 PC: 0x1362
INUM:     2482 PC: 0x1364
INUM:     2483 PC: 0x1366
INUM:     2484 PC: 0x1368
INUM:     2485 PC: 0x136a
INUM:     2486 PC: 0x136c
INUM:     2487 PC: 0x136e
INUM:     2488 PC: 0x1370
INUM:     2489 PC: 0x1372
INUM:     2490 PC: 0x1374
INUM:     2491 PC: 0x1376
INUM:     2492 PC: 0x1378
INUM:     2493 PC: 0x137a
INUM:     2494 PC: 0x137c
INUM:     2495 PC: 0x137e
INUM:     2496 PC: 0x1380
INUM:     2497 PC: 0x1382
INUM:     2498 PC: 0x1384
INUM:     2499 PC: 0x1386
INUM:     2500 PC: 0x1388
INUM:     2501 PC: 0x138a
INUM:     2502 PC: 0x138c
INUM:     2503 PC: 0x138e
INUM:     2504 PC: 0x1390
INUM:     2505 PC: 0x1392
INUM:     2506 PC: 0x1394
INUM:     2507 PC: 0x1396
INUM:     2508 PC: 0x1398
INUM:     2509 PC: 0x139a
INUM:     2510 PC: 0x139c
INUM:     2511 PC: 0x139e
INUM:     2512 PC: 0x13a0
INUM:     2513 PC: 0x13a2
INUM:     2514 PC: 0x13a4
INUM:     2515 PC: 0x13a6
INUM:     2516 PC: 0x13a8
INUM:     2517 PC: 0x13aa
INUM:     2518 PC: 0x13ac
INUM:     2519 PC: 0x13ae
INUM:     2520 PC: 0x13b0
INUM:     2521 PC: 0x13b2
INUM:     2522 PC: 0x13b4
INUM:     2523 PC: 0x13b6
INUM:     2524 PC: 0x13b8
INUM:     2525 PC: 0x13ba
INUM:     2526 PC: 0x13bc
INUM:     2527 PC: 0x13be
INUM:     2528 PC: 0x13c0
INUM:     2529 PC: 0x13c2
INUM:     2530 PC: 0x13c4
INUM:     2531 PC: 0x13c6
INUM:     2532 PC: 0x13c8
INUM:     2533 PC: 0x13ca
INUM:     2534 PC: 0x13cc
INUM:     2535 PC: 0x13ce
INUM:     2536 PC: 0x13d0
INUM:     2537 PC: 0x13d2
INUM:     2538 PC: 0x13d4
INUM:     2539 PC: 0x13d6
INUM:     2540 PC: 0x13d8
INUM:     2541 PC: 0x13da
INUM:     2542 PC: 0x13dc
INUM:     2543 PC: 0x13de
INUM:     2544 PC: 0x13e0
INUM:     2545 PC: 0x13e2
INUM:     2546 PC: 0x13e4
INUM:     2547 PC: 0x13e6
INUM:     2548 PC: 0x13e8
INUM:     2549 PC: 0x13ea
INUM:     2550 PC: 0x13ec
INUM:     2551 PC: 0x13ee
INUM:     2552 PC: 0x13f0
INUM:     2553 PC: 0x13f2
INUM:     2554 PC: 0x13f4
INUM:     2555 PC: 0x13f6
INUM:     2556 PC: 0x13f8
INUM:     2557 PC: 0x13fa
INUM:     2558 PC: 0x13fc
INUM:     2559 PC: 0x13fe
INUM:     2560 PC: 0x1400
INUM:     2561 PC: 0x1402
INUM:     2562 PC: 0x1404
INUM:     2563 PC: 0x1406
INUM:     2564 PC: 0x1408
INUM:     2565 PC: 0x140a
INUM:     2566 PC: 0x140c
INUM:     2567 PC: 0x140e
INUM:     2568 PC: 0x1410
INUM:     2569 PC: 0x1412
INUM:     2570 PC: 0x1414
INUM:     2571 PC: 0x1416
INUM:     2572 PC: 0x1418
INUM:     2573 PC: 0x141a
INUM:     2574 PC: 0x141c
INUM:     2575 PC: 0x141e
INUM:     2576 PC: 0x1420
INUM:     2577 PC: 0x1422
INUM:     2578 PC: 0x1424
INUM:     2579 PC: 0x1426
INUM:     2580 PC: 0x1428
INUM:     2581 PC: 0x142a
INUM:     2582 PC: 0x142c
INUM:     2583 PC: 0x142e
INUM:     2584 PC: 0x1430
INUM:     2585 PC: 0x1432
INUM:     2586 PC: 0x1434
INUM:     2587 PC: 0x1436
INUM:     2588 PC: 0x1438
INUM:     2589 PC: 0x143a
INUM:     2590 PC: 0x143c
INUM:     2591 PC: 0x143e
INUM:     2592 PC: 0x1440
INUM:     2593 PC: 0x1442
INUM:     2594 PC: 0x1444
INUM:     2595 PC: 0x1446
INUM:     2596 PC: 0x1448
INUM:     2597 PC: 0x144a
INUM:     2598 PC: 0x144c
INUM:     2599 PC: 0x144e
INUM:     2600 PC: 0x1450
INUM:     2601 PC: 0x1452
INUM:     2602 PC: 0x1454
INUM:     2603 PC: 0x1456
INUM:     2604 PC: 0x1458
INUM:     2605 PC: 0x145a
INUM:     2606 PC: 0x145c
INUM:     2607 PC: 0x145e
INUM:     2608 PC: 0x1460
INUM:     2609 PC: 0x1462
INUM:     2610 PC: 0x1464
INUM:     2611 PC: 0x1466
INUM:     2612 PC: 0x1468
INUM:     2613 PC: 0x146a
INUM:     2614 PC: 0x146c
INUM:     2615 PC: 0x146e
INUM:     2616 PC: 0x1470
INUM:     2617 PC: 0x1472
INUM:     2618 PC: 0x1474
INUM:     2619 PC: 0x1476
INUM:     2620 PC: 0x1478
INUM:     2621 PC: 0x147a
INUM:     2622 PC: 0x147c
INUM:     2623 PC: 0x147e
INUM:     2624 PC: 0x1480
INUM:     2625 PC: 0x1482
INUM:     2626 PC: 0x1484
INUM:     2627 PC: 0x1486
INUM:     2628 PC: 0x1488
INUM:     2629 PC: 0x148a
INUM:     2630 PC: 0x148c
INUM:     2631 PC: 0x148e
INUM:     2632 PC: 0x1490
INUM:     2633 PC: 0x1492
INUM:     2634 PC: 0x1494
INUM:     2635 PC: 0x1496
INUM:     2636 PC: 0x1498
INUM:     2637 PC: 0x149a
INUM:     2638 PC: 0x149c
INUM:     2639 PC: 0x149e
INUM:     2640 PC: 0x14a0
INUM:     2641 PC: 0x14a2
INUM:     2642 PC: 0x14a4
INUM:     2643 PC: 0x14a6
INUM:     2644 PC: 0x14a8
INUM:     2645 PC: 0x14aa
INUM:     2646 PC: 0x14ac
INUM:     2647 PC: 0x14ae
INUM:     2648 PC: 0x14b0
INUM:     2649 PC: 0x14b2
INUM:     2650 PC: 0x14b4
INUM:     2651 PC: 0x14b6
INUM:     2652 PC: 0x14b8
INUM:     2653 PC: 0x14ba
INUM:     2654 PC: 0x14bc
INUM:     2655 PC: 0x14be
INUM:     2656 PC: 0x14c0
INUM:     2657 PC: 0x14c2
INUM:     2658 PC: 0x14c4
INUM:     2659 PC: 0x14c6
INUM:     2660 PC: 0x14c8
INUM:     2661 PC: 0x14ca
INUM:     2662 PC: 0x14cc
INUM:     2663 PC: 0x14ce
INUM:     2664 PC: 0x14d0
INUM:     2665 PC: 0x14d2
INUM:     2666 PC: 0x14d4
INUM:     2667 PC: 0x14d6
INUM:     2668 PC: 0x14d8
INUM:     2669 PC: 0x14da
INUM:     2670 PC: 0x14dc
INUM:     2671 PC: 0x14de
INUM:     2672 PC: 0x14e0
INUM:     2673 PC: 0x14e2
INUM:     2674 PC: 0x14e4
INUM:     2675 PC: 0x14e6
INUM:     2676 PC: 0x14e8
INUM:     2677 PC: 0x14ea
INUM:     2678 PC: 0x14ec
INUM:     2679 PC: 0x14ee
INUM:     2680 PC: 0x14f0
INUM:     2681 PC: 0x14f2
INUM:     2682 PC: 0x14f4
INUM:     2683 PC: 0x14f6
INUM:     2684 PC: 0x14f8
INUM:     2685 PC: 0x14fa
INUM:     2686 PC: 0x14fc
INUM:     2687 PC: 0x14fe
INUM:     2688 PC: 0x1500
INUM:     2689 PC: 0x1502
INUM:     2690 PC: 0x1504
INUM:     2691 PC: 0x1506
INUM:     2692 PC: 0x1508
INUM:     2693 PC: 0x150a
INUM:     2694 PC: 0x150c
INUM:     2695 PC: 0x150e
INUM:     2696 PC: 0x1510
INUM:     2697 PC: 0x1512
INUM:     2698 PC: 0x1514
INUM:     2699 PC: 0x1516
INUM:     2700 PC: 0x1518
INUM:     2701 PC: 0x151a
INUM:     2702 PC: 0x151c
INUM:     2703 PC: 0x151e
INUM:     2704 PC: 0x1520
INUM:     2705 PC: 0x1522
INUM:     2706 PC: 0x1524
INUM:     2707 PC: 0x1526
INUM:     2708 PC: 0x1528
INUM:     2709 PC: 0x152a
INUM:     2710 PC: 0x152c
INUM:     2711 PC: 0x152e
INUM:     2712 PC: 0x1530
INUM:     2713 PC: 0x1532
INUM:     2714 PC: 0x1534
INUM:     2715 PC: 0x1536
INUM:     2716 PC: 0x1538
INUM:     2717 PC: 0x153a
INUM:     2718 PC: 0x153c
INUM:     2719 PC: 0x153e
INUM:     2720 PC: 0x1540
INUM:     2721 PC: 0x1542
INUM:     2722 PC: 0x1544
INUM:     2723 PC: 0x1546
INUM:     2724 PC: 0x1548
INUM:     2725 PC: 0x154a
INUM:     2726 PC: 0x154c
INUM:     2727 PC: 0x154e
INUM:     2728 PC: 0x1550
INUM:     2729 PC: 0x1552
INUM:     2730 PC: 0x1554
INUM:     2731 PC: 0x1556
INUM:     2732 PC: 0x1558
INUM:     2733 PC: 0x155a
INUM:     2734 PC: 0x155c
INUM:     2735 PC: 0x155e
INUM:     2736 PC: 0x1560
INUM:     2737 PC: 0x1562
INUM:     2738 PC: 0x1564
INUM:     2739 PC: 0x1566
INUM:     2740 PC: 0x1568
INUM:     2741 PC: 0x156a
INUM:     2742 PC: 0x156c
INUM:     2743 PC: 0x156e
INUM:     2744 PC: 0x1570
INUM:     2745 PC: 0x1572
INUM:     2746 PC: 0x1574
INUM:     2747 PC: 0x1576
INUM:     2748 PC: 0x1578
INUM:     2749 PC: 0x157a
INUM:     2750 PC: 0x157c
INUM:     2751 PC: 0x157e
INUM:     2752 PC: 0x1580
INUM:     2753 PC: 0x1582
INUM:     2754 PC: 0x1584
INUM:     2755 PC: 0x1586
INUM:     2756 PC: 0x1588
INUM:     2757 PC: 0x158a
INUM:     2758 PC: 0x158c
INUM:     2759 PC: 0x158e
INUM:     2760 PC: 0x1590
INUM:     2761 PC: 0x1592
INUM:     2762 PC: 0x1594
INUM:     2763 PC: 0x1596
INUM:     2764 PC: 0x1598
INUM:     2765 PC: 0x159a
INUM:     2766 PC: 0x159c
INUM:     2767 PC: 0x159e
INUM:     2768 PC: 0x15a0
INUM:     2769 PC: 0x15a2
INUM:     2770 PC: 0x15a4
INUM:     2771 PC: 0x15a6
INUM:     2772 PC: 0x15a8
INUM:     2773 PC: 0x15aa
INUM:     2774 PC: 0x15ac
INUM:     2775 PC: 0x15ae
INUM:     2776 PC: 0x15b0
INUM:     2777 PC: 0x15b2
INUM:     2778 PC: 0x15b4
INUM:     2779 PC: 0x15b6
INUM:     2780 PC: 0x15b8
INUM:     2781 PC: 0x15ba
INUM:     2782 PC: 0x15bc
INUM:     2783 PC: 0x15be
INUM:     2784 PC: 0x15c0
INUM:     2785 PC: 0x15c2
INUM:     2786 PC: 0x15c4
INUM:     2787 PC: 0x15c6
INUM:     2788 PC: 0x15c8
INUM:     2789 PC: 0x15ca
INUM:     2790 PC: 0x15cc
INUM:     2791 PC: 0x15ce
INUM:     2792 PC: 0x15d0
INUM:     2793 PC: 0x15d2
INUM:     2794 PC: 0x15d4
INUM:     2795 PC: 0x15d6
INUM:     2796 PC: 0x15d8
INUM:     2797 PC: 0x15da
INUM:     2798 PC: 0x15dc
INUM:     2799 PC: 0x15de
INUM:     2800 PC: 0x15e0
INUM:     2801 PC: 0x15e2
INUM:     2802 PC: 0x15e4
INUM:     2803 PC: 0x15e6
INUM:     2804 PC: 0x15e8
INUM:     2805 PC: 0x15ea
INUM:     2806 PC: 0x15ec
INUM:     2807 PC: 0x15ee
INUM:     2808 PC: 0x15f0
INUM:     2809 PC: 0x15f2
INUM:     2810 PC: 0x15f4
INUM:     2811 PC: 0x15f6
INUM:     2812 PC: 0x15f8
INUM:     2813 PC: 0x15fa
INUM:     2814 PC: 0x15fc
INUM:     2815 PC: 0x15fe
INUM:     2816 PC: 0x1600
INUM:     2817 PC: 0x1602
INUM:     2818 PC: 0x1604
INUM:     2819 PC: 0x1606
INUM:     2820 PC: 0x1608
INUM:     2821 PC: 0x160a
INUM:     2822 PC: 0x160c
INUM:     2823 PC: 0x160e
INUM:     2824 PC: 0x1610
INUM:     2825 PC: 0x1612
INUM:     2826 PC: 0x1614
INUM:     2827 PC: 0x1616
INUM:     2828 PC: 0x1618
INUM:     2829 PC: 0x161a
INUM:     2830 PC: 0x161c
INUM:     2831 PC: 0x161e
INUM:     2832 PC: 0x1620
INUM:     2833 PC: 0x1622
INUM:     2834 PC: 0x1624
INUM:     2835 PC: 0x1626
INUM:     2836 PC: 0x1628
INUM:     2837 PC: 0x162a
INUM:     2838 PC: 0x162c
INUM:     2839 PC: 0x162e
INUM:     2840 PC: 0x1630
INUM:     2841 PC: 0x1632
INUM:     2842 PC: 0x1634
INUM:     2843 PC: 0x1636
INUM:     2844 PC: 0x1638
INUM:     2845 PC: 0x163a
INUM:     2846 PC: 0x163c
INUM:     2847 PC: 0x163e
INUM:     2848 PC: 0x1640
INUM:     2849 PC: 0x1642
INUM:     2850 PC: 0x1644
INUM:     2851 PC: 0x1646
INUM:     2852 PC: 0x1648
INUM:     2853 PC: 0x164a
INUM:     2854 PC: 0x164c
INUM:     2855 PC: 0x164e
INUM:     2856 PC: 0x1650
INUM:     2857 PC: 0x1652
INUM:     2858 PC: 0x1654
INUM:     2859 PC: 0x1656
INUM:     2860 PC: 0x1658
INUM:     2861 PC: 0x165a
INUM:     2862 PC: 0x165c
INUM:     2863 PC: 0x165e
INUM:     2864 PC: 0x1660
INUM:     2865 PC: 0x1662
INUM:     2866 PC: 0x1664
INUM:     2867 PC: 0x1666
INUM:     2868 PC: 0x1668
INUM:     2869 PC: 0x166a
INUM:     2870 PC: 0x166c
INUM:     2871 PC: 0x166e
INUM:     2872 PC: 0x1670
INUM:     2873 PC: 0x1672
INUM:     2874 PC: 0x1674
INUM:     2875 PC: 0x1676
INUM:     2876 PC: 0x1678
INUM:     2877 PC: 0x167a
