#! /usr/bin/vvp
:ivl_version "0.9.1" "(v0_9_1)";
:vpi_time_precision + 0;
:vpi_module "system";
:vpi_module "v2005_math";
:vpi_module "va_math";
S_0x9a886f8 .scope module, "tb_alu" "tb_alu" 2 1;
 .timescale 0 0;
v0x9ab3470_0 .var "A", 15 0;
v0x9ab34d0_0 .var "B", 15 0;
v0x9ab3540_0 .var "Cin", 0 0;
v0x9ab35b0_0 .net "Clk", 0 0, v0x9ab32f0_0; 1 drivers
v0x9ab3638_0 .var "Err", 0 0;
v0x9ab36a8_0 .net "Ofl", 0 0, C4<z>; 0 drivers
v0x9ab3738_0 .var "Op", 2 0;
v0x9ab37a8_0 .net "Out", 15 0, v0x9ab31a8_0; 1 drivers
v0x9ab37f8_0 .net "Rst", 0 0, v0x9ab3420_0; 1 drivers
v0x9ab3868_0 .net "Z", 0 0, C4<z>; 0 drivers
v0x9ab38d8_0 .var "invA", 0 0;
v0x9ab3948_0 .var "invB", 0 0;
v0x9ab39b8_0 .var "sign", 0 0;
S_0x9ab3250 .scope module, "clk" "clkrst" 2 10, 3 12, S_0x9a886f8;
 .timescale 0 0;
v0x9ab32f0_0 .var "clk", 0 0;
v0x9ab3360_0 .var/i "cycle_count", 31 0;
v0x9ab33c0_0 .net "err", 0 0, v0x9ab3638_0; 1 drivers
v0x9ab3420_0 .var "rst", 0 0;
E_0x9ab2190 .event posedge, v0x9ab32f0_0;
S_0x9a88a90 .scope module, "a1" "alu" 2 11, 4 1, S_0x9a886f8;
 .timescale 0 0;
L_0x9ab3a28 .functor NOT 16, v0x9ab3470_0, C4<0000000000000000>, C4<0000000000000000>, C4<0000000000000000>;
L_0x9ab3b90 .functor NOT 16, v0x9ab34d0_0, C4<0000000000000000>, C4<0000000000000000>, C4<0000000000000000>;
v0x9ab2b88_0 .net "A", 15 0, v0x9ab3470_0; 1 drivers
v0x9ab2bd8_0 .net "Ai", 15 0, L_0x9ab3ae8; 1 drivers
v0x9ab2c28_0 .net "B", 15 0, v0x9ab34d0_0; 1 drivers
v0x9ab2c88_0 .net "Bi", 15 0, L_0x9ab3c00; 1 drivers
v0x9ab2cd8_0 .net "Cin", 0 0, v0x9ab3540_0; 1 drivers
v0x9ab2d38_0 .net "O1", 15 0, L_0x9ab24d0; 1 drivers
v0x9ab2d88_0 .alias "Ofl", 0 0, v0x9ab36a8_0;
v0x9ab2dd8_0 .net "Op", 2 0, v0x9ab3738_0; 1 drivers
v0x9ab2e60_0 .alias "Out", 15 0, v0x9ab37a8_0;
v0x9ab2ec0_0 .alias "Z", 0 0, v0x9ab3868_0;
v0x9ab2f50_0 .net *"_s0", 15 0, L_0x9ab3a28; 1 drivers
v0x9ab2fb0_0 .net *"_s4", 15 0, L_0x9ab3b90; 1 drivers
v0x9ab3048_0 .net "invA", 0 0, v0x9ab38d8_0; 1 drivers
v0x9ab30a8_0 .net "invB", 0 0, v0x9ab3948_0; 1 drivers
v0x9ab3148_0 .net "sign", 0 0, v0x9ab39b8_0; 1 drivers
v0x9ab31a8_0 .var "tmp", 15 0;
E_0x9a88688 .event edge, v0x9ab2dd8_0, v0x9ab2910_0;
L_0x9ab3ae8 .functor MUXZ 16, v0x9ab3470_0, L_0x9ab3a28, v0x9ab38d8_0, C4<>;
L_0x9ab3c00 .functor MUXZ 16, v0x9ab34d0_0, L_0x9ab3b90, v0x9ab3948_0, C4<>;
L_0x9ab5068 .part v0x9ab34d0_0, 0, 4;
L_0x9ab5120 .part v0x9ab3738_0, 0, 2;
S_0x9a873f0 .scope module, "s1" "shifter" 4 17, 5 1, S_0x9a88a90;
 .timescale 0 0;
L_0x9ab24d0 .functor BUFZ 16, L_0x9ab08b0, C4<0000000000000000>, C4<0000000000000000>, C4<0000000000000000>;
v0x9ab2800_0 .net "Cnt", 3 0, L_0x9ab5068; 1 drivers
v0x9ab2870_0 .alias "In", 15 0, v0x9ab2b88_0;
v0x9ab28c0_0 .net "Op", 1 0, L_0x9ab5120; 1 drivers
v0x9ab2910_0 .alias "Out", 15 0, v0x9ab2d38_0;
v0x9ab2978_0 .net "eightOut", 15 0, L_0x9ab08b0; 1 drivers
v0x9ab29e8_0 .net "fourEight", 15 0, L_0x9ab43b8; 1 drivers
v0x9ab2a58_0 .net "oneTwo", 15 0, L_0x9ab3cc0; 1 drivers
v0x9ab2aa8_0 .net "twoFour", 15 0, L_0x9ab3f70; 1 drivers
L_0x9ab3d78 .part L_0x9ab5068, 0, 1;
L_0x9ab3fc0 .part L_0x9ab5068, 1, 1;
L_0x9ab2b20 .part L_0x9ab5068, 2, 1;
L_0x9ab4f68 .part L_0x9ab5068, 3, 1;
S_0x9ab2578 .scope module, "s1" "shifter1" 5 8, 6 1, S_0x9a873f0;
 .timescale 0 0;
v0x9ab2618_0 .net "Go", 0 0, L_0x9ab3d78; 1 drivers
v0x9ab2678_0 .alias "In", 15 0, v0x9ab2b88_0;
v0x9ab26d8_0 .alias "Op", 1 0, v0x9ab28c0_0;
v0x9ab2728_0 .alias "Out", 15 0, v0x9ab2a58_0;
v0x9ab27b0_0 .var "tmp", 15 0;
E_0x9ab25f8 .event edge, v0x9aae278_0, v0x9ab2678_0;
L_0x9ab3cc0 .functor MUXZ 16, v0x9ab3470_0, v0x9ab27b0_0, L_0x9ab3d78, C4<>;
S_0x9ab1da0 .scope module, "s2" "shifter2" 5 9, 7 1, S_0x9a873f0;
 .timescale 0 0;
v0x9ab2328_0 .net "Go", 0 0, L_0x9ab3fc0; 1 drivers
v0x9ab2378_0 .alias "In", 15 0, v0x9ab2a58_0;
v0x9ab23c8_0 .alias "Op", 1 0, v0x9ab28c0_0;
v0x9ab2418_0 .alias "Out", 15 0, v0x9ab2aa8_0;
v0x9ab2480_0 .net "tmp", 15 0, L_0x9ab3dc8; 1 drivers
v0x9ab2508_0 .net "tmp2", 15 0, L_0x9ab3e18; 1 drivers
L_0x9ab3f70 .functor MUXZ 16, L_0x9ab3cc0, L_0x9ab3e18, L_0x9ab3fc0, C4<>;
S_0x9ab2070 .scope module, "s0" "shifter1" 7 8, 6 1, S_0x9ab1da0;
 .timescale 0 0;
v0x9ab2130_0 .alias "Go", 0 0, v0x9ab2328_0;
v0x9ab21b0_0 .alias "In", 15 0, v0x9ab2a58_0;
v0x9ab2200_0 .alias "Op", 1 0, v0x9ab28c0_0;
v0x9ab2250_0 .alias "Out", 15 0, v0x9ab2480_0;
v0x9ab22d8_0 .var "tmp", 15 0;
E_0x9ab20f0 .event edge, v0x9aae278_0, v0x9ab21b0_0;
L_0x9ab3dc8 .functor MUXZ 16, L_0x9ab3cc0, v0x9ab22d8_0, L_0x9ab3fc0, C4<>;
S_0x9ab1e20 .scope module, "s1" "shifter1" 7 9, 6 1, S_0x9ab1da0;
 .timescale 0 0;
v0x9ab1ec0_0 .alias "Go", 0 0, v0x9ab2328_0;
v0x9ab1f10_0 .alias "In", 15 0, v0x9ab2480_0;
v0x9ab1f70_0 .alias "Op", 1 0, v0x9ab28c0_0;
v0x9ab1fc0_0 .alias "Out", 15 0, v0x9ab2508_0;
v0x9ab2010_0 .var "tmp", 15 0;
E_0x9ab1ea0 .event edge, v0x9aae278_0, v0x9ab1f10_0;
L_0x9ab3e18 .functor MUXZ 16, L_0x9ab3dc8, v0x9ab2010_0, L_0x9ab3fc0, C4<>;
S_0x9ab09a8 .scope module, "s4" "shifter4" 5 10, 8 1, S_0x9a873f0;
 .timescale 0 0;
v0x9ab1b00_0 .net "Go", 0 0, L_0x9ab2b20; 1 drivers
v0x9ab1b50_0 .alias "In", 15 0, v0x9ab2aa8_0;
v0x9ab1bd8_0 .alias "Op", 1 0, v0x9ab28c0_0;
v0x9ab1c28_0 .alias "Out", 15 0, v0x9ab29e8_0;
v0x9ab1ce0_0 .net "tmp", 15 0, L_0x9ab4178; 1 drivers
v0x9ab1d30_0 .net "tmp2", 15 0, L_0x9ab4358; 1 drivers
L_0x9ab43b8 .functor MUXZ 16, L_0x9ab3f70, L_0x9ab4358, L_0x9ab2b20, C4<>;
S_0x9ab12c8 .scope module, "s0" "shifter2" 8 8, 7 1, S_0x9ab09a8;
 .timescale 0 0;
v0x9ab18b0_0 .alias "Go", 0 0, v0x9ab1b00_0;
v0x9ab1900_0 .alias "In", 15 0, v0x9ab2aa8_0;
v0x9ab1970_0 .alias "Op", 1 0, v0x9ab28c0_0;
v0x9ab19c0_0 .alias "Out", 15 0, v0x9ab1ce0_0;
v0x9ab1a28_0 .net "tmp", 15 0, L_0x9ab4010; 1 drivers
v0x9ab1ab0_0 .net "tmp2", 15 0, L_0x9ab4060; 1 drivers
L_0x9ab4178 .functor MUXZ 16, L_0x9ab3f70, L_0x9ab4060, L_0x9ab2b20, C4<>;
S_0x9ab15a0 .scope module, "s0" "shifter1" 7 8, 6 1, S_0x9ab12c8;
 .timescale 0 0;
v0x9ab1660_0 .alias "Go", 0 0, v0x9ab1b00_0;
v0x9ab1728_0 .alias "In", 15 0, v0x9ab2aa8_0;
v0x9ab1788_0 .alias "Op", 1 0, v0x9ab28c0_0;
v0x9ab17d8_0 .alias "Out", 15 0, v0x9ab1a28_0;
v0x9ab1860_0 .var "tmp", 15 0;
E_0x9ab1620 .event edge, v0x9aae278_0, v0x9ab1728_0;
L_0x9ab4010 .functor MUXZ 16, L_0x9ab3f70, v0x9ab1860_0, L_0x9ab2b20, C4<>;
S_0x9ab1348 .scope module, "s1" "shifter1" 7 9, 6 1, S_0x9ab12c8;
 .timescale 0 0;
v0x9ab13c8_0 .alias "Go", 0 0, v0x9ab1b00_0;
v0x9ab1428_0 .alias "In", 15 0, v0x9ab1a28_0;
v0x9ab1488_0 .alias "Op", 1 0, v0x9ab28c0_0;
v0x9ab14d8_0 .alias "Out", 15 0, v0x9ab1ab0_0;
v0x9ab1540_0 .var "tmp", 15 0;
E_0x9aaf9a0 .event edge, v0x9aae278_0, v0x9ab1428_0;
L_0x9ab4060 .functor MUXZ 16, L_0x9ab4010, v0x9ab1540_0, L_0x9ab2b20, C4<>;
S_0x9ab0a28 .scope module, "s1" "shifter2" 8 9, 7 1, S_0x9ab09a8;
 .timescale 0 0;
v0x9ab10b0_0 .alias "Go", 0 0, v0x9ab1b00_0;
v0x9ab1100_0 .alias "In", 15 0, v0x9ab1ce0_0;
v0x9ab1150_0 .alias "Op", 1 0, v0x9ab28c0_0;
v0x9ab11a0_0 .alias "Out", 15 0, v0x9ab1d30_0;
v0x9ab11f0_0 .net "tmp", 15 0, L_0x9ab4230; 1 drivers
v0x9ab1278_0 .net "tmp2", 15 0, L_0x9ab42a0; 1 drivers
L_0x9ab4358 .functor MUXZ 16, L_0x9ab4178, L_0x9ab42a0, L_0x9ab2b20, C4<>;
S_0x9ab0cf8 .scope module, "s0" "shifter1" 7 8, 6 1, S_0x9ab0a28;
 .timescale 0 0;
v0x9ab0db8_0 .alias "Go", 0 0, v0x9ab1b00_0;
v0x9ab0e38_0 .alias "In", 15 0, v0x9ab1ce0_0;
v0x9ab0e88_0 .alias "Op", 1 0, v0x9ab28c0_0;
v0x9aaf938_0 .alias "Out", 15 0, v0x9ab11f0_0;
v0x9ab1060_0 .var "tmp", 15 0;
E_0x9ab0d78 .event edge, v0x9aae278_0, v0x9ab0e38_0;
L_0x9ab4230 .functor MUXZ 16, L_0x9ab4178, v0x9ab1060_0, L_0x9ab2b20, C4<>;
S_0x9ab0aa8 .scope module, "s1" "shifter1" 7 9, 6 1, S_0x9ab0a28;
 .timescale 0 0;
v0x9ab0b48_0 .alias "Go", 0 0, v0x9ab1b00_0;
v0x9ab0b98_0 .alias "In", 15 0, v0x9ab11f0_0;
v0x9ab0bf8_0 .alias "Op", 1 0, v0x9ab28c0_0;
v0x9ab0c48_0 .alias "Out", 15 0, v0x9ab1278_0;
v0x9ab0c98_0 .var "tmp", 15 0;
E_0x9ab0b28 .event edge, v0x9aae278_0, v0x9ab0b98_0;
L_0x9ab42a0 .functor MUXZ 16, L_0x9ab4230, v0x9ab0c98_0, L_0x9ab2b20, C4<>;
S_0x9a88020 .scope module, "s8" "shifter8" 5 11, 9 1, S_0x9a873f0;
 .timescale 0 0;
v0x9ab0720_0 .net "Go", 0 0, L_0x9ab4f68; 1 drivers
v0x9ab0770_0 .alias "In", 15 0, v0x9ab29e8_0;
v0x9ab07c0_0 .alias "Op", 1 0, v0x9ab28c0_0;
v0x9ab0810_0 .alias "Out", 15 0, v0x9ab2978_0;
v0x9ab0860_0 .net "tmp", 15 0, L_0x9ab49c0; 1 drivers
v0x9ab0918_0 .net "tmp2", 15 0, L_0x9ab4de8; 1 drivers
L_0x9ab08b0 .functor MUXZ 16, L_0x9ab43b8, L_0x9ab4de8, L_0x9ab4f68, C4<>;
S_0x9aaf3b0 .scope module, "s0" "shifter4" 9 8, 8 1, S_0x9a88020;
 .timescale 0 0;
v0x9ab04e8_0 .alias "Go", 0 0, v0x9ab0720_0;
v0x9ab0538_0 .alias "In", 15 0, v0x9ab29e8_0;
v0x9ab05c0_0 .alias "Op", 1 0, v0x9ab28c0_0;
v0x9ab0610_0 .alias "Out", 15 0, v0x9ab0860_0;
v0x9ab0660_0 .net "tmp", 15 0, L_0x9aaf898; 1 drivers
v0x9ab06b0_0 .net "tmp2", 15 0, L_0x9ab4960; 1 drivers
L_0x9ab49c0 .functor MUXZ 16, L_0x9ab43b8, L_0x9ab4960, L_0x9ab4f68, C4<>;
S_0x9aafcc8 .scope module, "s0" "shifter2" 8 8, 7 1, S_0x9aaf3b0;
 .timescale 0 0;
v0x9ab0260_0 .alias "Go", 0 0, v0x9ab0720_0;
v0x9ab02b0_0 .alias "In", 15 0, v0x9ab29e8_0;
v0x9ab0320_0 .alias "Op", 1 0, v0x9ab28c0_0;
v0x9ab0370_0 .alias "Out", 15 0, v0x9ab0660_0;
v0x9ab0410_0 .net "tmp", 15 0, L_0x9ab44f0; 1 drivers
v0x9ab0498_0 .net "tmp2", 15 0, L_0x9ab4550; 1 drivers
L_0x9aaf898 .functor MUXZ 16, L_0x9ab43b8, L_0x9ab4550, L_0x9ab4f68, C4<>;
S_0x9aaffb8 .scope module, "s0" "shifter1" 7 8, 6 1, S_0x9aafcc8;
 .timescale 0 0;
v0x9ab0078_0 .alias "Go", 0 0, v0x9ab0720_0;
v0x9ab00d8_0 .alias "In", 15 0, v0x9ab29e8_0;
v0x9ab0138_0 .alias "Op", 1 0, v0x9ab28c0_0;
v0x9ab0188_0 .alias "Out", 15 0, v0x9ab0410_0;
v0x9ab0210_0 .var "tmp", 15 0;
E_0x9ab0038 .event edge, v0x9aae278_0, v0x9ab00d8_0;
L_0x9ab44f0 .functor MUXZ 16, L_0x9ab43b8, v0x9ab0210_0, L_0x9ab4f68, C4<>;
S_0x9aafd48 .scope module, "s1" "shifter1" 7 9, 6 1, S_0x9aafcc8;
 .timescale 0 0;
v0x9aafdf8_0 .alias "Go", 0 0, v0x9ab0720_0;
v0x9aafe58_0 .alias "In", 15 0, v0x9ab0410_0;
v0x9aafeb8_0 .alias "Op", 1 0, v0x9ab28c0_0;
v0x9aaff08_0 .alias "Out", 15 0, v0x9ab0498_0;
v0x9aaff58_0 .var "tmp", 15 0;
E_0x9aafdc8 .event edge, v0x9aae278_0, v0x9aafe58_0;
L_0x9ab4550 .functor MUXZ 16, L_0x9ab44f0, v0x9aaff58_0, L_0x9ab4f68, C4<>;
S_0x9aaf430 .scope module, "s1" "shifter2" 8 9, 7 1, S_0x9aaf3b0;
 .timescale 0 0;
v0x9aafa70_0 .alias "Go", 0 0, v0x9ab0720_0;
v0x9aafac0_0 .alias "In", 15 0, v0x9ab0660_0;
v0x9aafb30_0 .alias "Op", 1 0, v0x9ab28c0_0;
v0x9aafb80_0 .alias "Out", 15 0, v0x9ab06b0_0;
v0x9aafbd0_0 .net "tmp", 15 0, L_0x9ab1c78; 1 drivers
v0x9aafc58_0 .net "tmp2", 15 0, L_0x9ab4898; 1 drivers
L_0x9ab4960 .functor MUXZ 16, L_0x9aaf898, L_0x9ab4898, L_0x9ab4f68, C4<>;
S_0x9aaf700 .scope module, "s0" "shifter1" 7 8, 6 1, S_0x9aaf430;
 .timescale 0 0;
v0x9aaf7c0_0 .alias "Go", 0 0, v0x9ab0720_0;
v0x9aaed08_0 .alias "In", 15 0, v0x9ab0660_0;
v0x9aaf8e8_0 .alias "Op", 1 0, v0x9ab28c0_0;
v0x9aaee20_0 .alias "Out", 15 0, v0x9aafbd0_0;
v0x9aafa20_0 .var "tmp", 15 0;
E_0x9aaf780 .event edge, v0x9aae278_0, v0x9aaed08_0;
L_0x9ab1c78 .functor MUXZ 16, L_0x9aaf898, v0x9aafa20_0, L_0x9ab4f68, C4<>;
S_0x9aaf4b0 .scope module, "s1" "shifter1" 7 9, 6 1, S_0x9aaf430;
 .timescale 0 0;
v0x9aaf550_0 .alias "Go", 0 0, v0x9ab0720_0;
v0x9aaf5a0_0 .alias "In", 15 0, v0x9aafbd0_0;
v0x9aaf600_0 .alias "Op", 1 0, v0x9ab28c0_0;
v0x9aaf650_0 .alias "Out", 15 0, v0x9aafc58_0;
v0x9aaf6a0_0 .var "tmp", 15 0;
E_0x9aaf530 .event edge, v0x9aae278_0, v0x9aaf5a0_0;
L_0x9ab4898 .functor MUXZ 16, L_0x9ab1c78, v0x9aaf6a0_0, L_0x9ab4f68, C4<>;
S_0x9a859d8 .scope module, "s1" "shifter4" 9 9, 8 1, S_0x9a88020;
 .timescale 0 0;
v0x9aaf178_0 .alias "Go", 0 0, v0x9ab0720_0;
v0x9aaf1c8_0 .alias "In", 15 0, v0x9ab0860_0;
v0x9aaf250_0 .alias "Op", 1 0, v0x9ab28c0_0;
v0x9aaf2a0_0 .alias "Out", 15 0, v0x9ab0918_0;
v0x9aaf2f0_0 .net "tmp", 15 0, L_0x9ab4b68; 1 drivers
v0x9aaf340_0 .net "tmp2", 15 0, L_0x9ab4d88; 1 drivers
L_0x9ab4de8 .functor MUXZ 16, L_0x9ab49c0, L_0x9ab4d88, L_0x9ab4f68, C4<>;
S_0x9aae918 .scope module, "s0" "shifter2" 8 8, 7 1, S_0x9a859d8;
 .timescale 0 0;
v0x9aaef60_0 .alias "Go", 0 0, v0x9ab0720_0;
v0x9aaefb0_0 .alias "In", 15 0, v0x9ab0860_0;
v0x9aaf020_0 .alias "Op", 1 0, v0x9ab28c0_0;
v0x9aaf070_0 .alias "Out", 15 0, v0x9aaf2f0_0;
v0x9aaf0d8_0 .net "tmp", 15 0, L_0x9ab4a30; 1 drivers
v0x9aaf128_0 .net "tmp2", 15 0, L_0x9ab4aa0; 1 drivers
L_0x9ab4b68 .functor MUXZ 16, L_0x9ab49c0, L_0x9ab4aa0, L_0x9ab4f68, C4<>;
S_0x9aaebe8 .scope module, "s0" "shifter1" 7 8, 6 1, S_0x9aae918;
 .timescale 0 0;
v0x9aaeca8_0 .alias "Go", 0 0, v0x9ab0720_0;
v0x9aaed70_0 .alias "In", 15 0, v0x9ab0860_0;
v0x9aaedd0_0 .alias "Op", 1 0, v0x9ab28c0_0;
v0x9aaee88_0 .alias "Out", 15 0, v0x9aaf0d8_0;
v0x9aaef10_0 .var "tmp", 15 0;
E_0x9aaec68 .event edge, v0x9aae278_0, v0x9aaed70_0;
L_0x9ab4a30 .functor MUXZ 16, L_0x9ab49c0, v0x9aaef10_0, L_0x9ab4f68, C4<>;
S_0x9aae998 .scope module, "s1" "shifter1" 7 9, 6 1, S_0x9aae918;
 .timescale 0 0;
v0x9aaea38_0 .alias "Go", 0 0, v0x9ab0720_0;
v0x9aaea88_0 .alias "In", 15 0, v0x9aaf0d8_0;
v0x9aaeae8_0 .alias "Op", 1 0, v0x9ab28c0_0;
v0x9aaeb38_0 .alias "Out", 15 0, v0x9aaf128_0;
v0x9aaeb88_0 .var "tmp", 15 0;
E_0x9aaea18 .event edge, v0x9aae278_0, v0x9aaea88_0;
L_0x9ab4aa0 .functor MUXZ 16, L_0x9ab4a30, v0x9aaeb88_0, L_0x9ab4f68, C4<>;
S_0x9a86608 .scope module, "s1" "shifter2" 8 9, 7 1, S_0x9a859d8;
 .timescale 0 0;
v0x9aae678_0 .alias "Go", 0 0, v0x9ab0720_0;
v0x9aae700_0 .alias "In", 15 0, v0x9aaf2f0_0;
v0x9aae750_0 .alias "Op", 1 0, v0x9ab28c0_0;
v0x9aae7d8_0 .alias "Out", 15 0, v0x9aaf340_0;
v0x9aae840_0 .net "tmp", 15 0, L_0x9ab4c30; 1 drivers
v0x9aae8c8_0 .net "tmp2", 15 0, L_0x9ab4cc0; 1 drivers
L_0x9ab4d88 .functor MUXZ 16, L_0x9ab4b68, L_0x9ab4cc0, L_0x9ab4f68, C4<>;
S_0x9aae3a0 .scope module, "s0" "shifter1" 7 8, 6 1, S_0x9a86608;
 .timescale 0 0;
v0x9aae460_0 .alias "Go", 0 0, v0x9ab0720_0;
v0x9aae4e0_0 .alias "In", 15 0, v0x9aaf2f0_0;
v0x9aae530_0 .alias "Op", 1 0, v0x9ab28c0_0;
v0x9aae5a0_0 .alias "Out", 15 0, v0x9aae840_0;
v0x9aae628_0 .var "tmp", 15 0;
E_0x9aae420 .event edge, v0x9aae278_0, v0x9aae4e0_0;
L_0x9ab4c30 .functor MUXZ 16, L_0x9ab4b68, v0x9aae628_0, L_0x9ab4f68, C4<>;
S_0x9a83e10 .scope module, "s1" "shifter1" 7 9, 6 1, S_0x9a86608;
 .timescale 0 0;
v0x9a894e0_0 .alias "Go", 0 0, v0x9ab0720_0;
v0x9aae218_0 .alias "In", 15 0, v0x9aae840_0;
v0x9aae278_0 .alias "Op", 1 0, v0x9ab28c0_0;
v0x9aae2d8_0 .alias "Out", 15 0, v0x9aae8c8_0;
v0x9aae340_0 .var "tmp", 15 0;
E_0x9a887e8 .event edge, v0x9aae278_0, v0x9aae218_0;
L_0x9ab4cc0 .functor MUXZ 16, L_0x9ab4c30, v0x9aae340_0, L_0x9ab4f68, C4<>;
    .scope S_0x9ab3250;
T_0 ;
    %vpi_call 3 23 "$dumpvars";
    %set/v v0x9ab3360_0, 0, 32;
    %set/v v0x9ab3420_0, 1, 1;
    %set/v v0x9ab32f0_0, 1, 1;
    %delay 201, 0;
    %set/v v0x9ab3420_0, 0, 1;
    %end;
    .thread T_0;
    .scope S_0x9ab3250;
T_1 ;
    %delay 50, 0;
    %load/v 8, v0x9ab32f0_0, 1;
    %inv 8, 1;
    %set/v v0x9ab32f0_0, 8, 1;
    %load/v 8, v0x9ab32f0_0, 1;
    %load/v 9, v0x9ab33c0_0, 1;
    %and 8, 9, 1;
    %jmp/0xz  T_1.0, 8;
    %vpi_call 3 33 "$display", "Error signal asserted";
    %vpi_call 3 34 "$stop";
T_1.0 ;
    %jmp T_1;
    .thread T_1;
    .scope S_0x9ab3250;
T_2 ;
    %wait E_0x9ab2190;
    %load/v 8, v0x9ab3360_0, 32;
    %mov 40, 39, 1;
   %addi 8, 1, 33;
    %set/v v0x9ab3360_0, 8, 32;
    %movi 8, 100000, 32;
    %load/v 40, v0x9ab3360_0, 32;
    %cmp/s 8, 40, 32;
    %jmp/0xz  T_2.0, 5;
    %vpi_call 3 40 "$display", "hmm....more than 100000 cycles of simulation...error?\012";
    %vpi_call 3 41 "$finish";
T_2.0 ;
    %jmp T_2;
    .thread T_2;
    .scope S_0x9ab2578;
T_3 ;
    %wait E_0x9ab25f8;
    %load/v 8, v0x9ab26d8_0, 2;
    %cmpi/u 8, 0, 2;
    %jmp/1 T_3.0, 6;
    %cmpi/u 8, 1, 2;
    %jmp/1 T_3.1, 6;
    %cmpi/u 8, 2, 2;
    %jmp/1 T_3.2, 6;
    %cmpi/u 8, 3, 2;
    %jmp/1 T_3.3, 6;
    %jmp T_3.4;
T_3.0 ;
    %load/v 8, v0x9ab2678_0, 16;
    %ix/load 0, 1, 0;
    %mov 4, 0, 1;
    %shiftl/i0  8, 16;
    %set/v v0x9ab27b0_0, 8, 16;
    %ix/load 1, 15, 0;
    %mov 4, 0, 1;
    %load/x1p 8, v0x9ab2678_0, 1;
; Save base=8 wid=1 in lookaside.
    %ix/load 0, 0, 0;
    %set/x0 v0x9ab27b0_0, 8, 1;
    %jmp T_3.4;
T_3.1 ;
    %load/v 8, v0x9ab2678_0, 16;
    %ix/load 0, 1, 0;
    %mov 4, 0, 1;
    %shiftl/i0  8, 16;
    %set/v v0x9ab27b0_0, 8, 16;
    %jmp T_3.4;
T_3.2 ;
    %ix/load 1, 1, 0;
    %mov 4, 0, 1;
    %load/x1p 24, v0x9ab2678_0, 15;
    %mov 8, 24, 15; Move signal select into place
    %mov 23, 0, 1;
    %set/v v0x9ab27b0_0, 8, 16;
    %ix/load 1, 15, 0;
    %mov 4, 0, 1;
    %load/x1p 8, v0x9ab2678_0, 1;
; Save base=8 wid=1 in lookaside.
    %ix/load 0, 15, 0;
    %set/x0 v0x9ab27b0_0, 8, 1;
    %jmp T_3.4;
T_3.3 ;
    %ix/load 1, 1, 0;
    %mov 4, 0, 1;
    %load/x1p 24, v0x9ab2678_0, 15;
    %mov 8, 24, 15; Move signal select into place
    %mov 23, 0, 1;
    %set/v v0x9ab27b0_0, 8, 16;
    %jmp T_3.4;
T_3.4 ;
    %jmp T_3;
    .thread T_3, $push;
    .scope S_0x9ab2070;
T_4 ;
    %wait E_0x9ab20f0;
    %load/v 8, v0x9ab2200_0, 2;
    %cmpi/u 8, 0, 2;
    %jmp/1 T_4.0, 6;
    %cmpi/u 8, 1, 2;
    %jmp/1 T_4.1, 6;
    %cmpi/u 8, 2, 2;
    %jmp/1 T_4.2, 6;
    %cmpi/u 8, 3, 2;
    %jmp/1 T_4.3, 6;
    %jmp T_4.4;
T_4.0 ;
    %load/v 8, v0x9ab21b0_0, 16;
    %ix/load 0, 1, 0;
    %mov 4, 0, 1;
    %shiftl/i0  8, 16;
    %set/v v0x9ab22d8_0, 8, 16;
    %ix/load 1, 15, 0;
    %mov 4, 0, 1;
    %load/x1p 8, v0x9ab21b0_0, 1;
; Save base=8 wid=1 in lookaside.
    %ix/load 0, 0, 0;
    %set/x0 v0x9ab22d8_0, 8, 1;
    %jmp T_4.4;
T_4.1 ;
    %load/v 8, v0x9ab21b0_0, 16;
    %ix/load 0, 1, 0;
    %mov 4, 0, 1;
    %shiftl/i0  8, 16;
    %set/v v0x9ab22d8_0, 8, 16;
    %jmp T_4.4;
T_4.2 ;
    %ix/load 1, 1, 0;
    %mov 4, 0, 1;
    %load/x1p 24, v0x9ab21b0_0, 15;
    %mov 8, 24, 15; Move signal select into place
    %mov 23, 0, 1;
    %set/v v0x9ab22d8_0, 8, 16;
    %ix/load 1, 15, 0;
    %mov 4, 0, 1;
    %load/x1p 8, v0x9ab21b0_0, 1;
; Save base=8 wid=1 in lookaside.
    %ix/load 0, 15, 0;
    %set/x0 v0x9ab22d8_0, 8, 1;
    %jmp T_4.4;
T_4.3 ;
    %ix/load 1, 1, 0;
    %mov 4, 0, 1;
    %load/x1p 24, v0x9ab21b0_0, 15;
    %mov 8, 24, 15; Move signal select into place
    %mov 23, 0, 1;
    %set/v v0x9ab22d8_0, 8, 16;
    %jmp T_4.4;
T_4.4 ;
    %jmp T_4;
    .thread T_4, $push;
    .scope S_0x9ab1e20;
T_5 ;
    %wait E_0x9ab1ea0;
    %load/v 8, v0x9ab1f70_0, 2;
    %cmpi/u 8, 0, 2;
    %jmp/1 T_5.0, 6;
    %cmpi/u 8, 1, 2;
    %jmp/1 T_5.1, 6;
    %cmpi/u 8, 2, 2;
    %jmp/1 T_5.2, 6;
    %cmpi/u 8, 3, 2;
    %jmp/1 T_5.3, 6;
    %jmp T_5.4;
T_5.0 ;
    %load/v 8, v0x9ab1f10_0, 16;
    %ix/load 0, 1, 0;
    %mov 4, 0, 1;
    %shiftl/i0  8, 16;
    %set/v v0x9ab2010_0, 8, 16;
    %ix/load 1, 15, 0;
    %mov 4, 0, 1;
    %load/x1p 8, v0x9ab1f10_0, 1;
; Save base=8 wid=1 in lookaside.
    %ix/load 0, 0, 0;
    %set/x0 v0x9ab2010_0, 8, 1;
    %jmp T_5.4;
T_5.1 ;
    %load/v 8, v0x9ab1f10_0, 16;
    %ix/load 0, 1, 0;
    %mov 4, 0, 1;
    %shiftl/i0  8, 16;
    %set/v v0x9ab2010_0, 8, 16;
    %jmp T_5.4;
T_5.2 ;
    %ix/load 1, 1, 0;
    %mov 4, 0, 1;
    %load/x1p 24, v0x9ab1f10_0, 15;
    %mov 8, 24, 15; Move signal select into place
    %mov 23, 0, 1;
    %set/v v0x9ab2010_0, 8, 16;
    %ix/load 1, 15, 0;
    %mov 4, 0, 1;
    %load/x1p 8, v0x9ab1f10_0, 1;
; Save base=8 wid=1 in lookaside.
    %ix/load 0, 15, 0;
    %set/x0 v0x9ab2010_0, 8, 1;
    %jmp T_5.4;
T_5.3 ;
    %ix/load 1, 1, 0;
    %mov 4, 0, 1;
    %load/x1p 24, v0x9ab1f10_0, 15;
    %mov 8, 24, 15; Move signal select into place
    %mov 23, 0, 1;
    %set/v v0x9ab2010_0, 8, 16;
    %jmp T_5.4;
T_5.4 ;
    %jmp T_5;
    .thread T_5, $push;
    .scope S_0x9ab15a0;
T_6 ;
    %wait E_0x9ab1620;
    %load/v 8, v0x9ab1788_0, 2;
    %cmpi/u 8, 0, 2;
    %jmp/1 T_6.0, 6;
    %cmpi/u 8, 1, 2;
    %jmp/1 T_6.1, 6;
    %cmpi/u 8, 2, 2;
    %jmp/1 T_6.2, 6;
    %cmpi/u 8, 3, 2;
    %jmp/1 T_6.3, 6;
    %jmp T_6.4;
T_6.0 ;
    %load/v 8, v0x9ab1728_0, 16;
    %ix/load 0, 1, 0;
    %mov 4, 0, 1;
    %shiftl/i0  8, 16;
    %set/v v0x9ab1860_0, 8, 16;
    %ix/load 1, 15, 0;
    %mov 4, 0, 1;
    %load/x1p 8, v0x9ab1728_0, 1;
; Save base=8 wid=1 in lookaside.
    %ix/load 0, 0, 0;
    %set/x0 v0x9ab1860_0, 8, 1;
    %jmp T_6.4;
T_6.1 ;
    %load/v 8, v0x9ab1728_0, 16;
    %ix/load 0, 1, 0;
    %mov 4, 0, 1;
    %shiftl/i0  8, 16;
    %set/v v0x9ab1860_0, 8, 16;
    %jmp T_6.4;
T_6.2 ;
    %ix/load 1, 1, 0;
    %mov 4, 0, 1;
    %load/x1p 24, v0x9ab1728_0, 15;
    %mov 8, 24, 15; Move signal select into place
    %mov 23, 0, 1;
    %set/v v0x9ab1860_0, 8, 16;
    %ix/load 1, 15, 0;
    %mov 4, 0, 1;
    %load/x1p 8, v0x9ab1728_0, 1;
; Save base=8 wid=1 in lookaside.
    %ix/load 0, 15, 0;
    %set/x0 v0x9ab1860_0, 8, 1;
    %jmp T_6.4;
T_6.3 ;
    %ix/load 1, 1, 0;
    %mov 4, 0, 1;
    %load/x1p 24, v0x9ab1728_0, 15;
    %mov 8, 24, 15; Move signal select into place
    %mov 23, 0, 1;
    %set/v v0x9ab1860_0, 8, 16;
    %jmp T_6.4;
T_6.4 ;
    %jmp T_6;
    .thread T_6, $push;
    .scope S_0x9ab1348;
T_7 ;
    %wait E_0x9aaf9a0;
    %load/v 8, v0x9ab1488_0, 2;
    %cmpi/u 8, 0, 2;
    %jmp/1 T_7.0, 6;
    %cmpi/u 8, 1, 2;
    %jmp/1 T_7.1, 6;
    %cmpi/u 8, 2, 2;
    %jmp/1 T_7.2, 6;
    %cmpi/u 8, 3, 2;
    %jmp/1 T_7.3, 6;
    %jmp T_7.4;
T_7.0 ;
    %load/v 8, v0x9ab1428_0, 16;
    %ix/load 0, 1, 0;
    %mov 4, 0, 1;
    %shiftl/i0  8, 16;
    %set/v v0x9ab1540_0, 8, 16;
    %ix/load 1, 15, 0;
    %mov 4, 0, 1;
    %load/x1p 8, v0x9ab1428_0, 1;
; Save base=8 wid=1 in lookaside.
    %ix/load 0, 0, 0;
    %set/x0 v0x9ab1540_0, 8, 1;
    %jmp T_7.4;
T_7.1 ;
    %load/v 8, v0x9ab1428_0, 16;
    %ix/load 0, 1, 0;
    %mov 4, 0, 1;
    %shiftl/i0  8, 16;
    %set/v v0x9ab1540_0, 8, 16;
    %jmp T_7.4;
T_7.2 ;
    %ix/load 1, 1, 0;
    %mov 4, 0, 1;
    %load/x1p 24, v0x9ab1428_0, 15;
    %mov 8, 24, 15; Move signal select into place
    %mov 23, 0, 1;
    %set/v v0x9ab1540_0, 8, 16;
    %ix/load 1, 15, 0;
    %mov 4, 0, 1;
    %load/x1p 8, v0x9ab1428_0, 1;
; Save base=8 wid=1 in lookaside.
    %ix/load 0, 15, 0;
    %set/x0 v0x9ab1540_0, 8, 1;
    %jmp T_7.4;
T_7.3 ;
    %ix/load 1, 1, 0;
    %mov 4, 0, 1;
    %load/x1p 24, v0x9ab1428_0, 15;
    %mov 8, 24, 15; Move signal select into place
    %mov 23, 0, 1;
    %set/v v0x9ab1540_0, 8, 16;
    %jmp T_7.4;
T_7.4 ;
    %jmp T_7;
    .thread T_7, $push;
    .scope S_0x9ab0cf8;
T_8 ;
    %wait E_0x9ab0d78;
    %load/v 8, v0x9ab0e88_0, 2;
    %cmpi/u 8, 0, 2;
    %jmp/1 T_8.0, 6;
    %cmpi/u 8, 1, 2;
    %jmp/1 T_8.1, 6;
    %cmpi/u 8, 2, 2;
    %jmp/1 T_8.2, 6;
    %cmpi/u 8, 3, 2;
    %jmp/1 T_8.3, 6;
    %jmp T_8.4;
T_8.0 ;
    %load/v 8, v0x9ab0e38_0, 16;
    %ix/load 0, 1, 0;
    %mov 4, 0, 1;
    %shiftl/i0  8, 16;
    %set/v v0x9ab1060_0, 8, 16;
    %ix/load 1, 15, 0;
    %mov 4, 0, 1;
    %load/x1p 8, v0x9ab0e38_0, 1;
; Save base=8 wid=1 in lookaside.
    %ix/load 0, 0, 0;
    %set/x0 v0x9ab1060_0, 8, 1;
    %jmp T_8.4;
T_8.1 ;
    %load/v 8, v0x9ab0e38_0, 16;
    %ix/load 0, 1, 0;
    %mov 4, 0, 1;
    %shiftl/i0  8, 16;
    %set/v v0x9ab1060_0, 8, 16;
    %jmp T_8.4;
T_8.2 ;
    %ix/load 1, 1, 0;
    %mov 4, 0, 1;
    %load/x1p 24, v0x9ab0e38_0, 15;
    %mov 8, 24, 15; Move signal select into place
    %mov 23, 0, 1;
    %set/v v0x9ab1060_0, 8, 16;
    %ix/load 1, 15, 0;
    %mov 4, 0, 1;
    %load/x1p 8, v0x9ab0e38_0, 1;
; Save base=8 wid=1 in lookaside.
    %ix/load 0, 15, 0;
    %set/x0 v0x9ab1060_0, 8, 1;
    %jmp T_8.4;
T_8.3 ;
    %ix/load 1, 1, 0;
    %mov 4, 0, 1;
    %load/x1p 24, v0x9ab0e38_0, 15;
    %mov 8, 24, 15; Move signal select into place
    %mov 23, 0, 1;
    %set/v v0x9ab1060_0, 8, 16;
    %jmp T_8.4;
T_8.4 ;
    %jmp T_8;
    .thread T_8, $push;
    .scope S_0x9ab0aa8;
T_9 ;
    %wait E_0x9ab0b28;
    %load/v 8, v0x9ab0bf8_0, 2;
    %cmpi/u 8, 0, 2;
    %jmp/1 T_9.0, 6;
    %cmpi/u 8, 1, 2;
    %jmp/1 T_9.1, 6;
    %cmpi/u 8, 2, 2;
    %jmp/1 T_9.2, 6;
    %cmpi/u 8, 3, 2;
    %jmp/1 T_9.3, 6;
    %jmp T_9.4;
T_9.0 ;
    %load/v 8, v0x9ab0b98_0, 16;
    %ix/load 0, 1, 0;
    %mov 4, 0, 1;
    %shiftl/i0  8, 16;
    %set/v v0x9ab0c98_0, 8, 16;
    %ix/load 1, 15, 0;
    %mov 4, 0, 1;
    %load/x1p 8, v0x9ab0b98_0, 1;
; Save base=8 wid=1 in lookaside.
    %ix/load 0, 0, 0;
    %set/x0 v0x9ab0c98_0, 8, 1;
    %jmp T_9.4;
T_9.1 ;
    %load/v 8, v0x9ab0b98_0, 16;
    %ix/load 0, 1, 0;
    %mov 4, 0, 1;
    %shiftl/i0  8, 16;
    %set/v v0x9ab0c98_0, 8, 16;
    %jmp T_9.4;
T_9.2 ;
    %ix/load 1, 1, 0;
    %mov 4, 0, 1;
    %load/x1p 24, v0x9ab0b98_0, 15;
    %mov 8, 24, 15; Move signal select into place
    %mov 23, 0, 1;
    %set/v v0x9ab0c98_0, 8, 16;
    %ix/load 1, 15, 0;
    %mov 4, 0, 1;
    %load/x1p 8, v0x9ab0b98_0, 1;
; Save base=8 wid=1 in lookaside.
    %ix/load 0, 15, 0;
    %set/x0 v0x9ab0c98_0, 8, 1;
    %jmp T_9.4;
T_9.3 ;
    %ix/load 1, 1, 0;
    %mov 4, 0, 1;
    %load/x1p 24, v0x9ab0b98_0, 15;
    %mov 8, 24, 15; Move signal select into place
    %mov 23, 0, 1;
    %set/v v0x9ab0c98_0, 8, 16;
    %jmp T_9.4;
T_9.4 ;
    %jmp T_9;
    .thread T_9, $push;
    .scope S_0x9aaffb8;
T_10 ;
    %wait E_0x9ab0038;
    %load/v 8, v0x9ab0138_0, 2;
    %cmpi/u 8, 0, 2;
    %jmp/1 T_10.0, 6;
    %cmpi/u 8, 1, 2;
    %jmp/1 T_10.1, 6;
    %cmpi/u 8, 2, 2;
    %jmp/1 T_10.2, 6;
    %cmpi/u 8, 3, 2;
    %jmp/1 T_10.3, 6;
    %jmp T_10.4;
T_10.0 ;
    %load/v 8, v0x9ab00d8_0, 16;
    %ix/load 0, 1, 0;
    %mov 4, 0, 1;
    %shiftl/i0  8, 16;
    %set/v v0x9ab0210_0, 8, 16;
    %ix/load 1, 15, 0;
    %mov 4, 0, 1;
    %load/x1p 8, v0x9ab00d8_0, 1;
; Save base=8 wid=1 in lookaside.
    %ix/load 0, 0, 0;
    %set/x0 v0x9ab0210_0, 8, 1;
    %jmp T_10.4;
T_10.1 ;
    %load/v 8, v0x9ab00d8_0, 16;
    %ix/load 0, 1, 0;
    %mov 4, 0, 1;
    %shiftl/i0  8, 16;
    %set/v v0x9ab0210_0, 8, 16;
    %jmp T_10.4;
T_10.2 ;
    %ix/load 1, 1, 0;
    %mov 4, 0, 1;
    %load/x1p 24, v0x9ab00d8_0, 15;
    %mov 8, 24, 15; Move signal select into place
    %mov 23, 0, 1;
    %set/v v0x9ab0210_0, 8, 16;
    %ix/load 1, 15, 0;
    %mov 4, 0, 1;
    %load/x1p 8, v0x9ab00d8_0, 1;
; Save base=8 wid=1 in lookaside.
    %ix/load 0, 15, 0;
    %set/x0 v0x9ab0210_0, 8, 1;
    %jmp T_10.4;
T_10.3 ;
    %ix/load 1, 1, 0;
    %mov 4, 0, 1;
    %load/x1p 24, v0x9ab00d8_0, 15;
    %mov 8, 24, 15; Move signal select into place
    %mov 23, 0, 1;
    %set/v v0x9ab0210_0, 8, 16;
    %jmp T_10.4;
T_10.4 ;
    %jmp T_10;
    .thread T_10, $push;
    .scope S_0x9aafd48;
T_11 ;
    %wait E_0x9aafdc8;
    %load/v 8, v0x9aafeb8_0, 2;
    %cmpi/u 8, 0, 2;
    %jmp/1 T_11.0, 6;
    %cmpi/u 8, 1, 2;
    %jmp/1 T_11.1, 6;
    %cmpi/u 8, 2, 2;
    %jmp/1 T_11.2, 6;
    %cmpi/u 8, 3, 2;
    %jmp/1 T_11.3, 6;
    %jmp T_11.4;
T_11.0 ;
    %load/v 8, v0x9aafe58_0, 16;
    %ix/load 0, 1, 0;
    %mov 4, 0, 1;
    %shiftl/i0  8, 16;
    %set/v v0x9aaff58_0, 8, 16;
    %ix/load 1, 15, 0;
    %mov 4, 0, 1;
    %load/x1p 8, v0x9aafe58_0, 1;
; Save base=8 wid=1 in lookaside.
    %ix/load 0, 0, 0;
    %set/x0 v0x9aaff58_0, 8, 1;
    %jmp T_11.4;
T_11.1 ;
    %load/v 8, v0x9aafe58_0, 16;
    %ix/load 0, 1, 0;
    %mov 4, 0, 1;
    %shiftl/i0  8, 16;
    %set/v v0x9aaff58_0, 8, 16;
    %jmp T_11.4;
T_11.2 ;
    %ix/load 1, 1, 0;
    %mov 4, 0, 1;
    %load/x1p 24, v0x9aafe58_0, 15;
    %mov 8, 24, 15; Move signal select into place
    %mov 23, 0, 1;
    %set/v v0x9aaff58_0, 8, 16;
    %ix/load 1, 15, 0;
    %mov 4, 0, 1;
    %load/x1p 8, v0x9aafe58_0, 1;
; Save base=8 wid=1 in lookaside.
    %ix/load 0, 15, 0;
    %set/x0 v0x9aaff58_0, 8, 1;
    %jmp T_11.4;
T_11.3 ;
    %ix/load 1, 1, 0;
    %mov 4, 0, 1;
    %load/x1p 24, v0x9aafe58_0, 15;
    %mov 8, 24, 15; Move signal select into place
    %mov 23, 0, 1;
    %set/v v0x9aaff58_0, 8, 16;
    %jmp T_11.4;
T_11.4 ;
    %jmp T_11;
    .thread T_11, $push;
    .scope S_0x9aaf700;
T_12 ;
    %wait E_0x9aaf780;
    %load/v 8, v0x9aaf8e8_0, 2;
    %cmpi/u 8, 0, 2;
    %jmp/1 T_12.0, 6;
    %cmpi/u 8, 1, 2;
    %jmp/1 T_12.1, 6;
    %cmpi/u 8, 2, 2;
    %jmp/1 T_12.2, 6;
    %cmpi/u 8, 3, 2;
    %jmp/1 T_12.3, 6;
    %jmp T_12.4;
T_12.0 ;
    %load/v 8, v0x9aaed08_0, 16;
    %ix/load 0, 1, 0;
    %mov 4, 0, 1;
    %shiftl/i0  8, 16;
    %set/v v0x9aafa20_0, 8, 16;
    %ix/load 1, 15, 0;
    %mov 4, 0, 1;
    %load/x1p 8, v0x9aaed08_0, 1;
; Save base=8 wid=1 in lookaside.
    %ix/load 0, 0, 0;
    %set/x0 v0x9aafa20_0, 8, 1;
    %jmp T_12.4;
T_12.1 ;
    %load/v 8, v0x9aaed08_0, 16;
    %ix/load 0, 1, 0;
    %mov 4, 0, 1;
    %shiftl/i0  8, 16;
    %set/v v0x9aafa20_0, 8, 16;
    %jmp T_12.4;
T_12.2 ;
    %ix/load 1, 1, 0;
    %mov 4, 0, 1;
    %load/x1p 24, v0x9aaed08_0, 15;
    %mov 8, 24, 15; Move signal select into place
    %mov 23, 0, 1;
    %set/v v0x9aafa20_0, 8, 16;
    %ix/load 1, 15, 0;
    %mov 4, 0, 1;
    %load/x1p 8, v0x9aaed08_0, 1;
; Save base=8 wid=1 in lookaside.
    %ix/load 0, 15, 0;
    %set/x0 v0x9aafa20_0, 8, 1;
    %jmp T_12.4;
T_12.3 ;
    %ix/load 1, 1, 0;
    %mov 4, 0, 1;
    %load/x1p 24, v0x9aaed08_0, 15;
    %mov 8, 24, 15; Move signal select into place
    %mov 23, 0, 1;
    %set/v v0x9aafa20_0, 8, 16;
    %jmp T_12.4;
T_12.4 ;
    %jmp T_12;
    .thread T_12, $push;
    .scope S_0x9aaf4b0;
T_13 ;
    %wait E_0x9aaf530;
    %load/v 8, v0x9aaf600_0, 2;
    %cmpi/u 8, 0, 2;
    %jmp/1 T_13.0, 6;
    %cmpi/u 8, 1, 2;
    %jmp/1 T_13.1, 6;
    %cmpi/u 8, 2, 2;
    %jmp/1 T_13.2, 6;
    %cmpi/u 8, 3, 2;
    %jmp/1 T_13.3, 6;
    %jmp T_13.4;
T_13.0 ;
    %load/v 8, v0x9aaf5a0_0, 16;
    %ix/load 0, 1, 0;
    %mov 4, 0, 1;
    %shiftl/i0  8, 16;
    %set/v v0x9aaf6a0_0, 8, 16;
    %ix/load 1, 15, 0;
    %mov 4, 0, 1;
    %load/x1p 8, v0x9aaf5a0_0, 1;
; Save base=8 wid=1 in lookaside.
    %ix/load 0, 0, 0;
    %set/x0 v0x9aaf6a0_0, 8, 1;
    %jmp T_13.4;
T_13.1 ;
    %load/v 8, v0x9aaf5a0_0, 16;
    %ix/load 0, 1, 0;
    %mov 4, 0, 1;
    %shiftl/i0  8, 16;
    %set/v v0x9aaf6a0_0, 8, 16;
    %jmp T_13.4;
T_13.2 ;
    %ix/load 1, 1, 0;
    %mov 4, 0, 1;
    %load/x1p 24, v0x9aaf5a0_0, 15;
    %mov 8, 24, 15; Move signal select into place
    %mov 23, 0, 1;
    %set/v v0x9aaf6a0_0, 8, 16;
    %ix/load 1, 15, 0;
    %mov 4, 0, 1;
    %load/x1p 8, v0x9aaf5a0_0, 1;
; Save base=8 wid=1 in lookaside.
    %ix/load 0, 15, 0;
    %set/x0 v0x9aaf6a0_0, 8, 1;
    %jmp T_13.4;
T_13.3 ;
    %ix/load 1, 1, 0;
    %mov 4, 0, 1;
    %load/x1p 24, v0x9aaf5a0_0, 15;
    %mov 8, 24, 15; Move signal select into place
    %mov 23, 0, 1;
    %set/v v0x9aaf6a0_0, 8, 16;
    %jmp T_13.4;
T_13.4 ;
    %jmp T_13;
    .thread T_13, $push;
    .scope S_0x9aaebe8;
T_14 ;
    %wait E_0x9aaec68;
    %load/v 8, v0x9aaedd0_0, 2;
    %cmpi/u 8, 0, 2;
    %jmp/1 T_14.0, 6;
    %cmpi/u 8, 1, 2;
    %jmp/1 T_14.1, 6;
    %cmpi/u 8, 2, 2;
    %jmp/1 T_14.2, 6;
    %cmpi/u 8, 3, 2;
    %jmp/1 T_14.3, 6;
    %jmp T_14.4;
T_14.0 ;
    %load/v 8, v0x9aaed70_0, 16;
    %ix/load 0, 1, 0;
    %mov 4, 0, 1;
    %shiftl/i0  8, 16;
    %set/v v0x9aaef10_0, 8, 16;
    %ix/load 1, 15, 0;
    %mov 4, 0, 1;
    %load/x1p 8, v0x9aaed70_0, 1;
; Save base=8 wid=1 in lookaside.
    %ix/load 0, 0, 0;
    %set/x0 v0x9aaef10_0, 8, 1;
    %jmp T_14.4;
T_14.1 ;
    %load/v 8, v0x9aaed70_0, 16;
    %ix/load 0, 1, 0;
    %mov 4, 0, 1;
    %shiftl/i0  8, 16;
    %set/v v0x9aaef10_0, 8, 16;
    %jmp T_14.4;
T_14.2 ;
    %ix/load 1, 1, 0;
    %mov 4, 0, 1;
    %load/x1p 24, v0x9aaed70_0, 15;
    %mov 8, 24, 15; Move signal select into place
    %mov 23, 0, 1;
    %set/v v0x9aaef10_0, 8, 16;
    %ix/load 1, 15, 0;
    %mov 4, 0, 1;
    %load/x1p 8, v0x9aaed70_0, 1;
; Save base=8 wid=1 in lookaside.
    %ix/load 0, 15, 0;
    %set/x0 v0x9aaef10_0, 8, 1;
    %jmp T_14.4;
T_14.3 ;
    %ix/load 1, 1, 0;
    %mov 4, 0, 1;
    %load/x1p 24, v0x9aaed70_0, 15;
    %mov 8, 24, 15; Move signal select into place
    %mov 23, 0, 1;
    %set/v v0x9aaef10_0, 8, 16;
    %jmp T_14.4;
T_14.4 ;
    %jmp T_14;
    .thread T_14, $push;
    .scope S_0x9aae998;
T_15 ;
    %wait E_0x9aaea18;
    %load/v 8, v0x9aaeae8_0, 2;
    %cmpi/u 8, 0, 2;
    %jmp/1 T_15.0, 6;
    %cmpi/u 8, 1, 2;
    %jmp/1 T_15.1, 6;
    %cmpi/u 8, 2, 2;
    %jmp/1 T_15.2, 6;
    %cmpi/u 8, 3, 2;
    %jmp/1 T_15.3, 6;
    %jmp T_15.4;
T_15.0 ;
    %load/v 8, v0x9aaea88_0, 16;
    %ix/load 0, 1, 0;
    %mov 4, 0, 1;
    %shiftl/i0  8, 16;
    %set/v v0x9aaeb88_0, 8, 16;
    %ix/load 1, 15, 0;
    %mov 4, 0, 1;
    %load/x1p 8, v0x9aaea88_0, 1;
; Save base=8 wid=1 in lookaside.
    %ix/load 0, 0, 0;
    %set/x0 v0x9aaeb88_0, 8, 1;
    %jmp T_15.4;
T_15.1 ;
    %load/v 8, v0x9aaea88_0, 16;
    %ix/load 0, 1, 0;
    %mov 4, 0, 1;
    %shiftl/i0  8, 16;
    %set/v v0x9aaeb88_0, 8, 16;
    %jmp T_15.4;
T_15.2 ;
    %ix/load 1, 1, 0;
    %mov 4, 0, 1;
    %load/x1p 24, v0x9aaea88_0, 15;
    %mov 8, 24, 15; Move signal select into place
    %mov 23, 0, 1;
    %set/v v0x9aaeb88_0, 8, 16;
    %ix/load 1, 15, 0;
    %mov 4, 0, 1;
    %load/x1p 8, v0x9aaea88_0, 1;
; Save base=8 wid=1 in lookaside.
    %ix/load 0, 15, 0;
    %set/x0 v0x9aaeb88_0, 8, 1;
    %jmp T_15.4;
T_15.3 ;
    %ix/load 1, 1, 0;
    %mov 4, 0, 1;
    %load/x1p 24, v0x9aaea88_0, 15;
    %mov 8, 24, 15; Move signal select into place
    %mov 23, 0, 1;
    %set/v v0x9aaeb88_0, 8, 16;
    %jmp T_15.4;
T_15.4 ;
    %jmp T_15;
    .thread T_15, $push;
    .scope S_0x9aae3a0;
T_16 ;
    %wait E_0x9aae420;
    %load/v 8, v0x9aae530_0, 2;
    %cmpi/u 8, 0, 2;
    %jmp/1 T_16.0, 6;
    %cmpi/u 8, 1, 2;
    %jmp/1 T_16.1, 6;
    %cmpi/u 8, 2, 2;
    %jmp/1 T_16.2, 6;
    %cmpi/u 8, 3, 2;
    %jmp/1 T_16.3, 6;
    %jmp T_16.4;
T_16.0 ;
    %load/v 8, v0x9aae4e0_0, 16;
    %ix/load 0, 1, 0;
    %mov 4, 0, 1;
    %shiftl/i0  8, 16;
    %set/v v0x9aae628_0, 8, 16;
    %ix/load 1, 15, 0;
    %mov 4, 0, 1;
    %load/x1p 8, v0x9aae4e0_0, 1;
; Save base=8 wid=1 in lookaside.
    %ix/load 0, 0, 0;
    %set/x0 v0x9aae628_0, 8, 1;
    %jmp T_16.4;
T_16.1 ;
    %load/v 8, v0x9aae4e0_0, 16;
    %ix/load 0, 1, 0;
    %mov 4, 0, 1;
    %shiftl/i0  8, 16;
    %set/v v0x9aae628_0, 8, 16;
    %jmp T_16.4;
T_16.2 ;
    %ix/load 1, 1, 0;
    %mov 4, 0, 1;
    %load/x1p 24, v0x9aae4e0_0, 15;
    %mov 8, 24, 15; Move signal select into place
    %mov 23, 0, 1;
    %set/v v0x9aae628_0, 8, 16;
    %ix/load 1, 15, 0;
    %mov 4, 0, 1;
    %load/x1p 8, v0x9aae4e0_0, 1;
; Save base=8 wid=1 in lookaside.
    %ix/load 0, 15, 0;
    %set/x0 v0x9aae628_0, 8, 1;
    %jmp T_16.4;
T_16.3 ;
    %ix/load 1, 1, 0;
    %mov 4, 0, 1;
    %load/x1p 24, v0x9aae4e0_0, 15;
    %mov 8, 24, 15; Move signal select into place
    %mov 23, 0, 1;
    %set/v v0x9aae628_0, 8, 16;
    %jmp T_16.4;
T_16.4 ;
    %jmp T_16;
    .thread T_16, $push;
    .scope S_0x9a83e10;
T_17 ;
    %wait E_0x9a887e8;
    %load/v 8, v0x9aae278_0, 2;
    %cmpi/u 8, 0, 2;
    %jmp/1 T_17.0, 6;
    %cmpi/u 8, 1, 2;
    %jmp/1 T_17.1, 6;
    %cmpi/u 8, 2, 2;
    %jmp/1 T_17.2, 6;
    %cmpi/u 8, 3, 2;
    %jmp/1 T_17.3, 6;
    %jmp T_17.4;
T_17.0 ;
    %load/v 8, v0x9aae218_0, 16;
    %ix/load 0, 1, 0;
    %mov 4, 0, 1;
    %shiftl/i0  8, 16;
    %set/v v0x9aae340_0, 8, 16;
    %ix/load 1, 15, 0;
    %mov 4, 0, 1;
    %load/x1p 8, v0x9aae218_0, 1;
; Save base=8 wid=1 in lookaside.
    %ix/load 0, 0, 0;
    %set/x0 v0x9aae340_0, 8, 1;
    %jmp T_17.4;
T_17.1 ;
    %load/v 8, v0x9aae218_0, 16;
    %ix/load 0, 1, 0;
    %mov 4, 0, 1;
    %shiftl/i0  8, 16;
    %set/v v0x9aae340_0, 8, 16;
    %jmp T_17.4;
T_17.2 ;
    %ix/load 1, 1, 0;
    %mov 4, 0, 1;
    %load/x1p 24, v0x9aae218_0, 15;
    %mov 8, 24, 15; Move signal select into place
    %mov 23, 0, 1;
    %set/v v0x9aae340_0, 8, 16;
    %ix/load 1, 15, 0;
    %mov 4, 0, 1;
    %load/x1p 8, v0x9aae218_0, 1;
; Save base=8 wid=1 in lookaside.
    %ix/load 0, 15, 0;
    %set/x0 v0x9aae340_0, 8, 1;
    %jmp T_17.4;
T_17.3 ;
    %ix/load 1, 1, 0;
    %mov 4, 0, 1;
    %load/x1p 24, v0x9aae218_0, 15;
    %mov 8, 24, 15; Move signal select into place
    %mov 23, 0, 1;
    %set/v v0x9aae340_0, 8, 16;
    %jmp T_17.4;
T_17.4 ;
    %jmp T_17;
    .thread T_17, $push;
    .scope S_0x9a88a90;
T_18 ;
    %wait E_0x9a88688;
    %load/v 8, v0x9ab2dd8_0, 3;
    %cmpi/u 8, 0, 3;
    %jmp/1 T_18.0, 6;
    %jmp T_18.1;
T_18.0 ;
    %load/v 8, v0x9ab2d38_0, 16;
    %set/v v0x9ab31a8_0, 8, 16;
    %jmp T_18.1;
T_18.1 ;
    %jmp T_18;
    .thread T_18, $push;
    .scope S_0x9a886f8;
T_19 ;
    %movi 8, 1, 16;
    %set/v v0x9ab3470_0, 8, 16;
    %movi 8, 2, 16;
    %set/v v0x9ab34d0_0, 8, 16;
    %set/v v0x9ab3540_0, 0, 1;
    %set/v v0x9ab3638_0, 0, 1;
    %set/v v0x9ab3738_0, 0, 3;
    %set/v v0x9ab38d8_0, 0, 1;
    %set/v v0x9ab3948_0, 0, 1;
    %set/v v0x9ab39b8_0, 0, 1;
    %end;
    .thread T_19;
    .scope S_0x9a886f8;
T_20 ;
    %wait E_0x9ab2190;
    %load/v 8, v0x9ab3470_0, 16;
    %ix/getv 0, v0x9ab34d0_0;
    %shiftl/i0  8, 16;
    %vpi_call 2 29 "$display", "%d << %d = %d [%d]", v0x9ab3470_0, v0x9ab34d0_0, v0x9ab37a8_0, T<8,16,u>;
    %load/v 8, v0x9ab3540_0, 1;
    %inv 8, 1;
    %set/v v0x9ab3540_0, 8, 1;
    %load/v 8, v0x9ab3470_0, 16;
    %mov 24, 0, 16;
   %addi 8, 341, 32;
    %set/v v0x9ab3470_0, 8, 16;
    %movi 8, 10, 32;
    %load/v 40, v0x9ab3360_0, 32;
    %cmp/s 8, 40, 32;
    %jmp/0xz  T_20.0, 5;
    %vpi_call 2 36 "$finish";
T_20.0 ;
    %jmp T_20;
    .thread T_20;
# The file index is used to find the file name in the following table.
:file_names 10;
    "N/A";
    "<interactive>";
    "tb_alu.v";
    "clkrst.v";
    "alu.v";
    "shifter.v";
    "shifter1.v";
    "shifter2.v";
    "shifter4.v";
    "shifter8.v";
