
WISCalculator v1.0
Author Derek Hower (drh5@cs.wisc.edu)
Type "help" for more information

Loading program...
Executing...
lbi r1, 0
INUM:        0 PC: 0x0000 REG: 1 VALUE: 0x0000
lbi r1, 6
INUM:        1 PC: 0x0002 REG: 1 VALUE: 0x0006
st r1, r1, 10
INUM:        2 PC: 0x0004 ADDR: 0x0010 VALUE: 0x0006
ld r2, r1, 10
INUM:        3 PC: 0x0006 REG: 2 VALUE: 0x0006 ADDR: 0x0010
st r2, r1, 10
INUM:        4 PC: 0x0008 ADDR: 0x0010 VALUE: 0x0006
ld r3, r1, 10
INUM:        5 PC: 0x000a REG: 3 VALUE: 0x0006 ADDR: 0x0010
sle r4, r3, r1
INUM:        6 PC: 0x000c REG: 4 VALUE: 0x0001
bgez r4, 4
INUM:        7 PC: 0x000e
lbi r4, 0
INUM:        8 PC: 0x0014 REG: 4 VALUE: 0x0000
beqz r4, 2
INUM:        9 PC: 0x0016
bltz r4, 10
INUM:       10 PC: 0x001a
jal 10
INUM:       11 PC: 0x001c REG: 7 VALUE: 0x001e
lbi r5, 1
INUM:       12 PC: 0x0028 REG: 5 VALUE: 0x0001
jr r7, 0INUM:       13 PC: 0x002a
halt
program halted
INUM:       14 PC: 0x001e
Program Finished
