INUM:        0 PC: 0x0000
INUM:        1 PC: 0x0002
INUM:        2 PC: 0x0004
INUM:        3 PC: 0x0004
INUM:        4 PC: 0x0004 REG: 0 VALUE: 0x0005
INUM:        5 PC: 0x0006
INUM:        6 PC: 0x0006
INUM:        7 PC: 0x0006 REG: 0 VALUE: 0x0000
INUM:        8 PC: 0x000a
INUM:        9 PC: 0x000c
INUM:       10 PC: 0x000e
INUM:       11 PC: 0x000e
INUM:       12 PC: 0x000e REG: 1 VALUE: 0xffff
INUM:       13 PC: 0x0010
INUM:       14 PC: 0x0010
INUM:       15 PC: 0x0010 REG: 2 VALUE: 0x0001
INUM:       16 PC: 0x0014
INUM:       17 PC: 0x0016
INUM:       18 PC: 0x0018
INUM:       19 PC: 0x0018
INUM:       20 PC: 0x0018 REG: 3 VALUE: 0x0000
INUM:       21 PC: 0x001a
INUM:       22 PC: 0x001c
INUM:       23 PC: 0x001c REG: 3 VALUE: 0x0056
INUM:       24 PC: 0x001c REG: 4 VALUE: 0x0000
INUM:       25 PC: 0x001e
INUM:       26 PC: 0x0020
INUM:       27 PC: 0x0022 REG: 4 VALUE: 0x005a ADDR: 0x0056 VALUE: 0x005a
INUM:       28 PC: 0x0022
INUM:       29 PC: 0x0022 REG: 5 VALUE: 0x0055
INUM:       30 PC: 0x0024
INUM:       31 PC: 0x0026
INUM:       32 PC: 0x0028 REG: 5 VALUE: 0xaa00 ADDR: 0x005a VALUE: 0xaa00
INUM:       33 PC: 0x0028
INUM:       34 PC: 0x0028 REG: 3 VALUE: 0x0055
INUM:       35 PC: 0x002a
INUM:       36 PC: 0x002a
INUM:       37 PC: 0x002a REG: 6 VALUE: 0x005a
INUM:       38 PC: 0x002c
INUM:       39 PC: 0x002e
INUM:       40 PC: 0x002e REG: 7 VALUE: 0xaa00 ADDR: 0x005c VALUE: 0x005a
INUM:       41 PC: 0x002e REG: 6 VALUE: 0x005c
INUM:       42 PC: 0x0030
INUM:       43 PC: 0x0030
INUM:       44 PC: 0x0030 REG: 6 VALUE: 0x005e
INUM:       45 PC: 0x0032
INUM:       46 PC: 0x0034 ADDR: 0x0060 VALUE: 0xaa00
INUM:       47 PC: 0x0034 REG: 6 VALUE: 0x0060
INUM:       48 PC: 0x0034 REG: 0 VALUE: 0x0000
INUM:       49 PC: 0x0048
INUM:       50 PC: 0x0048
INUM:       51 PC: 0x0048 REG: 7 VALUE: 0x0034
INUM:       52 PC: 0x004a
INUM:       53 PC: 0x0036
INUM:       54 PC: 0x0036
INUM:       55 PC: 0x0036 REG: 7 VALUE: 0x004a
INUM:       56 PC: 0x0038
INUM:       57 PC: 0x004e
INUM:       58 PC: 0x0050
INUM:       59 PC: 0x0052 REG: 7 VALUE: 0x0038
INUM:       60 PC: 0x0054
