
End of file hw2_2/adder16.v. Hash = 1774693604
End of file hw2_2/adder1.v. Hash = 2140298273
End of file hw2_2/adder4.v. Hash = 1645512365
End of file hw2_2/alu.v. Hash = -823843017
Line 20: Bad keyword integer
Line 22: Bad keyword initial
Line 23: begin without always/case
Line 30: Expected '@' after 'always'
Line 32: Bad keyword if
Line 30: Always without case(x)
Line 37: Bad keyword posedge
Line 39: Bad keyword if
Line 37: Always without case(x)
End of file hw2_2/clkrst.v. Hash = -1591555750
End of file hw2_2/fourbitfull.v. Hash = -437774177
End of file hw2_2/fourbitlookahead.v. Hash = 775678143
End of file hw2_2/fourbitripple.v. Hash = -318208340
End of file hw2_2/onebitadder.v. Hash = 1670536225
End of file hw2_2/onebitlookahead.v. Hash = 957415007
End of file hw2_2/shifter1.v. Hash = -568588
End of file hw2_2/shifter2.v. Hash = 689187716
End of file hw2_2/shifter4.v. Hash = 689187716
End of file hw2_2/shifter8.v. Hash = 689187716
End of file hw2_2/shifter.v. Hash = 871118755
Line 12: Bad keyword initial
Line 13: begin without always/case
Line 20: Bad keyword posedge
Line 27: Bad keyword if
Line 20: Always without case(x)
End of file hw2_2/tb_adder16.v. Hash = -933048978
Line 17: Bad keyword initial
Line 19: begin without always/case
Line 31: Bad keyword posedge
Line 35: Bad keyword if
Line 38: Bad keyword if
Line 42: Bad keyword if
Line 48: Bad keyword if
Line 52: Bad keyword if
Line 53: Bad keyword if
Line 57: Bad keyword if
Line 58: Bad keyword if
Line 62: Bad keyword if
Line 67: Bad keyword if
Line 31: Always without case(x)
End of file hw2_2/tb_alu_add.v. Hash = -2019170637
Line 16: Bad keyword initial
Line 17: begin without always/case
Line 28: Bad keyword posedge
Line 29: appears to be shifting by non-constant value: B
Line 35: Bad keyword if
Line 28: Always without case(x)
End of file hw2_2/tb_alu_shift.v. Hash = 155532037
Line 16: Bad keyword initial
Line 17: begin without always/case
Line 28: Bad keyword posedge
Line 29: appears to be shifting by non-constant value: B
Line 35: Bad keyword if
Line 28: Always without case(x)
End of file hw2_2/tb_alu.v. Hash = 155532037
Line 10: Bad keyword initial
Line 11: begin without always/case
Line 14: Bad keyword for
Line 15: begin without always/case
Line 16: Bad keyword for
Line 17: begin without always/case
Line 25: Bad keyword posedge
Line 25: Always without case(x)
End of file hw2_2/tb_shifter1.v. Hash = 1090156012
Line 11: Bad keyword integer
Line 34: Bad keyword initial
Line 35: begin without always/case
Line 43: Bad keyword posedge
Line 51: Bad keyword if
Line 43: Always without case(x)
End of file hw2_2/tb_shifter.v. Hash = -462704758
