INUM:        0 PC: 0xxxxx
INUM:        1 PC: 0xxxxx
INUM:        2 PC: 0xxxxx
INUM:        3 PC: 0xxxxx
INUM:        4 PC: 0xxxxx
INUM:        5 PC: 0xxxxx
INUM:        6 PC: 0xxxxx
INUM:        7 PC: 0xxxxx
INUM:        8 PC: 0xxxxx
INUM:        9 PC: 0xxxxx
INUM:       10 PC: 0xxxxx
INUM:       11 PC: 0xxxxx
INUM:       12 PC: 0xxxxx
INUM:       13 PC: 0xxxxx
INUM:       14 PC: 0xxxxx
INUM:       15 PC: 0xxxxx
INUM:       16 PC: 0xxxxx
INUM:       17 PC: 0xxxxx
INUM:       18 PC: 0xxxxx
INUM:       19 PC: 0xxxxx
INUM:       20 PC: 0xxxxx
INUM:       21 PC: 0xxxxx
INUM:       22 PC: 0xxxxx
INUM:       23 PC: 0xxxxx
INUM:       24 PC: 0xxxxx
INUM:       25 PC: 0xxxxx
INUM:       26 PC: 0xxxxx
INUM:       27 PC: 0xxxxx
INUM:       28 PC: 0xxxxx
INUM:       29 PC: 0xxxxx
INUM:       30 PC: 0xxxxx
INUM:       31 PC: 0xxxxx
INUM:       32 PC: 0xxxxx
INUM:       33 PC: 0xxxxx
INUM:       34 PC: 0xxxxx
INUM:       35 PC: 0xxxxx
INUM:       36 PC: 0xxxxx
INUM:       37 PC: 0xxxxx
INUM:       38 PC: 0xxxxx
INUM:       39 PC: 0xxxxx
INUM:       40 PC: 0xxxxx
INUM:       41 PC: 0xxxxx
INUM:       42 PC: 0xxxxx
INUM:       43 PC: 0xxxxx
INUM:       44 PC: 0xxxxx
INUM:       45 PC: 0xxxxx
INUM:       46 PC: 0xxxxx
INUM:       47 PC: 0xxxxx
INUM:       48 PC: 0xxxxx
INUM:       49 PC: 0xxxxx
INUM:       50 PC: 0xxxxx
INUM:       51 PC: 0xxxxx
INUM:       52 PC: 0xxxxx
INUM:       53 PC: 0xxxxx
INUM:       54 PC: 0xxxxx
INUM:       55 PC: 0xxxxx
INUM:       56 PC: 0xxxxx
INUM:       57 PC: 0xxxxx
INUM:       58 PC: 0xxxxx
INUM:       59 PC: 0xxxxx
INUM:       60 PC: 0xxxxx
INUM:       61 PC: 0xxxxx
INUM:       62 PC: 0xxxxx
INUM:       63 PC: 0xxxxx
INUM:       64 PC: 0xxxxx
INUM:       65 PC: 0xxxxx
INUM:       66 PC: 0xxxxx
INUM:       67 PC: 0xxxxx
INUM:       68 PC: 0xxxxx
INUM:       69 PC: 0xxxxx
INUM:       70 PC: 0xxxxx
INUM:       71 PC: 0xxxxx
INUM:       72 PC: 0xxxxx
INUM:       73 PC: 0xxxxx
INUM:       74 PC: 0xxxxx
INUM:       75 PC: 0xxxxx
INUM:       76 PC: 0xxxxx
INUM:       77 PC: 0xxxxx
INUM:       78 PC: 0xxxxx
INUM:       79 PC: 0xxxxx
INUM:       80 PC: 0xxxxx
INUM:       81 PC: 0xxxxx
INUM:       82 PC: 0xxxxx
INUM:       83 PC: 0xxxxx
INUM:       84 PC: 0xxxxx
INUM:       85 PC: 0xxxxx
INUM:       86 PC: 0xxxxx
INUM:       87 PC: 0xxxxx
INUM:       88 PC: 0xxxxx
INUM:       89 PC: 0xxxxx
INUM:       90 PC: 0xxxxx
INUM:       91 PC: 0xxxxx
INUM:       92 PC: 0xxxxx
INUM:       93 PC: 0xxxxx
INUM:       94 PC: 0xxxxx
INUM:       95 PC: 0xxxxx
INUM:       96 PC: 0xxxxx
INUM:       97 PC: 0xxxxx
INUM:       98 PC: 0xxxxx
INUM:       99 PC: 0xxxxx
INUM:      100 PC: 0xxxxx
INUM:      101 PC: 0xxxxx
INUM:      102 PC: 0xxxxx
INUM:      103 PC: 0xxxxx
INUM:      104 PC: 0xxxxx
INUM:      105 PC: 0xxxxx
INUM:      106 PC: 0xxxxx
INUM:      107 PC: 0xxxxx
INUM:      108 PC: 0xxxxx
INUM:      109 PC: 0xxxxx
INUM:      110 PC: 0xxxxx
INUM:      111 PC: 0xxxxx
INUM:      112 PC: 0xxxxx
INUM:      113 PC: 0xxxxx
INUM:      114 PC: 0xxxxx
INUM:      115 PC: 0xxxxx
INUM:      116 PC: 0xxxxx
INUM:      117 PC: 0xxxxx
INUM:      118 PC: 0xxxxx
INUM:      119 PC: 0xxxxx
INUM:      120 PC: 0xxxxx
INUM:      121 PC: 0xxxxx
INUM:      122 PC: 0xxxxx
INUM:      123 PC: 0xxxxx
INUM:      124 PC: 0xxxxx
INUM:      125 PC: 0xxxxx
INUM:      126 PC: 0xxxxx
INUM:      127 PC: 0xxxxx
INUM:      128 PC: 0xxxxx
INUM:      129 PC: 0xxxxx
INUM:      130 PC: 0xxxxx
INUM:      131 PC: 0xxxxx
INUM:      132 PC: 0xxxxx
INUM:      133 PC: 0xxxxx
INUM:      134 PC: 0xxxxx
INUM:      135 PC: 0xxxxx
INUM:      136 PC: 0xxxxx
INUM:      137 PC: 0xxxxx
INUM:      138 PC: 0xxxxx
INUM:      139 PC: 0xxxxx
INUM:      140 PC: 0xxxxx
INUM:      141 PC: 0xxxxx
INUM:      142 PC: 0xxxxx
INUM:      143 PC: 0xxxxx
INUM:      144 PC: 0xxxxx
INUM:      145 PC: 0xxxxx
INUM:      146 PC: 0xxxxx
INUM:      147 PC: 0xxxxx
INUM:      148 PC: 0xxxxx
INUM:      149 PC: 0xxxxx
INUM:      150 PC: 0xxxxx
INUM:      151 PC: 0xxxxx
INUM:      152 PC: 0xxxxx
INUM:      153 PC: 0xxxxx
INUM:      154 PC: 0xxxxx
INUM:      155 PC: 0xxxxx
INUM:      156 PC: 0xxxxx
INUM:      157 PC: 0xxxxx
INUM:      158 PC: 0xxxxx
INUM:      159 PC: 0xxxxx
INUM:      160 PC: 0xxxxx
INUM:      161 PC: 0xxxxx
INUM:      162 PC: 0xxxxx
INUM:      163 PC: 0xxxxx
INUM:      164 PC: 0xxxxx
INUM:      165 PC: 0xxxxx
INUM:      166 PC: 0xxxxx
INUM:      167 PC: 0xxxxx
INUM:      168 PC: 0xxxxx
INUM:      169 PC: 0xxxxx
INUM:      170 PC: 0xxxxx
INUM:      171 PC: 0xxxxx
INUM:      172 PC: 0xxxxx
INUM:      173 PC: 0xxxxx
INUM:      174 PC: 0xxxxx
INUM:      175 PC: 0xxxxx
INUM:      176 PC: 0xxxxx
INUM:      177 PC: 0xxxxx
INUM:      178 PC: 0xxxxx
INUM:      179 PC: 0xxxxx
INUM:      180 PC: 0xxxxx
INUM:      181 PC: 0xxxxx
INUM:      182 PC: 0xxxxx
INUM:      183 PC: 0xxxxx
INUM:      184 PC: 0xxxxx
INUM:      185 PC: 0xxxxx
INUM:      186 PC: 0xxxxx
INUM:      187 PC: 0xxxxx
INUM:      188 PC: 0xxxxx
INUM:      189 PC: 0xxxxx
INUM:      190 PC: 0xxxxx
INUM:      191 PC: 0xxxxx
INUM:      192 PC: 0xxxxx
INUM:      193 PC: 0xxxxx
INUM:      194 PC: 0xxxxx
INUM:      195 PC: 0xxxxx
INUM:      196 PC: 0xxxxx
INUM:      197 PC: 0xxxxx
INUM:      198 PC: 0xxxxx
INUM:      199 PC: 0xxxxx
INUM:      200 PC: 0xxxxx
INUM:      201 PC: 0xxxxx
INUM:      202 PC: 0xxxxx
INUM:      203 PC: 0xxxxx
INUM:      204 PC: 0xxxxx
INUM:      205 PC: 0xxxxx
INUM:      206 PC: 0xxxxx
INUM:      207 PC: 0xxxxx
INUM:      208 PC: 0xxxxx
INUM:      209 PC: 0xxxxx
INUM:      210 PC: 0xxxxx
INUM:      211 PC: 0xxxxx
INUM:      212 PC: 0xxxxx
INUM:      213 PC: 0xxxxx
INUM:      214 PC: 0xxxxx
INUM:      215 PC: 0xxxxx
INUM:      216 PC: 0xxxxx
INUM:      217 PC: 0xxxxx
INUM:      218 PC: 0xxxxx
INUM:      219 PC: 0xxxxx
INUM:      220 PC: 0xxxxx
INUM:      221 PC: 0xxxxx
INUM:      222 PC: 0xxxxx
INUM:      223 PC: 0xxxxx
INUM:      224 PC: 0xxxxx
INUM:      225 PC: 0xxxxx
INUM:      226 PC: 0xxxxx
INUM:      227 PC: 0xxxxx
INUM:      228 PC: 0xxxxx
INUM:      229 PC: 0xxxxx
INUM:      230 PC: 0xxxxx
INUM:      231 PC: 0xxxxx
INUM:      232 PC: 0xxxxx
INUM:      233 PC: 0xxxxx
INUM:      234 PC: 0xxxxx
INUM:      235 PC: 0xxxxx
INUM:      236 PC: 0xxxxx
INUM:      237 PC: 0xxxxx
INUM:      238 PC: 0xxxxx
INUM:      239 PC: 0xxxxx
INUM:      240 PC: 0xxxxx
INUM:      241 PC: 0xxxxx
INUM:      242 PC: 0xxxxx
INUM:      243 PC: 0xxxxx
INUM:      244 PC: 0xxxxx
INUM:      245 PC: 0xxxxx
INUM:      246 PC: 0xxxxx
INUM:      247 PC: 0xxxxx
INUM:      248 PC: 0xxxxx
INUM:      249 PC: 0xxxxx
INUM:      250 PC: 0xxxxx
INUM:      251 PC: 0xxxxx
INUM:      252 PC: 0xxxxx
INUM:      253 PC: 0xxxxx
INUM:      254 PC: 0xxxxx
INUM:      255 PC: 0xxxxx
INUM:      256 PC: 0xxxxx
INUM:      257 PC: 0xxxxx
INUM:      258 PC: 0xxxxx
INUM:      259 PC: 0xxxxx
INUM:      260 PC: 0xxxxx
INUM:      261 PC: 0xxxxx
INUM:      262 PC: 0xxxxx
INUM:      263 PC: 0xxxxx
INUM:      264 PC: 0xxxxx
INUM:      265 PC: 0xxxxx
INUM:      266 PC: 0xxxxx
INUM:      267 PC: 0xxxxx
INUM:      268 PC: 0xxxxx
INUM:      269 PC: 0xxxxx
INUM:      270 PC: 0xxxxx
INUM:      271 PC: 0xxxxx
INUM:      272 PC: 0xxxxx
INUM:      273 PC: 0xxxxx
INUM:      274 PC: 0xxxxx
INUM:      275 PC: 0xxxxx
INUM:      276 PC: 0xxxxx
INUM:      277 PC: 0xxxxx
INUM:      278 PC: 0xxxxx
INUM:      279 PC: 0xxxxx
INUM:      280 PC: 0xxxxx
INUM:      281 PC: 0xxxxx
INUM:      282 PC: 0xxxxx
INUM:      283 PC: 0xxxxx
INUM:      284 PC: 0xxxxx
INUM:      285 PC: 0xxxxx
INUM:      286 PC: 0xxxxx
INUM:      287 PC: 0xxxxx
INUM:      288 PC: 0xxxxx
INUM:      289 PC: 0xxxxx
INUM:      290 PC: 0xxxxx
INUM:      291 PC: 0xxxxx
INUM:      292 PC: 0xxxxx
INUM:      293 PC: 0xxxxx
INUM:      294 PC: 0xxxxx
INUM:      295 PC: 0xxxxx
INUM:      296 PC: 0xxxxx
INUM:      297 PC: 0xxxxx
INUM:      298 PC: 0xxxxx
INUM:      299 PC: 0xxxxx
INUM:      300 PC: 0xxxxx
INUM:      301 PC: 0xxxxx
INUM:      302 PC: 0xxxxx
INUM:      303 PC: 0xxxxx
INUM:      304 PC: 0xxxxx
INUM:      305 PC: 0xxxxx
INUM:      306 PC: 0xxxxx
INUM:      307 PC: 0xxxxx
INUM:      308 PC: 0xxxxx
INUM:      309 PC: 0xxxxx
INUM:      310 PC: 0xxxxx
INUM:      311 PC: 0xxxxx
INUM:      312 PC: 0xxxxx
INUM:      313 PC: 0xxxxx
INUM:      314 PC: 0xxxxx
INUM:      315 PC: 0xxxxx
INUM:      316 PC: 0xxxxx
INUM:      317 PC: 0xxxxx
INUM:      318 PC: 0xxxxx
INUM:      319 PC: 0xxxxx
INUM:      320 PC: 0xxxxx
INUM:      321 PC: 0xxxxx
INUM:      322 PC: 0xxxxx
INUM:      323 PC: 0xxxxx
INUM:      324 PC: 0xxxxx
INUM:      325 PC: 0xxxxx
INUM:      326 PC: 0xxxxx
INUM:      327 PC: 0xxxxx
INUM:      328 PC: 0xxxxx
INUM:      329 PC: 0xxxxx
INUM:      330 PC: 0xxxxx
INUM:      331 PC: 0xxxxx
INUM:      332 PC: 0xxxxx
INUM:      333 PC: 0xxxxx
INUM:      334 PC: 0xxxxx
INUM:      335 PC: 0xxxxx
INUM:      336 PC: 0xxxxx
INUM:      337 PC: 0xxxxx
INUM:      338 PC: 0xxxxx
INUM:      339 PC: 0xxxxx
INUM:      340 PC: 0xxxxx
INUM:      341 PC: 0xxxxx
INUM:      342 PC: 0xxxxx
INUM:      343 PC: 0xxxxx
INUM:      344 PC: 0xxxxx
INUM:      345 PC: 0xxxxx
INUM:      346 PC: 0xxxxx
INUM:      347 PC: 0xxxxx
INUM:      348 PC: 0xxxxx
INUM:      349 PC: 0xxxxx
INUM:      350 PC: 0xxxxx
INUM:      351 PC: 0xxxxx
INUM:      352 PC: 0xxxxx
INUM:      353 PC: 0xxxxx
INUM:      354 PC: 0xxxxx
INUM:      355 PC: 0xxxxx
INUM:      356 PC: 0xxxxx
INUM:      357 PC: 0xxxxx
INUM:      358 PC: 0xxxxx
INUM:      359 PC: 0xxxxx
INUM:      360 PC: 0xxxxx
INUM:      361 PC: 0xxxxx
INUM:      362 PC: 0xxxxx
INUM:      363 PC: 0xxxxx
INUM:      364 PC: 0xxxxx
INUM:      365 PC: 0xxxxx
INUM:      366 PC: 0xxxxx
INUM:      367 PC: 0xxxxx
INUM:      368 PC: 0xxxxx
INUM:      369 PC: 0xxxxx
INUM:      370 PC: 0xxxxx
INUM:      371 PC: 0xxxxx
INUM:      372 PC: 0xxxxx
INUM:      373 PC: 0xxxxx
INUM:      374 PC: 0xxxxx
INUM:      375 PC: 0xxxxx
INUM:      376 PC: 0xxxxx
INUM:      377 PC: 0xxxxx
INUM:      378 PC: 0xxxxx
INUM:      379 PC: 0xxxxx
INUM:      380 PC: 0xxxxx
INUM:      381 PC: 0xxxxx
INUM:      382 PC: 0xxxxx
INUM:      383 PC: 0xxxxx
INUM:      384 PC: 0xxxxx
INUM:      385 PC: 0xxxxx
INUM:      386 PC: 0xxxxx
INUM:      387 PC: 0xxxxx
INUM:      388 PC: 0xxxxx
INUM:      389 PC: 0xxxxx
INUM:      390 PC: 0xxxxx
INUM:      391 PC: 0xxxxx
INUM:      392 PC: 0xxxxx
INUM:      393 PC: 0xxxxx
INUM:      394 PC: 0xxxxx
INUM:      395 PC: 0xxxxx
INUM:      396 PC: 0xxxxx
INUM:      397 PC: 0xxxxx
INUM:      398 PC: 0xxxxx
INUM:      399 PC: 0xxxxx
INUM:      400 PC: 0xxxxx
INUM:      401 PC: 0xxxxx
INUM:      402 PC: 0xxxxx
INUM:      403 PC: 0xxxxx
INUM:      404 PC: 0xxxxx
INUM:      405 PC: 0xxxxx
INUM:      406 PC: 0xxxxx
INUM:      407 PC: 0xxxxx
INUM:      408 PC: 0xxxxx
INUM:      409 PC: 0xxxxx
INUM:      410 PC: 0xxxxx
INUM:      411 PC: 0xxxxx
INUM:      412 PC: 0xxxxx
INUM:      413 PC: 0xxxxx
INUM:      414 PC: 0xxxxx
INUM:      415 PC: 0xxxxx
INUM:      416 PC: 0xxxxx
INUM:      417 PC: 0xxxxx
INUM:      418 PC: 0xxxxx
INUM:      419 PC: 0xxxxx
INUM:      420 PC: 0xxxxx
INUM:      421 PC: 0xxxxx
INUM:      422 PC: 0xxxxx
INUM:      423 PC: 0xxxxx
INUM:      424 PC: 0xxxxx
INUM:      425 PC: 0xxxxx
INUM:      426 PC: 0xxxxx
INUM:      427 PC: 0xxxxx
INUM:      428 PC: 0xxxxx
INUM:      429 PC: 0xxxxx
INUM:      430 PC: 0xxxxx
INUM:      431 PC: 0xxxxx
INUM:      432 PC: 0xxxxx
INUM:      433 PC: 0xxxxx
INUM:      434 PC: 0xxxxx
INUM:      435 PC: 0xxxxx
INUM:      436 PC: 0xxxxx
INUM:      437 PC: 0xxxxx
INUM:      438 PC: 0xxxxx
INUM:      439 PC: 0xxxxx
INUM:      440 PC: 0xxxxx
INUM:      441 PC: 0xxxxx
INUM:      442 PC: 0xxxxx
INUM:      443 PC: 0xxxxx
INUM:      444 PC: 0xxxxx
INUM:      445 PC: 0xxxxx
INUM:      446 PC: 0xxxxx
INUM:      447 PC: 0xxxxx
INUM:      448 PC: 0xxxxx
INUM:      449 PC: 0xxxxx
INUM:      450 PC: 0xxxxx
INUM:      451 PC: 0xxxxx
INUM:      452 PC: 0xxxxx
INUM:      453 PC: 0xxxxx
INUM:      454 PC: 0xxxxx
INUM:      455 PC: 0xxxxx
INUM:      456 PC: 0xxxxx
INUM:      457 PC: 0xxxxx
INUM:      458 PC: 0xxxxx
INUM:      459 PC: 0xxxxx
INUM:      460 PC: 0xxxxx
INUM:      461 PC: 0xxxxx
INUM:      462 PC: 0xxxxx
INUM:      463 PC: 0xxxxx
INUM:      464 PC: 0xxxxx
INUM:      465 PC: 0xxxxx
INUM:      466 PC: 0xxxxx
INUM:      467 PC: 0xxxxx
INUM:      468 PC: 0xxxxx
INUM:      469 PC: 0xxxxx
INUM:      470 PC: 0xxxxx
INUM:      471 PC: 0xxxxx
INUM:      472 PC: 0xxxxx
INUM:      473 PC: 0xxxxx
INUM:      474 PC: 0xxxxx
INUM:      475 PC: 0xxxxx
INUM:      476 PC: 0xxxxx
INUM:      477 PC: 0xxxxx
INUM:      478 PC: 0xxxxx
INUM:      479 PC: 0xxxxx
INUM:      480 PC: 0xxxxx
INUM:      481 PC: 0xxxxx
INUM:      482 PC: 0xxxxx
INUM:      483 PC: 0xxxxx
INUM:      484 PC: 0xxxxx
INUM:      485 PC: 0xxxxx
INUM:      486 PC: 0xxxxx
INUM:      487 PC: 0xxxxx
INUM:      488 PC: 0xxxxx
INUM:      489 PC: 0xxxxx
INUM:      490 PC: 0xxxxx
INUM:      491 PC: 0xxxxx
INUM:      492 PC: 0xxxxx
INUM:      493 PC: 0xxxxx
INUM:      494 PC: 0xxxxx
INUM:      495 PC: 0xxxxx
INUM:      496 PC: 0xxxxx
INUM:      497 PC: 0xxxxx
INUM:      498 PC: 0xxxxx
INUM:      499 PC: 0xxxxx
INUM:      500 PC: 0xxxxx
INUM:      501 PC: 0xxxxx
INUM:      502 PC: 0xxxxx
INUM:      503 PC: 0xxxxx
INUM:      504 PC: 0xxxxx
INUM:      505 PC: 0xxxxx
INUM:      506 PC: 0xxxxx
INUM:      507 PC: 0xxxxx
INUM:      508 PC: 0xxxxx
INUM:      509 PC: 0xxxxx
INUM:      510 PC: 0xxxxx
INUM:      511 PC: 0xxxxx
INUM:      512 PC: 0xxxxx
INUM:      513 PC: 0xxxxx
INUM:      514 PC: 0xxxxx
INUM:      515 PC: 0xxxxx
INUM:      516 PC: 0xxxxx
INUM:      517 PC: 0xxxxx
INUM:      518 PC: 0xxxxx
INUM:      519 PC: 0xxxxx
INUM:      520 PC: 0xxxxx
INUM:      521 PC: 0xxxxx
INUM:      522 PC: 0xxxxx
INUM:      523 PC: 0xxxxx
INUM:      524 PC: 0xxxxx
INUM:      525 PC: 0xxxxx
INUM:      526 PC: 0xxxxx
INUM:      527 PC: 0xxxxx
INUM:      528 PC: 0xxxxx
INUM:      529 PC: 0xxxxx
INUM:      530 PC: 0xxxxx
INUM:      531 PC: 0xxxxx
INUM:      532 PC: 0xxxxx
INUM:      533 PC: 0xxxxx
INUM:      534 PC: 0xxxxx
INUM:      535 PC: 0xxxxx
INUM:      536 PC: 0xxxxx
INUM:      537 PC: 0xxxxx
INUM:      538 PC: 0xxxxx
INUM:      539 PC: 0xxxxx
INUM:      540 PC: 0xxxxx
INUM:      541 PC: 0xxxxx
INUM:      542 PC: 0xxxxx
INUM:      543 PC: 0xxxxx
INUM:      544 PC: 0xxxxx
INUM:      545 PC: 0xxxxx
INUM:      546 PC: 0xxxxx
INUM:      547 PC: 0xxxxx
INUM:      548 PC: 0xxxxx
INUM:      549 PC: 0xxxxx
INUM:      550 PC: 0xxxxx
INUM:      551 PC: 0xxxxx
INUM:      552 PC: 0xxxxx
INUM:      553 PC: 0xxxxx
INUM:      554 PC: 0xxxxx
INUM:      555 PC: 0xxxxx
INUM:      556 PC: 0xxxxx
INUM:      557 PC: 0xxxxx
INUM:      558 PC: 0xxxxx
INUM:      559 PC: 0xxxxx
INUM:      560 PC: 0xxxxx
INUM:      561 PC: 0xxxxx
INUM:      562 PC: 0xxxxx
INUM:      563 PC: 0xxxxx
INUM:      564 PC: 0xxxxx
INUM:      565 PC: 0xxxxx
INUM:      566 PC: 0xxxxx
INUM:      567 PC: 0xxxxx
INUM:      568 PC: 0xxxxx
INUM:      569 PC: 0xxxxx
INUM:      570 PC: 0xxxxx
INUM:      571 PC: 0xxxxx
INUM:      572 PC: 0xxxxx
INUM:      573 PC: 0xxxxx
INUM:      574 PC: 0xxxxx
INUM:      575 PC: 0xxxxx
INUM:      576 PC: 0xxxxx
INUM:      577 PC: 0xxxxx
INUM:      578 PC: 0xxxxx
INUM:      579 PC: 0xxxxx
INUM:      580 PC: 0xxxxx
INUM:      581 PC: 0xxxxx
INUM:      582 PC: 0xxxxx
INUM:      583 PC: 0xxxxx
INUM:      584 PC: 0xxxxx
INUM:      585 PC: 0xxxxx
INUM:      586 PC: 0xxxxx
INUM:      587 PC: 0xxxxx
INUM:      588 PC: 0xxxxx
INUM:      589 PC: 0xxxxx
INUM:      590 PC: 0xxxxx
INUM:      591 PC: 0xxxxx
INUM:      592 PC: 0xxxxx
INUM:      593 PC: 0xxxxx
INUM:      594 PC: 0xxxxx
INUM:      595 PC: 0xxxxx
INUM:      596 PC: 0xxxxx
INUM:      597 PC: 0xxxxx
INUM:      598 PC: 0xxxxx
INUM:      599 PC: 0xxxxx
INUM:      600 PC: 0xxxxx
INUM:      601 PC: 0xxxxx
INUM:      602 PC: 0xxxxx
INUM:      603 PC: 0xxxxx
INUM:      604 PC: 0xxxxx
INUM:      605 PC: 0xxxxx
INUM:      606 PC: 0xxxxx
INUM:      607 PC: 0xxxxx
INUM:      608 PC: 0xxxxx
INUM:      609 PC: 0xxxxx
INUM:      610 PC: 0xxxxx
INUM:      611 PC: 0xxxxx
INUM:      612 PC: 0xxxxx
INUM:      613 PC: 0xxxxx
INUM:      614 PC: 0xxxxx
INUM:      615 PC: 0xxxxx
INUM:      616 PC: 0xxxxx
INUM:      617 PC: 0xxxxx
INUM:      618 PC: 0xxxxx
INUM:      619 PC: 0xxxxx
INUM:      620 PC: 0xxxxx
INUM:      621 PC: 0xxxxx
INUM:      622 PC: 0xxxxx
INUM:      623 PC: 0xxxxx
INUM:      624 PC: 0xxxxx
INUM:      625 PC: 0xxxxx
INUM:      626 PC: 0xxxxx
INUM:      627 PC: 0xxxxx
INUM:      628 PC: 0xxxxx
INUM:      629 PC: 0xxxxx
INUM:      630 PC: 0xxxxx
INUM:      631 PC: 0xxxxx
INUM:      632 PC: 0xxxxx
INUM:      633 PC: 0xxxxx
INUM:      634 PC: 0xxxxx
INUM:      635 PC: 0xxxxx
INUM:      636 PC: 0xxxxx
INUM:      637 PC: 0xxxxx
INUM:      638 PC: 0xxxxx
INUM:      639 PC: 0xxxxx
INUM:      640 PC: 0xxxxx
INUM:      641 PC: 0xxxxx
INUM:      642 PC: 0xxxxx
INUM:      643 PC: 0xxxxx
INUM:      644 PC: 0xxxxx
INUM:      645 PC: 0xxxxx
INUM:      646 PC: 0xxxxx
INUM:      647 PC: 0xxxxx
INUM:      648 PC: 0xxxxx
INUM:      649 PC: 0xxxxx
INUM:      650 PC: 0xxxxx
INUM:      651 PC: 0xxxxx
INUM:      652 PC: 0xxxxx
INUM:      653 PC: 0xxxxx
INUM:      654 PC: 0xxxxx
INUM:      655 PC: 0xxxxx
INUM:      656 PC: 0xxxxx
INUM:      657 PC: 0xxxxx
INUM:      658 PC: 0xxxxx
INUM:      659 PC: 0xxxxx
INUM:      660 PC: 0xxxxx
INUM:      661 PC: 0xxxxx
INUM:      662 PC: 0xxxxx
INUM:      663 PC: 0xxxxx
INUM:      664 PC: 0xxxxx
INUM:      665 PC: 0xxxxx
INUM:      666 PC: 0xxxxx
INUM:      667 PC: 0xxxxx
INUM:      668 PC: 0xxxxx
INUM:      669 PC: 0xxxxx
INUM:      670 PC: 0xxxxx
INUM:      671 PC: 0xxxxx
INUM:      672 PC: 0xxxxx
INUM:      673 PC: 0xxxxx
INUM:      674 PC: 0xxxxx
INUM:      675 PC: 0xxxxx
INUM:      676 PC: 0xxxxx
INUM:      677 PC: 0xxxxx
INUM:      678 PC: 0xxxxx
INUM:      679 PC: 0xxxxx
INUM:      680 PC: 0xxxxx
INUM:      681 PC: 0xxxxx
INUM:      682 PC: 0xxxxx
INUM:      683 PC: 0xxxxx
INUM:      684 PC: 0xxxxx
INUM:      685 PC: 0xxxxx
INUM:      686 PC: 0xxxxx
INUM:      687 PC: 0xxxxx
INUM:      688 PC: 0xxxxx
INUM:      689 PC: 0xxxxx
INUM:      690 PC: 0xxxxx
INUM:      691 PC: 0xxxxx
INUM:      692 PC: 0xxxxx
INUM:      693 PC: 0xxxxx
INUM:      694 PC: 0xxxxx
INUM:      695 PC: 0xxxxx
INUM:      696 PC: 0xxxxx
INUM:      697 PC: 0xxxxx
INUM:      698 PC: 0xxxxx
INUM:      699 PC: 0xxxxx
INUM:      700 PC: 0xxxxx
INUM:      701 PC: 0xxxxx
INUM:      702 PC: 0xxxxx
INUM:      703 PC: 0xxxxx
INUM:      704 PC: 0xxxxx
INUM:      705 PC: 0xxxxx
INUM:      706 PC: 0xxxxx
INUM:      707 PC: 0xxxxx
INUM:      708 PC: 0xxxxx
INUM:      709 PC: 0xxxxx
INUM:      710 PC: 0xxxxx
INUM:      711 PC: 0xxxxx
INUM:      712 PC: 0xxxxx
INUM:      713 PC: 0xxxxx
INUM:      714 PC: 0xxxxx
INUM:      715 PC: 0xxxxx
INUM:      716 PC: 0xxxxx
INUM:      717 PC: 0xxxxx
INUM:      718 PC: 0xxxxx
INUM:      719 PC: 0xxxxx
INUM:      720 PC: 0xxxxx
INUM:      721 PC: 0xxxxx
INUM:      722 PC: 0xxxxx
INUM:      723 PC: 0xxxxx
INUM:      724 PC: 0xxxxx
INUM:      725 PC: 0xxxxx
INUM:      726 PC: 0xxxxx
INUM:      727 PC: 0xxxxx
INUM:      728 PC: 0xxxxx
INUM:      729 PC: 0xxxxx
INUM:      730 PC: 0xxxxx
INUM:      731 PC: 0xxxxx
INUM:      732 PC: 0xxxxx
INUM:      733 PC: 0xxxxx
INUM:      734 PC: 0xxxxx
INUM:      735 PC: 0xxxxx
INUM:      736 PC: 0xxxxx
INUM:      737 PC: 0xxxxx
INUM:      738 PC: 0xxxxx
INUM:      739 PC: 0xxxxx
INUM:      740 PC: 0xxxxx
INUM:      741 PC: 0xxxxx
INUM:      742 PC: 0xxxxx
INUM:      743 PC: 0xxxxx
INUM:      744 PC: 0xxxxx
INUM:      745 PC: 0xxxxx
INUM:      746 PC: 0xxxxx
INUM:      747 PC: 0xxxxx
INUM:      748 PC: 0xxxxx
INUM:      749 PC: 0xxxxx
INUM:      750 PC: 0xxxxx
INUM:      751 PC: 0xxxxx
INUM:      752 PC: 0xxxxx
INUM:      753 PC: 0xxxxx
INUM:      754 PC: 0xxxxx
INUM:      755 PC: 0xxxxx
INUM:      756 PC: 0xxxxx
INUM:      757 PC: 0xxxxx
INUM:      758 PC: 0xxxxx
INUM:      759 PC: 0xxxxx
INUM:      760 PC: 0xxxxx
INUM:      761 PC: 0xxxxx
INUM:      762 PC: 0xxxxx
INUM:      763 PC: 0xxxxx
INUM:      764 PC: 0xxxxx
INUM:      765 PC: 0xxxxx
INUM:      766 PC: 0xxxxx
INUM:      767 PC: 0xxxxx
INUM:      768 PC: 0xxxxx
INUM:      769 PC: 0xxxxx
INUM:      770 PC: 0xxxxx
INUM:      771 PC: 0xxxxx
INUM:      772 PC: 0xxxxx
INUM:      773 PC: 0xxxxx
INUM:      774 PC: 0xxxxx
INUM:      775 PC: 0xxxxx
INUM:      776 PC: 0xxxxx
INUM:      777 PC: 0xxxxx
INUM:      778 PC: 0xxxxx
INUM:      779 PC: 0xxxxx
INUM:      780 PC: 0xxxxx
INUM:      781 PC: 0xxxxx
INUM:      782 PC: 0xxxxx
INUM:      783 PC: 0xxxxx
INUM:      784 PC: 0xxxxx
INUM:      785 PC: 0xxxxx
INUM:      786 PC: 0xxxxx
INUM:      787 PC: 0xxxxx
INUM:      788 PC: 0xxxxx
INUM:      789 PC: 0xxxxx
INUM:      790 PC: 0xxxxx
INUM:      791 PC: 0xxxxx
INUM:      792 PC: 0xxxxx
INUM:      793 PC: 0xxxxx
INUM:      794 PC: 0xxxxx
INUM:      795 PC: 0xxxxx
INUM:      796 PC: 0xxxxx
INUM:      797 PC: 0xxxxx
INUM:      798 PC: 0xxxxx
INUM:      799 PC: 0xxxxx
INUM:      800 PC: 0xxxxx
INUM:      801 PC: 0xxxxx
INUM:      802 PC: 0xxxxx
INUM:      803 PC: 0xxxxx
INUM:      804 PC: 0xxxxx
INUM:      805 PC: 0xxxxx
INUM:      806 PC: 0xxxxx
INUM:      807 PC: 0xxxxx
INUM:      808 PC: 0xxxxx
INUM:      809 PC: 0xxxxx
INUM:      810 PC: 0xxxxx
INUM:      811 PC: 0xxxxx
INUM:      812 PC: 0xxxxx
INUM:      813 PC: 0xxxxx
INUM:      814 PC: 0xxxxx
INUM:      815 PC: 0xxxxx
INUM:      816 PC: 0xxxxx
INUM:      817 PC: 0xxxxx
INUM:      818 PC: 0xxxxx
INUM:      819 PC: 0xxxxx
INUM:      820 PC: 0xxxxx
INUM:      821 PC: 0xxxxx
INUM:      822 PC: 0xxxxx
INUM:      823 PC: 0xxxxx
INUM:      824 PC: 0xxxxx
INUM:      825 PC: 0xxxxx
INUM:      826 PC: 0xxxxx
INUM:      827 PC: 0xxxxx
INUM:      828 PC: 0xxxxx
INUM:      829 PC: 0xxxxx
INUM:      830 PC: 0xxxxx
INUM:      831 PC: 0xxxxx
INUM:      832 PC: 0xxxxx
INUM:      833 PC: 0xxxxx
INUM:      834 PC: 0xxxxx
INUM:      835 PC: 0xxxxx
INUM:      836 PC: 0xxxxx
INUM:      837 PC: 0xxxxx
INUM:      838 PC: 0xxxxx
INUM:      839 PC: 0xxxxx
INUM:      840 PC: 0xxxxx
INUM:      841 PC: 0xxxxx
INUM:      842 PC: 0xxxxx
INUM:      843 PC: 0xxxxx
INUM:      844 PC: 0xxxxx
INUM:      845 PC: 0xxxxx
INUM:      846 PC: 0xxxxx
INUM:      847 PC: 0xxxxx
INUM:      848 PC: 0xxxxx
INUM:      849 PC: 0xxxxx
INUM:      850 PC: 0xxxxx
INUM:      851 PC: 0xxxxx
INUM:      852 PC: 0xxxxx
INUM:      853 PC: 0xxxxx
INUM:      854 PC: 0xxxxx
INUM:      855 PC: 0xxxxx
INUM:      856 PC: 0xxxxx
INUM:      857 PC: 0xxxxx
INUM:      858 PC: 0xxxxx
INUM:      859 PC: 0xxxxx
INUM:      860 PC: 0xxxxx
INUM:      861 PC: 0xxxxx
INUM:      862 PC: 0xxxxx
INUM:      863 PC: 0xxxxx
INUM:      864 PC: 0xxxxx
INUM:      865 PC: 0xxxxx
INUM:      866 PC: 0xxxxx
INUM:      867 PC: 0xxxxx
INUM:      868 PC: 0xxxxx
INUM:      869 PC: 0xxxxx
INUM:      870 PC: 0xxxxx
INUM:      871 PC: 0xxxxx
INUM:      872 PC: 0xxxxx
INUM:      873 PC: 0xxxxx
INUM:      874 PC: 0xxxxx
INUM:      875 PC: 0xxxxx
INUM:      876 PC: 0xxxxx
INUM:      877 PC: 0xxxxx
INUM:      878 PC: 0xxxxx
INUM:      879 PC: 0xxxxx
INUM:      880 PC: 0xxxxx
INUM:      881 PC: 0xxxxx
INUM:      882 PC: 0xxxxx
INUM:      883 PC: 0xxxxx
INUM:      884 PC: 0xxxxx
INUM:      885 PC: 0xxxxx
INUM:      886 PC: 0xxxxx
INUM:      887 PC: 0xxxxx
INUM:      888 PC: 0xxxxx
INUM:      889 PC: 0xxxxx
INUM:      890 PC: 0xxxxx
INUM:      891 PC: 0xxxxx
INUM:      892 PC: 0xxxxx
INUM:      893 PC: 0xxxxx
INUM:      894 PC: 0xxxxx
INUM:      895 PC: 0xxxxx
INUM:      896 PC: 0xxxxx
INUM:      897 PC: 0xxxxx
INUM:      898 PC: 0xxxxx
INUM:      899 PC: 0xxxxx
INUM:      900 PC: 0xxxxx
INUM:      901 PC: 0xxxxx
INUM:      902 PC: 0xxxxx
INUM:      903 PC: 0xxxxx
INUM:      904 PC: 0xxxxx
INUM:      905 PC: 0xxxxx
INUM:      906 PC: 0xxxxx
INUM:      907 PC: 0xxxxx
INUM:      908 PC: 0xxxxx
INUM:      909 PC: 0xxxxx
INUM:      910 PC: 0xxxxx
INUM:      911 PC: 0xxxxx
INUM:      912 PC: 0xxxxx
INUM:      913 PC: 0xxxxx
INUM:      914 PC: 0xxxxx
INUM:      915 PC: 0xxxxx
INUM:      916 PC: 0xxxxx
INUM:      917 PC: 0xxxxx
INUM:      918 PC: 0xxxxx
INUM:      919 PC: 0xxxxx
INUM:      920 PC: 0xxxxx
INUM:      921 PC: 0xxxxx
INUM:      922 PC: 0xxxxx
INUM:      923 PC: 0xxxxx
INUM:      924 PC: 0xxxxx
INUM:      925 PC: 0xxxxx
INUM:      926 PC: 0xxxxx
INUM:      927 PC: 0xxxxx
INUM:      928 PC: 0xxxxx
INUM:      929 PC: 0xxxxx
INUM:      930 PC: 0xxxxx
INUM:      931 PC: 0xxxxx
INUM:      932 PC: 0xxxxx
INUM:      933 PC: 0xxxxx
INUM:      934 PC: 0xxxxx
INUM:      935 PC: 0xxxxx
INUM:      936 PC: 0xxxxx
INUM:      937 PC: 0xxxxx
INUM:      938 PC: 0xxxxx
INUM:      939 PC: 0xxxxx
INUM:      940 PC: 0xxxxx
INUM:      941 PC: 0xxxxx
INUM:      942 PC: 0xxxxx
INUM:      943 PC: 0xxxxx
INUM:      944 PC: 0xxxxx
INUM:      945 PC: 0xxxxx
INUM:      946 PC: 0xxxxx
INUM:      947 PC: 0xxxxx
INUM:      948 PC: 0xxxxx
INUM:      949 PC: 0xxxxx
INUM:      950 PC: 0xxxxx
INUM:      951 PC: 0xxxxx
INUM:      952 PC: 0xxxxx
INUM:      953 PC: 0xxxxx
INUM:      954 PC: 0xxxxx
INUM:      955 PC: 0xxxxx
INUM:      956 PC: 0xxxxx
INUM:      957 PC: 0xxxxx
INUM:      958 PC: 0xxxxx
INUM:      959 PC: 0xxxxx
INUM:      960 PC: 0xxxxx
INUM:      961 PC: 0xxxxx
INUM:      962 PC: 0xxxxx
INUM:      963 PC: 0xxxxx
INUM:      964 PC: 0xxxxx
INUM:      965 PC: 0xxxxx
INUM:      966 PC: 0xxxxx
INUM:      967 PC: 0xxxxx
INUM:      968 PC: 0xxxxx
INUM:      969 PC: 0xxxxx
INUM:      970 PC: 0xxxxx
INUM:      971 PC: 0xxxxx
INUM:      972 PC: 0xxxxx
INUM:      973 PC: 0xxxxx
INUM:      974 PC: 0xxxxx
INUM:      975 PC: 0xxxxx
INUM:      976 PC: 0xxxxx
INUM:      977 PC: 0xxxxx
INUM:      978 PC: 0xxxxx
INUM:      979 PC: 0xxxxx
INUM:      980 PC: 0xxxxx
INUM:      981 PC: 0xxxxx
INUM:      982 PC: 0xxxxx
INUM:      983 PC: 0xxxxx
INUM:      984 PC: 0xxxxx
INUM:      985 PC: 0xxxxx
INUM:      986 PC: 0xxxxx
INUM:      987 PC: 0xxxxx
INUM:      988 PC: 0xxxxx
INUM:      989 PC: 0xxxxx
INUM:      990 PC: 0xxxxx
INUM:      991 PC: 0xxxxx
INUM:      992 PC: 0xxxxx
INUM:      993 PC: 0xxxxx
INUM:      994 PC: 0xxxxx
INUM:      995 PC: 0xxxxx
INUM:      996 PC: 0xxxxx
INUM:      997 PC: 0xxxxx
INUM:      998 PC: 0xxxxx
INUM:      999 PC: 0xxxxx
INUM:     1000 PC: 0xxxxx
INUM:     1001 PC: 0xxxxx
INUM:     1002 PC: 0xxxxx
INUM:     1003 PC: 0xxxxx
INUM:     1004 PC: 0xxxxx
INUM:     1005 PC: 0xxxxx
INUM:     1006 PC: 0xxxxx
INUM:     1007 PC: 0xxxxx
INUM:     1008 PC: 0xxxxx
INUM:     1009 PC: 0xxxxx
INUM:     1010 PC: 0xxxxx
INUM:     1011 PC: 0xxxxx
INUM:     1012 PC: 0xxxxx
INUM:     1013 PC: 0xxxxx
INUM:     1014 PC: 0xxxxx
INUM:     1015 PC: 0xxxxx
INUM:     1016 PC: 0xxxxx
INUM:     1017 PC: 0xxxxx
INUM:     1018 PC: 0xxxxx
INUM:     1019 PC: 0xxxxx
INUM:     1020 PC: 0xxxxx
INUM:     1021 PC: 0xxxxx
INUM:     1022 PC: 0xxxxx
INUM:     1023 PC: 0xxxxx
INUM:     1024 PC: 0xxxxx
INUM:     1025 PC: 0xxxxx
INUM:     1026 PC: 0xxxxx
INUM:     1027 PC: 0xxxxx
INUM:     1028 PC: 0xxxxx
INUM:     1029 PC: 0xxxxx
INUM:     1030 PC: 0xxxxx
INUM:     1031 PC: 0xxxxx
INUM:     1032 PC: 0xxxxx
INUM:     1033 PC: 0xxxxx
INUM:     1034 PC: 0xxxxx
INUM:     1035 PC: 0xxxxx
INUM:     1036 PC: 0xxxxx
INUM:     1037 PC: 0xxxxx
INUM:     1038 PC: 0xxxxx
INUM:     1039 PC: 0xxxxx
INUM:     1040 PC: 0xxxxx
INUM:     1041 PC: 0xxxxx
INUM:     1042 PC: 0xxxxx
INUM:     1043 PC: 0xxxxx
INUM:     1044 PC: 0xxxxx
INUM:     1045 PC: 0xxxxx
INUM:     1046 PC: 0xxxxx
INUM:     1047 PC: 0xxxxx
INUM:     1048 PC: 0xxxxx
INUM:     1049 PC: 0xxxxx
INUM:     1050 PC: 0xxxxx
INUM:     1051 PC: 0xxxxx
INUM:     1052 PC: 0xxxxx
INUM:     1053 PC: 0xxxxx
INUM:     1054 PC: 0xxxxx
INUM:     1055 PC: 0xxxxx
INUM:     1056 PC: 0xxxxx
INUM:     1057 PC: 0xxxxx
INUM:     1058 PC: 0xxxxx
INUM:     1059 PC: 0xxxxx
INUM:     1060 PC: 0xxxxx
INUM:     1061 PC: 0xxxxx
INUM:     1062 PC: 0xxxxx
INUM:     1063 PC: 0xxxxx
INUM:     1064 PC: 0xxxxx
INUM:     1065 PC: 0xxxxx
INUM:     1066 PC: 0xxxxx
INUM:     1067 PC: 0xxxxx
INUM:     1068 PC: 0xxxxx
INUM:     1069 PC: 0xxxxx
INUM:     1070 PC: 0xxxxx
INUM:     1071 PC: 0xxxxx
INUM:     1072 PC: 0xxxxx
INUM:     1073 PC: 0xxxxx
INUM:     1074 PC: 0xxxxx
INUM:     1075 PC: 0xxxxx
INUM:     1076 PC: 0xxxxx
INUM:     1077 PC: 0xxxxx
INUM:     1078 PC: 0xxxxx
INUM:     1079 PC: 0xxxxx
INUM:     1080 PC: 0xxxxx
INUM:     1081 PC: 0xxxxx
INUM:     1082 PC: 0xxxxx
INUM:     1083 PC: 0xxxxx
INUM:     1084 PC: 0xxxxx
INUM:     1085 PC: 0xxxxx
INUM:     1086 PC: 0xxxxx
INUM:     1087 PC: 0xxxxx
INUM:     1088 PC: 0xxxxx
INUM:     1089 PC: 0xxxxx
INUM:     1090 PC: 0xxxxx
INUM:     1091 PC: 0xxxxx
INUM:     1092 PC: 0xxxxx
INUM:     1093 PC: 0xxxxx
INUM:     1094 PC: 0xxxxx
INUM:     1095 PC: 0xxxxx
INUM:     1096 PC: 0xxxxx
INUM:     1097 PC: 0xxxxx
INUM:     1098 PC: 0xxxxx
INUM:     1099 PC: 0xxxxx
INUM:     1100 PC: 0xxxxx
INUM:     1101 PC: 0xxxxx
INUM:     1102 PC: 0xxxxx
INUM:     1103 PC: 0xxxxx
INUM:     1104 PC: 0xxxxx
INUM:     1105 PC: 0xxxxx
INUM:     1106 PC: 0xxxxx
INUM:     1107 PC: 0xxxxx
INUM:     1108 PC: 0xxxxx
INUM:     1109 PC: 0xxxxx
INUM:     1110 PC: 0xxxxx
INUM:     1111 PC: 0xxxxx
INUM:     1112 PC: 0xxxxx
INUM:     1113 PC: 0xxxxx
INUM:     1114 PC: 0xxxxx
INUM:     1115 PC: 0xxxxx
INUM:     1116 PC: 0xxxxx
INUM:     1117 PC: 0xxxxx
INUM:     1118 PC: 0xxxxx
INUM:     1119 PC: 0xxxxx
INUM:     1120 PC: 0xxxxx
INUM:     1121 PC: 0xxxxx
INUM:     1122 PC: 0xxxxx
INUM:     1123 PC: 0xxxxx
INUM:     1124 PC: 0xxxxx
INUM:     1125 PC: 0xxxxx
INUM:     1126 PC: 0xxxxx
INUM:     1127 PC: 0xxxxx
INUM:     1128 PC: 0xxxxx
INUM:     1129 PC: 0xxxxx
INUM:     1130 PC: 0xxxxx
INUM:     1131 PC: 0xxxxx
INUM:     1132 PC: 0xxxxx
INUM:     1133 PC: 0xxxxx
INUM:     1134 PC: 0xxxxx
INUM:     1135 PC: 0xxxxx
INUM:     1136 PC: 0xxxxx
INUM:     1137 PC: 0xxxxx
INUM:     1138 PC: 0xxxxx
INUM:     1139 PC: 0xxxxx
INUM:     1140 PC: 0xxxxx
INUM:     1141 PC: 0xxxxx
INUM:     1142 PC: 0xxxxx
INUM:     1143 PC: 0xxxxx
INUM:     1144 PC: 0xxxxx
INUM:     1145 PC: 0xxxxx
INUM:     1146 PC: 0xxxxx
INUM:     1147 PC: 0xxxxx
INUM:     1148 PC: 0xxxxx
INUM:     1149 PC: 0xxxxx
INUM:     1150 PC: 0xxxxx
INUM:     1151 PC: 0xxxxx
INUM:     1152 PC: 0xxxxx
INUM:     1153 PC: 0xxxxx
INUM:     1154 PC: 0xxxxx
INUM:     1155 PC: 0xxxxx
INUM:     1156 PC: 0xxxxx
INUM:     1157 PC: 0xxxxx
INUM:     1158 PC: 0xxxxx
INUM:     1159 PC: 0xxxxx
INUM:     1160 PC: 0xxxxx
INUM:     1161 PC: 0xxxxx
INUM:     1162 PC: 0xxxxx
INUM:     1163 PC: 0xxxxx
INUM:     1164 PC: 0xxxxx
INUM:     1165 PC: 0xxxxx
INUM:     1166 PC: 0xxxxx
INUM:     1167 PC: 0xxxxx
INUM:     1168 PC: 0xxxxx
INUM:     1169 PC: 0xxxxx
INUM:     1170 PC: 0xxxxx
INUM:     1171 PC: 0xxxxx
INUM:     1172 PC: 0xxxxx
INUM:     1173 PC: 0xxxxx
INUM:     1174 PC: 0xxxxx
INUM:     1175 PC: 0xxxxx
INUM:     1176 PC: 0xxxxx
INUM:     1177 PC: 0xxxxx
INUM:     1178 PC: 0xxxxx
INUM:     1179 PC: 0xxxxx
INUM:     1180 PC: 0xxxxx
INUM:     1181 PC: 0xxxxx
INUM:     1182 PC: 0xxxxx
INUM:     1183 PC: 0xxxxx
INUM:     1184 PC: 0xxxxx
INUM:     1185 PC: 0xxxxx
INUM:     1186 PC: 0xxxxx
INUM:     1187 PC: 0xxxxx
INUM:     1188 PC: 0xxxxx
INUM:     1189 PC: 0xxxxx
INUM:     1190 PC: 0xxxxx
INUM:     1191 PC: 0xxxxx
INUM:     1192 PC: 0xxxxx
INUM:     1193 PC: 0xxxxx
INUM:     1194 PC: 0xxxxx
INUM:     1195 PC: 0xxxxx
INUM:     1196 PC: 0xxxxx
INUM:     1197 PC: 0xxxxx
INUM:     1198 PC: 0xxxxx
INUM:     1199 PC: 0xxxxx
INUM:     1200 PC: 0xxxxx
INUM:     1201 PC: 0xxxxx
INUM:     1202 PC: 0xxxxx
INUM:     1203 PC: 0xxxxx
INUM:     1204 PC: 0xxxxx
INUM:     1205 PC: 0xxxxx
INUM:     1206 PC: 0xxxxx
INUM:     1207 PC: 0xxxxx
INUM:     1208 PC: 0xxxxx
INUM:     1209 PC: 0xxxxx
INUM:     1210 PC: 0xxxxx
INUM:     1211 PC: 0xxxxx
INUM:     1212 PC: 0xxxxx
INUM:     1213 PC: 0xxxxx
INUM:     1214 PC: 0xxxxx
INUM:     1215 PC: 0xxxxx
INUM:     1216 PC: 0xxxxx
INUM:     1217 PC: 0xxxxx
INUM:     1218 PC: 0xxxxx
INUM:     1219 PC: 0xxxxx
INUM:     1220 PC: 0xxxxx
INUM:     1221 PC: 0xxxxx
INUM:     1222 PC: 0xxxxx
INUM:     1223 PC: 0xxxxx
INUM:     1224 PC: 0xxxxx
INUM:     1225 PC: 0xxxxx
INUM:     1226 PC: 0xxxxx
INUM:     1227 PC: 0xxxxx
INUM:     1228 PC: 0xxxxx
INUM:     1229 PC: 0xxxxx
INUM:     1230 PC: 0xxxxx
INUM:     1231 PC: 0xxxxx
INUM:     1232 PC: 0xxxxx
INUM:     1233 PC: 0xxxxx
INUM:     1234 PC: 0xxxxx
INUM:     1235 PC: 0xxxxx
INUM:     1236 PC: 0xxxxx
INUM:     1237 PC: 0xxxxx
INUM:     1238 PC: 0xxxxx
INUM:     1239 PC: 0xxxxx
INUM:     1240 PC: 0xxxxx
INUM:     1241 PC: 0xxxxx
INUM:     1242 PC: 0xxxxx
INUM:     1243 PC: 0xxxxx
INUM:     1244 PC: 0xxxxx
INUM:     1245 PC: 0xxxxx
INUM:     1246 PC: 0xxxxx
INUM:     1247 PC: 0xxxxx
INUM:     1248 PC: 0xxxxx
INUM:     1249 PC: 0xxxxx
INUM:     1250 PC: 0xxxxx
INUM:     1251 PC: 0xxxxx
INUM:     1252 PC: 0xxxxx
INUM:     1253 PC: 0xxxxx
INUM:     1254 PC: 0xxxxx
INUM:     1255 PC: 0xxxxx
INUM:     1256 PC: 0xxxxx
INUM:     1257 PC: 0xxxxx
INUM:     1258 PC: 0xxxxx
INUM:     1259 PC: 0xxxxx
INUM:     1260 PC: 0xxxxx
INUM:     1261 PC: 0xxxxx
INUM:     1262 PC: 0xxxxx
INUM:     1263 PC: 0xxxxx
INUM:     1264 PC: 0xxxxx
INUM:     1265 PC: 0xxxxx
INUM:     1266 PC: 0xxxxx
INUM:     1267 PC: 0xxxxx
INUM:     1268 PC: 0xxxxx
INUM:     1269 PC: 0xxxxx
INUM:     1270 PC: 0xxxxx
INUM:     1271 PC: 0xxxxx
INUM:     1272 PC: 0xxxxx
INUM:     1273 PC: 0xxxxx
INUM:     1274 PC: 0xxxxx
INUM:     1275 PC: 0xxxxx
INUM:     1276 PC: 0xxxxx
INUM:     1277 PC: 0xxxxx
INUM:     1278 PC: 0xxxxx
INUM:     1279 PC: 0xxxxx
INUM:     1280 PC: 0xxxxx
INUM:     1281 PC: 0xxxxx
INUM:     1282 PC: 0xxxxx
INUM:     1283 PC: 0xxxxx
INUM:     1284 PC: 0xxxxx
INUM:     1285 PC: 0xxxxx
INUM:     1286 PC: 0xxxxx
INUM:     1287 PC: 0xxxxx
INUM:     1288 PC: 0xxxxx
INUM:     1289 PC: 0xxxxx
INUM:     1290 PC: 0xxxxx
INUM:     1291 PC: 0xxxxx
INUM:     1292 PC: 0xxxxx
INUM:     1293 PC: 0xxxxx
INUM:     1294 PC: 0xxxxx
INUM:     1295 PC: 0xxxxx
INUM:     1296 PC: 0xxxxx
INUM:     1297 PC: 0xxxxx
INUM:     1298 PC: 0xxxxx
INUM:     1299 PC: 0xxxxx
INUM:     1300 PC: 0xxxxx
INUM:     1301 PC: 0xxxxx
INUM:     1302 PC: 0xxxxx
INUM:     1303 PC: 0xxxxx
INUM:     1304 PC: 0xxxxx
INUM:     1305 PC: 0xxxxx
INUM:     1306 PC: 0xxxxx
INUM:     1307 PC: 0xxxxx
INUM:     1308 PC: 0xxxxx
INUM:     1309 PC: 0xxxxx
INUM:     1310 PC: 0xxxxx
INUM:     1311 PC: 0xxxxx
INUM:     1312 PC: 0xxxxx
INUM:     1313 PC: 0xxxxx
INUM:     1314 PC: 0xxxxx
INUM:     1315 PC: 0xxxxx
INUM:     1316 PC: 0xxxxx
INUM:     1317 PC: 0xxxxx
INUM:     1318 PC: 0xxxxx
INUM:     1319 PC: 0xxxxx
INUM:     1320 PC: 0xxxxx
INUM:     1321 PC: 0xxxxx
INUM:     1322 PC: 0xxxxx
INUM:     1323 PC: 0xxxxx
INUM:     1324 PC: 0xxxxx
INUM:     1325 PC: 0xxxxx
INUM:     1326 PC: 0xxxxx
INUM:     1327 PC: 0xxxxx
INUM:     1328 PC: 0xxxxx
INUM:     1329 PC: 0xxxxx
INUM:     1330 PC: 0xxxxx
INUM:     1331 PC: 0xxxxx
INUM:     1332 PC: 0xxxxx
INUM:     1333 PC: 0xxxxx
INUM:     1334 PC: 0xxxxx
INUM:     1335 PC: 0xxxxx
INUM:     1336 PC: 0xxxxx
INUM:     1337 PC: 0xxxxx
INUM:     1338 PC: 0xxxxx
INUM:     1339 PC: 0xxxxx
INUM:     1340 PC: 0xxxxx
INUM:     1341 PC: 0xxxxx
INUM:     1342 PC: 0xxxxx
INUM:     1343 PC: 0xxxxx
INUM:     1344 PC: 0xxxxx
INUM:     1345 PC: 0xxxxx
INUM:     1346 PC: 0xxxxx
INUM:     1347 PC: 0xxxxx
INUM:     1348 PC: 0xxxxx
INUM:     1349 PC: 0xxxxx
INUM:     1350 PC: 0xxxxx
INUM:     1351 PC: 0xxxxx
INUM:     1352 PC: 0xxxxx
INUM:     1353 PC: 0xxxxx
INUM:     1354 PC: 0xxxxx
INUM:     1355 PC: 0xxxxx
INUM:     1356 PC: 0xxxxx
INUM:     1357 PC: 0xxxxx
INUM:     1358 PC: 0xxxxx
INUM:     1359 PC: 0xxxxx
INUM:     1360 PC: 0xxxxx
INUM:     1361 PC: 0xxxxx
INUM:     1362 PC: 0xxxxx
INUM:     1363 PC: 0xxxxx
INUM:     1364 PC: 0xxxxx
INUM:     1365 PC: 0xxxxx
INUM:     1366 PC: 0xxxxx
INUM:     1367 PC: 0xxxxx
INUM:     1368 PC: 0xxxxx
INUM:     1369 PC: 0xxxxx
INUM:     1370 PC: 0xxxxx
INUM:     1371 PC: 0xxxxx
INUM:     1372 PC: 0xxxxx
INUM:     1373 PC: 0xxxxx
INUM:     1374 PC: 0xxxxx
INUM:     1375 PC: 0xxxxx
INUM:     1376 PC: 0xxxxx
INUM:     1377 PC: 0xxxxx
INUM:     1378 PC: 0xxxxx
INUM:     1379 PC: 0xxxxx
INUM:     1380 PC: 0xxxxx
INUM:     1381 PC: 0xxxxx
INUM:     1382 PC: 0xxxxx
INUM:     1383 PC: 0xxxxx
INUM:     1384 PC: 0xxxxx
INUM:     1385 PC: 0xxxxx
INUM:     1386 PC: 0xxxxx
INUM:     1387 PC: 0xxxxx
INUM:     1388 PC: 0xxxxx
INUM:     1389 PC: 0xxxxx
INUM:     1390 PC: 0xxxxx
INUM:     1391 PC: 0xxxxx
INUM:     1392 PC: 0xxxxx
INUM:     1393 PC: 0xxxxx
INUM:     1394 PC: 0xxxxx
INUM:     1395 PC: 0xxxxx
INUM:     1396 PC: 0xxxxx
INUM:     1397 PC: 0xxxxx
INUM:     1398 PC: 0xxxxx
INUM:     1399 PC: 0xxxxx
INUM:     1400 PC: 0xxxxx
INUM:     1401 PC: 0xxxxx
INUM:     1402 PC: 0xxxxx
INUM:     1403 PC: 0xxxxx
INUM:     1404 PC: 0xxxxx
INUM:     1405 PC: 0xxxxx
INUM:     1406 PC: 0xxxxx
INUM:     1407 PC: 0xxxxx
INUM:     1408 PC: 0xxxxx
INUM:     1409 PC: 0xxxxx
INUM:     1410 PC: 0xxxxx
INUM:     1411 PC: 0xxxxx
INUM:     1412 PC: 0xxxxx
INUM:     1413 PC: 0xxxxx
INUM:     1414 PC: 0xxxxx
INUM:     1415 PC: 0xxxxx
INUM:     1416 PC: 0xxxxx
INUM:     1417 PC: 0xxxxx
INUM:     1418 PC: 0xxxxx
INUM:     1419 PC: 0xxxxx
INUM:     1420 PC: 0xxxxx
INUM:     1421 PC: 0xxxxx
INUM:     1422 PC: 0xxxxx
INUM:     1423 PC: 0xxxxx
INUM:     1424 PC: 0xxxxx
INUM:     1425 PC: 0xxxxx
INUM:     1426 PC: 0xxxxx
INUM:     1427 PC: 0xxxxx
INUM:     1428 PC: 0xxxxx
INUM:     1429 PC: 0xxxxx
INUM:     1430 PC: 0xxxxx
INUM:     1431 PC: 0xxxxx
INUM:     1432 PC: 0xxxxx
INUM:     1433 PC: 0xxxxx
INUM:     1434 PC: 0xxxxx
INUM:     1435 PC: 0xxxxx
INUM:     1436 PC: 0xxxxx
INUM:     1437 PC: 0xxxxx
INUM:     1438 PC: 0xxxxx
INUM:     1439 PC: 0xxxxx
INUM:     1440 PC: 0xxxxx
INUM:     1441 PC: 0xxxxx
INUM:     1442 PC: 0xxxxx
INUM:     1443 PC: 0xxxxx
INUM:     1444 PC: 0xxxxx
INUM:     1445 PC: 0xxxxx
INUM:     1446 PC: 0xxxxx
INUM:     1447 PC: 0xxxxx
INUM:     1448 PC: 0xxxxx
INUM:     1449 PC: 0xxxxx
INUM:     1450 PC: 0xxxxx
INUM:     1451 PC: 0xxxxx
INUM:     1452 PC: 0xxxxx
INUM:     1453 PC: 0xxxxx
INUM:     1454 PC: 0xxxxx
INUM:     1455 PC: 0xxxxx
INUM:     1456 PC: 0xxxxx
INUM:     1457 PC: 0xxxxx
INUM:     1458 PC: 0xxxxx
INUM:     1459 PC: 0xxxxx
INUM:     1460 PC: 0xxxxx
INUM:     1461 PC: 0xxxxx
INUM:     1462 PC: 0xxxxx
INUM:     1463 PC: 0xxxxx
INUM:     1464 PC: 0xxxxx
INUM:     1465 PC: 0xxxxx
INUM:     1466 PC: 0xxxxx
INUM:     1467 PC: 0xxxxx
INUM:     1468 PC: 0xxxxx
INUM:     1469 PC: 0xxxxx
INUM:     1470 PC: 0xxxxx
INUM:     1471 PC: 0xxxxx
INUM:     1472 PC: 0xxxxx
INUM:     1473 PC: 0xxxxx
INUM:     1474 PC: 0xxxxx
INUM:     1475 PC: 0xxxxx
INUM:     1476 PC: 0xxxxx
INUM:     1477 PC: 0xxxxx
INUM:     1478 PC: 0xxxxx
INUM:     1479 PC: 0xxxxx
INUM:     1480 PC: 0xxxxx
INUM:     1481 PC: 0xxxxx
INUM:     1482 PC: 0xxxxx
INUM:     1483 PC: 0xxxxx
INUM:     1484 PC: 0xxxxx
INUM:     1485 PC: 0xxxxx
INUM:     1486 PC: 0xxxxx
INUM:     1487 PC: 0xxxxx
INUM:     1488 PC: 0xxxxx
INUM:     1489 PC: 0xxxxx
INUM:     1490 PC: 0xxxxx
INUM:     1491 PC: 0xxxxx
INUM:     1492 PC: 0xxxxx
INUM:     1493 PC: 0xxxxx
INUM:     1494 PC: 0xxxxx
INUM:     1495 PC: 0xxxxx
INUM:     1496 PC: 0xxxxx
INUM:     1497 PC: 0xxxxx
INUM:     1498 PC: 0xxxxx
INUM:     1499 PC: 0xxxxx
INUM:     1500 PC: 0xxxxx
INUM:     1501 PC: 0xxxxx
INUM:     1502 PC: 0xxxxx
INUM:     1503 PC: 0xxxxx
INUM:     1504 PC: 0xxxxx
INUM:     1505 PC: 0xxxxx
INUM:     1506 PC: 0xxxxx
INUM:     1507 PC: 0xxxxx
INUM:     1508 PC: 0xxxxx
INUM:     1509 PC: 0xxxxx
INUM:     1510 PC: 0xxxxx
INUM:     1511 PC: 0xxxxx
INUM:     1512 PC: 0xxxxx
INUM:     1513 PC: 0xxxxx
INUM:     1514 PC: 0xxxxx
INUM:     1515 PC: 0xxxxx
INUM:     1516 PC: 0xxxxx
INUM:     1517 PC: 0xxxxx
INUM:     1518 PC: 0xxxxx
INUM:     1519 PC: 0xxxxx
INUM:     1520 PC: 0xxxxx
INUM:     1521 PC: 0xxxxx
INUM:     1522 PC: 0xxxxx
INUM:     1523 PC: 0xxxxx
INUM:     1524 PC: 0xxxxx
INUM:     1525 PC: 0xxxxx
INUM:     1526 PC: 0xxxxx
INUM:     1527 PC: 0xxxxx
INUM:     1528 PC: 0xxxxx
INUM:     1529 PC: 0xxxxx
INUM:     1530 PC: 0xxxxx
INUM:     1531 PC: 0xxxxx
INUM:     1532 PC: 0xxxxx
INUM:     1533 PC: 0xxxxx
INUM:     1534 PC: 0xxxxx
INUM:     1535 PC: 0xxxxx
INUM:     1536 PC: 0xxxxx
INUM:     1537 PC: 0xxxxx
INUM:     1538 PC: 0xxxxx
INUM:     1539 PC: 0xxxxx
INUM:     1540 PC: 0xxxxx
INUM:     1541 PC: 0xxxxx
INUM:     1542 PC: 0xxxxx
INUM:     1543 PC: 0xxxxx
INUM:     1544 PC: 0xxxxx
INUM:     1545 PC: 0xxxxx
INUM:     1546 PC: 0xxxxx
INUM:     1547 PC: 0xxxxx
INUM:     1548 PC: 0xxxxx
INUM:     1549 PC: 0xxxxx
INUM:     1550 PC: 0xxxxx
INUM:     1551 PC: 0xxxxx
INUM:     1552 PC: 0xxxxx
INUM:     1553 PC: 0xxxxx
INUM:     1554 PC: 0xxxxx
INUM:     1555 PC: 0xxxxx
INUM:     1556 PC: 0xxxxx
INUM:     1557 PC: 0xxxxx
INUM:     1558 PC: 0xxxxx
INUM:     1559 PC: 0xxxxx
INUM:     1560 PC: 0xxxxx
INUM:     1561 PC: 0xxxxx
INUM:     1562 PC: 0xxxxx
INUM:     1563 PC: 0xxxxx
INUM:     1564 PC: 0xxxxx
INUM:     1565 PC: 0xxxxx
INUM:     1566 PC: 0xxxxx
INUM:     1567 PC: 0xxxxx
INUM:     1568 PC: 0xxxxx
INUM:     1569 PC: 0xxxxx
INUM:     1570 PC: 0xxxxx
INUM:     1571 PC: 0xxxxx
INUM:     1572 PC: 0xxxxx
INUM:     1573 PC: 0xxxxx
INUM:     1574 PC: 0xxxxx
INUM:     1575 PC: 0xxxxx
INUM:     1576 PC: 0xxxxx
INUM:     1577 PC: 0xxxxx
INUM:     1578 PC: 0xxxxx
INUM:     1579 PC: 0xxxxx
INUM:     1580 PC: 0xxxxx
INUM:     1581 PC: 0xxxxx
INUM:     1582 PC: 0xxxxx
INUM:     1583 PC: 0xxxxx
INUM:     1584 PC: 0xxxxx
INUM:     1585 PC: 0xxxxx
INUM:     1586 PC: 0xxxxx
INUM:     1587 PC: 0xxxxx
INUM:     1588 PC: 0xxxxx
INUM:     1589 PC: 0xxxxx
INUM:     1590 PC: 0xxxxx
INUM:     1591 PC: 0xxxxx
INUM:     1592 PC: 0xxxxx
INUM:     1593 PC: 0xxxxx
INUM:     1594 PC: 0xxxxx
INUM:     1595 PC: 0xxxxx
INUM:     1596 PC: 0xxxxx
INUM:     1597 PC: 0xxxxx
INUM:     1598 PC: 0xxxxx
INUM:     1599 PC: 0xxxxx
INUM:     1600 PC: 0xxxxx
INUM:     1601 PC: 0xxxxx
INUM:     1602 PC: 0xxxxx
INUM:     1603 PC: 0xxxxx
INUM:     1604 PC: 0xxxxx
INUM:     1605 PC: 0xxxxx
INUM:     1606 PC: 0xxxxx
INUM:     1607 PC: 0xxxxx
INUM:     1608 PC: 0xxxxx
INUM:     1609 PC: 0xxxxx
INUM:     1610 PC: 0xxxxx
INUM:     1611 PC: 0xxxxx
INUM:     1612 PC: 0xxxxx
INUM:     1613 PC: 0xxxxx
INUM:     1614 PC: 0xxxxx
INUM:     1615 PC: 0xxxxx
INUM:     1616 PC: 0xxxxx
INUM:     1617 PC: 0xxxxx
INUM:     1618 PC: 0xxxxx
INUM:     1619 PC: 0xxxxx
INUM:     1620 PC: 0xxxxx
INUM:     1621 PC: 0xxxxx
INUM:     1622 PC: 0xxxxx
INUM:     1623 PC: 0xxxxx
INUM:     1624 PC: 0xxxxx
INUM:     1625 PC: 0xxxxx
INUM:     1626 PC: 0xxxxx
INUM:     1627 PC: 0xxxxx
INUM:     1628 PC: 0xxxxx
INUM:     1629 PC: 0xxxxx
INUM:     1630 PC: 0xxxxx
INUM:     1631 PC: 0xxxxx
INUM:     1632 PC: 0xxxxx
INUM:     1633 PC: 0xxxxx
INUM:     1634 PC: 0xxxxx
INUM:     1635 PC: 0xxxxx
INUM:     1636 PC: 0xxxxx
INUM:     1637 PC: 0xxxxx
INUM:     1638 PC: 0xxxxx
INUM:     1639 PC: 0xxxxx
INUM:     1640 PC: 0xxxxx
INUM:     1641 PC: 0xxxxx
INUM:     1642 PC: 0xxxxx
INUM:     1643 PC: 0xxxxx
INUM:     1644 PC: 0xxxxx
INUM:     1645 PC: 0xxxxx
INUM:     1646 PC: 0xxxxx
INUM:     1647 PC: 0xxxxx
INUM:     1648 PC: 0xxxxx
INUM:     1649 PC: 0xxxxx
INUM:     1650 PC: 0xxxxx
INUM:     1651 PC: 0xxxxx
INUM:     1652 PC: 0xxxxx
INUM:     1653 PC: 0xxxxx
INUM:     1654 PC: 0xxxxx
INUM:     1655 PC: 0xxxxx
INUM:     1656 PC: 0xxxxx
INUM:     1657 PC: 0xxxxx
INUM:     1658 PC: 0xxxxx
INUM:     1659 PC: 0xxxxx
INUM:     1660 PC: 0xxxxx
INUM:     1661 PC: 0xxxxx
INUM:     1662 PC: 0xxxxx
INUM:     1663 PC: 0xxxxx
INUM:     1664 PC: 0xxxxx
INUM:     1665 PC: 0xxxxx
INUM:     1666 PC: 0xxxxx
INUM:     1667 PC: 0xxxxx
INUM:     1668 PC: 0xxxxx
INUM:     1669 PC: 0xxxxx
INUM:     1670 PC: 0xxxxx
INUM:     1671 PC: 0xxxxx
INUM:     1672 PC: 0xxxxx
INUM:     1673 PC: 0xxxxx
INUM:     1674 PC: 0xxxxx
INUM:     1675 PC: 0xxxxx
INUM:     1676 PC: 0xxxxx
INUM:     1677 PC: 0xxxxx
INUM:     1678 PC: 0xxxxx
INUM:     1679 PC: 0xxxxx
INUM:     1680 PC: 0xxxxx
INUM:     1681 PC: 0xxxxx
INUM:     1682 PC: 0xxxxx
INUM:     1683 PC: 0xxxxx
INUM:     1684 PC: 0xxxxx
INUM:     1685 PC: 0xxxxx
INUM:     1686 PC: 0xxxxx
INUM:     1687 PC: 0xxxxx
INUM:     1688 PC: 0xxxxx
INUM:     1689 PC: 0xxxxx
INUM:     1690 PC: 0xxxxx
INUM:     1691 PC: 0xxxxx
INUM:     1692 PC: 0xxxxx
INUM:     1693 PC: 0xxxxx
INUM:     1694 PC: 0xxxxx
INUM:     1695 PC: 0xxxxx
INUM:     1696 PC: 0xxxxx
INUM:     1697 PC: 0xxxxx
INUM:     1698 PC: 0xxxxx
INUM:     1699 PC: 0xxxxx
INUM:     1700 PC: 0xxxxx
INUM:     1701 PC: 0xxxxx
INUM:     1702 PC: 0xxxxx
INUM:     1703 PC: 0xxxxx
INUM:     1704 PC: 0xxxxx
INUM:     1705 PC: 0xxxxx
INUM:     1706 PC: 0xxxxx
INUM:     1707 PC: 0xxxxx
INUM:     1708 PC: 0xxxxx
INUM:     1709 PC: 0xxxxx
INUM:     1710 PC: 0xxxxx
INUM:     1711 PC: 0xxxxx
INUM:     1712 PC: 0xxxxx
INUM:     1713 PC: 0xxxxx
INUM:     1714 PC: 0xxxxx
INUM:     1715 PC: 0xxxxx
INUM:     1716 PC: 0xxxxx
INUM:     1717 PC: 0xxxxx
INUM:     1718 PC: 0xxxxx
INUM:     1719 PC: 0xxxxx
INUM:     1720 PC: 0xxxxx
INUM:     1721 PC: 0xxxxx
INUM:     1722 PC: 0xxxxx
INUM:     1723 PC: 0xxxxx
INUM:     1724 PC: 0xxxxx
INUM:     1725 PC: 0xxxxx
INUM:     1726 PC: 0xxxxx
INUM:     1727 PC: 0xxxxx
INUM:     1728 PC: 0xxxxx
INUM:     1729 PC: 0xxxxx
INUM:     1730 PC: 0xxxxx
INUM:     1731 PC: 0xxxxx
INUM:     1732 PC: 0xxxxx
INUM:     1733 PC: 0xxxxx
INUM:     1734 PC: 0xxxxx
INUM:     1735 PC: 0xxxxx
INUM:     1736 PC: 0xxxxx
INUM:     1737 PC: 0xxxxx
INUM:     1738 PC: 0xxxxx
INUM:     1739 PC: 0xxxxx
INUM:     1740 PC: 0xxxxx
INUM:     1741 PC: 0xxxxx
INUM:     1742 PC: 0xxxxx
INUM:     1743 PC: 0xxxxx
INUM:     1744 PC: 0xxxxx
INUM:     1745 PC: 0xxxxx
INUM:     1746 PC: 0xxxxx
INUM:     1747 PC: 0xxxxx
INUM:     1748 PC: 0xxxxx
INUM:     1749 PC: 0xxxxx
INUM:     1750 PC: 0xxxxx
INUM:     1751 PC: 0xxxxx
INUM:     1752 PC: 0xxxxx
INUM:     1753 PC: 0xxxxx
INUM:     1754 PC: 0xxxxx
INUM:     1755 PC: 0xxxxx
INUM:     1756 PC: 0xxxxx
INUM:     1757 PC: 0xxxxx
INUM:     1758 PC: 0xxxxx
INUM:     1759 PC: 0xxxxx
INUM:     1760 PC: 0xxxxx
INUM:     1761 PC: 0xxxxx
INUM:     1762 PC: 0xxxxx
INUM:     1763 PC: 0xxxxx
INUM:     1764 PC: 0xxxxx
INUM:     1765 PC: 0xxxxx
INUM:     1766 PC: 0xxxxx
INUM:     1767 PC: 0xxxxx
INUM:     1768 PC: 0xxxxx
INUM:     1769 PC: 0xxxxx
INUM:     1770 PC: 0xxxxx
INUM:     1771 PC: 0xxxxx
INUM:     1772 PC: 0xxxxx
INUM:     1773 PC: 0xxxxx
INUM:     1774 PC: 0xxxxx
INUM:     1775 PC: 0xxxxx
INUM:     1776 PC: 0xxxxx
INUM:     1777 PC: 0xxxxx
INUM:     1778 PC: 0xxxxx
INUM:     1779 PC: 0xxxxx
INUM:     1780 PC: 0xxxxx
INUM:     1781 PC: 0xxxxx
INUM:     1782 PC: 0xxxxx
INUM:     1783 PC: 0xxxxx
INUM:     1784 PC: 0xxxxx
INUM:     1785 PC: 0xxxxx
INUM:     1786 PC: 0xxxxx
INUM:     1787 PC: 0xxxxx
INUM:     1788 PC: 0xxxxx
INUM:     1789 PC: 0xxxxx
INUM:     1790 PC: 0xxxxx
INUM:     1791 PC: 0xxxxx
INUM:     1792 PC: 0xxxxx
INUM:     1793 PC: 0xxxxx
INUM:     1794 PC: 0xxxxx
INUM:     1795 PC: 0xxxxx
INUM:     1796 PC: 0xxxxx
INUM:     1797 PC: 0xxxxx
INUM:     1798 PC: 0xxxxx
INUM:     1799 PC: 0xxxxx
INUM:     1800 PC: 0xxxxx
INUM:     1801 PC: 0xxxxx
INUM:     1802 PC: 0xxxxx
INUM:     1803 PC: 0xxxxx
INUM:     1804 PC: 0xxxxx
INUM:     1805 PC: 0xxxxx
INUM:     1806 PC: 0xxxxx
INUM:     1807 PC: 0xxxxx
INUM:     1808 PC: 0xxxxx
INUM:     1809 PC: 0xxxxx
INUM:     1810 PC: 0xxxxx
INUM:     1811 PC: 0xxxxx
INUM:     1812 PC: 0xxxxx
INUM:     1813 PC: 0xxxxx
INUM:     1814 PC: 0xxxxx
INUM:     1815 PC: 0xxxxx
INUM:     1816 PC: 0xxxxx
INUM:     1817 PC: 0xxxxx
INUM:     1818 PC: 0xxxxx
INUM:     1819 PC: 0xxxxx
INUM:     1820 PC: 0xxxxx
INUM:     1821 PC: 0xxxxx
INUM:     1822 PC: 0xxxxx
INUM:     1823 PC: 0xxxxx
INUM:     1824 PC: 0xxxxx
INUM:     1825 PC: 0xxxxx
INUM:     1826 PC: 0xxxxx
INUM:     1827 PC: 0xxxxx
INUM:     1828 PC: 0xxxxx
INUM:     1829 PC: 0xxxxx
INUM:     1830 PC: 0xxxxx
INUM:     1831 PC: 0xxxxx
INUM:     1832 PC: 0xxxxx
INUM:     1833 PC: 0xxxxx
INUM:     1834 PC: 0xxxxx
INUM:     1835 PC: 0xxxxx
INUM:     1836 PC: 0xxxxx
INUM:     1837 PC: 0xxxxx
INUM:     1838 PC: 0xxxxx
INUM:     1839 PC: 0xxxxx
INUM:     1840 PC: 0xxxxx
INUM:     1841 PC: 0xxxxx
INUM:     1842 PC: 0xxxxx
INUM:     1843 PC: 0xxxxx
INUM:     1844 PC: 0xxxxx
INUM:     1845 PC: 0xxxxx
INUM:     1846 PC: 0xxxxx
INUM:     1847 PC: 0xxxxx
INUM:     1848 PC: 0xxxxx
INUM:     1849 PC: 0xxxxx
INUM:     1850 PC: 0xxxxx
INUM:     1851 PC: 0xxxxx
INUM:     1852 PC: 0xxxxx
INUM:     1853 PC: 0xxxxx
INUM:     1854 PC: 0xxxxx
INUM:     1855 PC: 0xxxxx
INUM:     1856 PC: 0xxxxx
INUM:     1857 PC: 0xxxxx
INUM:     1858 PC: 0xxxxx
INUM:     1859 PC: 0xxxxx
INUM:     1860 PC: 0xxxxx
INUM:     1861 PC: 0xxxxx
INUM:     1862 PC: 0xxxxx
INUM:     1863 PC: 0xxxxx
INUM:     1864 PC: 0xxxxx
INUM:     1865 PC: 0xxxxx
INUM:     1866 PC: 0xxxxx
INUM:     1867 PC: 0xxxxx
INUM:     1868 PC: 0xxxxx
INUM:     1869 PC: 0xxxxx
INUM:     1870 PC: 0xxxxx
INUM:     1871 PC: 0xxxxx
INUM:     1872 PC: 0xxxxx
INUM:     1873 PC: 0xxxxx
INUM:     1874 PC: 0xxxxx
INUM:     1875 PC: 0xxxxx
INUM:     1876 PC: 0xxxxx
INUM:     1877 PC: 0xxxxx
INUM:     1878 PC: 0xxxxx
INUM:     1879 PC: 0xxxxx
INUM:     1880 PC: 0xxxxx
INUM:     1881 PC: 0xxxxx
INUM:     1882 PC: 0xxxxx
INUM:     1883 PC: 0xxxxx
INUM:     1884 PC: 0xxxxx
INUM:     1885 PC: 0xxxxx
INUM:     1886 PC: 0xxxxx
INUM:     1887 PC: 0xxxxx
INUM:     1888 PC: 0xxxxx
INUM:     1889 PC: 0xxxxx
INUM:     1890 PC: 0xxxxx
INUM:     1891 PC: 0xxxxx
INUM:     1892 PC: 0xxxxx
INUM:     1893 PC: 0xxxxx
INUM:     1894 PC: 0xxxxx
INUM:     1895 PC: 0xxxxx
INUM:     1896 PC: 0xxxxx
INUM:     1897 PC: 0xxxxx
INUM:     1898 PC: 0xxxxx
INUM:     1899 PC: 0xxxxx
INUM:     1900 PC: 0xxxxx
INUM:     1901 PC: 0xxxxx
INUM:     1902 PC: 0xxxxx
INUM:     1903 PC: 0xxxxx
INUM:     1904 PC: 0xxxxx
INUM:     1905 PC: 0xxxxx
INUM:     1906 PC: 0xxxxx
INUM:     1907 PC: 0xxxxx
INUM:     1908 PC: 0xxxxx
INUM:     1909 PC: 0xxxxx
INUM:     1910 PC: 0xxxxx
INUM:     1911 PC: 0xxxxx
INUM:     1912 PC: 0xxxxx
INUM:     1913 PC: 0xxxxx
INUM:     1914 PC: 0xxxxx
INUM:     1915 PC: 0xxxxx
INUM:     1916 PC: 0xxxxx
INUM:     1917 PC: 0xxxxx
INUM:     1918 PC: 0xxxxx
INUM:     1919 PC: 0xxxxx
INUM:     1920 PC: 0xxxxx
INUM:     1921 PC: 0xxxxx
INUM:     1922 PC: 0xxxxx
INUM:     1923 PC: 0xxxxx
INUM:     1924 PC: 0xxxxx
INUM:     1925 PC: 0xxxxx
INUM:     1926 PC: 0xxxxx
INUM:     1927 PC: 0xxxxx
INUM:     1928 PC: 0xxxxx
INUM:     1929 PC: 0xxxxx
INUM:     1930 PC: 0xxxxx
INUM:     1931 PC: 0xxxxx
INUM:     1932 PC: 0xxxxx
INUM:     1933 PC: 0xxxxx
INUM:     1934 PC: 0xxxxx
INUM:     1935 PC: 0xxxxx
INUM:     1936 PC: 0xxxxx
INUM:     1937 PC: 0xxxxx
INUM:     1938 PC: 0xxxxx
INUM:     1939 PC: 0xxxxx
INUM:     1940 PC: 0xxxxx
INUM:     1941 PC: 0xxxxx
INUM:     1942 PC: 0xxxxx
INUM:     1943 PC: 0xxxxx
INUM:     1944 PC: 0xxxxx
INUM:     1945 PC: 0xxxxx
INUM:     1946 PC: 0xxxxx
INUM:     1947 PC: 0xxxxx
INUM:     1948 PC: 0xxxxx
INUM:     1949 PC: 0xxxxx
INUM:     1950 PC: 0xxxxx
INUM:     1951 PC: 0xxxxx
INUM:     1952 PC: 0xxxxx
INUM:     1953 PC: 0xxxxx
INUM:     1954 PC: 0xxxxx
INUM:     1955 PC: 0xxxxx
INUM:     1956 PC: 0xxxxx
INUM:     1957 PC: 0xxxxx
INUM:     1958 PC: 0xxxxx
INUM:     1959 PC: 0xxxxx
INUM:     1960 PC: 0xxxxx
INUM:     1961 PC: 0xxxxx
INUM:     1962 PC: 0xxxxx
INUM:     1963 PC: 0xxxxx
INUM:     1964 PC: 0xxxxx
INUM:     1965 PC: 0xxxxx
INUM:     1966 PC: 0xxxxx
INUM:     1967 PC: 0xxxxx
INUM:     1968 PC: 0xxxxx
INUM:     1969 PC: 0xxxxx
INUM:     1970 PC: 0xxxxx
INUM:     1971 PC: 0xxxxx
INUM:     1972 PC: 0xxxxx
INUM:     1973 PC: 0xxxxx
INUM:     1974 PC: 0xxxxx
INUM:     1975 PC: 0xxxxx
INUM:     1976 PC: 0xxxxx
INUM:     1977 PC: 0xxxxx
INUM:     1978 PC: 0xxxxx
INUM:     1979 PC: 0xxxxx
INUM:     1980 PC: 0xxxxx
INUM:     1981 PC: 0xxxxx
INUM:     1982 PC: 0xxxxx
INUM:     1983 PC: 0xxxxx
INUM:     1984 PC: 0xxxxx
INUM:     1985 PC: 0xxxxx
INUM:     1986 PC: 0xxxxx
INUM:     1987 PC: 0xxxxx
INUM:     1988 PC: 0xxxxx
INUM:     1989 PC: 0xxxxx
INUM:     1990 PC: 0xxxxx
INUM:     1991 PC: 0xxxxx
INUM:     1992 PC: 0xxxxx
INUM:     1993 PC: 0xxxxx
INUM:     1994 PC: 0xxxxx
INUM:     1995 PC: 0xxxxx
INUM:     1996 PC: 0xxxxx
INUM:     1997 PC: 0xxxxx
INUM:     1998 PC: 0xxxxx
INUM:     1999 PC: 0xxxxx
INUM:     2000 PC: 0xxxxx
INUM:     2001 PC: 0xxxxx
INUM:     2002 PC: 0xxxxx
INUM:     2003 PC: 0xxxxx
INUM:     2004 PC: 0xxxxx
INUM:     2005 PC: 0xxxxx
INUM:     2006 PC: 0xxxxx
INUM:     2007 PC: 0xxxxx
INUM:     2008 PC: 0xxxxx
INUM:     2009 PC: 0xxxxx
INUM:     2010 PC: 0xxxxx
INUM:     2011 PC: 0xxxxx
INUM:     2012 PC: 0xxxxx
INUM:     2013 PC: 0xxxxx
INUM:     2014 PC: 0xxxxx
INUM:     2015 PC: 0xxxxx
INUM:     2016 PC: 0xxxxx
INUM:     2017 PC: 0xxxxx
INUM:     2018 PC: 0xxxxx
INUM:     2019 PC: 0xxxxx
INUM:     2020 PC: 0xxxxx
INUM:     2021 PC: 0xxxxx
INUM:     2022 PC: 0xxxxx
INUM:     2023 PC: 0xxxxx
INUM:     2024 PC: 0xxxxx
INUM:     2025 PC: 0xxxxx
INUM:     2026 PC: 0xxxxx
INUM:     2027 PC: 0xxxxx
INUM:     2028 PC: 0xxxxx
INUM:     2029 PC: 0xxxxx
INUM:     2030 PC: 0xxxxx
INUM:     2031 PC: 0xxxxx
INUM:     2032 PC: 0xxxxx
INUM:     2033 PC: 0xxxxx
INUM:     2034 PC: 0xxxxx
INUM:     2035 PC: 0xxxxx
INUM:     2036 PC: 0xxxxx
INUM:     2037 PC: 0xxxxx
INUM:     2038 PC: 0xxxxx
INUM:     2039 PC: 0xxxxx
INUM:     2040 PC: 0xxxxx
INUM:     2041 PC: 0xxxxx
INUM:     2042 PC: 0xxxxx
INUM:     2043 PC: 0xxxxx
INUM:     2044 PC: 0xxxxx
INUM:     2045 PC: 0xxxxx
INUM:     2046 PC: 0xxxxx
INUM:     2047 PC: 0xxxxx
INUM:     2048 PC: 0xxxxx
INUM:     2049 PC: 0xxxxx
INUM:     2050 PC: 0xxxxx
INUM:     2051 PC: 0xxxxx
INUM:     2052 PC: 0xxxxx
INUM:     2053 PC: 0xxxxx
INUM:     2054 PC: 0xxxxx
INUM:     2055 PC: 0xxxxx
INUM:     2056 PC: 0xxxxx
INUM:     2057 PC: 0xxxxx
INUM:     2058 PC: 0xxxxx
INUM:     2059 PC: 0xxxxx
INUM:     2060 PC: 0xxxxx
INUM:     2061 PC: 0xxxxx
INUM:     2062 PC: 0xxxxx
INUM:     2063 PC: 0xxxxx
INUM:     2064 PC: 0xxxxx
INUM:     2065 PC: 0xxxxx
INUM:     2066 PC: 0xxxxx
INUM:     2067 PC: 0xxxxx
INUM:     2068 PC: 0xxxxx
INUM:     2069 PC: 0xxxxx
INUM:     2070 PC: 0xxxxx
INUM:     2071 PC: 0xxxxx
INUM:     2072 PC: 0xxxxx
INUM:     2073 PC: 0xxxxx
INUM:     2074 PC: 0xxxxx
INUM:     2075 PC: 0xxxxx
INUM:     2076 PC: 0xxxxx
INUM:     2077 PC: 0xxxxx
INUM:     2078 PC: 0xxxxx
INUM:     2079 PC: 0xxxxx
INUM:     2080 PC: 0xxxxx
INUM:     2081 PC: 0xxxxx
INUM:     2082 PC: 0xxxxx
INUM:     2083 PC: 0xxxxx
INUM:     2084 PC: 0xxxxx
INUM:     2085 PC: 0xxxxx
INUM:     2086 PC: 0xxxxx
INUM:     2087 PC: 0xxxxx
INUM:     2088 PC: 0xxxxx
INUM:     2089 PC: 0xxxxx
INUM:     2090 PC: 0xxxxx
INUM:     2091 PC: 0xxxxx
INUM:     2092 PC: 0xxxxx
INUM:     2093 PC: 0xxxxx
INUM:     2094 PC: 0xxxxx
INUM:     2095 PC: 0xxxxx
INUM:     2096 PC: 0xxxxx
INUM:     2097 PC: 0xxxxx
INUM:     2098 PC: 0xxxxx
INUM:     2099 PC: 0xxxxx
INUM:     2100 PC: 0xxxxx
INUM:     2101 PC: 0xxxxx
INUM:     2102 PC: 0xxxxx
INUM:     2103 PC: 0xxxxx
INUM:     2104 PC: 0xxxxx
INUM:     2105 PC: 0xxxxx
INUM:     2106 PC: 0xxxxx
INUM:     2107 PC: 0xxxxx
INUM:     2108 PC: 0xxxxx
INUM:     2109 PC: 0xxxxx
INUM:     2110 PC: 0xxxxx
INUM:     2111 PC: 0xxxxx
INUM:     2112 PC: 0xxxxx
INUM:     2113 PC: 0xxxxx
INUM:     2114 PC: 0xxxxx
INUM:     2115 PC: 0xxxxx
INUM:     2116 PC: 0xxxxx
INUM:     2117 PC: 0xxxxx
INUM:     2118 PC: 0xxxxx
INUM:     2119 PC: 0xxxxx
INUM:     2120 PC: 0xxxxx
INUM:     2121 PC: 0xxxxx
INUM:     2122 PC: 0xxxxx
INUM:     2123 PC: 0xxxxx
INUM:     2124 PC: 0xxxxx
INUM:     2125 PC: 0xxxxx
INUM:     2126 PC: 0xxxxx
INUM:     2127 PC: 0xxxxx
INUM:     2128 PC: 0xxxxx
INUM:     2129 PC: 0xxxxx
INUM:     2130 PC: 0xxxxx
INUM:     2131 PC: 0xxxxx
INUM:     2132 PC: 0xxxxx
INUM:     2133 PC: 0xxxxx
INUM:     2134 PC: 0xxxxx
INUM:     2135 PC: 0xxxxx
INUM:     2136 PC: 0xxxxx
INUM:     2137 PC: 0xxxxx
INUM:     2138 PC: 0xxxxx
INUM:     2139 PC: 0xxxxx
INUM:     2140 PC: 0xxxxx
INUM:     2141 PC: 0xxxxx
INUM:     2142 PC: 0xxxxx
INUM:     2143 PC: 0xxxxx
INUM:     2144 PC: 0xxxxx
INUM:     2145 PC: 0xxxxx
INUM:     2146 PC: 0xxxxx
INUM:     2147 PC: 0xxxxx
INUM:     2148 PC: 0xxxxx
INUM:     2149 PC: 0xxxxx
INUM:     2150 PC: 0xxxxx
INUM:     2151 PC: 0xxxxx
INUM:     2152 PC: 0xxxxx
INUM:     2153 PC: 0xxxxx
INUM:     2154 PC: 0xxxxx
INUM:     2155 PC: 0xxxxx
INUM:     2156 PC: 0xxxxx
INUM:     2157 PC: 0xxxxx
INUM:     2158 PC: 0xxxxx
INUM:     2159 PC: 0xxxxx
INUM:     2160 PC: 0xxxxx
INUM:     2161 PC: 0xxxxx
INUM:     2162 PC: 0xxxxx
INUM:     2163 PC: 0xxxxx
INUM:     2164 PC: 0xxxxx
INUM:     2165 PC: 0xxxxx
INUM:     2166 PC: 0xxxxx
INUM:     2167 PC: 0xxxxx
INUM:     2168 PC: 0xxxxx
INUM:     2169 PC: 0xxxxx
INUM:     2170 PC: 0xxxxx
INUM:     2171 PC: 0xxxxx
INUM:     2172 PC: 0xxxxx
INUM:     2173 PC: 0xxxxx
INUM:     2174 PC: 0xxxxx
INUM:     2175 PC: 0xxxxx
INUM:     2176 PC: 0xxxxx
INUM:     2177 PC: 0xxxxx
INUM:     2178 PC: 0xxxxx
INUM:     2179 PC: 0xxxxx
INUM:     2180 PC: 0xxxxx
INUM:     2181 PC: 0xxxxx
INUM:     2182 PC: 0xxxxx
INUM:     2183 PC: 0xxxxx
INUM:     2184 PC: 0xxxxx
INUM:     2185 PC: 0xxxxx
INUM:     2186 PC: 0xxxxx
INUM:     2187 PC: 0xxxxx
INUM:     2188 PC: 0xxxxx
INUM:     2189 PC: 0xxxxx
INUM:     2190 PC: 0xxxxx
INUM:     2191 PC: 0xxxxx
INUM:     2192 PC: 0xxxxx
INUM:     2193 PC: 0xxxxx
INUM:     2194 PC: 0xxxxx
INUM:     2195 PC: 0xxxxx
INUM:     2196 PC: 0xxxxx
INUM:     2197 PC: 0xxxxx
INUM:     2198 PC: 0xxxxx
INUM:     2199 PC: 0xxxxx
INUM:     2200 PC: 0xxxxx
INUM:     2201 PC: 0xxxxx
INUM:     2202 PC: 0xxxxx
INUM:     2203 PC: 0xxxxx
INUM:     2204 PC: 0xxxxx
INUM:     2205 PC: 0xxxxx
INUM:     2206 PC: 0xxxxx
INUM:     2207 PC: 0xxxxx
INUM:     2208 PC: 0xxxxx
INUM:     2209 PC: 0xxxxx
INUM:     2210 PC: 0xxxxx
INUM:     2211 PC: 0xxxxx
INUM:     2212 PC: 0xxxxx
INUM:     2213 PC: 0xxxxx
INUM:     2214 PC: 0xxxxx
INUM:     2215 PC: 0xxxxx
INUM:     2216 PC: 0xxxxx
INUM:     2217 PC: 0xxxxx
INUM:     2218 PC: 0xxxxx
INUM:     2219 PC: 0xxxxx
INUM:     2220 PC: 0xxxxx
INUM:     2221 PC: 0xxxxx
INUM:     2222 PC: 0xxxxx
INUM:     2223 PC: 0xxxxx
INUM:     2224 PC: 0xxxxx
INUM:     2225 PC: 0xxxxx
INUM:     2226 PC: 0xxxxx
INUM:     2227 PC: 0xxxxx
INUM:     2228 PC: 0xxxxx
INUM:     2229 PC: 0xxxxx
INUM:     2230 PC: 0xxxxx
INUM:     2231 PC: 0xxxxx
INUM:     2232 PC: 0xxxxx
INUM:     2233 PC: 0xxxxx
INUM:     2234 PC: 0xxxxx
INUM:     2235 PC: 0xxxxx
INUM:     2236 PC: 0xxxxx
INUM:     2237 PC: 0xxxxx
INUM:     2238 PC: 0xxxxx
INUM:     2239 PC: 0xxxxx
INUM:     2240 PC: 0xxxxx
INUM:     2241 PC: 0xxxxx
INUM:     2242 PC: 0xxxxx
INUM:     2243 PC: 0xxxxx
INUM:     2244 PC: 0xxxxx
INUM:     2245 PC: 0xxxxx
INUM:     2246 PC: 0xxxxx
INUM:     2247 PC: 0xxxxx
INUM:     2248 PC: 0xxxxx
INUM:     2249 PC: 0xxxxx
INUM:     2250 PC: 0xxxxx
INUM:     2251 PC: 0xxxxx
INUM:     2252 PC: 0xxxxx
INUM:     2253 PC: 0xxxxx
INUM:     2254 PC: 0xxxxx
INUM:     2255 PC: 0xxxxx
INUM:     2256 PC: 0xxxxx
INUM:     2257 PC: 0xxxxx
INUM:     2258 PC: 0xxxxx
INUM:     2259 PC: 0xxxxx
INUM:     2260 PC: 0xxxxx
INUM:     2261 PC: 0xxxxx
INUM:     2262 PC: 0xxxxx
INUM:     2263 PC: 0xxxxx
INUM:     2264 PC: 0xxxxx
INUM:     2265 PC: 0xxxxx
INUM:     2266 PC: 0xxxxx
INUM:     2267 PC: 0xxxxx
INUM:     2268 PC: 0xxxxx
INUM:     2269 PC: 0xxxxx
INUM:     2270 PC: 0xxxxx
INUM:     2271 PC: 0xxxxx
INUM:     2272 PC: 0xxxxx
INUM:     2273 PC: 0xxxxx
INUM:     2274 PC: 0xxxxx
INUM:     2275 PC: 0xxxxx
INUM:     2276 PC: 0xxxxx
INUM:     2277 PC: 0xxxxx
INUM:     2278 PC: 0xxxxx
INUM:     2279 PC: 0xxxxx
INUM:     2280 PC: 0xxxxx
INUM:     2281 PC: 0xxxxx
INUM:     2282 PC: 0xxxxx
INUM:     2283 PC: 0xxxxx
INUM:     2284 PC: 0xxxxx
INUM:     2285 PC: 0xxxxx
INUM:     2286 PC: 0xxxxx
INUM:     2287 PC: 0xxxxx
INUM:     2288 PC: 0xxxxx
INUM:     2289 PC: 0xxxxx
INUM:     2290 PC: 0xxxxx
INUM:     2291 PC: 0xxxxx
INUM:     2292 PC: 0xxxxx
INUM:     2293 PC: 0xxxxx
INUM:     2294 PC: 0xxxxx
INUM:     2295 PC: 0xxxxx
INUM:     2296 PC: 0xxxxx
INUM:     2297 PC: 0xxxxx
INUM:     2298 PC: 0xxxxx
INUM:     2299 PC: 0xxxxx
INUM:     2300 PC: 0xxxxx
INUM:     2301 PC: 0xxxxx
INUM:     2302 PC: 0xxxxx
INUM:     2303 PC: 0xxxxx
INUM:     2304 PC: 0xxxxx
INUM:     2305 PC: 0xxxxx
INUM:     2306 PC: 0xxxxx
INUM:     2307 PC: 0xxxxx
INUM:     2308 PC: 0xxxxx
INUM:     2309 PC: 0xxxxx
INUM:     2310 PC: 0xxxxx
INUM:     2311 PC: 0xxxxx
INUM:     2312 PC: 0xxxxx
INUM:     2313 PC: 0xxxxx
INUM:     2314 PC: 0xxxxx
INUM:     2315 PC: 0xxxxx
INUM:     2316 PC: 0xxxxx
INUM:     2317 PC: 0xxxxx
INUM:     2318 PC: 0xxxxx
INUM:     2319 PC: 0xxxxx
INUM:     2320 PC: 0xxxxx
INUM:     2321 PC: 0xxxxx
INUM:     2322 PC: 0xxxxx
INUM:     2323 PC: 0xxxxx
INUM:     2324 PC: 0xxxxx
INUM:     2325 PC: 0xxxxx
INUM:     2326 PC: 0xxxxx
INUM:     2327 PC: 0xxxxx
INUM:     2328 PC: 0xxxxx
INUM:     2329 PC: 0xxxxx
INUM:     2330 PC: 0xxxxx
INUM:     2331 PC: 0xxxxx
INUM:     2332 PC: 0xxxxx
INUM:     2333 PC: 0xxxxx
INUM:     2334 PC: 0xxxxx
INUM:     2335 PC: 0xxxxx
INUM:     2336 PC: 0xxxxx
INUM:     2337 PC: 0xxxxx
INUM:     2338 PC: 0xxxxx
INUM:     2339 PC: 0xxxxx
INUM:     2340 PC: 0xxxxx
INUM:     2341 PC: 0xxxxx
INUM:     2342 PC: 0xxxxx
INUM:     2343 PC: 0xxxxx
INUM:     2344 PC: 0xxxxx
INUM:     2345 PC: 0xxxxx
INUM:     2346 PC: 0xxxxx
INUM:     2347 PC: 0xxxxx
INUM:     2348 PC: 0xxxxx
INUM:     2349 PC: 0xxxxx
INUM:     2350 PC: 0xxxxx
INUM:     2351 PC: 0xxxxx
INUM:     2352 PC: 0xxxxx
INUM:     2353 PC: 0xxxxx
INUM:     2354 PC: 0xxxxx
INUM:     2355 PC: 0xxxxx
INUM:     2356 PC: 0xxxxx
INUM:     2357 PC: 0xxxxx
INUM:     2358 PC: 0xxxxx
INUM:     2359 PC: 0xxxxx
INUM:     2360 PC: 0xxxxx
INUM:     2361 PC: 0xxxxx
INUM:     2362 PC: 0xxxxx
INUM:     2363 PC: 0xxxxx
INUM:     2364 PC: 0xxxxx
INUM:     2365 PC: 0xxxxx
INUM:     2366 PC: 0xxxxx
INUM:     2367 PC: 0xxxxx
INUM:     2368 PC: 0xxxxx
INUM:     2369 PC: 0xxxxx
INUM:     2370 PC: 0xxxxx
INUM:     2371 PC: 0xxxxx
INUM:     2372 PC: 0xxxxx
INUM:     2373 PC: 0xxxxx
INUM:     2374 PC: 0xxxxx
INUM:     2375 PC: 0xxxxx
INUM:     2376 PC: 0xxxxx
INUM:     2377 PC: 0xxxxx
INUM:     2378 PC: 0xxxxx
INUM:     2379 PC: 0xxxxx
INUM:     2380 PC: 0xxxxx
INUM:     2381 PC: 0xxxxx
INUM:     2382 PC: 0xxxxx
INUM:     2383 PC: 0xxxxx
INUM:     2384 PC: 0xxxxx
INUM:     2385 PC: 0xxxxx
INUM:     2386 PC: 0xxxxx
INUM:     2387 PC: 0xxxxx
INUM:     2388 PC: 0xxxxx
INUM:     2389 PC: 0xxxxx
INUM:     2390 PC: 0xxxxx
INUM:     2391 PC: 0xxxxx
INUM:     2392 PC: 0xxxxx
INUM:     2393 PC: 0xxxxx
INUM:     2394 PC: 0xxxxx
INUM:     2395 PC: 0xxxxx
INUM:     2396 PC: 0xxxxx
INUM:     2397 PC: 0xxxxx
INUM:     2398 PC: 0xxxxx
INUM:     2399 PC: 0xxxxx
INUM:     2400 PC: 0xxxxx
INUM:     2401 PC: 0xxxxx
INUM:     2402 PC: 0xxxxx
INUM:     2403 PC: 0xxxxx
INUM:     2404 PC: 0xxxxx
INUM:     2405 PC: 0xxxxx
INUM:     2406 PC: 0xxxxx
INUM:     2407 PC: 0xxxxx
INUM:     2408 PC: 0xxxxx
INUM:     2409 PC: 0xxxxx
INUM:     2410 PC: 0xxxxx
INUM:     2411 PC: 0xxxxx
INUM:     2412 PC: 0xxxxx
INUM:     2413 PC: 0xxxxx
INUM:     2414 PC: 0xxxxx
INUM:     2415 PC: 0xxxxx
INUM:     2416 PC: 0xxxxx
INUM:     2417 PC: 0xxxxx
INUM:     2418 PC: 0xxxxx
INUM:     2419 PC: 0xxxxx
INUM:     2420 PC: 0xxxxx
INUM:     2421 PC: 0xxxxx
INUM:     2422 PC: 0xxxxx
INUM:     2423 PC: 0xxxxx
INUM:     2424 PC: 0xxxxx
INUM:     2425 PC: 0xxxxx
INUM:     2426 PC: 0xxxxx
INUM:     2427 PC: 0xxxxx
INUM:     2428 PC: 0xxxxx
INUM:     2429 PC: 0xxxxx
INUM:     2430 PC: 0xxxxx
INUM:     2431 PC: 0xxxxx
INUM:     2432 PC: 0xxxxx
INUM:     2433 PC: 0xxxxx
INUM:     2434 PC: 0xxxxx
INUM:     2435 PC: 0xxxxx
INUM:     2436 PC: 0xxxxx
INUM:     2437 PC: 0xxxxx
INUM:     2438 PC: 0xxxxx
INUM:     2439 PC: 0xxxxx
INUM:     2440 PC: 0xxxxx
INUM:     2441 PC: 0xxxxx
INUM:     2442 PC: 0xxxxx
INUM:     2443 PC: 0xxxxx
INUM:     2444 PC: 0xxxxx
INUM:     2445 PC: 0xxxxx
INUM:     2446 PC: 0xxxxx
INUM:     2447 PC: 0xxxxx
INUM:     2448 PC: 0xxxxx
INUM:     2449 PC: 0xxxxx
INUM:     2450 PC: 0xxxxx
INUM:     2451 PC: 0xxxxx
INUM:     2452 PC: 0xxxxx
INUM:     2453 PC: 0xxxxx
INUM:     2454 PC: 0xxxxx
INUM:     2455 PC: 0xxxxx
INUM:     2456 PC: 0xxxxx
INUM:     2457 PC: 0xxxxx
INUM:     2458 PC: 0xxxxx
INUM:     2459 PC: 0xxxxx
INUM:     2460 PC: 0xxxxx
INUM:     2461 PC: 0xxxxx
INUM:     2462 PC: 0xxxxx
INUM:     2463 PC: 0xxxxx
INUM:     2464 PC: 0xxxxx
INUM:     2465 PC: 0xxxxx
INUM:     2466 PC: 0xxxxx
INUM:     2467 PC: 0xxxxx
INUM:     2468 PC: 0xxxxx
INUM:     2469 PC: 0xxxxx
INUM:     2470 PC: 0xxxxx
INUM:     2471 PC: 0xxxxx
INUM:     2472 PC: 0xxxxx
INUM:     2473 PC: 0xxxxx
INUM:     2474 PC: 0xxxxx
INUM:     2475 PC: 0xxxxx
INUM:     2476 PC: 0xxxxx
INUM:     2477 PC: 0xxxxx
INUM:     2478 PC: 0xxxxx
INUM:     2479 PC: 0xxxxx
INUM:     2480 PC: 0xxxxx
INUM:     2481 PC: 0xxxxx
INUM:     2482 PC: 0xxxxx
INUM:     2483 PC: 0xxxxx
INUM:     2484 PC: 0xxxxx
INUM:     2485 PC: 0xxxxx
INUM:     2486 PC: 0xxxxx
INUM:     2487 PC: 0xxxxx
INUM:     2488 PC: 0xxxxx
INUM:     2489 PC: 0xxxxx
INUM:     2490 PC: 0xxxxx
INUM:     2491 PC: 0xxxxx
INUM:     2492 PC: 0xxxxx
INUM:     2493 PC: 0xxxxx
INUM:     2494 PC: 0xxxxx
INUM:     2495 PC: 0xxxxx
INUM:     2496 PC: 0xxxxx
INUM:     2497 PC: 0xxxxx
INUM:     2498 PC: 0xxxxx
INUM:     2499 PC: 0xxxxx
INUM:     2500 PC: 0xxxxx
INUM:     2501 PC: 0xxxxx
INUM:     2502 PC: 0xxxxx
INUM:     2503 PC: 0xxxxx
INUM:     2504 PC: 0xxxxx
INUM:     2505 PC: 0xxxxx
INUM:     2506 PC: 0xxxxx
INUM:     2507 PC: 0xxxxx
INUM:     2508 PC: 0xxxxx
INUM:     2509 PC: 0xxxxx
INUM:     2510 PC: 0xxxxx
INUM:     2511 PC: 0xxxxx
INUM:     2512 PC: 0xxxxx
INUM:     2513 PC: 0xxxxx
INUM:     2514 PC: 0xxxxx
INUM:     2515 PC: 0xxxxx
INUM:     2516 PC: 0xxxxx
INUM:     2517 PC: 0xxxxx
INUM:     2518 PC: 0xxxxx
INUM:     2519 PC: 0xxxxx
INUM:     2520 PC: 0xxxxx
INUM:     2521 PC: 0xxxxx
INUM:     2522 PC: 0xxxxx
INUM:     2523 PC: 0xxxxx
INUM:     2524 PC: 0xxxxx
INUM:     2525 PC: 0xxxxx
INUM:     2526 PC: 0xxxxx
INUM:     2527 PC: 0xxxxx
INUM:     2528 PC: 0xxxxx
INUM:     2529 PC: 0xxxxx
INUM:     2530 PC: 0xxxxx
INUM:     2531 PC: 0xxxxx
INUM:     2532 PC: 0xxxxx
INUM:     2533 PC: 0xxxxx
INUM:     2534 PC: 0xxxxx
INUM:     2535 PC: 0xxxxx
INUM:     2536 PC: 0xxxxx
INUM:     2537 PC: 0xxxxx
INUM:     2538 PC: 0xxxxx
INUM:     2539 PC: 0xxxxx
INUM:     2540 PC: 0xxxxx
INUM:     2541 PC: 0xxxxx
INUM:     2542 PC: 0xxxxx
INUM:     2543 PC: 0xxxxx
INUM:     2544 PC: 0xxxxx
INUM:     2545 PC: 0xxxxx
INUM:     2546 PC: 0xxxxx
INUM:     2547 PC: 0xxxxx
INUM:     2548 PC: 0xxxxx
INUM:     2549 PC: 0xxxxx
INUM:     2550 PC: 0xxxxx
INUM:     2551 PC: 0xxxxx
INUM:     2552 PC: 0xxxxx
INUM:     2553 PC: 0xxxxx
INUM:     2554 PC: 0xxxxx
INUM:     2555 PC: 0xxxxx
INUM:     2556 PC: 0xxxxx
INUM:     2557 PC: 0xxxxx
INUM:     2558 PC: 0xxxxx
INUM:     2559 PC: 0xxxxx
INUM:     2560 PC: 0xxxxx
INUM:     2561 PC: 0xxxxx
INUM:     2562 PC: 0xxxxx
INUM:     2563 PC: 0xxxxx
INUM:     2564 PC: 0xxxxx
INUM:     2565 PC: 0xxxxx
INUM:     2566 PC: 0xxxxx
INUM:     2567 PC: 0xxxxx
INUM:     2568 PC: 0xxxxx
INUM:     2569 PC: 0xxxxx
INUM:     2570 PC: 0xxxxx
INUM:     2571 PC: 0xxxxx
INUM:     2572 PC: 0xxxxx
INUM:     2573 PC: 0xxxxx
INUM:     2574 PC: 0xxxxx
INUM:     2575 PC: 0xxxxx
INUM:     2576 PC: 0xxxxx
INUM:     2577 PC: 0xxxxx
INUM:     2578 PC: 0xxxxx
INUM:     2579 PC: 0xxxxx
INUM:     2580 PC: 0xxxxx
INUM:     2581 PC: 0xxxxx
INUM:     2582 PC: 0xxxxx
INUM:     2583 PC: 0xxxxx
INUM:     2584 PC: 0xxxxx
INUM:     2585 PC: 0xxxxx
INUM:     2586 PC: 0xxxxx
INUM:     2587 PC: 0xxxxx
INUM:     2588 PC: 0xxxxx
INUM:     2589 PC: 0xxxxx
INUM:     2590 PC: 0xxxxx
INUM:     2591 PC: 0xxxxx
INUM:     2592 PC: 0xxxxx
INUM:     2593 PC: 0xxxxx
INUM:     2594 PC: 0xxxxx
INUM:     2595 PC: 0xxxxx
INUM:     2596 PC: 0xxxxx
INUM:     2597 PC: 0xxxxx
INUM:     2598 PC: 0xxxxx
INUM:     2599 PC: 0xxxxx
INUM:     2600 PC: 0xxxxx
INUM:     2601 PC: 0xxxxx
INUM:     2602 PC: 0xxxxx
INUM:     2603 PC: 0xxxxx
INUM:     2604 PC: 0xxxxx
INUM:     2605 PC: 0xxxxx
INUM:     2606 PC: 0xxxxx
INUM:     2607 PC: 0xxxxx
INUM:     2608 PC: 0xxxxx
INUM:     2609 PC: 0xxxxx
INUM:     2610 PC: 0xxxxx
INUM:     2611 PC: 0xxxxx
INUM:     2612 PC: 0xxxxx
INUM:     2613 PC: 0xxxxx
INUM:     2614 PC: 0xxxxx
INUM:     2615 PC: 0xxxxx
INUM:     2616 PC: 0xxxxx
INUM:     2617 PC: 0xxxxx
INUM:     2618 PC: 0xxxxx
INUM:     2619 PC: 0xxxxx
INUM:     2620 PC: 0xxxxx
INUM:     2621 PC: 0xxxxx
INUM:     2622 PC: 0xxxxx
INUM:     2623 PC: 0xxxxx
INUM:     2624 PC: 0xxxxx
INUM:     2625 PC: 0xxxxx
INUM:     2626 PC: 0xxxxx
INUM:     2627 PC: 0xxxxx
INUM:     2628 PC: 0xxxxx
INUM:     2629 PC: 0xxxxx
INUM:     2630 PC: 0xxxxx
INUM:     2631 PC: 0xxxxx
INUM:     2632 PC: 0xxxxx
INUM:     2633 PC: 0xxxxx
INUM:     2634 PC: 0xxxxx
INUM:     2635 PC: 0xxxxx
INUM:     2636 PC: 0xxxxx
INUM:     2637 PC: 0xxxxx
INUM:     2638 PC: 0xxxxx
INUM:     2639 PC: 0xxxxx
INUM:     2640 PC: 0xxxxx
INUM:     2641 PC: 0xxxxx
INUM:     2642 PC: 0xxxxx
INUM:     2643 PC: 0xxxxx
INUM:     2644 PC: 0xxxxx
INUM:     2645 PC: 0xxxxx
INUM:     2646 PC: 0xxxxx
INUM:     2647 PC: 0xxxxx
INUM:     2648 PC: 0xxxxx
INUM:     2649 PC: 0xxxxx
INUM:     2650 PC: 0xxxxx
INUM:     2651 PC: 0xxxxx
INUM:     2652 PC: 0xxxxx
INUM:     2653 PC: 0xxxxx
INUM:     2654 PC: 0xxxxx
INUM:     2655 PC: 0xxxxx
INUM:     2656 PC: 0xxxxx
INUM:     2657 PC: 0xxxxx
INUM:     2658 PC: 0xxxxx
INUM:     2659 PC: 0xxxxx
INUM:     2660 PC: 0xxxxx
INUM:     2661 PC: 0xxxxx
INUM:     2662 PC: 0xxxxx
INUM:     2663 PC: 0xxxxx
INUM:     2664 PC: 0xxxxx
INUM:     2665 PC: 0xxxxx
INUM:     2666 PC: 0xxxxx
INUM:     2667 PC: 0xxxxx
INUM:     2668 PC: 0xxxxx
INUM:     2669 PC: 0xxxxx
INUM:     2670 PC: 0xxxxx
INUM:     2671 PC: 0xxxxx
INUM:     2672 PC: 0xxxxx
INUM:     2673 PC: 0xxxxx
INUM:     2674 PC: 0xxxxx
INUM:     2675 PC: 0xxxxx
INUM:     2676 PC: 0xxxxx
INUM:     2677 PC: 0xxxxx
INUM:     2678 PC: 0xxxxx
INUM:     2679 PC: 0xxxxx
INUM:     2680 PC: 0xxxxx
INUM:     2681 PC: 0xxxxx
INUM:     2682 PC: 0xxxxx
INUM:     2683 PC: 0xxxxx
INUM:     2684 PC: 0xxxxx
INUM:     2685 PC: 0xxxxx
INUM:     2686 PC: 0xxxxx
INUM:     2687 PC: 0xxxxx
INUM:     2688 PC: 0xxxxx
INUM:     2689 PC: 0xxxxx
INUM:     2690 PC: 0xxxxx
INUM:     2691 PC: 0xxxxx
INUM:     2692 PC: 0xxxxx
INUM:     2693 PC: 0xxxxx
INUM:     2694 PC: 0xxxxx
INUM:     2695 PC: 0xxxxx
INUM:     2696 PC: 0xxxxx
INUM:     2697 PC: 0xxxxx
INUM:     2698 PC: 0xxxxx
INUM:     2699 PC: 0xxxxx
INUM:     2700 PC: 0xxxxx
INUM:     2701 PC: 0xxxxx
INUM:     2702 PC: 0xxxxx
INUM:     2703 PC: 0xxxxx
INUM:     2704 PC: 0xxxxx
INUM:     2705 PC: 0xxxxx
INUM:     2706 PC: 0xxxxx
INUM:     2707 PC: 0xxxxx
INUM:     2708 PC: 0xxxxx
INUM:     2709 PC: 0xxxxx
INUM:     2710 PC: 0xxxxx
INUM:     2711 PC: 0xxxxx
INUM:     2712 PC: 0xxxxx
INUM:     2713 PC: 0xxxxx
INUM:     2714 PC: 0xxxxx
INUM:     2715 PC: 0xxxxx
INUM:     2716 PC: 0xxxxx
INUM:     2717 PC: 0xxxxx
INUM:     2718 PC: 0xxxxx
INUM:     2719 PC: 0xxxxx
INUM:     2720 PC: 0xxxxx
INUM:     2721 PC: 0xxxxx
INUM:     2722 PC: 0xxxxx
INUM:     2723 PC: 0xxxxx
INUM:     2724 PC: 0xxxxx
INUM:     2725 PC: 0xxxxx
INUM:     2726 PC: 0xxxxx
INUM:     2727 PC: 0xxxxx
INUM:     2728 PC: 0xxxxx
INUM:     2729 PC: 0xxxxx
INUM:     2730 PC: 0xxxxx
INUM:     2731 PC: 0xxxxx
INUM:     2732 PC: 0xxxxx
INUM:     2733 PC: 0xxxxx
INUM:     2734 PC: 0xxxxx
INUM:     2735 PC: 0xxxxx
INUM:     2736 PC: 0xxxxx
INUM:     2737 PC: 0xxxxx
INUM:     2738 PC: 0xxxxx
INUM:     2739 PC: 0xxxxx
INUM:     2740 PC: 0xxxxx
INUM:     2741 PC: 0xxxxx
INUM:     2742 PC: 0xxxxx
INUM:     2743 PC: 0xxxxx
INUM:     2744 PC: 0xxxxx
INUM:     2745 PC: 0xxxxx
INUM:     2746 PC: 0xxxxx
INUM:     2747 PC: 0xxxxx
INUM:     2748 PC: 0xxxxx
INUM:     2749 PC: 0xxxxx
INUM:     2750 PC: 0xxxxx
INUM:     2751 PC: 0xxxxx
INUM:     2752 PC: 0xxxxx
INUM:     2753 PC: 0xxxxx
INUM:     2754 PC: 0xxxxx
INUM:     2755 PC: 0xxxxx
INUM:     2756 PC: 0xxxxx
INUM:     2757 PC: 0xxxxx
INUM:     2758 PC: 0xxxxx
INUM:     2759 PC: 0xxxxx
INUM:     2760 PC: 0xxxxx
INUM:     2761 PC: 0xxxxx
INUM:     2762 PC: 0xxxxx
INUM:     2763 PC: 0xxxxx
INUM:     2764 PC: 0xxxxx
INUM:     2765 PC: 0xxxxx
INUM:     2766 PC: 0xxxxx
INUM:     2767 PC: 0xxxxx
INUM:     2768 PC: 0xxxxx
INUM:     2769 PC: 0xxxxx
INUM:     2770 PC: 0xxxxx
INUM:     2771 PC: 0xxxxx
INUM:     2772 PC: 0xxxxx
INUM:     2773 PC: 0xxxxx
INUM:     2774 PC: 0xxxxx
INUM:     2775 PC: 0xxxxx
INUM:     2776 PC: 0xxxxx
INUM:     2777 PC: 0xxxxx
INUM:     2778 PC: 0xxxxx
INUM:     2779 PC: 0xxxxx
INUM:     2780 PC: 0xxxxx
INUM:     2781 PC: 0xxxxx
INUM:     2782 PC: 0xxxxx
INUM:     2783 PC: 0xxxxx
INUM:     2784 PC: 0xxxxx
INUM:     2785 PC: 0xxxxx
INUM:     2786 PC: 0xxxxx
INUM:     2787 PC: 0xxxxx
INUM:     2788 PC: 0xxxxx
INUM:     2789 PC: 0xxxxx
INUM:     2790 PC: 0xxxxx
INUM:     2791 PC: 0xxxxx
INUM:     2792 PC: 0xxxxx
INUM:     2793 PC: 0xxxxx
INUM:     2794 PC: 0xxxxx
INUM:     2795 PC: 0xxxxx
INUM:     2796 PC: 0xxxxx
INUM:     2797 PC: 0xxxxx
INUM:     2798 PC: 0xxxxx
INUM:     2799 PC: 0xxxxx
INUM:     2800 PC: 0xxxxx
INUM:     2801 PC: 0xxxxx
INUM:     2802 PC: 0xxxxx
INUM:     2803 PC: 0xxxxx
INUM:     2804 PC: 0xxxxx
INUM:     2805 PC: 0xxxxx
INUM:     2806 PC: 0xxxxx
INUM:     2807 PC: 0xxxxx
INUM:     2808 PC: 0xxxxx
INUM:     2809 PC: 0xxxxx
INUM:     2810 PC: 0xxxxx
INUM:     2811 PC: 0xxxxx
INUM:     2812 PC: 0xxxxx
INUM:     2813 PC: 0xxxxx
INUM:     2814 PC: 0xxxxx
INUM:     2815 PC: 0xxxxx
INUM:     2816 PC: 0xxxxx
INUM:     2817 PC: 0xxxxx
INUM:     2818 PC: 0xxxxx
INUM:     2819 PC: 0xxxxx
INUM:     2820 PC: 0xxxxx
INUM:     2821 PC: 0xxxxx
INUM:     2822 PC: 0xxxxx
INUM:     2823 PC: 0xxxxx
INUM:     2824 PC: 0xxxxx
INUM:     2825 PC: 0xxxxx
INUM:     2826 PC: 0xxxxx
INUM:     2827 PC: 0xxxxx
INUM:     2828 PC: 0xxxxx
INUM:     2829 PC: 0xxxxx
INUM:     2830 PC: 0xxxxx
INUM:     2831 PC: 0xxxxx
INUM:     2832 PC: 0xxxxx
INUM:     2833 PC: 0xxxxx
INUM:     2834 PC: 0xxxxx
INUM:     2835 PC: 0xxxxx
INUM:     2836 PC: 0xxxxx
INUM:     2837 PC: 0xxxxx
INUM:     2838 PC: 0xxxxx
INUM:     2839 PC: 0xxxxx
INUM:     2840 PC: 0xxxxx
INUM:     2841 PC: 0xxxxx
INUM:     2842 PC: 0xxxxx
INUM:     2843 PC: 0xxxxx
INUM:     2844 PC: 0xxxxx
INUM:     2845 PC: 0xxxxx
INUM:     2846 PC: 0xxxxx
INUM:     2847 PC: 0xxxxx
INUM:     2848 PC: 0xxxxx
INUM:     2849 PC: 0xxxxx
INUM:     2850 PC: 0xxxxx
INUM:     2851 PC: 0xxxxx
INUM:     2852 PC: 0xxxxx
INUM:     2853 PC: 0xxxxx
INUM:     2854 PC: 0xxxxx
INUM:     2855 PC: 0xxxxx
INUM:     2856 PC: 0xxxxx
INUM:     2857 PC: 0xxxxx
INUM:     2858 PC: 0xxxxx
INUM:     2859 PC: 0xxxxx
INUM:     2860 PC: 0xxxxx
INUM:     2861 PC: 0xxxxx
INUM:     2862 PC: 0xxxxx
INUM:     2863 PC: 0xxxxx
INUM:     2864 PC: 0xxxxx
INUM:     2865 PC: 0xxxxx
INUM:     2866 PC: 0xxxxx
INUM:     2867 PC: 0xxxxx
INUM:     2868 PC: 0xxxxx
INUM:     2869 PC: 0xxxxx
INUM:     2870 PC: 0xxxxx
INUM:     2871 PC: 0xxxxx
INUM:     2872 PC: 0xxxxx
INUM:     2873 PC: 0xxxxx
INUM:     2874 PC: 0xxxxx
INUM:     2875 PC: 0xxxxx
INUM:     2876 PC: 0xxxxx
INUM:     2877 PC: 0xxxxx
INUM:     2878 PC: 0xxxxx
INUM:     2879 PC: 0xxxxx
INUM:     2880 PC: 0xxxxx
INUM:     2881 PC: 0xxxxx
INUM:     2882 PC: 0xxxxx
INUM:     2883 PC: 0xxxxx
INUM:     2884 PC: 0xxxxx
INUM:     2885 PC: 0xxxxx
INUM:     2886 PC: 0xxxxx
INUM:     2887 PC: 0xxxxx
INUM:     2888 PC: 0xxxxx
INUM:     2889 PC: 0xxxxx
INUM:     2890 PC: 0xxxxx
INUM:     2891 PC: 0xxxxx
INUM:     2892 PC: 0xxxxx
INUM:     2893 PC: 0xxxxx
INUM:     2894 PC: 0xxxxx
INUM:     2895 PC: 0xxxxx
INUM:     2896 PC: 0xxxxx
INUM:     2897 PC: 0xxxxx
INUM:     2898 PC: 0xxxxx
INUM:     2899 PC: 0xxxxx
INUM:     2900 PC: 0xxxxx
INUM:     2901 PC: 0xxxxx
INUM:     2902 PC: 0xxxxx
INUM:     2903 PC: 0xxxxx
INUM:     2904 PC: 0xxxxx
INUM:     2905 PC: 0xxxxx
INUM:     2906 PC: 0xxxxx
INUM:     2907 PC: 0xxxxx
INUM:     2908 PC: 0xxxxx
INUM:     2909 PC: 0xxxxx
INUM:     2910 PC: 0xxxxx
INUM:     2911 PC: 0xxxxx
INUM:     2912 PC: 0xxxxx
INUM:     2913 PC: 0xxxxx
INUM:     2914 PC: 0xxxxx
INUM:     2915 PC: 0xxxxx
INUM:     2916 PC: 0xxxxx
INUM:     2917 PC: 0xxxxx
INUM:     2918 PC: 0xxxxx
INUM:     2919 PC: 0xxxxx
INUM:     2920 PC: 0xxxxx
INUM:     2921 PC: 0xxxxx
INUM:     2922 PC: 0xxxxx
INUM:     2923 PC: 0xxxxx
INUM:     2924 PC: 0xxxxx
INUM:     2925 PC: 0xxxxx
INUM:     2926 PC: 0xxxxx
INUM:     2927 PC: 0xxxxx
INUM:     2928 PC: 0xxxxx
INUM:     2929 PC: 0xxxxx
INUM:     2930 PC: 0xxxxx
INUM:     2931 PC: 0xxxxx
INUM:     2932 PC: 0xxxxx
INUM:     2933 PC: 0xxxxx
INUM:     2934 PC: 0xxxxx
INUM:     2935 PC: 0xxxxx
INUM:     2936 PC: 0xxxxx
INUM:     2937 PC: 0xxxxx
INUM:     2938 PC: 0xxxxx
INUM:     2939 PC: 0xxxxx
INUM:     2940 PC: 0xxxxx
INUM:     2941 PC: 0xxxxx
INUM:     2942 PC: 0xxxxx
INUM:     2943 PC: 0xxxxx
INUM:     2944 PC: 0xxxxx
INUM:     2945 PC: 0xxxxx
INUM:     2946 PC: 0xxxxx
INUM:     2947 PC: 0xxxxx
INUM:     2948 PC: 0xxxxx
INUM:     2949 PC: 0xxxxx
INUM:     2950 PC: 0xxxxx
INUM:     2951 PC: 0xxxxx
INUM:     2952 PC: 0xxxxx
INUM:     2953 PC: 0xxxxx
INUM:     2954 PC: 0xxxxx
INUM:     2955 PC: 0xxxxx
INUM:     2956 PC: 0xxxxx
INUM:     2957 PC: 0xxxxx
INUM:     2958 PC: 0xxxxx
INUM:     2959 PC: 0xxxxx
INUM:     2960 PC: 0xxxxx
INUM:     2961 PC: 0xxxxx
INUM:     2962 PC: 0xxxxx
INUM:     2963 PC: 0xxxxx
INUM:     2964 PC: 0xxxxx
INUM:     2965 PC: 0xxxxx
INUM:     2966 PC: 0xxxxx
INUM:     2967 PC: 0xxxxx
INUM:     2968 PC: 0xxxxx
INUM:     2969 PC: 0xxxxx
INUM:     2970 PC: 0xxxxx
INUM:     2971 PC: 0xxxxx
INUM:     2972 PC: 0xxxxx
INUM:     2973 PC: 0xxxxx
INUM:     2974 PC: 0xxxxx
INUM:     2975 PC: 0xxxxx
INUM:     2976 PC: 0xxxxx
INUM:     2977 PC: 0xxxxx
INUM:     2978 PC: 0xxxxx
INUM:     2979 PC: 0xxxxx
INUM:     2980 PC: 0xxxxx
INUM:     2981 PC: 0xxxxx
INUM:     2982 PC: 0xxxxx
INUM:     2983 PC: 0xxxxx
INUM:     2984 PC: 0xxxxx
INUM:     2985 PC: 0xxxxx
INUM:     2986 PC: 0xxxxx
INUM:     2987 PC: 0xxxxx
INUM:     2988 PC: 0xxxxx
INUM:     2989 PC: 0xxxxx
INUM:     2990 PC: 0xxxxx
INUM:     2991 PC: 0xxxxx
INUM:     2992 PC: 0xxxxx
INUM:     2993 PC: 0xxxxx
INUM:     2994 PC: 0xxxxx
INUM:     2995 PC: 0xxxxx
INUM:     2996 PC: 0xxxxx
INUM:     2997 PC: 0xxxxx
INUM:     2998 PC: 0xxxxx
INUM:     2999 PC: 0xxxxx
INUM:     3000 PC: 0xxxxx
INUM:     3001 PC: 0xxxxx
INUM:     3002 PC: 0xxxxx
INUM:     3003 PC: 0xxxxx
INUM:     3004 PC: 0xxxxx
INUM:     3005 PC: 0xxxxx
INUM:     3006 PC: 0xxxxx
INUM:     3007 PC: 0xxxxx
INUM:     3008 PC: 0xxxxx
INUM:     3009 PC: 0xxxxx
INUM:     3010 PC: 0xxxxx
INUM:     3011 PC: 0xxxxx
INUM:     3012 PC: 0xxxxx
INUM:     3013 PC: 0xxxxx
INUM:     3014 PC: 0xxxxx
INUM:     3015 PC: 0xxxxx
INUM:     3016 PC: 0xxxxx
INUM:     3017 PC: 0xxxxx
INUM:     3018 PC: 0xxxxx
INUM:     3019 PC: 0xxxxx
INUM:     3020 PC: 0xxxxx
INUM:     3021 PC: 0xxxxx
INUM:     3022 PC: 0xxxxx
INUM:     3023 PC: 0xxxxx
INUM:     3024 PC: 0xxxxx
INUM:     3025 PC: 0xxxxx
INUM:     3026 PC: 0xxxxx
INUM:     3027 PC: 0xxxxx
INUM:     3028 PC: 0xxxxx
INUM:     3029 PC: 0xxxxx
INUM:     3030 PC: 0xxxxx
INUM:     3031 PC: 0xxxxx
INUM:     3032 PC: 0xxxxx
INUM:     3033 PC: 0xxxxx
INUM:     3034 PC: 0xxxxx
INUM:     3035 PC: 0xxxxx
INUM:     3036 PC: 0xxxxx
INUM:     3037 PC: 0xxxxx
INUM:     3038 PC: 0xxxxx
INUM:     3039 PC: 0xxxxx
INUM:     3040 PC: 0xxxxx
INUM:     3041 PC: 0xxxxx
INUM:     3042 PC: 0xxxxx
INUM:     3043 PC: 0xxxxx
INUM:     3044 PC: 0xxxxx
INUM:     3045 PC: 0xxxxx
INUM:     3046 PC: 0xxxxx
INUM:     3047 PC: 0xxxxx
INUM:     3048 PC: 0xxxxx
INUM:     3049 PC: 0xxxxx
INUM:     3050 PC: 0xxxxx
INUM:     3051 PC: 0xxxxx
INUM:     3052 PC: 0xxxxx
INUM:     3053 PC: 0xxxxx
INUM:     3054 PC: 0xxxxx
INUM:     3055 PC: 0xxxxx
INUM:     3056 PC: 0xxxxx
INUM:     3057 PC: 0xxxxx
INUM:     3058 PC: 0xxxxx
INUM:     3059 PC: 0xxxxx
INUM:     3060 PC: 0xxxxx
INUM:     3061 PC: 0xxxxx
INUM:     3062 PC: 0xxxxx
INUM:     3063 PC: 0xxxxx
INUM:     3064 PC: 0xxxxx
INUM:     3065 PC: 0xxxxx
INUM:     3066 PC: 0xxxxx
INUM:     3067 PC: 0xxxxx
INUM:     3068 PC: 0xxxxx
INUM:     3069 PC: 0xxxxx
INUM:     3070 PC: 0xxxxx
INUM:     3071 PC: 0xxxxx
INUM:     3072 PC: 0xxxxx
INUM:     3073 PC: 0xxxxx
INUM:     3074 PC: 0xxxxx
INUM:     3075 PC: 0xxxxx
INUM:     3076 PC: 0xxxxx
INUM:     3077 PC: 0xxxxx
INUM:     3078 PC: 0xxxxx
INUM:     3079 PC: 0xxxxx
INUM:     3080 PC: 0xxxxx
INUM:     3081 PC: 0xxxxx
INUM:     3082 PC: 0xxxxx
INUM:     3083 PC: 0xxxxx
INUM:     3084 PC: 0xxxxx
INUM:     3085 PC: 0xxxxx
INUM:     3086 PC: 0xxxxx
INUM:     3087 PC: 0xxxxx
INUM:     3088 PC: 0xxxxx
INUM:     3089 PC: 0xxxxx
INUM:     3090 PC: 0xxxxx
INUM:     3091 PC: 0xxxxx
INUM:     3092 PC: 0xxxxx
INUM:     3093 PC: 0xxxxx
INUM:     3094 PC: 0xxxxx
INUM:     3095 PC: 0xxxxx
INUM:     3096 PC: 0xxxxx
INUM:     3097 PC: 0xxxxx
INUM:     3098 PC: 0xxxxx
INUM:     3099 PC: 0xxxxx
INUM:     3100 PC: 0xxxxx
INUM:     3101 PC: 0xxxxx
INUM:     3102 PC: 0xxxxx
INUM:     3103 PC: 0xxxxx
INUM:     3104 PC: 0xxxxx
INUM:     3105 PC: 0xxxxx
INUM:     3106 PC: 0xxxxx
INUM:     3107 PC: 0xxxxx
INUM:     3108 PC: 0xxxxx
INUM:     3109 PC: 0xxxxx
INUM:     3110 PC: 0xxxxx
INUM:     3111 PC: 0xxxxx
INUM:     3112 PC: 0xxxxx
INUM:     3113 PC: 0xxxxx
INUM:     3114 PC: 0xxxxx
INUM:     3115 PC: 0xxxxx
INUM:     3116 PC: 0xxxxx
INUM:     3117 PC: 0xxxxx
INUM:     3118 PC: 0xxxxx
INUM:     3119 PC: 0xxxxx
INUM:     3120 PC: 0xxxxx
INUM:     3121 PC: 0xxxxx
INUM:     3122 PC: 0xxxxx
INUM:     3123 PC: 0xxxxx
INUM:     3124 PC: 0xxxxx
INUM:     3125 PC: 0xxxxx
INUM:     3126 PC: 0xxxxx
INUM:     3127 PC: 0xxxxx
INUM:     3128 PC: 0xxxxx
INUM:     3129 PC: 0xxxxx
INUM:     3130 PC: 0xxxxx
INUM:     3131 PC: 0xxxxx
INUM:     3132 PC: 0xxxxx
INUM:     3133 PC: 0xxxxx
INUM:     3134 PC: 0xxxxx
INUM:     3135 PC: 0xxxxx
INUM:     3136 PC: 0xxxxx
INUM:     3137 PC: 0xxxxx
INUM:     3138 PC: 0xxxxx
INUM:     3139 PC: 0xxxxx
INUM:     3140 PC: 0xxxxx
INUM:     3141 PC: 0xxxxx
INUM:     3142 PC: 0xxxxx
INUM:     3143 PC: 0xxxxx
INUM:     3144 PC: 0xxxxx
INUM:     3145 PC: 0xxxxx
INUM:     3146 PC: 0xxxxx
INUM:     3147 PC: 0xxxxx
INUM:     3148 PC: 0xxxxx
INUM:     3149 PC: 0xxxxx
INUM:     3150 PC: 0xxxxx
INUM:     3151 PC: 0xxxxx
INUM:     3152 PC: 0xxxxx
INUM:     3153 PC: 0xxxxx
INUM:     3154 PC: 0xxxxx
INUM:     3155 PC: 0xxxxx
INUM:     3156 PC: 0xxxxx
INUM:     3157 PC: 0xxxxx
INUM:     3158 PC: 0xxxxx
INUM:     3159 PC: 0xxxxx
INUM:     3160 PC: 0xxxxx
INUM:     3161 PC: 0xxxxx
INUM:     3162 PC: 0xxxxx
INUM:     3163 PC: 0xxxxx
INUM:     3164 PC: 0xxxxx
INUM:     3165 PC: 0xxxxx
INUM:     3166 PC: 0xxxxx
INUM:     3167 PC: 0xxxxx
INUM:     3168 PC: 0xxxxx
INUM:     3169 PC: 0xxxxx
INUM:     3170 PC: 0xxxxx
INUM:     3171 PC: 0xxxxx
INUM:     3172 PC: 0xxxxx
INUM:     3173 PC: 0xxxxx
INUM:     3174 PC: 0xxxxx
INUM:     3175 PC: 0xxxxx
INUM:     3176 PC: 0xxxxx
INUM:     3177 PC: 0xxxxx
INUM:     3178 PC: 0xxxxx
INUM:     3179 PC: 0xxxxx
INUM:     3180 PC: 0xxxxx
INUM:     3181 PC: 0xxxxx
INUM:     3182 PC: 0xxxxx
INUM:     3183 PC: 0xxxxx
INUM:     3184 PC: 0xxxxx
INUM:     3185 PC: 0xxxxx
INUM:     3186 PC: 0xxxxx
INUM:     3187 PC: 0xxxxx
INUM:     3188 PC: 0xxxxx
INUM:     3189 PC: 0xxxxx
INUM:     3190 PC: 0xxxxx
INUM:     3191 PC: 0xxxxx
INUM:     3192 PC: 0xxxxx
INUM:     3193 PC: 0xxxxx
INUM:     3194 PC: 0xxxxx
INUM:     3195 PC: 0xxxxx
INUM:     3196 PC: 0xxxxx
INUM:     3197 PC: 0xxxxx
INUM:     3198 PC: 0xxxxx
INUM:     3199 PC: 0xxxxx
INUM:     3200 PC: 0xxxxx
INUM:     3201 PC: 0xxxxx
INUM:     3202 PC: 0xxxxx
INUM:     3203 PC: 0xxxxx
INUM:     3204 PC: 0xxxxx
INUM:     3205 PC: 0xxxxx
INUM:     3206 PC: 0xxxxx
INUM:     3207 PC: 0xxxxx
INUM:     3208 PC: 0xxxxx
INUM:     3209 PC: 0xxxxx
INUM:     3210 PC: 0xxxxx
INUM:     3211 PC: 0xxxxx
INUM:     3212 PC: 0xxxxx
INUM:     3213 PC: 0xxxxx
INUM:     3214 PC: 0xxxxx
INUM:     3215 PC: 0xxxxx
INUM:     3216 PC: 0xxxxx
INUM:     3217 PC: 0xxxxx
INUM:     3218 PC: 0xxxxx
INUM:     3219 PC: 0xxxxx
INUM:     3220 PC: 0xxxxx
INUM:     3221 PC: 0xxxxx
INUM:     3222 PC: 0xxxxx
INUM:     3223 PC: 0xxxxx
INUM:     3224 PC: 0xxxxx
INUM:     3225 PC: 0xxxxx
INUM:     3226 PC: 0xxxxx
INUM:     3227 PC: 0xxxxx
INUM:     3228 PC: 0xxxxx
INUM:     3229 PC: 0xxxxx
INUM:     3230 PC: 0xxxxx
INUM:     3231 PC: 0xxxxx
INUM:     3232 PC: 0xxxxx
INUM:     3233 PC: 0xxxxx
INUM:     3234 PC: 0xxxxx
INUM:     3235 PC: 0xxxxx
INUM:     3236 PC: 0xxxxx
INUM:     3237 PC: 0xxxxx
INUM:     3238 PC: 0xxxxx
INUM:     3239 PC: 0xxxxx
INUM:     3240 PC: 0xxxxx
INUM:     3241 PC: 0xxxxx
INUM:     3242 PC: 0xxxxx
INUM:     3243 PC: 0xxxxx
INUM:     3244 PC: 0xxxxx
INUM:     3245 PC: 0xxxxx
INUM:     3246 PC: 0xxxxx
INUM:     3247 PC: 0xxxxx
INUM:     3248 PC: 0xxxxx
INUM:     3249 PC: 0xxxxx
INUM:     3250 PC: 0xxxxx
INUM:     3251 PC: 0xxxxx
INUM:     3252 PC: 0xxxxx
INUM:     3253 PC: 0xxxxx
INUM:     3254 PC: 0xxxxx
INUM:     3255 PC: 0xxxxx
INUM:     3256 PC: 0xxxxx
INUM:     3257 PC: 0xxxxx
INUM:     3258 PC: 0xxxxx
INUM:     3259 PC: 0xxxxx
INUM:     3260 PC: 0xxxxx
INUM:     3261 PC: 0xxxxx
INUM:     3262 PC: 0xxxxx
INUM:     3263 PC: 0xxxxx
INUM:     3264 PC: 0xxxxx
INUM:     3265 PC: 0xxxxx
INUM:     3266 PC: 0xxxxx
INUM:     3267 PC: 0xxxxx
INUM:     3268 PC: 0xxxxx
INUM:     3269 PC: 0xxxxx
INUM:     3270 PC: 0xxxxx
INUM:     3271 PC: 0xxxxx
INUM:     3272 PC: 0xxxxx
INUM:     3273 PC: 0xxxxx
INUM:     3274 PC: 0xxxxx
INUM:     3275 PC: 0xxxxx
INUM:     3276 PC: 0xxxxx
INUM:     3277 PC: 0xxxxx
INUM:     3278 PC: 0xxxxx
INUM:     3279 PC: 0xxxxx
INUM:     3280 PC: 0xxxxx
INUM:     3281 PC: 0xxxxx
INUM:     3282 PC: 0xxxxx
INUM:     3283 PC: 0xxxxx
INUM:     3284 PC: 0xxxxx
INUM:     3285 PC: 0xxxxx
INUM:     3286 PC: 0xxxxx
INUM:     3287 PC: 0xxxxx
INUM:     3288 PC: 0xxxxx
INUM:     3289 PC: 0xxxxx
INUM:     3290 PC: 0xxxxx
INUM:     3291 PC: 0xxxxx
INUM:     3292 PC: 0xxxxx
INUM:     3293 PC: 0xxxxx
INUM:     3294 PC: 0xxxxx
INUM:     3295 PC: 0xxxxx
INUM:     3296 PC: 0xxxxx
INUM:     3297 PC: 0xxxxx
INUM:     3298 PC: 0xxxxx
INUM:     3299 PC: 0xxxxx
INUM:     3300 PC: 0xxxxx
INUM:     3301 PC: 0xxxxx
INUM:     3302 PC: 0xxxxx
INUM:     3303 PC: 0xxxxx
INUM:     3304 PC: 0xxxxx
INUM:     3305 PC: 0xxxxx
INUM:     3306 PC: 0xxxxx
INUM:     3307 PC: 0xxxxx
INUM:     3308 PC: 0xxxxx
INUM:     3309 PC: 0xxxxx
INUM:     3310 PC: 0xxxxx
INUM:     3311 PC: 0xxxxx
INUM:     3312 PC: 0xxxxx
INUM:     3313 PC: 0xxxxx
INUM:     3314 PC: 0xxxxx
INUM:     3315 PC: 0xxxxx
INUM:     3316 PC: 0xxxxx
INUM:     3317 PC: 0xxxxx
INUM:     3318 PC: 0xxxxx
INUM:     3319 PC: 0xxxxx
INUM:     3320 PC: 0xxxxx
INUM:     3321 PC: 0xxxxx
INUM:     3322 PC: 0xxxxx
INUM:     3323 PC: 0xxxxx
INUM:     3324 PC: 0xxxxx
INUM:     3325 PC: 0xxxxx
INUM:     3326 PC: 0xxxxx
INUM:     3327 PC: 0xxxxx
INUM:     3328 PC: 0xxxxx
INUM:     3329 PC: 0xxxxx
INUM:     3330 PC: 0xxxxx
INUM:     3331 PC: 0xxxxx
INUM:     3332 PC: 0xxxxx
INUM:     3333 PC: 0xxxxx
INUM:     3334 PC: 0xxxxx
INUM:     3335 PC: 0xxxxx
INUM:     3336 PC: 0xxxxx
INUM:     3337 PC: 0xxxxx
INUM:     3338 PC: 0xxxxx
INUM:     3339 PC: 0xxxxx
INUM:     3340 PC: 0xxxxx
INUM:     3341 PC: 0xxxxx
INUM:     3342 PC: 0xxxxx
INUM:     3343 PC: 0xxxxx
INUM:     3344 PC: 0xxxxx
INUM:     3345 PC: 0xxxxx
INUM:     3346 PC: 0xxxxx
INUM:     3347 PC: 0xxxxx
INUM:     3348 PC: 0xxxxx
INUM:     3349 PC: 0xxxxx
INUM:     3350 PC: 0xxxxx
INUM:     3351 PC: 0xxxxx
INUM:     3352 PC: 0xxxxx
INUM:     3353 PC: 0xxxxx
INUM:     3354 PC: 0xxxxx
INUM:     3355 PC: 0xxxxx
INUM:     3356 PC: 0xxxxx
INUM:     3357 PC: 0xxxxx
INUM:     3358 PC: 0xxxxx
INUM:     3359 PC: 0xxxxx
INUM:     3360 PC: 0xxxxx
INUM:     3361 PC: 0xxxxx
INUM:     3362 PC: 0xxxxx
INUM:     3363 PC: 0xxxxx
INUM:     3364 PC: 0xxxxx
INUM:     3365 PC: 0xxxxx
INUM:     3366 PC: 0xxxxx
INUM:     3367 PC: 0xxxxx
INUM:     3368 PC: 0xxxxx
INUM:     3369 PC: 0xxxxx
INUM:     3370 PC: 0xxxxx
INUM:     3371 PC: 0xxxxx
INUM:     3372 PC: 0xxxxx
INUM:     3373 PC: 0xxxxx
INUM:     3374 PC: 0xxxxx
INUM:     3375 PC: 0xxxxx
INUM:     3376 PC: 0xxxxx
INUM:     3377 PC: 0xxxxx
INUM:     3378 PC: 0xxxxx
INUM:     3379 PC: 0xxxxx
INUM:     3380 PC: 0xxxxx
INUM:     3381 PC: 0xxxxx
INUM:     3382 PC: 0xxxxx
INUM:     3383 PC: 0xxxxx
INUM:     3384 PC: 0xxxxx
INUM:     3385 PC: 0xxxxx
INUM:     3386 PC: 0xxxxx
INUM:     3387 PC: 0xxxxx
INUM:     3388 PC: 0xxxxx
INUM:     3389 PC: 0xxxxx
INUM:     3390 PC: 0xxxxx
INUM:     3391 PC: 0xxxxx
INUM:     3392 PC: 0xxxxx
INUM:     3393 PC: 0xxxxx
