PC: 0x0000
PC: 0x0002 REG: 1 VALUE: 0x0003
PC: 0x0004
PC: 0x0006 REG: 2 VALUE: 0x0004
PC: 0x0008
PC: 0x000a
PC: 0x000c
PC: 0x000e
PC: 0x0010
PC: 0x0012 REG: 3 VALUE: 0x0007
PC: 0x0014
PC: 0x0016 REG: 4 VALUE: 0x0055
PC: 0x0018
PC: 0x001a REG: 5 VALUE: 0xffaa
PC: 0x001c
PC: 0x001e
PC: 0x0020
PC: 0x0022
PC: 0x0024
PC: 0x0026 REG: 6 VALUE: 0xffff
PC: 0x0028
PC: 0x002a
PC: 0x002c
PC: 0x002e
PC: 0x0030
PC: 0x0032 REG: 7 VALUE: 0x0000
PC: 0x0034
PC: 0x0036 REG: 0 VALUE: 0x0040
PC: 0x0038
PC: 0x003a REG: 2 VALUE: 0x0001
PC: 0x003c
PC: 0x003e
PC: 0x0040
PC: 0x0042
PC: 0x0044
PC: 0x0046 REG: 4 VALUE: 0x003f
PC: 0x0048
PC: 0x004a REG: 1 VALUE: 0xffe8
PC: 0x004c
PC: 0x004e
PC: 0x0050
PC: 0x0052
PC: 0x0054
PC: 0x0056 REG: 6 VALUE: 0x0020
PC: 0x0058
PC: 0x005a
PC: 0x005c
PC: 0x005e
PC: 0x0060
PC: 0x0062 REG: 5 VALUE: 0xffe1
PC: 0x0064
PC: 0x0066 REG: 0 VALUE: 0x40f0
PC: 0x0068
PC: 0x006a
PC: 0x006c
PC: 0x006e
PC: 0x0070
PC: 0x0072 REG: 0 VALUE: 0xf00f
PC: 0x0074
PC: 0x0076 REG: 1 VALUE: 0x0055
PC: 0x0078
PC: 0x007a
PC: 0x007c
PC: 0x007e
PC: 0x0080
PC: 0x0082 REG: 1 VALUE: 0x55aa
PC: 0x0084
PC: 0x0086
PC: 0x0088
PC: 0x008a
PC: 0x008c
PC: 0x008e REG: 2 VALUE: 0xa5a5
PC: 0x0090
PC: 0x0092
PC: 0x0094
PC: 0x0096
PC: 0x0098
PC: 0x009a REG: 6 VALUE: 0xa5a6
PC: 0x009c
PC: 0x009e REG: 2 VALUE: 0xa005
PC: 0x00a0
PC: 0x00a2
PC: 0x00a4
PC: 0x00a6
PC: 0x00a8
PC: 0x00aa REG: 1 VALUE: 0xa004
PC: 0x00ac
PC: 0x00ae
PC: 0x00b0
PC: 0x00b2
PC: 0x00b4
PC: 0x00b6 REG: 3 VALUE: 0xa00b
PC: 0x00b8
PC: 0x00ba
PC: 0x00bc
PC: 0x00be
PC: 0x00c0
PC: 0x00c2 REG: 3 VALUE: 0xa00b
PC: 0x00c4
PC: 0x00c6
PC: 0x00c8
PC: 0x00ca
PC: 0x00cc
PC: 0x00ce REG: 3 VALUE: 0x9fec
PC: 0x00d0
PC: 0x00d2
PC: 0x00d4
PC: 0x00d6
PC: 0x00d8
PC: 0x00da REG: 7 VALUE: 0x4592
PC: 0x00dc
PC: 0x00de
PC: 0x00e0
PC: 0x00e2
PC: 0x00e4
PC: 0x00e6 REG: 0 VALUE: 0x0012
PC: 0x00e8
PC: 0x00ea
PC: 0x00ec
PC: 0x00ee
PC: 0x00f0
PC: 0x00f2 REG: 0 VALUE: 0x1234
PC: 0x00f4
PC: 0x00f6 REG: 1 VALUE: 0x0056
PC: 0x00f8
PC: 0x00fa
PC: 0x00fc
PC: 0x00fe
PC: 0x0100
PC: 0x0102 REG: 1 VALUE: 0x5678
PC: 0x0104
PC: 0x0106 REG: 2 VALUE: 0xffab
PC: 0x0108
PC: 0x010a
PC: 0x010c
PC: 0x010e
PC: 0x0110
PC: 0x0112 REG: 2 VALUE: 0xabcd
PC: 0x0114
PC: 0x0116 REG: 3 VALUE: 0x68ac
PC: 0x0118
PC: 0x011a
PC: 0x011c
PC: 0x011e REG: 4 VALUE: 0xbe01
PC: 0x0120
PC: 0x0122 REG: 5 VALUE: 0x0245
PC: 0x0124
PC: 0x0126 REG: 6 VALUE: 0x1479
PC: 0x0128
PC: 0x012a REG: 2 VALUE: 0x1479
PC: 0x012c
PC: 0x012e REG: 1 VALUE: 0x1479
PC: 0x0130
PC: 0x0132
PC: 0x0134
PC: 0x0136
PC: 0x0138
PC: 0x013a REG: 0 VALUE: 0x28f2
PC: 0x013c
PC: 0x013e
PC: 0x0140
PC: 0x0142
PC: 0x0144
PC: 0x0146 REG: 0 VALUE: 0x3d6b
PC: 0x0148
PC: 0x014a
PC: 0x014c
PC: 0x014e
PC: 0x0150
PC: 0x0152 REG: 7 VALUE: 0x82fd
PC: 0x0154
PC: 0x0156
PC: 0x0158
PC: 0x015a
PC: 0x015c
PC: 0x015e
